2024-10-28 00:26:05.7288|DEBUG|Microsoft.AspNetCore.StaticFiles.StaticFileMiddleware|The request path /User/Profile/2DBBF9A7-A5B6-43CD-8DE8-1143C8E75CB2 does not match a supported file type 
2024-10-28 00:28:05.7470|DEBUG|Microsoft.AspNetCore.StaticFiles.StaticFileMiddleware|The request path /User/Profile/2DBBF9A7-A5B6-43CD-8DE8-1143C8E75CB2 does not match a supported file type 
2024-10-28 00:28:05.8988|DEBUG|Microsoft.AspNetCore.StaticFiles.StaticFileMiddleware|The request path /User/Login does not match a supported file type 
2024-10-28 00:28:05.9162|DEBUG|Microsoft.AspNetCore.StaticFiles.StaticFileMiddleware|The request path /User/Login does not match a supported file type 
2024-10-28 00:28:05.9451|DEBUG|Microsoft.AspNetCore.StaticFiles.StaticFileMiddleware|The request path /User/Login does not match a supported file type 
2024-10-28 00:28:12.5263|DEBUG|Microsoft.AspNetCore.StaticFiles.StaticFileMiddleware|The request path /User/Login does not match a supported file type 
2024-10-28 00:28:12.5415|DEBUG|Microsoft.AspNetCore.StaticFiles.StaticFileMiddleware|The request path /User/Login does not match a supported file type 
2024-10-28 00:28:12.5544|DEBUG|Microsoft.AspNetCore.StaticFiles.StaticFileMiddleware|The request path /User/Login does not match a supported file type 
2024-10-28 00:28:12.5544|DEBUG|Microsoft.AspNetCore.StaticFiles.StaticFileMiddleware|The request path /User/Login does not match a supported file type 
2024-10-28 00:28:23.8102|DEBUG|Microsoft.AspNetCore.StaticFiles.StaticFileMiddleware|The request path / does not match a supported file type 
2024-10-28 00:28:26.8622|DEBUG|Microsoft.AspNetCore.StaticFiles.StaticFileMiddleware|POST requests are not supported 
2024-10-28 00:28:26.8826|DEBUG|Microsoft.AspNetCore.StaticFiles.StaticFileMiddleware|CONNECT requests are not supported 
2024-10-28 00:29:14.8361|DEBUG|Microsoft.AspNetCore.StaticFiles.StaticFileMiddleware|The request path /User/Profile/2DBBF9A7-A5B6-43CD-8DE8-1143C8E75CB2 does not match a supported file type 
2024-10-28 00:29:15.0224|DEBUG|Microsoft.AspNetCore.StaticFiles.StaticFileMiddleware|The request path /User/Login does not match a supported file type 
2024-10-28 00:29:15.0534|DEBUG|Microsoft.AspNetCore.StaticFiles.StaticFileMiddleware|The request path /User/Login does not match a supported file type 
2024-10-28 00:29:15.1214|DEBUG|Microsoft.AspNetCore.StaticFiles.StaticFileMiddleware|The request path /User/Login does not match a supported file type 
2024-10-28 00:29:15.1353|DEBUG|Microsoft.AspNetCore.StaticFiles.StaticFileMiddleware|The request path /User/Login does not match a supported file type 
2024-10-28 00:29:19.4352|DEBUG|Microsoft.AspNetCore.StaticFiles.StaticFileMiddleware|The request path /User/Login does not match a supported file type 
2024-10-28 00:29:47.7849|DEBUG|Microsoft.AspNetCore.StaticFiles.StaticFileMiddleware|The request path / does not match a supported file type 
2024-10-28 00:29:51.4454|DEBUG|Microsoft.AspNetCore.StaticFiles.StaticFileMiddleware|The request path /User/Login does not match a supported file type 
2024-10-28 00:29:51.8246|DEBUG|Microsoft.AspNetCore.StaticFiles.StaticFileMiddleware|POST requests are not supported 
2024-10-28 00:29:51.8695|DEBUG|Microsoft.AspNetCore.StaticFiles.StaticFileMiddleware|CONNECT requests are not supported 
2024-10-28 00:31:13.0940|DEBUG|Microsoft.AspNetCore.StaticFiles.StaticFileMiddleware|The request path / does not match a supported file type 
2024-10-28 00:31:16.9904|DEBUG|Microsoft.AspNetCore.StaticFiles.StaticFileMiddleware|The request path /User/Login does not match a supported file type 
2024-10-28 00:31:19.2007|DEBUG|Microsoft.AspNetCore.StaticFiles.StaticFileMiddleware|POST requests are not supported 
2024-10-28 00:31:19.2560|DEBUG|Microsoft.AspNetCore.StaticFiles.StaticFileMiddleware|CONNECT requests are not supported 
2024-10-28 00:31:40.7426|DEBUG|Microsoft.AspNetCore.StaticFiles.StaticFileMiddleware|The request path / does not match a supported file type 
2024-10-28 00:31:44.0591|DEBUG|Microsoft.AspNetCore.StaticFiles.StaticFileMiddleware|POST requests are not supported 
2024-10-28 00:31:44.1015|DEBUG|Microsoft.AspNetCore.StaticFiles.StaticFileMiddleware|CONNECT requests are not supported 
2024-10-28 00:31:50.4288|DEBUG|Microsoft.AspNetCore.StaticFiles.StaticFileMiddleware|The request path /User/Profile/2DBBF9A7-A5B6-43CD-8DE8-1143C8E75CB2 does not match a supported file type 
2024-10-28 00:33:40.3960|DEBUG|Microsoft.AspNetCore.StaticFiles.StaticFileMiddleware|The request path / does not match a supported file type 
2024-10-28 00:33:47.7482|DEBUG|Microsoft.AspNetCore.StaticFiles.StaticFileMiddleware|POST requests are not supported 
2024-10-28 00:33:47.8039|DEBUG|Microsoft.AspNetCore.StaticFiles.StaticFileMiddleware|CONNECT requests are not supported 
2024-10-28 00:33:51.5854|DEBUG|Microsoft.AspNetCore.StaticFiles.StaticFileMiddleware|The request path /User/Login does not match a supported file type 
2024-10-28 00:33:53.6161|DEBUG|Microsoft.AspNetCore.StaticFiles.StaticFileMiddleware|The request path /User/Login does not match a supported file type 
2024-10-28 00:33:55.1777|DEBUG|Microsoft.AspNetCore.StaticFiles.StaticFileMiddleware|The request path /User/Login does not match a supported file type 
2024-10-28 00:33:57.5677|DEBUG|Microsoft.AspNetCore.StaticFiles.StaticFileMiddleware|The request path /User/Login does not match a supported file type 
2024-10-28 00:33:58.5551|DEBUG|Microsoft.AspNetCore.StaticFiles.StaticFileMiddleware|The request path /User/Login does not match a supported file type 
2024-10-28 00:33:59.5372|DEBUG|Microsoft.AspNetCore.StaticFiles.StaticFileMiddleware|The request path /User/Login does not match a supported file type 
2024-10-28 00:34:00.1307|DEBUG|Microsoft.AspNetCore.StaticFiles.StaticFileMiddleware|The request path /User/Login does not match a supported file type 
2024-10-28 00:34:00.3488|DEBUG|Microsoft.AspNetCore.StaticFiles.StaticFileMiddleware|The request path /User/Login does not match a supported file type 
2024-10-28 00:34:00.5876|DEBUG|Microsoft.AspNetCore.StaticFiles.StaticFileMiddleware|The request path /User/Login does not match a supported file type 
2024-10-28 00:34:00.8025|DEBUG|Microsoft.AspNetCore.StaticFiles.StaticFileMiddleware|The request path /User/Login does not match a supported file type 
2024-10-28 00:34:01.5393|DEBUG|Microsoft.AspNetCore.StaticFiles.StaticFileMiddleware|The request path /User/Login does not match a supported file type 
2024-10-28 00:34:02.4920|DEBUG|Microsoft.AspNetCore.StaticFiles.StaticFileMiddleware|The request path /User/Login does not match a supported file type 
2024-10-28 00:34:03.2081|DEBUG|Microsoft.AspNetCore.StaticFiles.StaticFileMiddleware|The request path /User/Login does not match a supported file type 
2024-10-28 00:34:03.6923|DEBUG|Microsoft.AspNetCore.StaticFiles.StaticFileMiddleware|The request path /User/Login does not match a supported file type 
2024-10-28 00:34:03.9435|DEBUG|Microsoft.AspNetCore.StaticFiles.StaticFileMiddleware|The request path /User/Login does not match a supported file type 
2024-10-28 00:34:04.2244|DEBUG|Microsoft.AspNetCore.StaticFiles.StaticFileMiddleware|The request path /User/Login does not match a supported file type 
2024-10-28 00:34:12.1700|DEBUG|Microsoft.AspNetCore.StaticFiles.StaticFileMiddleware|The request path / does not match a supported file type 
2024-10-28 00:34:16.4979|DEBUG|Microsoft.AspNetCore.StaticFiles.StaticFileMiddleware|POST requests are not supported 
2024-10-28 00:34:16.5364|DEBUG|Microsoft.AspNetCore.StaticFiles.StaticFileMiddleware|CONNECT requests are not supported 
2024-10-28 00:34:20.4586|DEBUG|Microsoft.AspNetCore.StaticFiles.StaticFileMiddleware|The request path /User/Profile/2DBBF9A7-A5B6-43CD-8DE8-1143C8E75CB2 does not match a supported file type 
2024-10-28 00:34:28.1920|DEBUG|Microsoft.AspNetCore.StaticFiles.StaticFileMiddleware|The request path /User/Login does not match a supported file type 
2024-10-28 00:34:34.9276|DEBUG|Microsoft.AspNetCore.StaticFiles.StaticFileMiddleware|The request path /User/Login does not match a supported file type 
2024-10-28 00:34:35.7700|DEBUG|Microsoft.AspNetCore.StaticFiles.StaticFileMiddleware|The request path /User/Login does not match a supported file type 
2024-10-28 00:34:36.4134|DEBUG|Microsoft.AspNetCore.StaticFiles.StaticFileMiddleware|The request path /User/Login does not match a supported file type 
2024-10-28 00:34:37.5603|DEBUG|Microsoft.AspNetCore.StaticFiles.StaticFileMiddleware|The request path /User/Login does not match a supported file type 
2024-10-28 00:34:38.3965|DEBUG|Microsoft.AspNetCore.StaticFiles.StaticFileMiddleware|The request path /User/Login does not match a supported file type 
2024-10-28 00:34:39.0539|DEBUG|Microsoft.AspNetCore.StaticFiles.StaticFileMiddleware|The request path /User/Login does not match a supported file type 
2024-10-28 00:34:39.6776|DEBUG|Microsoft.AspNetCore.StaticFiles.StaticFileMiddleware|The request path /User/Login does not match a supported file type 
2024-10-28 00:34:40.2076|DEBUG|Microsoft.AspNetCore.StaticFiles.StaticFileMiddleware|The request path /User/Login does not match a supported file type 
2024-10-28 00:34:44.5975|DEBUG|Microsoft.AspNetCore.StaticFiles.StaticFileMiddleware|The request path /User/Login does not match a supported file type 
2024-10-28 00:34:49.8946|DEBUG|Microsoft.AspNetCore.StaticFiles.StaticFileMiddleware|The request path /User/Login does not match a supported file type 
2024-10-28 00:34:50.9573|DEBUG|Microsoft.AspNetCore.StaticFiles.StaticFileMiddleware|The request path /User/Login does not match a supported file type 
2024-10-28 00:34:51.5837|DEBUG|Microsoft.AspNetCore.StaticFiles.StaticFileMiddleware|The request path /User/Login does not match a supported file type 
2024-10-28 00:34:51.9259|DEBUG|Microsoft.AspNetCore.StaticFiles.StaticFileMiddleware|The request path /User/Login does not match a supported file type 
2024-10-28 00:34:52.2541|DEBUG|Microsoft.AspNetCore.StaticFiles.StaticFileMiddleware|The request path /User/Login does not match a supported file type 
2024-10-28 00:36:00.4673|DEBUG|Microsoft.AspNetCore.StaticFiles.StaticFileMiddleware|The request path / does not match a supported file type 
2024-10-28 00:36:03.9358|DEBUG|Microsoft.AspNetCore.StaticFiles.StaticFileMiddleware|POST requests are not supported 
2024-10-28 00:36:03.9879|DEBUG|Microsoft.AspNetCore.StaticFiles.StaticFileMiddleware|CONNECT requests are not supported 
2024-10-28 00:36:08.6615|DEBUG|Microsoft.AspNetCore.StaticFiles.StaticFileMiddleware|The request path /User/Profile/2DBBF9A7-A5B6-43CD-8DE8-1143C8E75CB2 does not match a supported file type 
2024-10-28 00:36:08.6919|DEBUG|Microsoft.AspNetCore.StaticFiles.StaticFileMiddleware|The request path /User/Login does not match a supported file type 
2024-10-28 00:36:08.7079|DEBUG|Microsoft.AspNetCore.StaticFiles.StaticFileMiddleware|The request path /User/Login does not match a supported file type 
2024-10-28 00:36:08.7250|DEBUG|Microsoft.AspNetCore.StaticFiles.StaticFileMiddleware|The request path /User/Login does not match a supported file type 
2024-10-28 00:36:08.7470|DEBUG|Microsoft.AspNetCore.StaticFiles.StaticFileMiddleware|The request path /User/Login does not match a supported file type 
2024-10-28 00:36:08.7702|DEBUG|Microsoft.AspNetCore.StaticFiles.StaticFileMiddleware|The request path /User/Login does not match a supported file type 
2024-10-28 00:36:08.7702|DEBUG|Microsoft.AspNetCore.StaticFiles.StaticFileMiddleware|The request path /User/Login does not match a supported file type 
2024-10-28 00:36:08.8047|DEBUG|Microsoft.AspNetCore.StaticFiles.StaticFileMiddleware|The request path /User/Login does not match a supported file type 
2024-10-28 00:36:08.8572|DEBUG|Microsoft.AspNetCore.StaticFiles.StaticFileMiddleware|The request path /User/Login does not match a supported file type 
2024-10-28 00:36:08.8622|DEBUG|Microsoft.AspNetCore.StaticFiles.StaticFileMiddleware|The request path /User/Login does not match a supported file type 
2024-10-28 00:36:08.8797|DEBUG|Microsoft.AspNetCore.StaticFiles.StaticFileMiddleware|The request path /User/Login does not match a supported file type 
2024-10-28 00:36:08.8946|DEBUG|Microsoft.AspNetCore.StaticFiles.StaticFileMiddleware|The request path /User/Login does not match a supported file type 
2024-10-28 00:36:08.8946|DEBUG|Microsoft.AspNetCore.StaticFiles.StaticFileMiddleware|The request path /User/Login does not match a supported file type 
2024-10-28 00:36:08.9094|DEBUG|Microsoft.AspNetCore.StaticFiles.StaticFileMiddleware|The request path /User/Login does not match a supported file type 
2024-10-28 00:36:08.9280|DEBUG|Microsoft.AspNetCore.StaticFiles.StaticFileMiddleware|The request path /User/Login does not match a supported file type 
2024-10-28 00:36:08.9280|DEBUG|Microsoft.AspNetCore.StaticFiles.StaticFileMiddleware|The request path /User/Login does not match a supported file type 
2024-10-28 00:36:08.9417|DEBUG|Microsoft.AspNetCore.StaticFiles.StaticFileMiddleware|The request path /User/Login does not match a supported file type 
2024-10-28 00:36:08.9572|DEBUG|Microsoft.AspNetCore.StaticFiles.StaticFileMiddleware|The request path /User/Login does not match a supported file type 
2024-10-28 00:36:08.9572|DEBUG|Microsoft.AspNetCore.StaticFiles.StaticFileMiddleware|The request path /User/Login does not match a supported file type 
2024-10-28 00:36:08.9723|DEBUG|Microsoft.AspNetCore.StaticFiles.StaticFileMiddleware|The request path /User/Login does not match a supported file type 
2024-10-28 00:36:10.0211|DEBUG|Microsoft.AspNetCore.StaticFiles.StaticFileMiddleware|The request path /User/Login does not match a supported file type 
2024-10-28 00:36:10.0510|DEBUG|Microsoft.AspNetCore.StaticFiles.StaticFileMiddleware|The request path /User/Login does not match a supported file type 
2024-10-28 00:36:10.0510|DEBUG|Microsoft.AspNetCore.StaticFiles.StaticFileMiddleware|The request path /User/Login does not match a supported file type 
2024-10-28 00:36:10.0662|DEBUG|Microsoft.AspNetCore.StaticFiles.StaticFileMiddleware|The request path /User/Login does not match a supported file type 
2024-10-28 00:36:10.0811|DEBUG|Microsoft.AspNetCore.StaticFiles.StaticFileMiddleware|The request path /User/Login does not match a supported file type 
2024-10-28 00:36:10.0811|DEBUG|Microsoft.AspNetCore.StaticFiles.StaticFileMiddleware|The request path /User/Login does not match a supported file type 
2024-10-28 00:36:10.0971|DEBUG|Microsoft.AspNetCore.StaticFiles.StaticFileMiddleware|The request path /User/Login does not match a supported file type 
2024-10-28 00:36:10.1148|DEBUG|Microsoft.AspNetCore.StaticFiles.StaticFileMiddleware|The request path /User/Login does not match a supported file type 
2024-10-28 00:36:10.1286|DEBUG|Microsoft.AspNetCore.StaticFiles.StaticFileMiddleware|The request path /User/Login does not match a supported file type 
2024-10-28 00:36:10.1447|DEBUG|Microsoft.AspNetCore.StaticFiles.StaticFileMiddleware|The request path /User/Login does not match a supported file type 
2024-10-28 00:36:10.1594|DEBUG|Microsoft.AspNetCore.StaticFiles.StaticFileMiddleware|The request path /User/Login does not match a supported file type 
2024-10-28 00:36:10.1594|DEBUG|Microsoft.AspNetCore.StaticFiles.StaticFileMiddleware|The request path /User/Login does not match a supported file type 
2024-10-28 00:36:10.1755|DEBUG|Microsoft.AspNetCore.StaticFiles.StaticFileMiddleware|The request path /User/Login does not match a supported file type 
2024-10-28 00:36:10.1755|DEBUG|Microsoft.AspNetCore.StaticFiles.StaticFileMiddleware|The request path /User/Login does not match a supported file type 
2024-10-28 00:36:10.1912|DEBUG|Microsoft.AspNetCore.StaticFiles.StaticFileMiddleware|The request path /User/Login does not match a supported file type 
2024-10-28 00:36:10.1912|DEBUG|Microsoft.AspNetCore.StaticFiles.StaticFileMiddleware|The request path /User/Login does not match a supported file type 
2024-10-28 00:36:10.2062|DEBUG|Microsoft.AspNetCore.StaticFiles.StaticFileMiddleware|The request path /User/Login does not match a supported file type 
2024-10-28 00:36:10.2062|DEBUG|Microsoft.AspNetCore.StaticFiles.StaticFileMiddleware|The request path /User/Login does not match a supported file type 
2024-10-28 00:36:10.2221|DEBUG|Microsoft.AspNetCore.StaticFiles.StaticFileMiddleware|The request path /User/Login does not match a supported file type 
2024-10-28 00:36:10.2381|DEBUG|Microsoft.AspNetCore.StaticFiles.StaticFileMiddleware|The request path /User/Login does not match a supported file type 
2024-10-28 00:36:15.2744|DEBUG|Microsoft.AspNetCore.StaticFiles.StaticFileMiddleware|The request path /User/Login does not match a supported file type 
2024-10-28 00:36:15.2844|DEBUG|Microsoft.AspNetCore.StaticFiles.StaticFileMiddleware|The request path /User/Login does not match a supported file type 
2024-10-28 00:36:15.3040|DEBUG|Microsoft.AspNetCore.StaticFiles.StaticFileMiddleware|The request path /User/Login does not match a supported file type 
2024-10-28 00:36:15.3040|DEBUG|Microsoft.AspNetCore.StaticFiles.StaticFileMiddleware|The request path /User/Login does not match a supported file type 
2024-10-28 00:36:15.3153|DEBUG|Microsoft.AspNetCore.StaticFiles.StaticFileMiddleware|The request path /User/Login does not match a supported file type 
2024-10-28 00:36:15.3340|DEBUG|Microsoft.AspNetCore.StaticFiles.StaticFileMiddleware|The request path /User/Login does not match a supported file type 
2024-10-28 00:36:15.3495|DEBUG|Microsoft.AspNetCore.StaticFiles.StaticFileMiddleware|The request path /User/Login does not match a supported file type 
2024-10-28 00:36:15.3626|DEBUG|Microsoft.AspNetCore.StaticFiles.StaticFileMiddleware|The request path /User/Login does not match a supported file type 
2024-10-28 00:36:15.3626|DEBUG|Microsoft.AspNetCore.StaticFiles.StaticFileMiddleware|The request path /User/Login does not match a supported file type 
2024-10-28 00:36:15.3789|DEBUG|Microsoft.AspNetCore.StaticFiles.StaticFileMiddleware|The request path /User/Login does not match a supported file type 
2024-10-28 00:36:15.3948|DEBUG|Microsoft.AspNetCore.StaticFiles.StaticFileMiddleware|The request path /User/Login does not match a supported file type 
2024-10-28 00:36:15.3948|DEBUG|Microsoft.AspNetCore.StaticFiles.StaticFileMiddleware|The request path /User/Login does not match a supported file type 
2024-10-28 00:36:15.4101|DEBUG|Microsoft.AspNetCore.StaticFiles.StaticFileMiddleware|The request path /User/Login does not match a supported file type 
2024-10-28 00:36:15.4101|DEBUG|Microsoft.AspNetCore.StaticFiles.StaticFileMiddleware|The request path /User/Login does not match a supported file type 
2024-10-28 00:36:15.4253|DEBUG|Microsoft.AspNetCore.StaticFiles.StaticFileMiddleware|The request path /User/Login does not match a supported file type 
2024-10-28 00:36:15.4416|DEBUG|Microsoft.AspNetCore.StaticFiles.StaticFileMiddleware|The request path /User/Login does not match a supported file type 
2024-10-28 00:36:15.4416|DEBUG|Microsoft.AspNetCore.StaticFiles.StaticFileMiddleware|The request path /User/Login does not match a supported file type 
2024-10-28 00:36:15.4564|DEBUG|Microsoft.AspNetCore.StaticFiles.StaticFileMiddleware|The request path /User/Login does not match a supported file type 
2024-10-28 00:36:15.4732|DEBUG|Microsoft.AspNetCore.StaticFiles.StaticFileMiddleware|The request path /User/Login does not match a supported file type 
2024-10-28 00:36:15.4892|DEBUG|Microsoft.AspNetCore.StaticFiles.StaticFileMiddleware|The request path /User/Login does not match a supported file type 
2024-10-28 00:36:31.0213|DEBUG|Microsoft.AspNetCore.StaticFiles.StaticFileMiddleware|The request path / does not match a supported file type 
2024-10-28 00:36:33.7481|DEBUG|Microsoft.AspNetCore.StaticFiles.StaticFileMiddleware|POST requests are not supported 
2024-10-28 00:36:35.3660|DEBUG|Microsoft.AspNetCore.StaticFiles.StaticFileMiddleware|CONNECT requests are not supported 
2024-10-28 00:36:40.0229|DEBUG|Microsoft.AspNetCore.StaticFiles.StaticFileMiddleware|The request path /User/Profile/2DBBF9A7-A5B6-43CD-8DE8-1143C8E75CB2 does not match a supported file type 
2024-10-28 00:36:40.0655|DEBUG|Microsoft.AspNetCore.StaticFiles.StaticFileMiddleware|The request path /User/Login does not match a supported file type 
2024-10-28 00:36:40.0826|DEBUG|Microsoft.AspNetCore.StaticFiles.StaticFileMiddleware|The request path /User/Login does not match a supported file type 
2024-10-28 00:36:40.0976|DEBUG|Microsoft.AspNetCore.StaticFiles.StaticFileMiddleware|The request path /User/Login does not match a supported file type 
2024-10-28 00:36:40.1126|DEBUG|Microsoft.AspNetCore.StaticFiles.StaticFileMiddleware|The request path /User/Login does not match a supported file type 
2024-10-28 00:36:40.1433|DEBUG|Microsoft.AspNetCore.StaticFiles.StaticFileMiddleware|The request path /User/Login does not match a supported file type 
2024-10-28 00:36:40.1595|DEBUG|Microsoft.AspNetCore.StaticFiles.StaticFileMiddleware|The request path /User/Login does not match a supported file type 
2024-10-28 00:36:40.1775|DEBUG|Microsoft.AspNetCore.StaticFiles.StaticFileMiddleware|The request path /User/Login does not match a supported file type 
2024-10-28 00:36:40.1929|DEBUG|Microsoft.AspNetCore.StaticFiles.StaticFileMiddleware|The request path /User/Login does not match a supported file type 
2024-10-28 00:36:40.2070|DEBUG|Microsoft.AspNetCore.StaticFiles.StaticFileMiddleware|The request path /User/Login does not match a supported file type 
2024-10-28 00:36:40.2218|DEBUG|Microsoft.AspNetCore.StaticFiles.StaticFileMiddleware|The request path /User/Login does not match a supported file type 
2024-10-28 00:36:40.2377|DEBUG|Microsoft.AspNetCore.StaticFiles.StaticFileMiddleware|The request path /User/Login does not match a supported file type 
2024-10-28 00:36:40.2377|DEBUG|Microsoft.AspNetCore.StaticFiles.StaticFileMiddleware|The request path /User/Login does not match a supported file type 
2024-10-28 00:36:40.2544|DEBUG|Microsoft.AspNetCore.StaticFiles.StaticFileMiddleware|The request path /User/Login does not match a supported file type 
2024-10-28 00:36:40.2844|DEBUG|Microsoft.AspNetCore.StaticFiles.StaticFileMiddleware|The request path /User/Login does not match a supported file type 
2024-10-28 00:36:40.3040|DEBUG|Microsoft.AspNetCore.StaticFiles.StaticFileMiddleware|The request path /User/Login does not match a supported file type 
2024-10-28 00:36:40.3172|DEBUG|Microsoft.AspNetCore.StaticFiles.StaticFileMiddleware|The request path /User/Login does not match a supported file type 
2024-10-28 00:36:40.3325|DEBUG|Microsoft.AspNetCore.StaticFiles.StaticFileMiddleware|The request path /User/Login does not match a supported file type 
2024-10-28 00:36:40.3467|DEBUG|Microsoft.AspNetCore.StaticFiles.StaticFileMiddleware|The request path /User/Login does not match a supported file type 
2024-10-28 00:36:40.3467|DEBUG|Microsoft.AspNetCore.StaticFiles.StaticFileMiddleware|The request path /User/Login does not match a supported file type 
2024-10-28 00:36:41.4100|DEBUG|Microsoft.AspNetCore.StaticFiles.StaticFileMiddleware|The request path /User/Login does not match a supported file type 
2024-10-28 00:36:41.4254|DEBUG|Microsoft.AspNetCore.StaticFiles.StaticFileMiddleware|The request path /User/Login does not match a supported file type 
2024-10-28 00:36:41.4402|DEBUG|Microsoft.AspNetCore.StaticFiles.StaticFileMiddleware|The request path /User/Login does not match a supported file type 
2024-10-28 00:36:41.4402|DEBUG|Microsoft.AspNetCore.StaticFiles.StaticFileMiddleware|The request path /User/Login does not match a supported file type 
2024-10-28 00:36:41.4589|DEBUG|Microsoft.AspNetCore.StaticFiles.StaticFileMiddleware|The request path /User/Login does not match a supported file type 
2024-10-28 00:36:41.4589|DEBUG|Microsoft.AspNetCore.StaticFiles.StaticFileMiddleware|The request path /User/Login does not match a supported file type 
2024-10-28 00:36:41.4745|DEBUG|Microsoft.AspNetCore.StaticFiles.StaticFileMiddleware|The request path /User/Login does not match a supported file type 
2024-10-28 00:36:41.4745|DEBUG|Microsoft.AspNetCore.StaticFiles.StaticFileMiddleware|The request path /User/Login does not match a supported file type 
2024-10-28 00:36:41.4876|DEBUG|Microsoft.AspNetCore.StaticFiles.StaticFileMiddleware|The request path /User/Login does not match a supported file type 
2024-10-28 00:36:41.5032|DEBUG|Microsoft.AspNetCore.StaticFiles.StaticFileMiddleware|The request path /User/Login does not match a supported file type 
2024-10-28 00:36:41.5185|DEBUG|Microsoft.AspNetCore.StaticFiles.StaticFileMiddleware|The request path /User/Login does not match a supported file type 
2024-10-28 00:36:41.5185|DEBUG|Microsoft.AspNetCore.StaticFiles.StaticFileMiddleware|The request path /User/Login does not match a supported file type 
2024-10-28 00:36:41.5346|DEBUG|Microsoft.AspNetCore.StaticFiles.StaticFileMiddleware|The request path /User/Login does not match a supported file type 
2024-10-28 00:36:41.5346|DEBUG|Microsoft.AspNetCore.StaticFiles.StaticFileMiddleware|The request path /User/Login does not match a supported file type 
2024-10-28 00:36:41.5507|DEBUG|Microsoft.AspNetCore.StaticFiles.StaticFileMiddleware|The request path /User/Login does not match a supported file type 
2024-10-28 00:36:41.5507|DEBUG|Microsoft.AspNetCore.StaticFiles.StaticFileMiddleware|The request path /User/Login does not match a supported file type 
2024-10-28 00:36:41.5685|DEBUG|Microsoft.AspNetCore.StaticFiles.StaticFileMiddleware|The request path /User/Login does not match a supported file type 
2024-10-28 00:36:41.5685|DEBUG|Microsoft.AspNetCore.StaticFiles.StaticFileMiddleware|The request path /User/Login does not match a supported file type 
2024-10-28 00:36:41.5813|DEBUG|Microsoft.AspNetCore.StaticFiles.StaticFileMiddleware|The request path /User/Login does not match a supported file type 
2024-10-28 00:36:41.5813|DEBUG|Microsoft.AspNetCore.StaticFiles.StaticFileMiddleware|The request path /User/Login does not match a supported file type 
2024-10-28 00:36:46.6130|DEBUG|Microsoft.AspNetCore.StaticFiles.StaticFileMiddleware|The request path /User/Login does not match a supported file type 
2024-10-28 00:36:46.6285|DEBUG|Microsoft.AspNetCore.StaticFiles.StaticFileMiddleware|The request path /User/Login does not match a supported file type 
2024-10-28 00:36:46.6285|DEBUG|Microsoft.AspNetCore.StaticFiles.StaticFileMiddleware|The request path /User/Login does not match a supported file type 
2024-10-28 00:36:46.6435|DEBUG|Microsoft.AspNetCore.StaticFiles.StaticFileMiddleware|The request path /User/Login does not match a supported file type 
2024-10-28 00:36:46.6435|DEBUG|Microsoft.AspNetCore.StaticFiles.StaticFileMiddleware|The request path /User/Login does not match a supported file type 
2024-10-28 00:36:46.6606|DEBUG|Microsoft.AspNetCore.StaticFiles.StaticFileMiddleware|The request path /User/Login does not match a supported file type 
2024-10-28 00:36:46.6606|DEBUG|Microsoft.AspNetCore.StaticFiles.StaticFileMiddleware|The request path /User/Login does not match a supported file type 
2024-10-28 00:36:46.6754|DEBUG|Microsoft.AspNetCore.StaticFiles.StaticFileMiddleware|The request path /User/Login does not match a supported file type 
2024-10-28 00:36:46.6754|DEBUG|Microsoft.AspNetCore.StaticFiles.StaticFileMiddleware|The request path /User/Login does not match a supported file type 
2024-10-28 00:36:46.6915|DEBUG|Microsoft.AspNetCore.StaticFiles.StaticFileMiddleware|The request path /User/Login does not match a supported file type 
2024-10-28 00:36:46.6915|DEBUG|Microsoft.AspNetCore.StaticFiles.StaticFileMiddleware|The request path /User/Login does not match a supported file type 
2024-10-28 00:36:46.7064|DEBUG|Microsoft.AspNetCore.StaticFiles.StaticFileMiddleware|The request path /User/Login does not match a supported file type 
2024-10-28 00:36:46.8155|DEBUG|Microsoft.AspNetCore.StaticFiles.StaticFileMiddleware|The request path /User/Login does not match a supported file type 
2024-10-28 00:36:46.8155|DEBUG|Microsoft.AspNetCore.StaticFiles.StaticFileMiddleware|The request path /User/Login does not match a supported file type 
2024-10-28 00:36:46.8311|DEBUG|Microsoft.AspNetCore.StaticFiles.StaticFileMiddleware|The request path /User/Login does not match a supported file type 
2024-10-28 00:36:46.8311|DEBUG|Microsoft.AspNetCore.StaticFiles.StaticFileMiddleware|The request path /User/Login does not match a supported file type 
2024-10-28 00:36:46.8478|DEBUG|Microsoft.AspNetCore.StaticFiles.StaticFileMiddleware|The request path /User/Login does not match a supported file type 
2024-10-28 00:36:46.8624|DEBUG|Microsoft.AspNetCore.StaticFiles.StaticFileMiddleware|The request path /User/Login does not match a supported file type 
2024-10-28 00:36:46.8624|DEBUG|Microsoft.AspNetCore.StaticFiles.StaticFileMiddleware|The request path /User/Login does not match a supported file type 
2024-10-28 00:36:46.8793|DEBUG|Microsoft.AspNetCore.StaticFiles.StaticFileMiddleware|The request path /User/Login does not match a supported file type 
2024-10-28 00:39:27.5406|DEBUG|Microsoft.AspNetCore.StaticFiles.StaticFileMiddleware|The request path / does not match a supported file type 
2024-10-28 00:39:31.7726|DEBUG|Microsoft.AspNetCore.StaticFiles.StaticFileMiddleware|POST requests are not supported 
2024-10-28 00:39:31.7986|DEBUG|Microsoft.AspNetCore.StaticFiles.StaticFileMiddleware|CONNECT requests are not supported 
2024-10-28 01:27:04.8707|DEBUG|Microsoft.AspNetCore.StaticFiles.StaticFileMiddleware|The request path / does not match a supported file type 
2024-10-28 01:27:08.1659|DEBUG|Microsoft.AspNetCore.StaticFiles.StaticFileMiddleware|POST requests are not supported 
2024-10-28 01:27:08.2004|DEBUG|Microsoft.AspNetCore.StaticFiles.StaticFileMiddleware|CONNECT requests are not supported 
2024-10-28 01:27:12.7596|DEBUG|Microsoft.AspNetCore.StaticFiles.StaticFileMiddleware|The request path /User/Profile/2DBBF9A7-A5B6-43CD-8DE8-1143C8E75CB2 does not match a supported file type 
2024-10-28 01:27:12.8066|DEBUG|Microsoft.AspNetCore.StaticFiles.StaticFileMiddleware|The request path /User/Login does not match a supported file type 
2024-10-28 01:27:39.9788|DEBUG|Microsoft.AspNetCore.StaticFiles.StaticFileMiddleware|The request path /User/Profile/2dbbf9a7-a5b6-43cd-8de8-1143c8e75cb2 does not match a supported file type 
2024-10-28 01:27:39.9945|DEBUG|Microsoft.AspNetCore.StaticFiles.StaticFileMiddleware|The request path /User/Login does not match a supported file type 
2024-10-28 01:28:44.4668|DEBUG|Microsoft.AspNetCore.StaticFiles.StaticFileMiddleware|The request path /User/Login does not match a supported file type 
2024-10-28 01:28:44.5398|DEBUG|Microsoft.AspNetCore.StaticFiles.StaticFileMiddleware|The request path /User/Login does not match a supported file type 
2024-10-28 01:28:44.5549|DEBUG|Microsoft.AspNetCore.StaticFiles.StaticFileMiddleware|The request path /User/Login does not match a supported file type 
2024-10-28 01:28:44.5549|DEBUG|Microsoft.AspNetCore.StaticFiles.StaticFileMiddleware|The request path /User/Login does not match a supported file type 
2024-10-28 01:28:44.5710|DEBUG|Microsoft.AspNetCore.StaticFiles.StaticFileMiddleware|The request path /User/Login does not match a supported file type 
2024-10-28 01:28:44.5873|DEBUG|Microsoft.AspNetCore.StaticFiles.StaticFileMiddleware|The request path /User/Login does not match a supported file type 
2024-10-28 01:28:44.6055|DEBUG|Microsoft.AspNetCore.StaticFiles.StaticFileMiddleware|The request path /User/Login does not match a supported file type 
2024-10-28 01:28:44.6055|DEBUG|Microsoft.AspNetCore.StaticFiles.StaticFileMiddleware|The request path /User/Login does not match a supported file type 
2024-10-28 01:28:44.6178|DEBUG|Microsoft.AspNetCore.StaticFiles.StaticFileMiddleware|The request path /User/Login does not match a supported file type 
2024-10-28 01:28:44.6360|DEBUG|Microsoft.AspNetCore.StaticFiles.StaticFileMiddleware|The request path /User/Login does not match a supported file type 
2024-10-28 01:28:44.6498|DEBUG|Microsoft.AspNetCore.StaticFiles.StaticFileMiddleware|The request path /User/Login does not match a supported file type 
2024-10-28 01:28:44.6705|DEBUG|Microsoft.AspNetCore.StaticFiles.StaticFileMiddleware|The request path /User/Login does not match a supported file type 
2024-10-28 01:28:44.6962|DEBUG|Microsoft.AspNetCore.StaticFiles.StaticFileMiddleware|The request path /User/Login does not match a supported file type 
2024-10-28 01:28:44.7137|DEBUG|Microsoft.AspNetCore.StaticFiles.StaticFileMiddleware|The request path /User/Login does not match a supported file type 
2024-10-28 01:28:44.7268|DEBUG|Microsoft.AspNetCore.StaticFiles.StaticFileMiddleware|The request path /User/Login does not match a supported file type 
2024-10-28 01:28:44.7430|DEBUG|Microsoft.AspNetCore.StaticFiles.StaticFileMiddleware|The request path /User/Login does not match a supported file type 
2024-10-28 01:28:44.7689|DEBUG|Microsoft.AspNetCore.StaticFiles.StaticFileMiddleware|The request path /User/Login does not match a supported file type 
2024-10-28 01:28:44.7911|DEBUG|Microsoft.AspNetCore.StaticFiles.StaticFileMiddleware|The request path /User/Login does not match a supported file type 
2024-10-28 01:28:44.8059|DEBUG|Microsoft.AspNetCore.StaticFiles.StaticFileMiddleware|The request path /User/Login does not match a supported file type 
2024-10-28 01:28:44.8217|DEBUG|Microsoft.AspNetCore.StaticFiles.StaticFileMiddleware|The request path /User/Login does not match a supported file type 
2024-10-28 01:28:45.8742|DEBUG|Microsoft.AspNetCore.StaticFiles.StaticFileMiddleware|The request path /User/Login does not match a supported file type 
2024-10-28 01:28:45.8838|DEBUG|Microsoft.AspNetCore.StaticFiles.StaticFileMiddleware|The request path /User/Login does not match a supported file type 
2024-10-28 01:28:45.9039|DEBUG|Microsoft.AspNetCore.StaticFiles.StaticFileMiddleware|The request path /User/Login does not match a supported file type 
2024-10-28 01:28:45.9153|DEBUG|Microsoft.AspNetCore.StaticFiles.StaticFileMiddleware|The request path /User/Login does not match a supported file type 
2024-10-28 01:28:45.9309|DEBUG|Microsoft.AspNetCore.StaticFiles.StaticFileMiddleware|The request path /User/Login does not match a supported file type 
2024-10-28 01:28:45.9309|DEBUG|Microsoft.AspNetCore.StaticFiles.StaticFileMiddleware|The request path /User/Login does not match a supported file type 
2024-10-28 01:28:45.9479|DEBUG|Microsoft.AspNetCore.StaticFiles.StaticFileMiddleware|The request path /User/Login does not match a supported file type 
2024-10-28 01:28:45.9479|DEBUG|Microsoft.AspNetCore.StaticFiles.StaticFileMiddleware|The request path /User/Login does not match a supported file type 
2024-10-28 01:28:45.9617|DEBUG|Microsoft.AspNetCore.StaticFiles.StaticFileMiddleware|The request path /User/Login does not match a supported file type 
2024-10-28 01:28:45.9770|DEBUG|Microsoft.AspNetCore.StaticFiles.StaticFileMiddleware|The request path /User/Login does not match a supported file type 
2024-10-28 01:28:45.9770|DEBUG|Microsoft.AspNetCore.StaticFiles.StaticFileMiddleware|The request path /User/Login does not match a supported file type 
2024-10-28 01:28:45.9927|DEBUG|Microsoft.AspNetCore.StaticFiles.StaticFileMiddleware|The request path /User/Login does not match a supported file type 
2024-10-28 01:28:45.9927|DEBUG|Microsoft.AspNetCore.StaticFiles.StaticFileMiddleware|The request path /User/Login does not match a supported file type 
2024-10-28 01:28:46.0088|DEBUG|Microsoft.AspNetCore.StaticFiles.StaticFileMiddleware|The request path /User/Login does not match a supported file type 
2024-10-28 01:28:46.0238|DEBUG|Microsoft.AspNetCore.StaticFiles.StaticFileMiddleware|The request path /User/Login does not match a supported file type 
2024-10-28 01:28:46.0238|DEBUG|Microsoft.AspNetCore.StaticFiles.StaticFileMiddleware|The request path /User/Login does not match a supported file type 
2024-10-28 01:28:46.0398|DEBUG|Microsoft.AspNetCore.StaticFiles.StaticFileMiddleware|The request path /User/Login does not match a supported file type 
2024-10-28 01:28:46.0398|DEBUG|Microsoft.AspNetCore.StaticFiles.StaticFileMiddleware|The request path /User/Login does not match a supported file type 
2024-10-28 01:28:46.0575|DEBUG|Microsoft.AspNetCore.StaticFiles.StaticFileMiddleware|The request path /User/Login does not match a supported file type 
2024-10-28 01:28:46.0575|DEBUG|Microsoft.AspNetCore.StaticFiles.StaticFileMiddleware|The request path /User/Login does not match a supported file type 
2024-10-28 01:29:00.2223|DEBUG|Microsoft.AspNetCore.StaticFiles.StaticFileMiddleware|The request path / does not match a supported file type 
2024-10-28 01:29:02.5528|DEBUG|Microsoft.AspNetCore.StaticFiles.StaticFileMiddleware|POST requests are not supported 
2024-10-28 01:29:04.9629|DEBUG|Microsoft.AspNetCore.StaticFiles.StaticFileMiddleware|The request path /User/Profile/2dbbf9a7-a5b6-43cd-8de8-1143c8e75cb2 does not match a supported file type 
2024-10-28 01:29:04.9796|DEBUG|Microsoft.AspNetCore.StaticFiles.StaticFileMiddleware|The request path /User/Login does not match a supported file type 
2024-10-28 01:29:04.9930|DEBUG|Microsoft.AspNetCore.StaticFiles.StaticFileMiddleware|The request path /User/Login does not match a supported file type 
2024-10-28 01:29:05.0087|DEBUG|Microsoft.AspNetCore.StaticFiles.StaticFileMiddleware|The request path /User/Login does not match a supported file type 
2024-10-28 01:29:05.0245|DEBUG|Microsoft.AspNetCore.StaticFiles.StaticFileMiddleware|The request path /User/Login does not match a supported file type 
2024-10-28 01:29:05.0706|DEBUG|Microsoft.AspNetCore.StaticFiles.StaticFileMiddleware|The request path /User/Login does not match a supported file type 
2024-10-28 01:29:05.1090|DEBUG|Microsoft.AspNetCore.StaticFiles.StaticFileMiddleware|The request path /User/Login does not match a supported file type 
2024-10-28 01:29:05.1173|DEBUG|Microsoft.AspNetCore.StaticFiles.StaticFileMiddleware|The request path /User/Login does not match a supported file type 
2024-10-28 01:29:05.1350|DEBUG|Microsoft.AspNetCore.StaticFiles.StaticFileMiddleware|The request path /User/Login does not match a supported file type 
2024-10-28 01:29:05.1495|DEBUG|Microsoft.AspNetCore.StaticFiles.StaticFileMiddleware|The request path /User/Login does not match a supported file type 
2024-10-28 01:29:05.1495|DEBUG|Microsoft.AspNetCore.StaticFiles.StaticFileMiddleware|The request path /User/Login does not match a supported file type 
2024-10-28 01:29:05.1655|DEBUG|Microsoft.AspNetCore.StaticFiles.StaticFileMiddleware|The request path /User/Login does not match a supported file type 
2024-10-28 01:29:05.1825|DEBUG|Microsoft.AspNetCore.StaticFiles.StaticFileMiddleware|The request path /User/Login does not match a supported file type 
2024-10-28 01:29:05.1960|DEBUG|Microsoft.AspNetCore.StaticFiles.StaticFileMiddleware|The request path /User/Login does not match a supported file type 
2024-10-28 01:29:05.2135|DEBUG|Microsoft.AspNetCore.StaticFiles.StaticFileMiddleware|The request path /User/Login does not match a supported file type 
2024-10-28 01:29:05.2305|DEBUG|Microsoft.AspNetCore.StaticFiles.StaticFileMiddleware|The request path /User/Login does not match a supported file type 
2024-10-28 01:29:05.2458|DEBUG|Microsoft.AspNetCore.StaticFiles.StaticFileMiddleware|The request path /User/Login does not match a supported file type 
2024-10-28 01:29:05.2736|DEBUG|Microsoft.AspNetCore.StaticFiles.StaticFileMiddleware|The request path /User/Login does not match a supported file type 
2024-10-28 01:29:05.3110|DEBUG|Microsoft.AspNetCore.StaticFiles.StaticFileMiddleware|The request path /User/Login does not match a supported file type 
2024-10-28 01:29:05.3223|DEBUG|Microsoft.AspNetCore.StaticFiles.StaticFileMiddleware|The request path /User/Login does not match a supported file type 
2024-10-28 01:29:06.4455|DEBUG|Microsoft.AspNetCore.StaticFiles.StaticFileMiddleware|The request path /User/Login does not match a supported file type 
2024-10-28 01:29:06.4634|DEBUG|Microsoft.AspNetCore.StaticFiles.StaticFileMiddleware|The request path /User/Login does not match a supported file type 
2024-10-28 01:29:06.4634|DEBUG|Microsoft.AspNetCore.StaticFiles.StaticFileMiddleware|The request path /User/Login does not match a supported file type 
2024-10-28 01:29:06.4766|DEBUG|Microsoft.AspNetCore.StaticFiles.StaticFileMiddleware|The request path /User/Login does not match a supported file type 
2024-10-28 01:29:06.4766|DEBUG|Microsoft.AspNetCore.StaticFiles.StaticFileMiddleware|The request path /User/Login does not match a supported file type 
2024-10-28 01:29:06.4939|DEBUG|Microsoft.AspNetCore.StaticFiles.StaticFileMiddleware|The request path /User/Login does not match a supported file type 
2024-10-28 01:29:06.5085|DEBUG|Microsoft.AspNetCore.StaticFiles.StaticFileMiddleware|The request path /User/Login does not match a supported file type 
2024-10-28 01:29:06.5085|DEBUG|Microsoft.AspNetCore.StaticFiles.StaticFileMiddleware|The request path /User/Login does not match a supported file type 
2024-10-28 01:29:06.5236|DEBUG|Microsoft.AspNetCore.StaticFiles.StaticFileMiddleware|The request path /User/Login does not match a supported file type 
2024-10-28 01:29:06.5236|DEBUG|Microsoft.AspNetCore.StaticFiles.StaticFileMiddleware|The request path /User/Login does not match a supported file type 
2024-10-28 01:29:06.5420|DEBUG|Microsoft.AspNetCore.StaticFiles.StaticFileMiddleware|The request path /User/Login does not match a supported file type 
2024-10-28 01:29:06.5586|DEBUG|Microsoft.AspNetCore.StaticFiles.StaticFileMiddleware|The request path /User/Login does not match a supported file type 
2024-10-28 01:29:06.5729|DEBUG|Microsoft.AspNetCore.StaticFiles.StaticFileMiddleware|The request path /User/Login does not match a supported file type 
2024-10-28 01:29:06.5729|DEBUG|Microsoft.AspNetCore.StaticFiles.StaticFileMiddleware|The request path /User/Login does not match a supported file type 
2024-10-28 01:29:06.5872|DEBUG|Microsoft.AspNetCore.StaticFiles.StaticFileMiddleware|The request path /User/Login does not match a supported file type 
2024-10-28 01:29:06.6018|DEBUG|Microsoft.AspNetCore.StaticFiles.StaticFileMiddleware|The request path /User/Login does not match a supported file type 
2024-10-28 01:29:06.6018|DEBUG|Microsoft.AspNetCore.StaticFiles.StaticFileMiddleware|The request path /User/Login does not match a supported file type 
2024-10-28 01:29:06.6180|DEBUG|Microsoft.AspNetCore.StaticFiles.StaticFileMiddleware|The request path /User/Login does not match a supported file type 
2024-10-28 01:29:06.6180|DEBUG|Microsoft.AspNetCore.StaticFiles.StaticFileMiddleware|The request path /User/Login does not match a supported file type 
2024-10-28 01:29:06.6337|DEBUG|Microsoft.AspNetCore.StaticFiles.StaticFileMiddleware|The request path /User/Login does not match a supported file type 
2024-10-28 01:29:11.6587|DEBUG|Microsoft.AspNetCore.StaticFiles.StaticFileMiddleware|The request path /User/Login does not match a supported file type 
2024-10-28 01:29:11.6645|DEBUG|Microsoft.AspNetCore.StaticFiles.StaticFileMiddleware|The request path /User/Login does not match a supported file type 
2024-10-28 01:29:11.6816|DEBUG|Microsoft.AspNetCore.StaticFiles.StaticFileMiddleware|The request path /User/Login does not match a supported file type 
2024-10-28 01:29:11.6816|DEBUG|Microsoft.AspNetCore.StaticFiles.StaticFileMiddleware|The request path /User/Login does not match a supported file type 
2024-10-28 01:29:11.6955|DEBUG|Microsoft.AspNetCore.StaticFiles.StaticFileMiddleware|The request path /User/Login does not match a supported file type 
2024-10-28 01:29:11.7275|DEBUG|Microsoft.AspNetCore.StaticFiles.StaticFileMiddleware|The request path /User/Login does not match a supported file type 
2024-10-28 01:29:11.7275|DEBUG|Microsoft.AspNetCore.StaticFiles.StaticFileMiddleware|The request path /User/Login does not match a supported file type 
2024-10-28 01:29:11.7444|DEBUG|Microsoft.AspNetCore.StaticFiles.StaticFileMiddleware|The request path /User/Login does not match a supported file type 
2024-10-28 01:29:11.7444|DEBUG|Microsoft.AspNetCore.StaticFiles.StaticFileMiddleware|The request path /User/Login does not match a supported file type 
2024-10-28 01:29:11.7593|DEBUG|Microsoft.AspNetCore.StaticFiles.StaticFileMiddleware|The request path /User/Login does not match a supported file type 
2024-10-28 01:29:11.7593|DEBUG|Microsoft.AspNetCore.StaticFiles.StaticFileMiddleware|The request path /User/Login does not match a supported file type 
2024-10-28 01:29:11.7744|DEBUG|Microsoft.AspNetCore.StaticFiles.StaticFileMiddleware|The request path /User/Login does not match a supported file type 
2024-10-28 01:29:11.7744|DEBUG|Microsoft.AspNetCore.StaticFiles.StaticFileMiddleware|The request path /User/Login does not match a supported file type 
2024-10-28 01:29:11.7744|DEBUG|Microsoft.AspNetCore.StaticFiles.StaticFileMiddleware|The request path /User/Login does not match a supported file type 
2024-10-28 01:29:11.7894|DEBUG|Microsoft.AspNetCore.StaticFiles.StaticFileMiddleware|The request path /User/Login does not match a supported file type 
2024-10-28 01:29:11.7894|DEBUG|Microsoft.AspNetCore.StaticFiles.StaticFileMiddleware|The request path /User/Login does not match a supported file type 
2024-10-28 01:29:11.8060|DEBUG|Microsoft.AspNetCore.StaticFiles.StaticFileMiddleware|The request path /User/Login does not match a supported file type 
2024-10-28 01:29:11.8060|DEBUG|Microsoft.AspNetCore.StaticFiles.StaticFileMiddleware|The request path /User/Login does not match a supported file type 
2024-10-28 01:29:11.8207|DEBUG|Microsoft.AspNetCore.StaticFiles.StaticFileMiddleware|The request path /User/Login does not match a supported file type 
2024-10-28 01:29:11.8207|DEBUG|Microsoft.AspNetCore.StaticFiles.StaticFileMiddleware|The request path /User/Login does not match a supported file type 
2024-10-28 01:32:14.8044|DEBUG|Microsoft.AspNetCore.StaticFiles.StaticFileMiddleware|The request path /User/Login does not match a supported file type 
2024-10-28 01:32:14.8044|DEBUG|Microsoft.AspNetCore.StaticFiles.StaticFileMiddleware|The request path /User/Login does not match a supported file type 
2024-10-28 01:32:14.8207|DEBUG|Microsoft.AspNetCore.StaticFiles.StaticFileMiddleware|The request path /User/Login does not match a supported file type 
2024-10-28 01:32:14.8207|DEBUG|Microsoft.AspNetCore.StaticFiles.StaticFileMiddleware|The request path /User/Login does not match a supported file type 
2024-10-28 01:32:14.8365|DEBUG|Microsoft.AspNetCore.StaticFiles.StaticFileMiddleware|The request path /User/Login does not match a supported file type 
2024-10-28 01:32:14.8365|DEBUG|Microsoft.AspNetCore.StaticFiles.StaticFileMiddleware|The request path /User/Login does not match a supported file type 
2024-10-28 01:32:14.8503|DEBUG|Microsoft.AspNetCore.StaticFiles.StaticFileMiddleware|The request path /User/Login does not match a supported file type 
2024-10-28 01:32:14.8503|DEBUG|Microsoft.AspNetCore.StaticFiles.StaticFileMiddleware|The request path /User/Login does not match a supported file type 
2024-10-28 01:32:14.8503|DEBUG|Microsoft.AspNetCore.StaticFiles.StaticFileMiddleware|The request path /User/Login does not match a supported file type 
2024-10-28 01:32:14.9374|DEBUG|Microsoft.AspNetCore.StaticFiles.StaticFileMiddleware|The request path /User/Login does not match a supported file type 
2024-10-28 01:32:14.9708|DEBUG|Microsoft.AspNetCore.StaticFiles.StaticFileMiddleware|The request path /User/Login does not match a supported file type 
2024-10-28 01:32:14.9754|DEBUG|Microsoft.AspNetCore.StaticFiles.StaticFileMiddleware|The request path /User/Login does not match a supported file type 
2024-10-28 01:32:14.9754|DEBUG|Microsoft.AspNetCore.StaticFiles.StaticFileMiddleware|The request path /User/Login does not match a supported file type 
2024-10-28 01:32:14.9914|DEBUG|Microsoft.AspNetCore.StaticFiles.StaticFileMiddleware|The request path /User/Login does not match a supported file type 
2024-10-28 01:32:14.9914|DEBUG|Microsoft.AspNetCore.StaticFiles.StaticFileMiddleware|The request path /User/Login does not match a supported file type 
2024-10-28 01:32:15.0065|DEBUG|Microsoft.AspNetCore.StaticFiles.StaticFileMiddleware|The request path /User/Login does not match a supported file type 
2024-10-28 01:32:15.0065|DEBUG|Microsoft.AspNetCore.StaticFiles.StaticFileMiddleware|The request path /User/Login does not match a supported file type 
2024-10-28 01:32:15.0224|DEBUG|Microsoft.AspNetCore.StaticFiles.StaticFileMiddleware|The request path /User/Login does not match a supported file type 
2024-10-28 01:32:15.0384|DEBUG|Microsoft.AspNetCore.StaticFiles.StaticFileMiddleware|The request path /User/Login does not match a supported file type 
2024-10-28 01:32:15.0384|DEBUG|Microsoft.AspNetCore.StaticFiles.StaticFileMiddleware|The request path /User/Login does not match a supported file type 
2024-10-28 01:32:21.6812|DEBUG|Microsoft.AspNetCore.StaticFiles.StaticFileMiddleware|The request path / does not match a supported file type 
2024-10-28 01:32:25.0255|DEBUG|Microsoft.AspNetCore.StaticFiles.StaticFileMiddleware|POST requests are not supported 
2024-10-28 01:32:25.0711|DEBUG|Microsoft.AspNetCore.StaticFiles.StaticFileMiddleware|CONNECT requests are not supported 
2024-10-28 01:32:43.8200|DEBUG|Microsoft.AspNetCore.StaticFiles.StaticFileMiddleware|The request path /User/Profile/2DBBF9A7-A5B6-43CD-8DE8-1143C8E75CB2 does not match a supported file type 
2024-10-28 01:32:43.9766|DEBUG|Microsoft.AspNetCore.StaticFiles.StaticFileMiddleware|The request path /User/Login does not match a supported file type 
