2024-10-28 00:26:05.7288|INFO|Microsoft.AspNetCore.Routing.EndpointMiddleware|Executing endpoint 'PetProject.Controllers.UserController.Profile (PetProject)' 
2024-10-28 00:26:06.3996|INFO|Microsoft.AspNetCore.Routing.EndpointMiddleware|Executed endpoint 'PetProject.Controllers.UserController.Profile (PetProject)' 
2024-10-28 00:28:05.7776|INFO|Microsoft.AspNetCore.Routing.EndpointMiddleware|Executing endpoint 'PetProject.Controllers.UserController.Profile (PetProject)' 
2024-10-28 00:28:05.8897|INFO|Microsoft.AspNetCore.Routing.EndpointMiddleware|Executed endpoint 'PetProject.Controllers.UserController.Profile (PetProject)' 
2024-10-28 00:28:05.8988|INFO|Microsoft.AspNetCore.Routing.EndpointMiddleware|Executing endpoint 'PetProject.Controllers.UserController.Login (PetProject)' 
2024-10-28 00:28:05.9162|INFO|Microsoft.AspNetCore.Routing.EndpointMiddleware|Executed endpoint 'PetProject.Controllers.UserController.Login (PetProject)' 
2024-10-28 00:28:05.9162|INFO|Microsoft.AspNetCore.Routing.EndpointMiddleware|Executing endpoint 'PetProject.Controllers.UserController.Login (PetProject)' 
2024-10-28 00:28:05.9370|INFO|Microsoft.AspNetCore.Routing.EndpointMiddleware|Executed endpoint 'PetProject.Controllers.UserController.Login (PetProject)' 
2024-10-28 00:28:05.9451|INFO|Microsoft.AspNetCore.Routing.EndpointMiddleware|Executing endpoint 'PetProject.Controllers.UserController.Login (PetProject)' 
2024-10-28 00:28:05.9451|INFO|Microsoft.AspNetCore.Routing.EndpointMiddleware|Executed endpoint 'PetProject.Controllers.UserController.Login (PetProject)' 
2024-10-28 00:28:12.5263|INFO|Microsoft.AspNetCore.Routing.EndpointMiddleware|Executing endpoint 'PetProject.Controllers.UserController.Login (PetProject)' 
2024-10-28 00:28:12.5263|INFO|Microsoft.AspNetCore.Routing.EndpointMiddleware|Executed endpoint 'PetProject.Controllers.UserController.Login (PetProject)' 
2024-10-28 00:28:12.5415|INFO|Microsoft.AspNetCore.Routing.EndpointMiddleware|Executing endpoint 'PetProject.Controllers.UserController.Login (PetProject)' 
2024-10-28 00:28:12.5415|INFO|Microsoft.AspNetCore.Routing.EndpointMiddleware|Executed endpoint 'PetProject.Controllers.UserController.Login (PetProject)' 
2024-10-28 00:28:12.5544|INFO|Microsoft.AspNetCore.Routing.EndpointMiddleware|Executing endpoint 'PetProject.Controllers.UserController.Login (PetProject)' 
2024-10-28 00:28:12.5544|INFO|Microsoft.AspNetCore.Routing.EndpointMiddleware|Executed endpoint 'PetProject.Controllers.UserController.Login (PetProject)' 
2024-10-28 00:28:26.3531|INFO|Microsoft.AspNetCore.Routing.EndpointMiddleware|Executing endpoint '/Index' 
2024-10-28 00:28:26.7466|INFO|Microsoft.AspNetCore.Routing.EndpointMiddleware|Executed endpoint '/Index' 
2024-10-28 00:28:26.8684|INFO|Microsoft.AspNetCore.Routing.EndpointMiddleware|Executing endpoint '/connect/negotiate' 
2024-10-28 00:28:26.8826|INFO|Microsoft.AspNetCore.Routing.EndpointMiddleware|Executed endpoint '/connect/negotiate' 
2024-10-28 00:28:26.8826|INFO|Microsoft.AspNetCore.Routing.EndpointMiddleware|Executing endpoint '/connect' 
2024-10-28 00:28:26.9617|INFO|Microsoft.AspNetCore.Routing.EndpointMiddleware|Executed endpoint '/connect' 
2024-10-28 00:29:14.8361|INFO|Microsoft.AspNetCore.Routing.EndpointMiddleware|Executing endpoint 'PetProject.Controllers.UserController.Profile (PetProject)' 
2024-10-28 00:29:15.0074|INFO|Microsoft.AspNetCore.Routing.EndpointMiddleware|Executed endpoint 'PetProject.Controllers.UserController.Profile (PetProject)' 
2024-10-28 00:29:15.0224|INFO|Microsoft.AspNetCore.Routing.EndpointMiddleware|Executing endpoint 'PetProject.Controllers.UserController.Login (PetProject)' 
2024-10-28 00:29:15.0534|INFO|Microsoft.AspNetCore.Routing.EndpointMiddleware|Executed endpoint 'PetProject.Controllers.UserController.Login (PetProject)' 
2024-10-28 00:29:15.0706|INFO|Microsoft.AspNetCore.Routing.EndpointMiddleware|Executing endpoint 'PetProject.Controllers.UserController.Login (PetProject)' 
2024-10-28 00:29:15.1019|INFO|Microsoft.AspNetCore.Routing.EndpointMiddleware|Executed endpoint 'PetProject.Controllers.UserController.Login (PetProject)' 
2024-10-28 00:29:15.1214|INFO|Microsoft.AspNetCore.Routing.EndpointMiddleware|Executing endpoint 'PetProject.Controllers.UserController.Login (PetProject)' 
2024-10-28 00:29:15.1214|INFO|Microsoft.AspNetCore.Routing.EndpointMiddleware|Executed endpoint 'PetProject.Controllers.UserController.Login (PetProject)' 
2024-10-28 00:29:15.1353|INFO|Microsoft.AspNetCore.Routing.EndpointMiddleware|Executing endpoint 'PetProject.Controllers.UserController.Login (PetProject)' 
2024-10-28 00:29:15.1353|INFO|Microsoft.AspNetCore.Routing.EndpointMiddleware|Executed endpoint 'PetProject.Controllers.UserController.Login (PetProject)' 
2024-10-28 00:29:19.4443|INFO|Microsoft.AspNetCore.Routing.EndpointMiddleware|Executing endpoint 'PetProject.Controllers.UserController.Login (PetProject)' 
2024-10-28 00:29:19.4443|INFO|Microsoft.AspNetCore.Routing.EndpointMiddleware|Executed endpoint 'PetProject.Controllers.UserController.Login (PetProject)' 
2024-10-28 00:29:50.8519|INFO|Microsoft.AspNetCore.Routing.EndpointMiddleware|Executing endpoint '/Index' 
2024-10-28 00:29:51.4454|INFO|Microsoft.AspNetCore.Routing.EndpointMiddleware|Executing endpoint 'PetProject.Controllers.UserController.Login (PetProject)' 
2024-10-28 00:29:51.6647|INFO|Microsoft.AspNetCore.Routing.EndpointMiddleware|Executed endpoint '/Index' 
2024-10-28 00:29:51.7284|INFO|Microsoft.AspNetCore.Routing.EndpointMiddleware|Executed endpoint 'PetProject.Controllers.UserController.Login (PetProject)' 
2024-10-28 00:29:51.8351|INFO|Microsoft.AspNetCore.Routing.EndpointMiddleware|Executing endpoint '/connect/negotiate' 
2024-10-28 00:29:51.8508|INFO|Microsoft.AspNetCore.Routing.EndpointMiddleware|Executed endpoint '/connect/negotiate' 
2024-10-28 00:29:51.8879|INFO|Microsoft.AspNetCore.Routing.EndpointMiddleware|Executing endpoint '/connect' 
2024-10-28 00:29:52.0389|INFO|Microsoft.AspNetCore.Routing.EndpointMiddleware|Executed endpoint '/connect' 
2024-10-28 00:31:16.3201|INFO|Microsoft.AspNetCore.Routing.EndpointMiddleware|Executing endpoint '/Index' 
2024-10-28 00:31:16.9470|INFO|Microsoft.AspNetCore.Routing.EndpointMiddleware|Executed endpoint '/Index' 
2024-10-28 00:31:17.0409|INFO|Microsoft.AspNetCore.Routing.EndpointMiddleware|Executing endpoint 'PetProject.Controllers.UserController.Login (PetProject)' 
2024-10-28 00:31:19.2152|INFO|Microsoft.AspNetCore.Routing.EndpointMiddleware|Executing endpoint '/connect/negotiate' 
2024-10-28 00:31:19.2414|INFO|Microsoft.AspNetCore.Routing.EndpointMiddleware|Executed endpoint '/connect/negotiate' 
2024-10-28 00:31:19.2560|INFO|Microsoft.AspNetCore.Routing.EndpointMiddleware|Executing endpoint '/connect' 
2024-10-28 00:31:19.3690|INFO|Microsoft.AspNetCore.Routing.EndpointMiddleware|Executed endpoint 'PetProject.Controllers.UserController.Login (PetProject)' 
2024-10-28 00:31:19.3690|INFO|Microsoft.AspNetCore.Routing.EndpointMiddleware|Executed endpoint '/connect' 
2024-10-28 00:31:43.4321|INFO|Microsoft.AspNetCore.Routing.EndpointMiddleware|Executing endpoint '/Index' 
2024-10-28 00:31:43.9756|INFO|Microsoft.AspNetCore.Routing.EndpointMiddleware|Executed endpoint '/Index' 
2024-10-28 00:31:44.0696|INFO|Microsoft.AspNetCore.Routing.EndpointMiddleware|Executing endpoint '/connect/negotiate' 
2024-10-28 00:31:44.0932|INFO|Microsoft.AspNetCore.Routing.EndpointMiddleware|Executed endpoint '/connect/negotiate' 
2024-10-28 00:31:44.1150|INFO|Microsoft.AspNetCore.Routing.EndpointMiddleware|Executing endpoint '/connect' 
2024-10-28 00:31:44.2102|INFO|Microsoft.AspNetCore.Routing.EndpointMiddleware|Executed endpoint '/connect' 
2024-10-28 00:31:50.4288|INFO|Microsoft.AspNetCore.Routing.EndpointMiddleware|Executing endpoint 'PetProject.Controllers.UserController.Profile (PetProject)' 
2024-10-28 00:33:46.7259|INFO|Microsoft.AspNetCore.Routing.EndpointMiddleware|Executing endpoint '/Index' 
2024-10-28 00:33:47.6455|INFO|Microsoft.AspNetCore.Routing.EndpointMiddleware|Executed endpoint '/Index' 
2024-10-28 00:33:47.7552|INFO|Microsoft.AspNetCore.Routing.EndpointMiddleware|Executing endpoint '/connect/negotiate' 
2024-10-28 00:33:47.8039|INFO|Microsoft.AspNetCore.Routing.EndpointMiddleware|Executed endpoint '/connect/negotiate' 
2024-10-28 00:33:47.8169|INFO|Microsoft.AspNetCore.Routing.EndpointMiddleware|Executing endpoint '/connect' 
2024-10-28 00:33:48.2137|INFO|Microsoft.AspNetCore.Routing.EndpointMiddleware|Executed endpoint '/connect' 
2024-10-28 00:33:51.5854|INFO|Microsoft.AspNetCore.Routing.EndpointMiddleware|Executing endpoint 'PetProject.Controllers.UserController.Login (PetProject)' 
2024-10-28 00:33:53.6161|INFO|Microsoft.AspNetCore.Routing.EndpointMiddleware|Executed endpoint 'PetProject.Controllers.UserController.Login (PetProject)' 
2024-10-28 00:33:53.6295|INFO|Microsoft.AspNetCore.Routing.EndpointMiddleware|Executing endpoint 'PetProject.Controllers.UserController.Login (PetProject)' 
2024-10-28 00:33:55.1692|INFO|Microsoft.AspNetCore.Routing.EndpointMiddleware|Executed endpoint 'PetProject.Controllers.UserController.Login (PetProject)' 
2024-10-28 00:33:55.1777|INFO|Microsoft.AspNetCore.Routing.EndpointMiddleware|Executing endpoint 'PetProject.Controllers.UserController.Login (PetProject)' 
2024-10-28 00:33:57.5677|INFO|Microsoft.AspNetCore.Routing.EndpointMiddleware|Executed endpoint 'PetProject.Controllers.UserController.Login (PetProject)' 
2024-10-28 00:33:57.5677|INFO|Microsoft.AspNetCore.Routing.EndpointMiddleware|Executing endpoint 'PetProject.Controllers.UserController.Login (PetProject)' 
2024-10-28 00:33:58.5551|INFO|Microsoft.AspNetCore.Routing.EndpointMiddleware|Executed endpoint 'PetProject.Controllers.UserController.Login (PetProject)' 
2024-10-28 00:33:58.5696|INFO|Microsoft.AspNetCore.Routing.EndpointMiddleware|Executing endpoint 'PetProject.Controllers.UserController.Login (PetProject)' 
2024-10-28 00:33:59.5372|INFO|Microsoft.AspNetCore.Routing.EndpointMiddleware|Executed endpoint 'PetProject.Controllers.UserController.Login (PetProject)' 
2024-10-28 00:33:59.5520|INFO|Microsoft.AspNetCore.Routing.EndpointMiddleware|Executing endpoint 'PetProject.Controllers.UserController.Login (PetProject)' 
2024-10-28 00:34:00.1175|INFO|Microsoft.AspNetCore.Routing.EndpointMiddleware|Executed endpoint 'PetProject.Controllers.UserController.Login (PetProject)' 
2024-10-28 00:34:00.1307|INFO|Microsoft.AspNetCore.Routing.EndpointMiddleware|Executing endpoint 'PetProject.Controllers.UserController.Login (PetProject)' 
2024-10-28 00:34:00.3381|INFO|Microsoft.AspNetCore.Routing.EndpointMiddleware|Executed endpoint 'PetProject.Controllers.UserController.Login (PetProject)' 
2024-10-28 00:34:00.3488|INFO|Microsoft.AspNetCore.Routing.EndpointMiddleware|Executing endpoint 'PetProject.Controllers.UserController.Login (PetProject)' 
2024-10-28 00:34:00.5742|INFO|Microsoft.AspNetCore.Routing.EndpointMiddleware|Executed endpoint 'PetProject.Controllers.UserController.Login (PetProject)' 
2024-10-28 00:34:00.5876|INFO|Microsoft.AspNetCore.Routing.EndpointMiddleware|Executing endpoint 'PetProject.Controllers.UserController.Login (PetProject)' 
2024-10-28 00:34:00.7960|INFO|Microsoft.AspNetCore.Routing.EndpointMiddleware|Executed endpoint 'PetProject.Controllers.UserController.Login (PetProject)' 
2024-10-28 00:34:00.8025|INFO|Microsoft.AspNetCore.Routing.EndpointMiddleware|Executing endpoint 'PetProject.Controllers.UserController.Login (PetProject)' 
2024-10-28 00:34:01.5315|INFO|Microsoft.AspNetCore.Routing.EndpointMiddleware|Executed endpoint 'PetProject.Controllers.UserController.Login (PetProject)' 
2024-10-28 00:34:01.5393|INFO|Microsoft.AspNetCore.Routing.EndpointMiddleware|Executing endpoint 'PetProject.Controllers.UserController.Login (PetProject)' 
2024-10-28 00:34:02.4920|INFO|Microsoft.AspNetCore.Routing.EndpointMiddleware|Executed endpoint 'PetProject.Controllers.UserController.Login (PetProject)' 
2024-10-28 00:34:02.5058|INFO|Microsoft.AspNetCore.Routing.EndpointMiddleware|Executing endpoint 'PetProject.Controllers.UserController.Login (PetProject)' 
2024-10-28 00:34:03.2081|INFO|Microsoft.AspNetCore.Routing.EndpointMiddleware|Executed endpoint 'PetProject.Controllers.UserController.Login (PetProject)' 
2024-10-28 00:34:03.2081|INFO|Microsoft.AspNetCore.Routing.EndpointMiddleware|Executing endpoint 'PetProject.Controllers.UserController.Login (PetProject)' 
2024-10-28 00:34:03.6843|INFO|Microsoft.AspNetCore.Routing.EndpointMiddleware|Executed endpoint 'PetProject.Controllers.UserController.Login (PetProject)' 
2024-10-28 00:34:03.6923|INFO|Microsoft.AspNetCore.Routing.EndpointMiddleware|Executing endpoint 'PetProject.Controllers.UserController.Login (PetProject)' 
2024-10-28 00:34:03.9274|INFO|Microsoft.AspNetCore.Routing.EndpointMiddleware|Executed endpoint 'PetProject.Controllers.UserController.Login (PetProject)' 
2024-10-28 00:34:03.9435|INFO|Microsoft.AspNetCore.Routing.EndpointMiddleware|Executing endpoint 'PetProject.Controllers.UserController.Login (PetProject)' 
2024-10-28 00:34:04.2137|INFO|Microsoft.AspNetCore.Routing.EndpointMiddleware|Executed endpoint 'PetProject.Controllers.UserController.Login (PetProject)' 
2024-10-28 00:34:04.2244|INFO|Microsoft.AspNetCore.Routing.EndpointMiddleware|Executing endpoint 'PetProject.Controllers.UserController.Login (PetProject)' 
2024-10-28 00:34:15.6933|INFO|Microsoft.AspNetCore.Routing.EndpointMiddleware|Executing endpoint '/Index' 
2024-10-28 00:34:16.3521|INFO|Microsoft.AspNetCore.Routing.EndpointMiddleware|Executed endpoint '/Index' 
2024-10-28 00:34:16.5102|INFO|Microsoft.AspNetCore.Routing.EndpointMiddleware|Executing endpoint '/connect/negotiate' 
2024-10-28 00:34:16.5294|INFO|Microsoft.AspNetCore.Routing.EndpointMiddleware|Executed endpoint '/connect/negotiate' 
2024-10-28 00:34:16.5527|INFO|Microsoft.AspNetCore.Routing.EndpointMiddleware|Executing endpoint '/connect' 
2024-10-28 00:34:16.6939|INFO|Microsoft.AspNetCore.Routing.EndpointMiddleware|Executed endpoint '/connect' 
2024-10-28 00:34:20.4586|INFO|Microsoft.AspNetCore.Routing.EndpointMiddleware|Executing endpoint 'PetProject.Controllers.UserController.Profile (PetProject)' 
2024-10-28 00:34:28.1791|INFO|Microsoft.AspNetCore.Routing.EndpointMiddleware|Executed endpoint 'PetProject.Controllers.UserController.Profile (PetProject)' 
2024-10-28 00:34:28.1920|INFO|Microsoft.AspNetCore.Routing.EndpointMiddleware|Executing endpoint 'PetProject.Controllers.UserController.Login (PetProject)' 
2024-10-28 00:34:34.9276|INFO|Microsoft.AspNetCore.Routing.EndpointMiddleware|Executed endpoint 'PetProject.Controllers.UserController.Login (PetProject)' 
2024-10-28 00:34:34.9276|INFO|Microsoft.AspNetCore.Routing.EndpointMiddleware|Executing endpoint 'PetProject.Controllers.UserController.Login (PetProject)' 
2024-10-28 00:34:35.7664|INFO|Microsoft.AspNetCore.Routing.EndpointMiddleware|Executed endpoint 'PetProject.Controllers.UserController.Login (PetProject)' 
2024-10-28 00:34:35.7700|INFO|Microsoft.AspNetCore.Routing.EndpointMiddleware|Executing endpoint 'PetProject.Controllers.UserController.Login (PetProject)' 
2024-10-28 00:34:36.4134|INFO|Microsoft.AspNetCore.Routing.EndpointMiddleware|Executed endpoint 'PetProject.Controllers.UserController.Login (PetProject)' 
2024-10-28 00:34:36.4263|INFO|Microsoft.AspNetCore.Routing.EndpointMiddleware|Executing endpoint 'PetProject.Controllers.UserController.Login (PetProject)' 
2024-10-28 00:34:37.5388|INFO|Microsoft.AspNetCore.Routing.EndpointMiddleware|Executed endpoint 'PetProject.Controllers.UserController.Login (PetProject)' 
2024-10-28 00:34:37.5671|INFO|Microsoft.AspNetCore.Routing.EndpointMiddleware|Executing endpoint 'PetProject.Controllers.UserController.Login (PetProject)' 
2024-10-28 00:34:38.3965|INFO|Microsoft.AspNetCore.Routing.EndpointMiddleware|Executed endpoint 'PetProject.Controllers.UserController.Login (PetProject)' 
2024-10-28 00:34:38.3965|INFO|Microsoft.AspNetCore.Routing.EndpointMiddleware|Executing endpoint 'PetProject.Controllers.UserController.Login (PetProject)' 
2024-10-28 00:34:39.0445|INFO|Microsoft.AspNetCore.Routing.EndpointMiddleware|Executed endpoint 'PetProject.Controllers.UserController.Login (PetProject)' 
2024-10-28 00:34:39.0539|INFO|Microsoft.AspNetCore.Routing.EndpointMiddleware|Executing endpoint 'PetProject.Controllers.UserController.Login (PetProject)' 
2024-10-28 00:34:39.6563|INFO|Microsoft.AspNetCore.Routing.EndpointMiddleware|Executed endpoint 'PetProject.Controllers.UserController.Login (PetProject)' 
2024-10-28 00:34:39.6776|INFO|Microsoft.AspNetCore.Routing.EndpointMiddleware|Executing endpoint 'PetProject.Controllers.UserController.Login (PetProject)' 
2024-10-28 00:34:40.2076|INFO|Microsoft.AspNetCore.Routing.EndpointMiddleware|Executed endpoint 'PetProject.Controllers.UserController.Login (PetProject)' 
2024-10-28 00:34:40.2076|INFO|Microsoft.AspNetCore.Routing.EndpointMiddleware|Executing endpoint 'PetProject.Controllers.UserController.Login (PetProject)' 
2024-10-28 00:34:44.5867|INFO|Microsoft.AspNetCore.Routing.EndpointMiddleware|Executed endpoint 'PetProject.Controllers.UserController.Login (PetProject)' 
2024-10-28 00:34:44.5975|INFO|Microsoft.AspNetCore.Routing.EndpointMiddleware|Executing endpoint 'PetProject.Controllers.UserController.Login (PetProject)' 
2024-10-28 00:34:49.8838|INFO|Microsoft.AspNetCore.Routing.EndpointMiddleware|Executed endpoint 'PetProject.Controllers.UserController.Login (PetProject)' 
2024-10-28 00:34:49.8946|INFO|Microsoft.AspNetCore.Routing.EndpointMiddleware|Executing endpoint 'PetProject.Controllers.UserController.Login (PetProject)' 
2024-10-28 00:34:50.9484|INFO|Microsoft.AspNetCore.Routing.EndpointMiddleware|Executed endpoint 'PetProject.Controllers.UserController.Login (PetProject)' 
2024-10-28 00:34:50.9573|INFO|Microsoft.AspNetCore.Routing.EndpointMiddleware|Executing endpoint 'PetProject.Controllers.UserController.Login (PetProject)' 
2024-10-28 00:34:51.5837|INFO|Microsoft.AspNetCore.Routing.EndpointMiddleware|Executed endpoint 'PetProject.Controllers.UserController.Login (PetProject)' 
2024-10-28 00:34:51.5837|INFO|Microsoft.AspNetCore.Routing.EndpointMiddleware|Executing endpoint 'PetProject.Controllers.UserController.Login (PetProject)' 
2024-10-28 00:34:51.9171|INFO|Microsoft.AspNetCore.Routing.EndpointMiddleware|Executed endpoint 'PetProject.Controllers.UserController.Login (PetProject)' 
2024-10-28 00:34:51.9259|INFO|Microsoft.AspNetCore.Routing.EndpointMiddleware|Executing endpoint 'PetProject.Controllers.UserController.Login (PetProject)' 
2024-10-28 00:34:52.2541|INFO|Microsoft.AspNetCore.Routing.EndpointMiddleware|Executed endpoint 'PetProject.Controllers.UserController.Login (PetProject)' 
2024-10-28 00:34:52.2704|INFO|Microsoft.AspNetCore.Routing.EndpointMiddleware|Executing endpoint 'PetProject.Controllers.UserController.Login (PetProject)' 
2024-10-28 00:36:03.3174|INFO|Microsoft.AspNetCore.Routing.EndpointMiddleware|Executing endpoint '/Index' 
2024-10-28 00:36:03.8028|INFO|Microsoft.AspNetCore.Routing.EndpointMiddleware|Executed endpoint '/Index' 
2024-10-28 00:36:03.9424|INFO|Microsoft.AspNetCore.Routing.EndpointMiddleware|Executing endpoint '/connect/negotiate' 
2024-10-28 00:36:03.9569|INFO|Microsoft.AspNetCore.Routing.EndpointMiddleware|Executed endpoint '/connect/negotiate' 
2024-10-28 00:36:03.9879|INFO|Microsoft.AspNetCore.Routing.EndpointMiddleware|Executing endpoint '/connect' 
2024-10-28 00:36:04.0527|INFO|Microsoft.AspNetCore.Routing.EndpointMiddleware|Executed endpoint '/connect' 
2024-10-28 00:36:08.6615|INFO|Microsoft.AspNetCore.Routing.EndpointMiddleware|Executing endpoint 'PetProject.Controllers.UserController.Profile (PetProject)' 
2024-10-28 00:36:08.6919|INFO|Microsoft.AspNetCore.Routing.EndpointMiddleware|Executed endpoint 'PetProject.Controllers.UserController.Profile (PetProject)' 
2024-10-28 00:36:08.6919|INFO|Microsoft.AspNetCore.Routing.EndpointMiddleware|Executing endpoint 'PetProject.Controllers.UserController.Login (PetProject)' 
2024-10-28 00:36:08.7079|INFO|Microsoft.AspNetCore.Routing.EndpointMiddleware|Executed endpoint 'PetProject.Controllers.UserController.Login (PetProject)' 
2024-10-28 00:36:08.7079|INFO|Microsoft.AspNetCore.Routing.EndpointMiddleware|Executing endpoint 'PetProject.Controllers.UserController.Login (PetProject)' 
2024-10-28 00:36:08.7079|INFO|Microsoft.AspNetCore.Routing.EndpointMiddleware|Executed endpoint 'PetProject.Controllers.UserController.Login (PetProject)' 
2024-10-28 00:36:08.7250|INFO|Microsoft.AspNetCore.Routing.EndpointMiddleware|Executing endpoint 'PetProject.Controllers.UserController.Login (PetProject)' 
2024-10-28 00:36:08.7250|INFO|Microsoft.AspNetCore.Routing.EndpointMiddleware|Executed endpoint 'PetProject.Controllers.UserController.Login (PetProject)' 
2024-10-28 00:36:08.7545|INFO|Microsoft.AspNetCore.Routing.EndpointMiddleware|Executing endpoint 'PetProject.Controllers.UserController.Login (PetProject)' 
2024-10-28 00:36:08.7545|INFO|Microsoft.AspNetCore.Routing.EndpointMiddleware|Executed endpoint 'PetProject.Controllers.UserController.Login (PetProject)' 
2024-10-28 00:36:08.7702|INFO|Microsoft.AspNetCore.Routing.EndpointMiddleware|Executing endpoint 'PetProject.Controllers.UserController.Login (PetProject)' 
2024-10-28 00:36:08.7702|INFO|Microsoft.AspNetCore.Routing.EndpointMiddleware|Executed endpoint 'PetProject.Controllers.UserController.Login (PetProject)' 
2024-10-28 00:36:08.7881|INFO|Microsoft.AspNetCore.Routing.EndpointMiddleware|Executing endpoint 'PetProject.Controllers.UserController.Login (PetProject)' 
2024-10-28 00:36:08.7881|INFO|Microsoft.AspNetCore.Routing.EndpointMiddleware|Executed endpoint 'PetProject.Controllers.UserController.Login (PetProject)' 
2024-10-28 00:36:08.8047|INFO|Microsoft.AspNetCore.Routing.EndpointMiddleware|Executing endpoint 'PetProject.Controllers.UserController.Login (PetProject)' 
2024-10-28 00:36:08.8047|INFO|Microsoft.AspNetCore.Routing.EndpointMiddleware|Executed endpoint 'PetProject.Controllers.UserController.Login (PetProject)' 
2024-10-28 00:36:08.8572|INFO|Microsoft.AspNetCore.Routing.EndpointMiddleware|Executing endpoint 'PetProject.Controllers.UserController.Login (PetProject)' 
2024-10-28 00:36:08.8622|INFO|Microsoft.AspNetCore.Routing.EndpointMiddleware|Executed endpoint 'PetProject.Controllers.UserController.Login (PetProject)' 
2024-10-28 00:36:08.8622|INFO|Microsoft.AspNetCore.Routing.EndpointMiddleware|Executing endpoint 'PetProject.Controllers.UserController.Login (PetProject)' 
2024-10-28 00:36:08.8622|INFO|Microsoft.AspNetCore.Routing.EndpointMiddleware|Executed endpoint 'PetProject.Controllers.UserController.Login (PetProject)' 
2024-10-28 00:36:08.8797|INFO|Microsoft.AspNetCore.Routing.EndpointMiddleware|Executing endpoint 'PetProject.Controllers.UserController.Login (PetProject)' 
2024-10-28 00:36:08.8797|INFO|Microsoft.AspNetCore.Routing.EndpointMiddleware|Executed endpoint 'PetProject.Controllers.UserController.Login (PetProject)' 
2024-10-28 00:36:08.8946|INFO|Microsoft.AspNetCore.Routing.EndpointMiddleware|Executing endpoint 'PetProject.Controllers.UserController.Login (PetProject)' 
2024-10-28 00:36:08.8946|INFO|Microsoft.AspNetCore.Routing.EndpointMiddleware|Executed endpoint 'PetProject.Controllers.UserController.Login (PetProject)' 
2024-10-28 00:36:08.9094|INFO|Microsoft.AspNetCore.Routing.EndpointMiddleware|Executing endpoint 'PetProject.Controllers.UserController.Login (PetProject)' 
2024-10-28 00:36:08.9094|INFO|Microsoft.AspNetCore.Routing.EndpointMiddleware|Executed endpoint 'PetProject.Controllers.UserController.Login (PetProject)' 
2024-10-28 00:36:08.9094|INFO|Microsoft.AspNetCore.Routing.EndpointMiddleware|Executing endpoint 'PetProject.Controllers.UserController.Login (PetProject)' 
2024-10-28 00:36:08.9094|INFO|Microsoft.AspNetCore.Routing.EndpointMiddleware|Executed endpoint 'PetProject.Controllers.UserController.Login (PetProject)' 
2024-10-28 00:36:08.9280|INFO|Microsoft.AspNetCore.Routing.EndpointMiddleware|Executing endpoint 'PetProject.Controllers.UserController.Login (PetProject)' 
2024-10-28 00:36:08.9280|INFO|Microsoft.AspNetCore.Routing.EndpointMiddleware|Executed endpoint 'PetProject.Controllers.UserController.Login (PetProject)' 
2024-10-28 00:36:08.9417|INFO|Microsoft.AspNetCore.Routing.EndpointMiddleware|Executing endpoint 'PetProject.Controllers.UserController.Login (PetProject)' 
2024-10-28 00:36:08.9417|INFO|Microsoft.AspNetCore.Routing.EndpointMiddleware|Executed endpoint 'PetProject.Controllers.UserController.Login (PetProject)' 
2024-10-28 00:36:08.9417|INFO|Microsoft.AspNetCore.Routing.EndpointMiddleware|Executing endpoint 'PetProject.Controllers.UserController.Login (PetProject)' 
2024-10-28 00:36:08.9417|INFO|Microsoft.AspNetCore.Routing.EndpointMiddleware|Executed endpoint 'PetProject.Controllers.UserController.Login (PetProject)' 
2024-10-28 00:36:08.9572|INFO|Microsoft.AspNetCore.Routing.EndpointMiddleware|Executing endpoint 'PetProject.Controllers.UserController.Login (PetProject)' 
2024-10-28 00:36:08.9572|INFO|Microsoft.AspNetCore.Routing.EndpointMiddleware|Executed endpoint 'PetProject.Controllers.UserController.Login (PetProject)' 
2024-10-28 00:36:08.9572|INFO|Microsoft.AspNetCore.Routing.EndpointMiddleware|Executing endpoint 'PetProject.Controllers.UserController.Login (PetProject)' 
2024-10-28 00:36:08.9723|INFO|Microsoft.AspNetCore.Routing.EndpointMiddleware|Executed endpoint 'PetProject.Controllers.UserController.Login (PetProject)' 
2024-10-28 00:36:08.9723|INFO|Microsoft.AspNetCore.Routing.EndpointMiddleware|Executing endpoint 'PetProject.Controllers.UserController.Login (PetProject)' 
2024-10-28 00:36:08.9723|INFO|Microsoft.AspNetCore.Routing.EndpointMiddleware|Executed endpoint 'PetProject.Controllers.UserController.Login (PetProject)' 
2024-10-28 00:36:10.0373|INFO|Microsoft.AspNetCore.Routing.EndpointMiddleware|Executing endpoint 'PetProject.Controllers.UserController.Login (PetProject)' 
2024-10-28 00:36:10.0373|INFO|Microsoft.AspNetCore.Routing.EndpointMiddleware|Executed endpoint 'PetProject.Controllers.UserController.Login (PetProject)' 
2024-10-28 00:36:10.0510|INFO|Microsoft.AspNetCore.Routing.EndpointMiddleware|Executing endpoint 'PetProject.Controllers.UserController.Login (PetProject)' 
2024-10-28 00:36:10.0510|INFO|Microsoft.AspNetCore.Routing.EndpointMiddleware|Executed endpoint 'PetProject.Controllers.UserController.Login (PetProject)' 
2024-10-28 00:36:10.0662|INFO|Microsoft.AspNetCore.Routing.EndpointMiddleware|Executing endpoint 'PetProject.Controllers.UserController.Login (PetProject)' 
2024-10-28 00:36:10.0662|INFO|Microsoft.AspNetCore.Routing.EndpointMiddleware|Executed endpoint 'PetProject.Controllers.UserController.Login (PetProject)' 
2024-10-28 00:36:10.0662|INFO|Microsoft.AspNetCore.Routing.EndpointMiddleware|Executing endpoint 'PetProject.Controllers.UserController.Login (PetProject)' 
2024-10-28 00:36:10.0662|INFO|Microsoft.AspNetCore.Routing.EndpointMiddleware|Executed endpoint 'PetProject.Controllers.UserController.Login (PetProject)' 
2024-10-28 00:36:10.0811|INFO|Microsoft.AspNetCore.Routing.EndpointMiddleware|Executing endpoint 'PetProject.Controllers.UserController.Login (PetProject)' 
2024-10-28 00:36:10.0811|INFO|Microsoft.AspNetCore.Routing.EndpointMiddleware|Executed endpoint 'PetProject.Controllers.UserController.Login (PetProject)' 
2024-10-28 00:36:10.0971|INFO|Microsoft.AspNetCore.Routing.EndpointMiddleware|Executing endpoint 'PetProject.Controllers.UserController.Login (PetProject)' 
2024-10-28 00:36:10.0971|INFO|Microsoft.AspNetCore.Routing.EndpointMiddleware|Executed endpoint 'PetProject.Controllers.UserController.Login (PetProject)' 
2024-10-28 00:36:10.0971|INFO|Microsoft.AspNetCore.Routing.EndpointMiddleware|Executing endpoint 'PetProject.Controllers.UserController.Login (PetProject)' 
2024-10-28 00:36:10.1148|INFO|Microsoft.AspNetCore.Routing.EndpointMiddleware|Executed endpoint 'PetProject.Controllers.UserController.Login (PetProject)' 
2024-10-28 00:36:10.1148|INFO|Microsoft.AspNetCore.Routing.EndpointMiddleware|Executing endpoint 'PetProject.Controllers.UserController.Login (PetProject)' 
2024-10-28 00:36:10.1286|INFO|Microsoft.AspNetCore.Routing.EndpointMiddleware|Executed endpoint 'PetProject.Controllers.UserController.Login (PetProject)' 
2024-10-28 00:36:10.1286|INFO|Microsoft.AspNetCore.Routing.EndpointMiddleware|Executing endpoint 'PetProject.Controllers.UserController.Login (PetProject)' 
2024-10-28 00:36:10.1447|INFO|Microsoft.AspNetCore.Routing.EndpointMiddleware|Executed endpoint 'PetProject.Controllers.UserController.Login (PetProject)' 
2024-10-28 00:36:10.1447|INFO|Microsoft.AspNetCore.Routing.EndpointMiddleware|Executing endpoint 'PetProject.Controllers.UserController.Login (PetProject)' 
2024-10-28 00:36:10.1447|INFO|Microsoft.AspNetCore.Routing.EndpointMiddleware|Executed endpoint 'PetProject.Controllers.UserController.Login (PetProject)' 
2024-10-28 00:36:10.1594|INFO|Microsoft.AspNetCore.Routing.EndpointMiddleware|Executing endpoint 'PetProject.Controllers.UserController.Login (PetProject)' 
2024-10-28 00:36:10.1594|INFO|Microsoft.AspNetCore.Routing.EndpointMiddleware|Executed endpoint 'PetProject.Controllers.UserController.Login (PetProject)' 
2024-10-28 00:36:10.1594|INFO|Microsoft.AspNetCore.Routing.EndpointMiddleware|Executing endpoint 'PetProject.Controllers.UserController.Login (PetProject)' 
2024-10-28 00:36:10.1594|INFO|Microsoft.AspNetCore.Routing.EndpointMiddleware|Executed endpoint 'PetProject.Controllers.UserController.Login (PetProject)' 
2024-10-28 00:36:10.1755|INFO|Microsoft.AspNetCore.Routing.EndpointMiddleware|Executing endpoint 'PetProject.Controllers.UserController.Login (PetProject)' 
2024-10-28 00:36:10.1755|INFO|Microsoft.AspNetCore.Routing.EndpointMiddleware|Executed endpoint 'PetProject.Controllers.UserController.Login (PetProject)' 
2024-10-28 00:36:10.1755|INFO|Microsoft.AspNetCore.Routing.EndpointMiddleware|Executing endpoint 'PetProject.Controllers.UserController.Login (PetProject)' 
2024-10-28 00:36:10.1755|INFO|Microsoft.AspNetCore.Routing.EndpointMiddleware|Executed endpoint 'PetProject.Controllers.UserController.Login (PetProject)' 
2024-10-28 00:36:10.1912|INFO|Microsoft.AspNetCore.Routing.EndpointMiddleware|Executing endpoint 'PetProject.Controllers.UserController.Login (PetProject)' 
2024-10-28 00:36:10.1912|INFO|Microsoft.AspNetCore.Routing.EndpointMiddleware|Executed endpoint 'PetProject.Controllers.UserController.Login (PetProject)' 
2024-10-28 00:36:10.1912|INFO|Microsoft.AspNetCore.Routing.EndpointMiddleware|Executing endpoint 'PetProject.Controllers.UserController.Login (PetProject)' 
2024-10-28 00:36:10.1912|INFO|Microsoft.AspNetCore.Routing.EndpointMiddleware|Executed endpoint 'PetProject.Controllers.UserController.Login (PetProject)' 
2024-10-28 00:36:10.2062|INFO|Microsoft.AspNetCore.Routing.EndpointMiddleware|Executing endpoint 'PetProject.Controllers.UserController.Login (PetProject)' 
2024-10-28 00:36:10.2062|INFO|Microsoft.AspNetCore.Routing.EndpointMiddleware|Executed endpoint 'PetProject.Controllers.UserController.Login (PetProject)' 
2024-10-28 00:36:10.2062|INFO|Microsoft.AspNetCore.Routing.EndpointMiddleware|Executing endpoint 'PetProject.Controllers.UserController.Login (PetProject)' 
2024-10-28 00:36:10.2221|INFO|Microsoft.AspNetCore.Routing.EndpointMiddleware|Executed endpoint 'PetProject.Controllers.UserController.Login (PetProject)' 
2024-10-28 00:36:10.2221|INFO|Microsoft.AspNetCore.Routing.EndpointMiddleware|Executing endpoint 'PetProject.Controllers.UserController.Login (PetProject)' 
2024-10-28 00:36:10.2221|INFO|Microsoft.AspNetCore.Routing.EndpointMiddleware|Executed endpoint 'PetProject.Controllers.UserController.Login (PetProject)' 
2024-10-28 00:36:10.2381|INFO|Microsoft.AspNetCore.Routing.EndpointMiddleware|Executing endpoint 'PetProject.Controllers.UserController.Login (PetProject)' 
2024-10-28 00:36:10.2381|INFO|Microsoft.AspNetCore.Routing.EndpointMiddleware|Executed endpoint 'PetProject.Controllers.UserController.Login (PetProject)' 
2024-10-28 00:36:15.2744|INFO|Microsoft.AspNetCore.Routing.EndpointMiddleware|Executing endpoint 'PetProject.Controllers.UserController.Login (PetProject)' 
2024-10-28 00:36:15.2844|INFO|Microsoft.AspNetCore.Routing.EndpointMiddleware|Executed endpoint 'PetProject.Controllers.UserController.Login (PetProject)' 
2024-10-28 00:36:15.2844|INFO|Microsoft.AspNetCore.Routing.EndpointMiddleware|Executing endpoint 'PetProject.Controllers.UserController.Login (PetProject)' 
2024-10-28 00:36:15.2844|INFO|Microsoft.AspNetCore.Routing.EndpointMiddleware|Executed endpoint 'PetProject.Controllers.UserController.Login (PetProject)' 
2024-10-28 00:36:15.3040|INFO|Microsoft.AspNetCore.Routing.EndpointMiddleware|Executing endpoint 'PetProject.Controllers.UserController.Login (PetProject)' 
2024-10-28 00:36:15.3040|INFO|Microsoft.AspNetCore.Routing.EndpointMiddleware|Executed endpoint 'PetProject.Controllers.UserController.Login (PetProject)' 
2024-10-28 00:36:15.3153|INFO|Microsoft.AspNetCore.Routing.EndpointMiddleware|Executing endpoint 'PetProject.Controllers.UserController.Login (PetProject)' 
2024-10-28 00:36:15.3153|INFO|Microsoft.AspNetCore.Routing.EndpointMiddleware|Executed endpoint 'PetProject.Controllers.UserController.Login (PetProject)' 
2024-10-28 00:36:15.3153|INFO|Microsoft.AspNetCore.Routing.EndpointMiddleware|Executing endpoint 'PetProject.Controllers.UserController.Login (PetProject)' 
2024-10-28 00:36:15.3153|INFO|Microsoft.AspNetCore.Routing.EndpointMiddleware|Executed endpoint 'PetProject.Controllers.UserController.Login (PetProject)' 
2024-10-28 00:36:15.3340|INFO|Microsoft.AspNetCore.Routing.EndpointMiddleware|Executing endpoint 'PetProject.Controllers.UserController.Login (PetProject)' 
2024-10-28 00:36:15.3340|INFO|Microsoft.AspNetCore.Routing.EndpointMiddleware|Executed endpoint 'PetProject.Controllers.UserController.Login (PetProject)' 
2024-10-28 00:36:15.3495|INFO|Microsoft.AspNetCore.Routing.EndpointMiddleware|Executing endpoint 'PetProject.Controllers.UserController.Login (PetProject)' 
2024-10-28 00:36:15.3495|INFO|Microsoft.AspNetCore.Routing.EndpointMiddleware|Executed endpoint 'PetProject.Controllers.UserController.Login (PetProject)' 
2024-10-28 00:36:15.3626|INFO|Microsoft.AspNetCore.Routing.EndpointMiddleware|Executing endpoint 'PetProject.Controllers.UserController.Login (PetProject)' 
2024-10-28 00:36:15.3626|INFO|Microsoft.AspNetCore.Routing.EndpointMiddleware|Executed endpoint 'PetProject.Controllers.UserController.Login (PetProject)' 
2024-10-28 00:36:15.3626|INFO|Microsoft.AspNetCore.Routing.EndpointMiddleware|Executing endpoint 'PetProject.Controllers.UserController.Login (PetProject)' 
2024-10-28 00:36:15.3626|INFO|Microsoft.AspNetCore.Routing.EndpointMiddleware|Executed endpoint 'PetProject.Controllers.UserController.Login (PetProject)' 
2024-10-28 00:36:15.3789|INFO|Microsoft.AspNetCore.Routing.EndpointMiddleware|Executing endpoint 'PetProject.Controllers.UserController.Login (PetProject)' 
2024-10-28 00:36:15.3789|INFO|Microsoft.AspNetCore.Routing.EndpointMiddleware|Executed endpoint 'PetProject.Controllers.UserController.Login (PetProject)' 
2024-10-28 00:36:15.3948|INFO|Microsoft.AspNetCore.Routing.EndpointMiddleware|Executing endpoint 'PetProject.Controllers.UserController.Login (PetProject)' 
2024-10-28 00:36:15.3948|INFO|Microsoft.AspNetCore.Routing.EndpointMiddleware|Executed endpoint 'PetProject.Controllers.UserController.Login (PetProject)' 
2024-10-28 00:36:15.3948|INFO|Microsoft.AspNetCore.Routing.EndpointMiddleware|Executing endpoint 'PetProject.Controllers.UserController.Login (PetProject)' 
2024-10-28 00:36:15.3948|INFO|Microsoft.AspNetCore.Routing.EndpointMiddleware|Executed endpoint 'PetProject.Controllers.UserController.Login (PetProject)' 
2024-10-28 00:36:15.4101|INFO|Microsoft.AspNetCore.Routing.EndpointMiddleware|Executing endpoint 'PetProject.Controllers.UserController.Login (PetProject)' 
2024-10-28 00:36:15.4101|INFO|Microsoft.AspNetCore.Routing.EndpointMiddleware|Executed endpoint 'PetProject.Controllers.UserController.Login (PetProject)' 
2024-10-28 00:36:15.4253|INFO|Microsoft.AspNetCore.Routing.EndpointMiddleware|Executing endpoint 'PetProject.Controllers.UserController.Login (PetProject)' 
2024-10-28 00:36:15.4253|INFO|Microsoft.AspNetCore.Routing.EndpointMiddleware|Executed endpoint 'PetProject.Controllers.UserController.Login (PetProject)' 
2024-10-28 00:36:15.4253|INFO|Microsoft.AspNetCore.Routing.EndpointMiddleware|Executing endpoint 'PetProject.Controllers.UserController.Login (PetProject)' 
2024-10-28 00:36:15.4253|INFO|Microsoft.AspNetCore.Routing.EndpointMiddleware|Executed endpoint 'PetProject.Controllers.UserController.Login (PetProject)' 
2024-10-28 00:36:15.4416|INFO|Microsoft.AspNetCore.Routing.EndpointMiddleware|Executing endpoint 'PetProject.Controllers.UserController.Login (PetProject)' 
2024-10-28 00:36:15.4416|INFO|Microsoft.AspNetCore.Routing.EndpointMiddleware|Executed endpoint 'PetProject.Controllers.UserController.Login (PetProject)' 
2024-10-28 00:36:15.4564|INFO|Microsoft.AspNetCore.Routing.EndpointMiddleware|Executing endpoint 'PetProject.Controllers.UserController.Login (PetProject)' 
2024-10-28 00:36:15.4564|INFO|Microsoft.AspNetCore.Routing.EndpointMiddleware|Executed endpoint 'PetProject.Controllers.UserController.Login (PetProject)' 
2024-10-28 00:36:15.4564|INFO|Microsoft.AspNetCore.Routing.EndpointMiddleware|Executing endpoint 'PetProject.Controllers.UserController.Login (PetProject)' 
2024-10-28 00:36:15.4732|INFO|Microsoft.AspNetCore.Routing.EndpointMiddleware|Executed endpoint 'PetProject.Controllers.UserController.Login (PetProject)' 
2024-10-28 00:36:15.4732|INFO|Microsoft.AspNetCore.Routing.EndpointMiddleware|Executing endpoint 'PetProject.Controllers.UserController.Login (PetProject)' 
2024-10-28 00:36:15.4732|INFO|Microsoft.AspNetCore.Routing.EndpointMiddleware|Executed endpoint 'PetProject.Controllers.UserController.Login (PetProject)' 
2024-10-28 00:36:15.4892|INFO|Microsoft.AspNetCore.Routing.EndpointMiddleware|Executing endpoint 'PetProject.Controllers.UserController.Login (PetProject)' 
2024-10-28 00:36:15.4892|INFO|Microsoft.AspNetCore.Routing.EndpointMiddleware|Executed endpoint 'PetProject.Controllers.UserController.Login (PetProject)' 
2024-10-28 00:36:33.2720|INFO|Microsoft.AspNetCore.Routing.EndpointMiddleware|Executing endpoint '/Index' 
2024-10-28 00:36:33.6606|INFO|Microsoft.AspNetCore.Routing.EndpointMiddleware|Executed endpoint '/Index' 
2024-10-28 00:36:33.7537|INFO|Microsoft.AspNetCore.Routing.EndpointMiddleware|Executing endpoint '/connect/negotiate' 
2024-10-28 00:36:33.7537|INFO|Microsoft.AspNetCore.Routing.EndpointMiddleware|Executed endpoint '/connect/negotiate' 
2024-10-28 00:36:35.3660|INFO|Microsoft.AspNetCore.Routing.EndpointMiddleware|Executing endpoint '/connect' 
2024-10-28 00:36:35.4258|INFO|Microsoft.AspNetCore.Routing.EndpointMiddleware|Executed endpoint '/connect' 
2024-10-28 00:36:40.0229|INFO|Microsoft.AspNetCore.Routing.EndpointMiddleware|Executing endpoint 'PetProject.Controllers.UserController.Profile (PetProject)' 
2024-10-28 00:36:40.0552|INFO|Microsoft.AspNetCore.Routing.EndpointMiddleware|Executed endpoint 'PetProject.Controllers.UserController.Profile (PetProject)' 
2024-10-28 00:36:40.0655|INFO|Microsoft.AspNetCore.Routing.EndpointMiddleware|Executing endpoint 'PetProject.Controllers.UserController.Login (PetProject)' 
2024-10-28 00:36:40.0655|INFO|Microsoft.AspNetCore.Routing.EndpointMiddleware|Executed endpoint 'PetProject.Controllers.UserController.Login (PetProject)' 
2024-10-28 00:36:40.0826|INFO|Microsoft.AspNetCore.Routing.EndpointMiddleware|Executing endpoint 'PetProject.Controllers.UserController.Login (PetProject)' 
2024-10-28 00:36:40.0976|INFO|Microsoft.AspNetCore.Routing.EndpointMiddleware|Executed endpoint 'PetProject.Controllers.UserController.Login (PetProject)' 
2024-10-28 00:36:40.0976|INFO|Microsoft.AspNetCore.Routing.EndpointMiddleware|Executing endpoint 'PetProject.Controllers.UserController.Login (PetProject)' 
2024-10-28 00:36:40.1126|INFO|Microsoft.AspNetCore.Routing.EndpointMiddleware|Executed endpoint 'PetProject.Controllers.UserController.Login (PetProject)' 
2024-10-28 00:36:40.1126|INFO|Microsoft.AspNetCore.Routing.EndpointMiddleware|Executing endpoint 'PetProject.Controllers.UserController.Login (PetProject)' 
2024-10-28 00:36:40.1287|INFO|Microsoft.AspNetCore.Routing.EndpointMiddleware|Executed endpoint 'PetProject.Controllers.UserController.Login (PetProject)' 
2024-10-28 00:36:40.1433|INFO|Microsoft.AspNetCore.Routing.EndpointMiddleware|Executing endpoint 'PetProject.Controllers.UserController.Login (PetProject)' 
2024-10-28 00:36:40.1433|INFO|Microsoft.AspNetCore.Routing.EndpointMiddleware|Executed endpoint 'PetProject.Controllers.UserController.Login (PetProject)' 
2024-10-28 00:36:40.1595|INFO|Microsoft.AspNetCore.Routing.EndpointMiddleware|Executing endpoint 'PetProject.Controllers.UserController.Login (PetProject)' 
2024-10-28 00:36:40.1595|INFO|Microsoft.AspNetCore.Routing.EndpointMiddleware|Executed endpoint 'PetProject.Controllers.UserController.Login (PetProject)' 
2024-10-28 00:36:40.1775|INFO|Microsoft.AspNetCore.Routing.EndpointMiddleware|Executing endpoint 'PetProject.Controllers.UserController.Login (PetProject)' 
2024-10-28 00:36:40.1775|INFO|Microsoft.AspNetCore.Routing.EndpointMiddleware|Executed endpoint 'PetProject.Controllers.UserController.Login (PetProject)' 
2024-10-28 00:36:40.1929|INFO|Microsoft.AspNetCore.Routing.EndpointMiddleware|Executing endpoint 'PetProject.Controllers.UserController.Login (PetProject)' 
2024-10-28 00:36:40.1929|INFO|Microsoft.AspNetCore.Routing.EndpointMiddleware|Executed endpoint 'PetProject.Controllers.UserController.Login (PetProject)' 
2024-10-28 00:36:40.2070|INFO|Microsoft.AspNetCore.Routing.EndpointMiddleware|Executing endpoint 'PetProject.Controllers.UserController.Login (PetProject)' 
2024-10-28 00:36:40.2218|INFO|Microsoft.AspNetCore.Routing.EndpointMiddleware|Executed endpoint 'PetProject.Controllers.UserController.Login (PetProject)' 
2024-10-28 00:36:40.2218|INFO|Microsoft.AspNetCore.Routing.EndpointMiddleware|Executing endpoint 'PetProject.Controllers.UserController.Login (PetProject)' 
2024-10-28 00:36:40.2218|INFO|Microsoft.AspNetCore.Routing.EndpointMiddleware|Executed endpoint 'PetProject.Controllers.UserController.Login (PetProject)' 
2024-10-28 00:36:40.2377|INFO|Microsoft.AspNetCore.Routing.EndpointMiddleware|Executing endpoint 'PetProject.Controllers.UserController.Login (PetProject)' 
2024-10-28 00:36:40.2377|INFO|Microsoft.AspNetCore.Routing.EndpointMiddleware|Executed endpoint 'PetProject.Controllers.UserController.Login (PetProject)' 
2024-10-28 00:36:40.2544|INFO|Microsoft.AspNetCore.Routing.EndpointMiddleware|Executing endpoint 'PetProject.Controllers.UserController.Login (PetProject)' 
2024-10-28 00:36:40.2544|INFO|Microsoft.AspNetCore.Routing.EndpointMiddleware|Executed endpoint 'PetProject.Controllers.UserController.Login (PetProject)' 
2024-10-28 00:36:40.2692|INFO|Microsoft.AspNetCore.Routing.EndpointMiddleware|Executing endpoint 'PetProject.Controllers.UserController.Login (PetProject)' 
2024-10-28 00:36:40.2692|INFO|Microsoft.AspNetCore.Routing.EndpointMiddleware|Executed endpoint 'PetProject.Controllers.UserController.Login (PetProject)' 
2024-10-28 00:36:40.2844|INFO|Microsoft.AspNetCore.Routing.EndpointMiddleware|Executing endpoint 'PetProject.Controllers.UserController.Login (PetProject)' 
2024-10-28 00:36:40.2844|INFO|Microsoft.AspNetCore.Routing.EndpointMiddleware|Executed endpoint 'PetProject.Controllers.UserController.Login (PetProject)' 
2024-10-28 00:36:40.3040|INFO|Microsoft.AspNetCore.Routing.EndpointMiddleware|Executing endpoint 'PetProject.Controllers.UserController.Login (PetProject)' 
2024-10-28 00:36:40.3040|INFO|Microsoft.AspNetCore.Routing.EndpointMiddleware|Executed endpoint 'PetProject.Controllers.UserController.Login (PetProject)' 
2024-10-28 00:36:40.3172|INFO|Microsoft.AspNetCore.Routing.EndpointMiddleware|Executing endpoint 'PetProject.Controllers.UserController.Login (PetProject)' 
2024-10-28 00:36:40.3172|INFO|Microsoft.AspNetCore.Routing.EndpointMiddleware|Executed endpoint 'PetProject.Controllers.UserController.Login (PetProject)' 
2024-10-28 00:36:40.3325|INFO|Microsoft.AspNetCore.Routing.EndpointMiddleware|Executing endpoint 'PetProject.Controllers.UserController.Login (PetProject)' 
2024-10-28 00:36:40.3325|INFO|Microsoft.AspNetCore.Routing.EndpointMiddleware|Executed endpoint 'PetProject.Controllers.UserController.Login (PetProject)' 
2024-10-28 00:36:40.3467|INFO|Microsoft.AspNetCore.Routing.EndpointMiddleware|Executing endpoint 'PetProject.Controllers.UserController.Login (PetProject)' 
2024-10-28 00:36:40.3467|INFO|Microsoft.AspNetCore.Routing.EndpointMiddleware|Executed endpoint 'PetProject.Controllers.UserController.Login (PetProject)' 
2024-10-28 00:36:40.3467|INFO|Microsoft.AspNetCore.Routing.EndpointMiddleware|Executing endpoint 'PetProject.Controllers.UserController.Login (PetProject)' 
2024-10-28 00:36:40.3623|INFO|Microsoft.AspNetCore.Routing.EndpointMiddleware|Executed endpoint 'PetProject.Controllers.UserController.Login (PetProject)' 
2024-10-28 00:36:41.4100|INFO|Microsoft.AspNetCore.Routing.EndpointMiddleware|Executing endpoint 'PetProject.Controllers.UserController.Login (PetProject)' 
2024-10-28 00:36:41.4100|INFO|Microsoft.AspNetCore.Routing.EndpointMiddleware|Executed endpoint 'PetProject.Controllers.UserController.Login (PetProject)' 
2024-10-28 00:36:41.4254|INFO|Microsoft.AspNetCore.Routing.EndpointMiddleware|Executing endpoint 'PetProject.Controllers.UserController.Login (PetProject)' 
2024-10-28 00:36:41.4254|INFO|Microsoft.AspNetCore.Routing.EndpointMiddleware|Executed endpoint 'PetProject.Controllers.UserController.Login (PetProject)' 
2024-10-28 00:36:41.4402|INFO|Microsoft.AspNetCore.Routing.EndpointMiddleware|Executing endpoint 'PetProject.Controllers.UserController.Login (PetProject)' 
2024-10-28 00:36:41.4402|INFO|Microsoft.AspNetCore.Routing.EndpointMiddleware|Executed endpoint 'PetProject.Controllers.UserController.Login (PetProject)' 
2024-10-28 00:36:41.4402|INFO|Microsoft.AspNetCore.Routing.EndpointMiddleware|Executing endpoint 'PetProject.Controllers.UserController.Login (PetProject)' 
2024-10-28 00:36:41.4402|INFO|Microsoft.AspNetCore.Routing.EndpointMiddleware|Executed endpoint 'PetProject.Controllers.UserController.Login (PetProject)' 
2024-10-28 00:36:41.4589|INFO|Microsoft.AspNetCore.Routing.EndpointMiddleware|Executing endpoint 'PetProject.Controllers.UserController.Login (PetProject)' 
2024-10-28 00:36:41.4589|INFO|Microsoft.AspNetCore.Routing.EndpointMiddleware|Executed endpoint 'PetProject.Controllers.UserController.Login (PetProject)' 
2024-10-28 00:36:41.4589|INFO|Microsoft.AspNetCore.Routing.EndpointMiddleware|Executing endpoint 'PetProject.Controllers.UserController.Login (PetProject)' 
2024-10-28 00:36:41.4589|INFO|Microsoft.AspNetCore.Routing.EndpointMiddleware|Executed endpoint 'PetProject.Controllers.UserController.Login (PetProject)' 
2024-10-28 00:36:41.4745|INFO|Microsoft.AspNetCore.Routing.EndpointMiddleware|Executing endpoint 'PetProject.Controllers.UserController.Login (PetProject)' 
2024-10-28 00:36:41.4745|INFO|Microsoft.AspNetCore.Routing.EndpointMiddleware|Executed endpoint 'PetProject.Controllers.UserController.Login (PetProject)' 
2024-10-28 00:36:41.4876|INFO|Microsoft.AspNetCore.Routing.EndpointMiddleware|Executing endpoint 'PetProject.Controllers.UserController.Login (PetProject)' 
2024-10-28 00:36:41.4876|INFO|Microsoft.AspNetCore.Routing.EndpointMiddleware|Executed endpoint 'PetProject.Controllers.UserController.Login (PetProject)' 
2024-10-28 00:36:41.4876|INFO|Microsoft.AspNetCore.Routing.EndpointMiddleware|Executing endpoint 'PetProject.Controllers.UserController.Login (PetProject)' 
2024-10-28 00:36:41.5032|INFO|Microsoft.AspNetCore.Routing.EndpointMiddleware|Executed endpoint 'PetProject.Controllers.UserController.Login (PetProject)' 
2024-10-28 00:36:41.5032|INFO|Microsoft.AspNetCore.Routing.EndpointMiddleware|Executing endpoint 'PetProject.Controllers.UserController.Login (PetProject)' 
2024-10-28 00:36:41.5032|INFO|Microsoft.AspNetCore.Routing.EndpointMiddleware|Executed endpoint 'PetProject.Controllers.UserController.Login (PetProject)' 
2024-10-28 00:36:41.5185|INFO|Microsoft.AspNetCore.Routing.EndpointMiddleware|Executing endpoint 'PetProject.Controllers.UserController.Login (PetProject)' 
2024-10-28 00:36:41.5185|INFO|Microsoft.AspNetCore.Routing.EndpointMiddleware|Executed endpoint 'PetProject.Controllers.UserController.Login (PetProject)' 
2024-10-28 00:36:41.5185|INFO|Microsoft.AspNetCore.Routing.EndpointMiddleware|Executing endpoint 'PetProject.Controllers.UserController.Login (PetProject)' 
2024-10-28 00:36:41.5185|INFO|Microsoft.AspNetCore.Routing.EndpointMiddleware|Executed endpoint 'PetProject.Controllers.UserController.Login (PetProject)' 
2024-10-28 00:36:41.5346|INFO|Microsoft.AspNetCore.Routing.EndpointMiddleware|Executing endpoint 'PetProject.Controllers.UserController.Login (PetProject)' 
2024-10-28 00:36:41.5346|INFO|Microsoft.AspNetCore.Routing.EndpointMiddleware|Executed endpoint 'PetProject.Controllers.UserController.Login (PetProject)' 
2024-10-28 00:36:41.5346|INFO|Microsoft.AspNetCore.Routing.EndpointMiddleware|Executing endpoint 'PetProject.Controllers.UserController.Login (PetProject)' 
2024-10-28 00:36:41.5346|INFO|Microsoft.AspNetCore.Routing.EndpointMiddleware|Executed endpoint 'PetProject.Controllers.UserController.Login (PetProject)' 
2024-10-28 00:36:41.5507|INFO|Microsoft.AspNetCore.Routing.EndpointMiddleware|Executing endpoint 'PetProject.Controllers.UserController.Login (PetProject)' 
2024-10-28 00:36:41.5507|INFO|Microsoft.AspNetCore.Routing.EndpointMiddleware|Executed endpoint 'PetProject.Controllers.UserController.Login (PetProject)' 
2024-10-28 00:36:41.5507|INFO|Microsoft.AspNetCore.Routing.EndpointMiddleware|Executing endpoint 'PetProject.Controllers.UserController.Login (PetProject)' 
2024-10-28 00:36:41.5507|INFO|Microsoft.AspNetCore.Routing.EndpointMiddleware|Executed endpoint 'PetProject.Controllers.UserController.Login (PetProject)' 
2024-10-28 00:36:41.5685|INFO|Microsoft.AspNetCore.Routing.EndpointMiddleware|Executing endpoint 'PetProject.Controllers.UserController.Login (PetProject)' 
2024-10-28 00:36:41.5685|INFO|Microsoft.AspNetCore.Routing.EndpointMiddleware|Executed endpoint 'PetProject.Controllers.UserController.Login (PetProject)' 
2024-10-28 00:36:41.5685|INFO|Microsoft.AspNetCore.Routing.EndpointMiddleware|Executing endpoint 'PetProject.Controllers.UserController.Login (PetProject)' 
2024-10-28 00:36:41.5813|INFO|Microsoft.AspNetCore.Routing.EndpointMiddleware|Executed endpoint 'PetProject.Controllers.UserController.Login (PetProject)' 
2024-10-28 00:36:41.5813|INFO|Microsoft.AspNetCore.Routing.EndpointMiddleware|Executing endpoint 'PetProject.Controllers.UserController.Login (PetProject)' 
2024-10-28 00:36:41.5813|INFO|Microsoft.AspNetCore.Routing.EndpointMiddleware|Executed endpoint 'PetProject.Controllers.UserController.Login (PetProject)' 
2024-10-28 00:36:41.5813|INFO|Microsoft.AspNetCore.Routing.EndpointMiddleware|Executing endpoint 'PetProject.Controllers.UserController.Login (PetProject)' 
2024-10-28 00:36:41.5974|INFO|Microsoft.AspNetCore.Routing.EndpointMiddleware|Executed endpoint 'PetProject.Controllers.UserController.Login (PetProject)' 
2024-10-28 00:36:46.6130|INFO|Microsoft.AspNetCore.Routing.EndpointMiddleware|Executing endpoint 'PetProject.Controllers.UserController.Login (PetProject)' 
2024-10-28 00:36:46.6130|INFO|Microsoft.AspNetCore.Routing.EndpointMiddleware|Executed endpoint 'PetProject.Controllers.UserController.Login (PetProject)' 
2024-10-28 00:36:46.6285|INFO|Microsoft.AspNetCore.Routing.EndpointMiddleware|Executing endpoint 'PetProject.Controllers.UserController.Login (PetProject)' 
2024-10-28 00:36:46.6285|INFO|Microsoft.AspNetCore.Routing.EndpointMiddleware|Executed endpoint 'PetProject.Controllers.UserController.Login (PetProject)' 
2024-10-28 00:36:46.6285|INFO|Microsoft.AspNetCore.Routing.EndpointMiddleware|Executing endpoint 'PetProject.Controllers.UserController.Login (PetProject)' 
2024-10-28 00:36:46.6285|INFO|Microsoft.AspNetCore.Routing.EndpointMiddleware|Executed endpoint 'PetProject.Controllers.UserController.Login (PetProject)' 
2024-10-28 00:36:46.6435|INFO|Microsoft.AspNetCore.Routing.EndpointMiddleware|Executing endpoint 'PetProject.Controllers.UserController.Login (PetProject)' 
2024-10-28 00:36:46.6435|INFO|Microsoft.AspNetCore.Routing.EndpointMiddleware|Executed endpoint 'PetProject.Controllers.UserController.Login (PetProject)' 
2024-10-28 00:36:46.6435|INFO|Microsoft.AspNetCore.Routing.EndpointMiddleware|Executing endpoint 'PetProject.Controllers.UserController.Login (PetProject)' 
2024-10-28 00:36:46.6435|INFO|Microsoft.AspNetCore.Routing.EndpointMiddleware|Executed endpoint 'PetProject.Controllers.UserController.Login (PetProject)' 
2024-10-28 00:36:46.6606|INFO|Microsoft.AspNetCore.Routing.EndpointMiddleware|Executing endpoint 'PetProject.Controllers.UserController.Login (PetProject)' 
2024-10-28 00:36:46.6606|INFO|Microsoft.AspNetCore.Routing.EndpointMiddleware|Executed endpoint 'PetProject.Controllers.UserController.Login (PetProject)' 
2024-10-28 00:36:46.6606|INFO|Microsoft.AspNetCore.Routing.EndpointMiddleware|Executing endpoint 'PetProject.Controllers.UserController.Login (PetProject)' 
2024-10-28 00:36:46.6606|INFO|Microsoft.AspNetCore.Routing.EndpointMiddleware|Executed endpoint 'PetProject.Controllers.UserController.Login (PetProject)' 
2024-10-28 00:36:46.6754|INFO|Microsoft.AspNetCore.Routing.EndpointMiddleware|Executing endpoint 'PetProject.Controllers.UserController.Login (PetProject)' 
2024-10-28 00:36:46.6754|INFO|Microsoft.AspNetCore.Routing.EndpointMiddleware|Executed endpoint 'PetProject.Controllers.UserController.Login (PetProject)' 
2024-10-28 00:36:46.6754|INFO|Microsoft.AspNetCore.Routing.EndpointMiddleware|Executing endpoint 'PetProject.Controllers.UserController.Login (PetProject)' 
2024-10-28 00:36:46.6754|INFO|Microsoft.AspNetCore.Routing.EndpointMiddleware|Executed endpoint 'PetProject.Controllers.UserController.Login (PetProject)' 
2024-10-28 00:36:46.6915|INFO|Microsoft.AspNetCore.Routing.EndpointMiddleware|Executing endpoint 'PetProject.Controllers.UserController.Login (PetProject)' 
2024-10-28 00:36:46.6915|INFO|Microsoft.AspNetCore.Routing.EndpointMiddleware|Executed endpoint 'PetProject.Controllers.UserController.Login (PetProject)' 
2024-10-28 00:36:46.6915|INFO|Microsoft.AspNetCore.Routing.EndpointMiddleware|Executing endpoint 'PetProject.Controllers.UserController.Login (PetProject)' 
2024-10-28 00:36:46.6915|INFO|Microsoft.AspNetCore.Routing.EndpointMiddleware|Executed endpoint 'PetProject.Controllers.UserController.Login (PetProject)' 
2024-10-28 00:36:46.7064|INFO|Microsoft.AspNetCore.Routing.EndpointMiddleware|Executing endpoint 'PetProject.Controllers.UserController.Login (PetProject)' 
2024-10-28 00:36:46.7064|INFO|Microsoft.AspNetCore.Routing.EndpointMiddleware|Executed endpoint 'PetProject.Controllers.UserController.Login (PetProject)' 
2024-10-28 00:36:46.8155|INFO|Microsoft.AspNetCore.Routing.EndpointMiddleware|Executing endpoint 'PetProject.Controllers.UserController.Login (PetProject)' 
2024-10-28 00:36:46.8155|INFO|Microsoft.AspNetCore.Routing.EndpointMiddleware|Executed endpoint 'PetProject.Controllers.UserController.Login (PetProject)' 
2024-10-28 00:36:46.8155|INFO|Microsoft.AspNetCore.Routing.EndpointMiddleware|Executing endpoint 'PetProject.Controllers.UserController.Login (PetProject)' 
2024-10-28 00:36:46.8311|INFO|Microsoft.AspNetCore.Routing.EndpointMiddleware|Executed endpoint 'PetProject.Controllers.UserController.Login (PetProject)' 
2024-10-28 00:36:46.8311|INFO|Microsoft.AspNetCore.Routing.EndpointMiddleware|Executing endpoint 'PetProject.Controllers.UserController.Login (PetProject)' 
2024-10-28 00:36:46.8311|INFO|Microsoft.AspNetCore.Routing.EndpointMiddleware|Executed endpoint 'PetProject.Controllers.UserController.Login (PetProject)' 
2024-10-28 00:36:46.8478|INFO|Microsoft.AspNetCore.Routing.EndpointMiddleware|Executing endpoint 'PetProject.Controllers.UserController.Login (PetProject)' 
2024-10-28 00:36:46.8478|INFO|Microsoft.AspNetCore.Routing.EndpointMiddleware|Executed endpoint 'PetProject.Controllers.UserController.Login (PetProject)' 
2024-10-28 00:36:46.8478|INFO|Microsoft.AspNetCore.Routing.EndpointMiddleware|Executing endpoint 'PetProject.Controllers.UserController.Login (PetProject)' 
2024-10-28 00:36:46.8624|INFO|Microsoft.AspNetCore.Routing.EndpointMiddleware|Executed endpoint 'PetProject.Controllers.UserController.Login (PetProject)' 
2024-10-28 00:36:46.8624|INFO|Microsoft.AspNetCore.Routing.EndpointMiddleware|Executing endpoint 'PetProject.Controllers.UserController.Login (PetProject)' 
2024-10-28 00:36:46.8624|INFO|Microsoft.AspNetCore.Routing.EndpointMiddleware|Executed endpoint 'PetProject.Controllers.UserController.Login (PetProject)' 
2024-10-28 00:36:46.8793|INFO|Microsoft.AspNetCore.Routing.EndpointMiddleware|Executing endpoint 'PetProject.Controllers.UserController.Login (PetProject)' 
2024-10-28 00:36:46.8793|INFO|Microsoft.AspNetCore.Routing.EndpointMiddleware|Executed endpoint 'PetProject.Controllers.UserController.Login (PetProject)' 
2024-10-28 00:36:46.8793|INFO|Microsoft.AspNetCore.Routing.EndpointMiddleware|Executing endpoint 'PetProject.Controllers.UserController.Login (PetProject)' 
2024-10-28 00:36:46.8793|INFO|Microsoft.AspNetCore.Routing.EndpointMiddleware|Executed endpoint 'PetProject.Controllers.UserController.Login (PetProject)' 
2024-10-28 00:39:30.5492|INFO|Microsoft.AspNetCore.Routing.EndpointMiddleware|Executing endpoint '/Index' 
2024-10-28 00:39:31.6646|INFO|Microsoft.AspNetCore.Routing.EndpointMiddleware|Executed endpoint '/Index' 
2024-10-28 00:39:31.7726|INFO|Microsoft.AspNetCore.Routing.EndpointMiddleware|Executing endpoint '/connect/negotiate' 
2024-10-28 00:39:31.7933|INFO|Microsoft.AspNetCore.Routing.EndpointMiddleware|Executed endpoint '/connect/negotiate' 
2024-10-28 00:39:31.7986|INFO|Microsoft.AspNetCore.Routing.EndpointMiddleware|Executing endpoint '/connect' 
2024-10-28 00:39:31.8625|INFO|Microsoft.AspNetCore.Routing.EndpointMiddleware|Executed endpoint '/connect' 
2024-10-28 01:27:07.5246|INFO|Microsoft.AspNetCore.Routing.EndpointMiddleware|Executing endpoint '/Index' 
2024-10-28 01:27:08.0596|INFO|Microsoft.AspNetCore.Routing.EndpointMiddleware|Executed endpoint '/Index' 
2024-10-28 01:27:08.1659|INFO|Microsoft.AspNetCore.Routing.EndpointMiddleware|Executing endpoint '/connect/negotiate' 
2024-10-28 01:27:08.2004|INFO|Microsoft.AspNetCore.Routing.EndpointMiddleware|Executed endpoint '/connect/negotiate' 
2024-10-28 01:27:08.2004|INFO|Microsoft.AspNetCore.Routing.EndpointMiddleware|Executing endpoint '/connect' 
2024-10-28 01:27:08.2746|INFO|Microsoft.AspNetCore.Routing.EndpointMiddleware|Executed endpoint '/connect' 
2024-10-28 01:27:12.7596|INFO|Microsoft.AspNetCore.Routing.EndpointMiddleware|Executing endpoint 'PetProject.Controllers.UserController.Profile (PetProject)' 
2024-10-28 01:27:12.8066|INFO|Microsoft.AspNetCore.Routing.EndpointMiddleware|Executed endpoint 'PetProject.Controllers.UserController.Profile (PetProject)' 
2024-10-28 01:27:12.8225|INFO|Microsoft.AspNetCore.Routing.EndpointMiddleware|Executing endpoint 'PetProject.Controllers.UserController.Login (PetProject)' 
2024-10-28 01:27:13.3069|INFO|Microsoft.AspNetCore.Routing.EndpointMiddleware|Executed endpoint 'PetProject.Controllers.UserController.Login (PetProject)' 
2024-10-28 01:27:39.9788|INFO|Microsoft.AspNetCore.Routing.EndpointMiddleware|Executing endpoint 'PetProject.Controllers.UserController.Profile (PetProject)' 
2024-10-28 01:27:39.9788|INFO|Microsoft.AspNetCore.Routing.EndpointMiddleware|Executed endpoint 'PetProject.Controllers.UserController.Profile (PetProject)' 
2024-10-28 01:27:39.9945|INFO|Microsoft.AspNetCore.Routing.EndpointMiddleware|Executing endpoint 'PetProject.Controllers.UserController.Login (PetProject)' 
2024-10-28 01:27:40.0087|INFO|Microsoft.AspNetCore.Routing.EndpointMiddleware|Executed endpoint 'PetProject.Controllers.UserController.Login (PetProject)' 
2024-10-28 01:28:44.4937|INFO|Microsoft.AspNetCore.Routing.EndpointMiddleware|Executing endpoint 'PetProject.Controllers.UserController.Login (PetProject)' 
2024-10-28 01:28:44.5240|INFO|Microsoft.AspNetCore.Routing.EndpointMiddleware|Executed endpoint 'PetProject.Controllers.UserController.Login (PetProject)' 
2024-10-28 01:28:44.5398|INFO|Microsoft.AspNetCore.Routing.EndpointMiddleware|Executing endpoint 'PetProject.Controllers.UserController.Login (PetProject)' 
2024-10-28 01:28:44.5398|INFO|Microsoft.AspNetCore.Routing.EndpointMiddleware|Executed endpoint 'PetProject.Controllers.UserController.Login (PetProject)' 
2024-10-28 01:28:44.5549|INFO|Microsoft.AspNetCore.Routing.EndpointMiddleware|Executing endpoint 'PetProject.Controllers.UserController.Login (PetProject)' 
2024-10-28 01:28:44.5549|INFO|Microsoft.AspNetCore.Routing.EndpointMiddleware|Executed endpoint 'PetProject.Controllers.UserController.Login (PetProject)' 
2024-10-28 01:28:44.5710|INFO|Microsoft.AspNetCore.Routing.EndpointMiddleware|Executing endpoint 'PetProject.Controllers.UserController.Login (PetProject)' 
2024-10-28 01:28:44.5710|INFO|Microsoft.AspNetCore.Routing.EndpointMiddleware|Executed endpoint 'PetProject.Controllers.UserController.Login (PetProject)' 
2024-10-28 01:28:44.5710|INFO|Microsoft.AspNetCore.Routing.EndpointMiddleware|Executing endpoint 'PetProject.Controllers.UserController.Login (PetProject)' 
2024-10-28 01:28:44.5873|INFO|Microsoft.AspNetCore.Routing.EndpointMiddleware|Executed endpoint 'PetProject.Controllers.UserController.Login (PetProject)' 
2024-10-28 01:28:44.5873|INFO|Microsoft.AspNetCore.Routing.EndpointMiddleware|Executing endpoint 'PetProject.Controllers.UserController.Login (PetProject)' 
2024-10-28 01:28:44.5873|INFO|Microsoft.AspNetCore.Routing.EndpointMiddleware|Executed endpoint 'PetProject.Controllers.UserController.Login (PetProject)' 
2024-10-28 01:28:44.6055|INFO|Microsoft.AspNetCore.Routing.EndpointMiddleware|Executing endpoint 'PetProject.Controllers.UserController.Login (PetProject)' 
2024-10-28 01:28:44.6055|INFO|Microsoft.AspNetCore.Routing.EndpointMiddleware|Executed endpoint 'PetProject.Controllers.UserController.Login (PetProject)' 
2024-10-28 01:28:44.6178|INFO|Microsoft.AspNetCore.Routing.EndpointMiddleware|Executing endpoint 'PetProject.Controllers.UserController.Login (PetProject)' 
2024-10-28 01:28:44.6178|INFO|Microsoft.AspNetCore.Routing.EndpointMiddleware|Executed endpoint 'PetProject.Controllers.UserController.Login (PetProject)' 
2024-10-28 01:28:44.6178|INFO|Microsoft.AspNetCore.Routing.EndpointMiddleware|Executing endpoint 'PetProject.Controllers.UserController.Login (PetProject)' 
2024-10-28 01:28:44.6178|INFO|Microsoft.AspNetCore.Routing.EndpointMiddleware|Executed endpoint 'PetProject.Controllers.UserController.Login (PetProject)' 
2024-10-28 01:28:44.6360|INFO|Microsoft.AspNetCore.Routing.EndpointMiddleware|Executing endpoint 'PetProject.Controllers.UserController.Login (PetProject)' 
2024-10-28 01:28:44.6360|INFO|Microsoft.AspNetCore.Routing.EndpointMiddleware|Executed endpoint 'PetProject.Controllers.UserController.Login (PetProject)' 
2024-10-28 01:28:44.6498|INFO|Microsoft.AspNetCore.Routing.EndpointMiddleware|Executing endpoint 'PetProject.Controllers.UserController.Login (PetProject)' 
2024-10-28 01:28:44.6498|INFO|Microsoft.AspNetCore.Routing.EndpointMiddleware|Executed endpoint 'PetProject.Controllers.UserController.Login (PetProject)' 
2024-10-28 01:28:44.6705|INFO|Microsoft.AspNetCore.Routing.EndpointMiddleware|Executing endpoint 'PetProject.Controllers.UserController.Login (PetProject)' 
2024-10-28 01:28:44.6813|INFO|Microsoft.AspNetCore.Routing.EndpointMiddleware|Executed endpoint 'PetProject.Controllers.UserController.Login (PetProject)' 
2024-10-28 01:28:44.6962|INFO|Microsoft.AspNetCore.Routing.EndpointMiddleware|Executing endpoint 'PetProject.Controllers.UserController.Login (PetProject)' 
2024-10-28 01:28:44.6962|INFO|Microsoft.AspNetCore.Routing.EndpointMiddleware|Executed endpoint 'PetProject.Controllers.UserController.Login (PetProject)' 
2024-10-28 01:28:44.7137|INFO|Microsoft.AspNetCore.Routing.EndpointMiddleware|Executing endpoint 'PetProject.Controllers.UserController.Login (PetProject)' 
2024-10-28 01:28:44.7137|INFO|Microsoft.AspNetCore.Routing.EndpointMiddleware|Executed endpoint 'PetProject.Controllers.UserController.Login (PetProject)' 
2024-10-28 01:28:44.7268|INFO|Microsoft.AspNetCore.Routing.EndpointMiddleware|Executing endpoint 'PetProject.Controllers.UserController.Login (PetProject)' 
2024-10-28 01:28:44.7268|INFO|Microsoft.AspNetCore.Routing.EndpointMiddleware|Executed endpoint 'PetProject.Controllers.UserController.Login (PetProject)' 
2024-10-28 01:28:44.7430|INFO|Microsoft.AspNetCore.Routing.EndpointMiddleware|Executing endpoint 'PetProject.Controllers.UserController.Login (PetProject)' 
2024-10-28 01:28:44.7430|INFO|Microsoft.AspNetCore.Routing.EndpointMiddleware|Executed endpoint 'PetProject.Controllers.UserController.Login (PetProject)' 
2024-10-28 01:28:44.7749|INFO|Microsoft.AspNetCore.Routing.EndpointMiddleware|Executing endpoint 'PetProject.Controllers.UserController.Login (PetProject)' 
2024-10-28 01:28:44.7749|INFO|Microsoft.AspNetCore.Routing.EndpointMiddleware|Executed endpoint 'PetProject.Controllers.UserController.Login (PetProject)' 
2024-10-28 01:28:44.7911|INFO|Microsoft.AspNetCore.Routing.EndpointMiddleware|Executing endpoint 'PetProject.Controllers.UserController.Login (PetProject)' 
2024-10-28 01:28:44.7911|INFO|Microsoft.AspNetCore.Routing.EndpointMiddleware|Executed endpoint 'PetProject.Controllers.UserController.Login (PetProject)' 
2024-10-28 01:28:44.8059|INFO|Microsoft.AspNetCore.Routing.EndpointMiddleware|Executing endpoint 'PetProject.Controllers.UserController.Login (PetProject)' 
2024-10-28 01:28:44.8059|INFO|Microsoft.AspNetCore.Routing.EndpointMiddleware|Executed endpoint 'PetProject.Controllers.UserController.Login (PetProject)' 
2024-10-28 01:28:44.8217|INFO|Microsoft.AspNetCore.Routing.EndpointMiddleware|Executing endpoint 'PetProject.Controllers.UserController.Login (PetProject)' 
2024-10-28 01:28:44.8217|INFO|Microsoft.AspNetCore.Routing.EndpointMiddleware|Executed endpoint 'PetProject.Controllers.UserController.Login (PetProject)' 
2024-10-28 01:28:45.8742|INFO|Microsoft.AspNetCore.Routing.EndpointMiddleware|Executing endpoint 'PetProject.Controllers.UserController.Login (PetProject)' 
2024-10-28 01:28:45.8838|INFO|Microsoft.AspNetCore.Routing.EndpointMiddleware|Executed endpoint 'PetProject.Controllers.UserController.Login (PetProject)' 
2024-10-28 01:28:45.8838|INFO|Microsoft.AspNetCore.Routing.EndpointMiddleware|Executing endpoint 'PetProject.Controllers.UserController.Login (PetProject)' 
2024-10-28 01:28:45.8838|INFO|Microsoft.AspNetCore.Routing.EndpointMiddleware|Executed endpoint 'PetProject.Controllers.UserController.Login (PetProject)' 
2024-10-28 01:28:45.9039|INFO|Microsoft.AspNetCore.Routing.EndpointMiddleware|Executing endpoint 'PetProject.Controllers.UserController.Login (PetProject)' 
2024-10-28 01:28:45.9039|INFO|Microsoft.AspNetCore.Routing.EndpointMiddleware|Executed endpoint 'PetProject.Controllers.UserController.Login (PetProject)' 
2024-10-28 01:28:45.9153|INFO|Microsoft.AspNetCore.Routing.EndpointMiddleware|Executing endpoint 'PetProject.Controllers.UserController.Login (PetProject)' 
2024-10-28 01:28:45.9153|INFO|Microsoft.AspNetCore.Routing.EndpointMiddleware|Executed endpoint 'PetProject.Controllers.UserController.Login (PetProject)' 
2024-10-28 01:28:45.9309|INFO|Microsoft.AspNetCore.Routing.EndpointMiddleware|Executing endpoint 'PetProject.Controllers.UserController.Login (PetProject)' 
2024-10-28 01:28:45.9309|INFO|Microsoft.AspNetCore.Routing.EndpointMiddleware|Executed endpoint 'PetProject.Controllers.UserController.Login (PetProject)' 
2024-10-28 01:28:45.9309|INFO|Microsoft.AspNetCore.Routing.EndpointMiddleware|Executing endpoint 'PetProject.Controllers.UserController.Login (PetProject)' 
2024-10-28 01:28:45.9309|INFO|Microsoft.AspNetCore.Routing.EndpointMiddleware|Executed endpoint 'PetProject.Controllers.UserController.Login (PetProject)' 
2024-10-28 01:28:45.9479|INFO|Microsoft.AspNetCore.Routing.EndpointMiddleware|Executing endpoint 'PetProject.Controllers.UserController.Login (PetProject)' 
2024-10-28 01:28:45.9479|INFO|Microsoft.AspNetCore.Routing.EndpointMiddleware|Executed endpoint 'PetProject.Controllers.UserController.Login (PetProject)' 
2024-10-28 01:28:45.9479|INFO|Microsoft.AspNetCore.Routing.EndpointMiddleware|Executing endpoint 'PetProject.Controllers.UserController.Login (PetProject)' 
2024-10-28 01:28:45.9617|INFO|Microsoft.AspNetCore.Routing.EndpointMiddleware|Executed endpoint 'PetProject.Controllers.UserController.Login (PetProject)' 
2024-10-28 01:28:45.9617|INFO|Microsoft.AspNetCore.Routing.EndpointMiddleware|Executing endpoint 'PetProject.Controllers.UserController.Login (PetProject)' 
2024-10-28 01:28:45.9617|INFO|Microsoft.AspNetCore.Routing.EndpointMiddleware|Executed endpoint 'PetProject.Controllers.UserController.Login (PetProject)' 
2024-10-28 01:28:45.9770|INFO|Microsoft.AspNetCore.Routing.EndpointMiddleware|Executing endpoint 'PetProject.Controllers.UserController.Login (PetProject)' 
2024-10-28 01:28:45.9770|INFO|Microsoft.AspNetCore.Routing.EndpointMiddleware|Executed endpoint 'PetProject.Controllers.UserController.Login (PetProject)' 
2024-10-28 01:28:45.9770|INFO|Microsoft.AspNetCore.Routing.EndpointMiddleware|Executing endpoint 'PetProject.Controllers.UserController.Login (PetProject)' 
2024-10-28 01:28:45.9770|INFO|Microsoft.AspNetCore.Routing.EndpointMiddleware|Executed endpoint 'PetProject.Controllers.UserController.Login (PetProject)' 
2024-10-28 01:28:45.9927|INFO|Microsoft.AspNetCore.Routing.EndpointMiddleware|Executing endpoint 'PetProject.Controllers.UserController.Login (PetProject)' 
2024-10-28 01:28:45.9927|INFO|Microsoft.AspNetCore.Routing.EndpointMiddleware|Executed endpoint 'PetProject.Controllers.UserController.Login (PetProject)' 
2024-10-28 01:28:46.0088|INFO|Microsoft.AspNetCore.Routing.EndpointMiddleware|Executing endpoint 'PetProject.Controllers.UserController.Login (PetProject)' 
2024-10-28 01:28:46.0088|INFO|Microsoft.AspNetCore.Routing.EndpointMiddleware|Executed endpoint 'PetProject.Controllers.UserController.Login (PetProject)' 
2024-10-28 01:28:46.0088|INFO|Microsoft.AspNetCore.Routing.EndpointMiddleware|Executing endpoint 'PetProject.Controllers.UserController.Login (PetProject)' 
2024-10-28 01:28:46.0088|INFO|Microsoft.AspNetCore.Routing.EndpointMiddleware|Executed endpoint 'PetProject.Controllers.UserController.Login (PetProject)' 
2024-10-28 01:28:46.0238|INFO|Microsoft.AspNetCore.Routing.EndpointMiddleware|Executing endpoint 'PetProject.Controllers.UserController.Login (PetProject)' 
2024-10-28 01:28:46.0238|INFO|Microsoft.AspNetCore.Routing.EndpointMiddleware|Executed endpoint 'PetProject.Controllers.UserController.Login (PetProject)' 
2024-10-28 01:28:46.0238|INFO|Microsoft.AspNetCore.Routing.EndpointMiddleware|Executing endpoint 'PetProject.Controllers.UserController.Login (PetProject)' 
2024-10-28 01:28:46.0238|INFO|Microsoft.AspNetCore.Routing.EndpointMiddleware|Executed endpoint 'PetProject.Controllers.UserController.Login (PetProject)' 
2024-10-28 01:28:46.0398|INFO|Microsoft.AspNetCore.Routing.EndpointMiddleware|Executing endpoint 'PetProject.Controllers.UserController.Login (PetProject)' 
2024-10-28 01:28:46.0398|INFO|Microsoft.AspNetCore.Routing.EndpointMiddleware|Executed endpoint 'PetProject.Controllers.UserController.Login (PetProject)' 
2024-10-28 01:28:46.0398|INFO|Microsoft.AspNetCore.Routing.EndpointMiddleware|Executing endpoint 'PetProject.Controllers.UserController.Login (PetProject)' 
2024-10-28 01:28:46.0398|INFO|Microsoft.AspNetCore.Routing.EndpointMiddleware|Executed endpoint 'PetProject.Controllers.UserController.Login (PetProject)' 
2024-10-28 01:28:46.0575|INFO|Microsoft.AspNetCore.Routing.EndpointMiddleware|Executing endpoint 'PetProject.Controllers.UserController.Login (PetProject)' 
2024-10-28 01:28:46.0575|INFO|Microsoft.AspNetCore.Routing.EndpointMiddleware|Executed endpoint 'PetProject.Controllers.UserController.Login (PetProject)' 
2024-10-28 01:28:46.0575|INFO|Microsoft.AspNetCore.Routing.EndpointMiddleware|Executing endpoint 'PetProject.Controllers.UserController.Login (PetProject)' 
2024-10-28 01:28:46.0707|INFO|Microsoft.AspNetCore.Routing.EndpointMiddleware|Executed endpoint 'PetProject.Controllers.UserController.Login (PetProject)' 
2024-10-28 01:29:02.1084|INFO|Microsoft.AspNetCore.Routing.EndpointMiddleware|Executing endpoint '/Index' 
2024-10-28 01:29:02.4613|INFO|Microsoft.AspNetCore.Routing.EndpointMiddleware|Executed endpoint '/Index' 
2024-10-28 01:29:02.5560|INFO|Microsoft.AspNetCore.Routing.EndpointMiddleware|Executing endpoint '/connect/negotiate' 
2024-10-28 01:29:02.5560|INFO|Microsoft.AspNetCore.Routing.EndpointMiddleware|Executed endpoint '/connect/negotiate' 
2024-10-28 01:29:04.9629|INFO|Microsoft.AspNetCore.Routing.EndpointMiddleware|Executing endpoint 'PetProject.Controllers.UserController.Profile (PetProject)' 
2024-10-28 01:29:04.9796|INFO|Microsoft.AspNetCore.Routing.EndpointMiddleware|Executed endpoint 'PetProject.Controllers.UserController.Profile (PetProject)' 
2024-10-28 01:29:04.9930|INFO|Microsoft.AspNetCore.Routing.EndpointMiddleware|Executing endpoint 'PetProject.Controllers.UserController.Login (PetProject)' 
2024-10-28 01:29:04.9930|INFO|Microsoft.AspNetCore.Routing.EndpointMiddleware|Executed endpoint 'PetProject.Controllers.UserController.Login (PetProject)' 
2024-10-28 01:29:05.0087|INFO|Microsoft.AspNetCore.Routing.EndpointMiddleware|Executing endpoint 'PetProject.Controllers.UserController.Login (PetProject)' 
2024-10-28 01:29:05.0087|INFO|Microsoft.AspNetCore.Routing.EndpointMiddleware|Executed endpoint 'PetProject.Controllers.UserController.Login (PetProject)' 
2024-10-28 01:29:05.0245|INFO|Microsoft.AspNetCore.Routing.EndpointMiddleware|Executing endpoint 'PetProject.Controllers.UserController.Login (PetProject)' 
2024-10-28 01:29:05.0245|INFO|Microsoft.AspNetCore.Routing.EndpointMiddleware|Executed endpoint 'PetProject.Controllers.UserController.Login (PetProject)' 
2024-10-28 01:29:05.0669|INFO|Microsoft.AspNetCore.Routing.EndpointMiddleware|Executing endpoint 'PetProject.Controllers.UserController.Login (PetProject)' 
2024-10-28 01:29:05.0706|INFO|Microsoft.AspNetCore.Routing.EndpointMiddleware|Executed endpoint 'PetProject.Controllers.UserController.Login (PetProject)' 
2024-10-28 01:29:05.0706|INFO|Microsoft.AspNetCore.Routing.EndpointMiddleware|Executing endpoint 'PetProject.Controllers.UserController.Login (PetProject)' 
2024-10-28 01:29:05.0873|INFO|Microsoft.AspNetCore.Routing.EndpointMiddleware|Executed endpoint 'PetProject.Controllers.UserController.Login (PetProject)' 
2024-10-28 01:29:05.1090|INFO|Microsoft.AspNetCore.Routing.EndpointMiddleware|Executing endpoint 'PetProject.Controllers.UserController.Login (PetProject)' 
2024-10-28 01:29:05.1173|INFO|Microsoft.AspNetCore.Routing.EndpointMiddleware|Executed endpoint 'PetProject.Controllers.UserController.Login (PetProject)' 
2024-10-28 01:29:05.1173|INFO|Microsoft.AspNetCore.Routing.EndpointMiddleware|Executing endpoint 'PetProject.Controllers.UserController.Login (PetProject)' 
2024-10-28 01:29:05.1173|INFO|Microsoft.AspNetCore.Routing.EndpointMiddleware|Executed endpoint 'PetProject.Controllers.UserController.Login (PetProject)' 
2024-10-28 01:29:05.1350|INFO|Microsoft.AspNetCore.Routing.EndpointMiddleware|Executing endpoint 'PetProject.Controllers.UserController.Login (PetProject)' 
2024-10-28 01:29:05.1350|INFO|Microsoft.AspNetCore.Routing.EndpointMiddleware|Executed endpoint 'PetProject.Controllers.UserController.Login (PetProject)' 
2024-10-28 01:29:05.1495|INFO|Microsoft.AspNetCore.Routing.EndpointMiddleware|Executing endpoint 'PetProject.Controllers.UserController.Login (PetProject)' 
2024-10-28 01:29:05.1495|INFO|Microsoft.AspNetCore.Routing.EndpointMiddleware|Executed endpoint 'PetProject.Controllers.UserController.Login (PetProject)' 
2024-10-28 01:29:05.1655|INFO|Microsoft.AspNetCore.Routing.EndpointMiddleware|Executing endpoint 'PetProject.Controllers.UserController.Login (PetProject)' 
2024-10-28 01:29:05.1655|INFO|Microsoft.AspNetCore.Routing.EndpointMiddleware|Executed endpoint 'PetProject.Controllers.UserController.Login (PetProject)' 
2024-10-28 01:29:05.1655|INFO|Microsoft.AspNetCore.Routing.EndpointMiddleware|Executing endpoint 'PetProject.Controllers.UserController.Login (PetProject)' 
2024-10-28 01:29:05.1655|INFO|Microsoft.AspNetCore.Routing.EndpointMiddleware|Executed endpoint 'PetProject.Controllers.UserController.Login (PetProject)' 
2024-10-28 01:29:05.1825|INFO|Microsoft.AspNetCore.Routing.EndpointMiddleware|Executing endpoint 'PetProject.Controllers.UserController.Login (PetProject)' 
2024-10-28 01:29:05.1825|INFO|Microsoft.AspNetCore.Routing.EndpointMiddleware|Executed endpoint 'PetProject.Controllers.UserController.Login (PetProject)' 
2024-10-28 01:29:05.1960|INFO|Microsoft.AspNetCore.Routing.EndpointMiddleware|Executing endpoint 'PetProject.Controllers.UserController.Login (PetProject)' 
2024-10-28 01:29:05.1960|INFO|Microsoft.AspNetCore.Routing.EndpointMiddleware|Executed endpoint 'PetProject.Controllers.UserController.Login (PetProject)' 
2024-10-28 01:29:05.2135|INFO|Microsoft.AspNetCore.Routing.EndpointMiddleware|Executing endpoint 'PetProject.Controllers.UserController.Login (PetProject)' 
2024-10-28 01:29:05.2135|INFO|Microsoft.AspNetCore.Routing.EndpointMiddleware|Executed endpoint 'PetProject.Controllers.UserController.Login (PetProject)' 
2024-10-28 01:29:05.2305|INFO|Microsoft.AspNetCore.Routing.EndpointMiddleware|Executing endpoint 'PetProject.Controllers.UserController.Login (PetProject)' 
2024-10-28 01:29:05.2305|INFO|Microsoft.AspNetCore.Routing.EndpointMiddleware|Executed endpoint 'PetProject.Controllers.UserController.Login (PetProject)' 
2024-10-28 01:29:05.2458|INFO|Microsoft.AspNetCore.Routing.EndpointMiddleware|Executing endpoint 'PetProject.Controllers.UserController.Login (PetProject)' 
2024-10-28 01:29:05.2458|INFO|Microsoft.AspNetCore.Routing.EndpointMiddleware|Executed endpoint 'PetProject.Controllers.UserController.Login (PetProject)' 
2024-10-28 01:29:05.2736|INFO|Microsoft.AspNetCore.Routing.EndpointMiddleware|Executing endpoint 'PetProject.Controllers.UserController.Login (PetProject)' 
2024-10-28 01:29:05.2736|INFO|Microsoft.AspNetCore.Routing.EndpointMiddleware|Executed endpoint 'PetProject.Controllers.UserController.Login (PetProject)' 
2024-10-28 01:29:05.3110|INFO|Microsoft.AspNetCore.Routing.EndpointMiddleware|Executing endpoint 'PetProject.Controllers.UserController.Login (PetProject)' 
2024-10-28 01:29:05.3223|INFO|Microsoft.AspNetCore.Routing.EndpointMiddleware|Executed endpoint 'PetProject.Controllers.UserController.Login (PetProject)' 
2024-10-28 01:29:05.3223|INFO|Microsoft.AspNetCore.Routing.EndpointMiddleware|Executing endpoint 'PetProject.Controllers.UserController.Login (PetProject)' 
2024-10-28 01:29:05.3366|INFO|Microsoft.AspNetCore.Routing.EndpointMiddleware|Executed endpoint 'PetProject.Controllers.UserController.Login (PetProject)' 
2024-10-28 01:29:06.4455|INFO|Microsoft.AspNetCore.Routing.EndpointMiddleware|Executing endpoint 'PetProject.Controllers.UserController.Login (PetProject)' 
2024-10-28 01:29:06.4455|INFO|Microsoft.AspNetCore.Routing.EndpointMiddleware|Executed endpoint 'PetProject.Controllers.UserController.Login (PetProject)' 
2024-10-28 01:29:06.4634|INFO|Microsoft.AspNetCore.Routing.EndpointMiddleware|Executing endpoint 'PetProject.Controllers.UserController.Login (PetProject)' 
2024-10-28 01:29:06.4634|INFO|Microsoft.AspNetCore.Routing.EndpointMiddleware|Executed endpoint 'PetProject.Controllers.UserController.Login (PetProject)' 
2024-10-28 01:29:06.4766|INFO|Microsoft.AspNetCore.Routing.EndpointMiddleware|Executing endpoint 'PetProject.Controllers.UserController.Login (PetProject)' 
2024-10-28 01:29:06.4766|INFO|Microsoft.AspNetCore.Routing.EndpointMiddleware|Executed endpoint 'PetProject.Controllers.UserController.Login (PetProject)' 
2024-10-28 01:29:06.4766|INFO|Microsoft.AspNetCore.Routing.EndpointMiddleware|Executing endpoint 'PetProject.Controllers.UserController.Login (PetProject)' 
2024-10-28 01:29:06.4766|INFO|Microsoft.AspNetCore.Routing.EndpointMiddleware|Executed endpoint 'PetProject.Controllers.UserController.Login (PetProject)' 
2024-10-28 01:29:06.4939|INFO|Microsoft.AspNetCore.Routing.EndpointMiddleware|Executing endpoint 'PetProject.Controllers.UserController.Login (PetProject)' 
2024-10-28 01:29:06.4939|INFO|Microsoft.AspNetCore.Routing.EndpointMiddleware|Executed endpoint 'PetProject.Controllers.UserController.Login (PetProject)' 
2024-10-28 01:29:06.4939|INFO|Microsoft.AspNetCore.Routing.EndpointMiddleware|Executing endpoint 'PetProject.Controllers.UserController.Login (PetProject)' 
2024-10-28 01:29:06.4939|INFO|Microsoft.AspNetCore.Routing.EndpointMiddleware|Executed endpoint 'PetProject.Controllers.UserController.Login (PetProject)' 
2024-10-28 01:29:06.5085|INFO|Microsoft.AspNetCore.Routing.EndpointMiddleware|Executing endpoint 'PetProject.Controllers.UserController.Login (PetProject)' 
2024-10-28 01:29:06.5085|INFO|Microsoft.AspNetCore.Routing.EndpointMiddleware|Executed endpoint 'PetProject.Controllers.UserController.Login (PetProject)' 
2024-10-28 01:29:06.5085|INFO|Microsoft.AspNetCore.Routing.EndpointMiddleware|Executing endpoint 'PetProject.Controllers.UserController.Login (PetProject)' 
2024-10-28 01:29:06.5236|INFO|Microsoft.AspNetCore.Routing.EndpointMiddleware|Executed endpoint 'PetProject.Controllers.UserController.Login (PetProject)' 
2024-10-28 01:29:06.5236|INFO|Microsoft.AspNetCore.Routing.EndpointMiddleware|Executing endpoint 'PetProject.Controllers.UserController.Login (PetProject)' 
2024-10-28 01:29:06.5236|INFO|Microsoft.AspNetCore.Routing.EndpointMiddleware|Executed endpoint 'PetProject.Controllers.UserController.Login (PetProject)' 
2024-10-28 01:29:06.5236|INFO|Microsoft.AspNetCore.Routing.EndpointMiddleware|Executing endpoint 'PetProject.Controllers.UserController.Login (PetProject)' 
2024-10-28 01:29:06.5236|INFO|Microsoft.AspNetCore.Routing.EndpointMiddleware|Executed endpoint 'PetProject.Controllers.UserController.Login (PetProject)' 
2024-10-28 01:29:06.5586|INFO|Microsoft.AspNetCore.Routing.EndpointMiddleware|Executing endpoint 'PetProject.Controllers.UserController.Login (PetProject)' 
2024-10-28 01:29:06.5586|INFO|Microsoft.AspNetCore.Routing.EndpointMiddleware|Executed endpoint 'PetProject.Controllers.UserController.Login (PetProject)' 
2024-10-28 01:29:06.5586|INFO|Microsoft.AspNetCore.Routing.EndpointMiddleware|Executing endpoint 'PetProject.Controllers.UserController.Login (PetProject)' 
2024-10-28 01:29:06.5586|INFO|Microsoft.AspNetCore.Routing.EndpointMiddleware|Executed endpoint 'PetProject.Controllers.UserController.Login (PetProject)' 
2024-10-28 01:29:06.5729|INFO|Microsoft.AspNetCore.Routing.EndpointMiddleware|Executing endpoint 'PetProject.Controllers.UserController.Login (PetProject)' 
2024-10-28 01:29:06.5729|INFO|Microsoft.AspNetCore.Routing.EndpointMiddleware|Executed endpoint 'PetProject.Controllers.UserController.Login (PetProject)' 
2024-10-28 01:29:06.5872|INFO|Microsoft.AspNetCore.Routing.EndpointMiddleware|Executing endpoint 'PetProject.Controllers.UserController.Login (PetProject)' 
2024-10-28 01:29:06.5872|INFO|Microsoft.AspNetCore.Routing.EndpointMiddleware|Executed endpoint 'PetProject.Controllers.UserController.Login (PetProject)' 
2024-10-28 01:29:06.5872|INFO|Microsoft.AspNetCore.Routing.EndpointMiddleware|Executing endpoint 'PetProject.Controllers.UserController.Login (PetProject)' 
2024-10-28 01:29:06.5872|INFO|Microsoft.AspNetCore.Routing.EndpointMiddleware|Executed endpoint 'PetProject.Controllers.UserController.Login (PetProject)' 
2024-10-28 01:29:06.6018|INFO|Microsoft.AspNetCore.Routing.EndpointMiddleware|Executing endpoint 'PetProject.Controllers.UserController.Login (PetProject)' 
2024-10-28 01:29:06.6018|INFO|Microsoft.AspNetCore.Routing.EndpointMiddleware|Executed endpoint 'PetProject.Controllers.UserController.Login (PetProject)' 
2024-10-28 01:29:06.6018|INFO|Microsoft.AspNetCore.Routing.EndpointMiddleware|Executing endpoint 'PetProject.Controllers.UserController.Login (PetProject)' 
2024-10-28 01:29:06.6018|INFO|Microsoft.AspNetCore.Routing.EndpointMiddleware|Executed endpoint 'PetProject.Controllers.UserController.Login (PetProject)' 
2024-10-28 01:29:06.6180|INFO|Microsoft.AspNetCore.Routing.EndpointMiddleware|Executing endpoint 'PetProject.Controllers.UserController.Login (PetProject)' 
2024-10-28 01:29:06.6180|INFO|Microsoft.AspNetCore.Routing.EndpointMiddleware|Executed endpoint 'PetProject.Controllers.UserController.Login (PetProject)' 
2024-10-28 01:29:06.6180|INFO|Microsoft.AspNetCore.Routing.EndpointMiddleware|Executing endpoint 'PetProject.Controllers.UserController.Login (PetProject)' 
2024-10-28 01:29:06.6180|INFO|Microsoft.AspNetCore.Routing.EndpointMiddleware|Executed endpoint 'PetProject.Controllers.UserController.Login (PetProject)' 
2024-10-28 01:29:06.6337|INFO|Microsoft.AspNetCore.Routing.EndpointMiddleware|Executing endpoint 'PetProject.Controllers.UserController.Login (PetProject)' 
2024-10-28 01:29:06.6337|INFO|Microsoft.AspNetCore.Routing.EndpointMiddleware|Executed endpoint 'PetProject.Controllers.UserController.Login (PetProject)' 
2024-10-28 01:29:11.6645|INFO|Microsoft.AspNetCore.Routing.EndpointMiddleware|Executing endpoint 'PetProject.Controllers.UserController.Login (PetProject)' 
2024-10-28 01:29:11.6645|INFO|Microsoft.AspNetCore.Routing.EndpointMiddleware|Executed endpoint 'PetProject.Controllers.UserController.Login (PetProject)' 
2024-10-28 01:29:11.6645|INFO|Microsoft.AspNetCore.Routing.EndpointMiddleware|Executing endpoint 'PetProject.Controllers.UserController.Login (PetProject)' 
2024-10-28 01:29:11.6645|INFO|Microsoft.AspNetCore.Routing.EndpointMiddleware|Executed endpoint 'PetProject.Controllers.UserController.Login (PetProject)' 
2024-10-28 01:29:11.6816|INFO|Microsoft.AspNetCore.Routing.EndpointMiddleware|Executing endpoint 'PetProject.Controllers.UserController.Login (PetProject)' 
2024-10-28 01:29:11.6816|INFO|Microsoft.AspNetCore.Routing.EndpointMiddleware|Executed endpoint 'PetProject.Controllers.UserController.Login (PetProject)' 
2024-10-28 01:29:11.6816|INFO|Microsoft.AspNetCore.Routing.EndpointMiddleware|Executing endpoint 'PetProject.Controllers.UserController.Login (PetProject)' 
2024-10-28 01:29:11.6955|INFO|Microsoft.AspNetCore.Routing.EndpointMiddleware|Executed endpoint 'PetProject.Controllers.UserController.Login (PetProject)' 
2024-10-28 01:29:11.7211|INFO|Microsoft.AspNetCore.Routing.EndpointMiddleware|Executing endpoint 'PetProject.Controllers.UserController.Login (PetProject)' 
2024-10-28 01:29:11.7211|INFO|Microsoft.AspNetCore.Routing.EndpointMiddleware|Executed endpoint 'PetProject.Controllers.UserController.Login (PetProject)' 
2024-10-28 01:29:11.7275|INFO|Microsoft.AspNetCore.Routing.EndpointMiddleware|Executing endpoint 'PetProject.Controllers.UserController.Login (PetProject)' 
2024-10-28 01:29:11.7275|INFO|Microsoft.AspNetCore.Routing.EndpointMiddleware|Executed endpoint 'PetProject.Controllers.UserController.Login (PetProject)' 
2024-10-28 01:29:11.7275|INFO|Microsoft.AspNetCore.Routing.EndpointMiddleware|Executing endpoint 'PetProject.Controllers.UserController.Login (PetProject)' 
2024-10-28 01:29:11.7275|INFO|Microsoft.AspNetCore.Routing.EndpointMiddleware|Executed endpoint 'PetProject.Controllers.UserController.Login (PetProject)' 
2024-10-28 01:29:11.7444|INFO|Microsoft.AspNetCore.Routing.EndpointMiddleware|Executing endpoint 'PetProject.Controllers.UserController.Login (PetProject)' 
2024-10-28 01:29:11.7444|INFO|Microsoft.AspNetCore.Routing.EndpointMiddleware|Executed endpoint 'PetProject.Controllers.UserController.Login (PetProject)' 
2024-10-28 01:29:11.7444|INFO|Microsoft.AspNetCore.Routing.EndpointMiddleware|Executing endpoint 'PetProject.Controllers.UserController.Login (PetProject)' 
2024-10-28 01:29:11.7444|INFO|Microsoft.AspNetCore.Routing.EndpointMiddleware|Executed endpoint 'PetProject.Controllers.UserController.Login (PetProject)' 
2024-10-28 01:29:11.7593|INFO|Microsoft.AspNetCore.Routing.EndpointMiddleware|Executing endpoint 'PetProject.Controllers.UserController.Login (PetProject)' 
2024-10-28 01:29:11.7593|INFO|Microsoft.AspNetCore.Routing.EndpointMiddleware|Executed endpoint 'PetProject.Controllers.UserController.Login (PetProject)' 
2024-10-28 01:29:11.7593|INFO|Microsoft.AspNetCore.Routing.EndpointMiddleware|Executing endpoint 'PetProject.Controllers.UserController.Login (PetProject)' 
2024-10-28 01:29:11.7593|INFO|Microsoft.AspNetCore.Routing.EndpointMiddleware|Executed endpoint 'PetProject.Controllers.UserController.Login (PetProject)' 
2024-10-28 01:29:11.7744|INFO|Microsoft.AspNetCore.Routing.EndpointMiddleware|Executing endpoint 'PetProject.Controllers.UserController.Login (PetProject)' 
2024-10-28 01:29:11.7744|INFO|Microsoft.AspNetCore.Routing.EndpointMiddleware|Executed endpoint 'PetProject.Controllers.UserController.Login (PetProject)' 
2024-10-28 01:29:11.7744|INFO|Microsoft.AspNetCore.Routing.EndpointMiddleware|Executing endpoint 'PetProject.Controllers.UserController.Login (PetProject)' 
2024-10-28 01:29:11.7744|INFO|Microsoft.AspNetCore.Routing.EndpointMiddleware|Executed endpoint 'PetProject.Controllers.UserController.Login (PetProject)' 
2024-10-28 01:29:11.7744|INFO|Microsoft.AspNetCore.Routing.EndpointMiddleware|Executing endpoint 'PetProject.Controllers.UserController.Login (PetProject)' 
2024-10-28 01:29:11.7894|INFO|Microsoft.AspNetCore.Routing.EndpointMiddleware|Executed endpoint 'PetProject.Controllers.UserController.Login (PetProject)' 
2024-10-28 01:29:11.7894|INFO|Microsoft.AspNetCore.Routing.EndpointMiddleware|Executing endpoint 'PetProject.Controllers.UserController.Login (PetProject)' 
2024-10-28 01:29:11.7894|INFO|Microsoft.AspNetCore.Routing.EndpointMiddleware|Executed endpoint 'PetProject.Controllers.UserController.Login (PetProject)' 
2024-10-28 01:29:11.7894|INFO|Microsoft.AspNetCore.Routing.EndpointMiddleware|Executing endpoint 'PetProject.Controllers.UserController.Login (PetProject)' 
2024-10-28 01:29:11.7894|INFO|Microsoft.AspNetCore.Routing.EndpointMiddleware|Executed endpoint 'PetProject.Controllers.UserController.Login (PetProject)' 
2024-10-28 01:29:11.8060|INFO|Microsoft.AspNetCore.Routing.EndpointMiddleware|Executing endpoint 'PetProject.Controllers.UserController.Login (PetProject)' 
2024-10-28 01:29:11.8060|INFO|Microsoft.AspNetCore.Routing.EndpointMiddleware|Executed endpoint 'PetProject.Controllers.UserController.Login (PetProject)' 
2024-10-28 01:29:11.8060|INFO|Microsoft.AspNetCore.Routing.EndpointMiddleware|Executing endpoint 'PetProject.Controllers.UserController.Login (PetProject)' 
2024-10-28 01:29:11.8060|INFO|Microsoft.AspNetCore.Routing.EndpointMiddleware|Executed endpoint 'PetProject.Controllers.UserController.Login (PetProject)' 
2024-10-28 01:29:11.8207|INFO|Microsoft.AspNetCore.Routing.EndpointMiddleware|Executing endpoint 'PetProject.Controllers.UserController.Login (PetProject)' 
2024-10-28 01:29:11.8207|INFO|Microsoft.AspNetCore.Routing.EndpointMiddleware|Executed endpoint 'PetProject.Controllers.UserController.Login (PetProject)' 
2024-10-28 01:29:11.8207|INFO|Microsoft.AspNetCore.Routing.EndpointMiddleware|Executing endpoint 'PetProject.Controllers.UserController.Login (PetProject)' 
2024-10-28 01:29:11.8207|INFO|Microsoft.AspNetCore.Routing.EndpointMiddleware|Executed endpoint 'PetProject.Controllers.UserController.Login (PetProject)' 
2024-10-28 01:32:14.8044|INFO|Microsoft.AspNetCore.Routing.EndpointMiddleware|Executing endpoint 'PetProject.Controllers.UserController.Login (PetProject)' 
2024-10-28 01:32:14.8044|INFO|Microsoft.AspNetCore.Routing.EndpointMiddleware|Executed endpoint 'PetProject.Controllers.UserController.Login (PetProject)' 
2024-10-28 01:32:14.8044|INFO|Microsoft.AspNetCore.Routing.EndpointMiddleware|Executing endpoint 'PetProject.Controllers.UserController.Login (PetProject)' 
2024-10-28 01:32:14.8044|INFO|Microsoft.AspNetCore.Routing.EndpointMiddleware|Executed endpoint 'PetProject.Controllers.UserController.Login (PetProject)' 
2024-10-28 01:32:14.8207|INFO|Microsoft.AspNetCore.Routing.EndpointMiddleware|Executing endpoint 'PetProject.Controllers.UserController.Login (PetProject)' 
2024-10-28 01:32:14.8207|INFO|Microsoft.AspNetCore.Routing.EndpointMiddleware|Executed endpoint 'PetProject.Controllers.UserController.Login (PetProject)' 
2024-10-28 01:32:14.8207|INFO|Microsoft.AspNetCore.Routing.EndpointMiddleware|Executing endpoint 'PetProject.Controllers.UserController.Login (PetProject)' 
2024-10-28 01:32:14.8207|INFO|Microsoft.AspNetCore.Routing.EndpointMiddleware|Executed endpoint 'PetProject.Controllers.UserController.Login (PetProject)' 
2024-10-28 01:32:14.8365|INFO|Microsoft.AspNetCore.Routing.EndpointMiddleware|Executing endpoint 'PetProject.Controllers.UserController.Login (PetProject)' 
2024-10-28 01:32:14.8365|INFO|Microsoft.AspNetCore.Routing.EndpointMiddleware|Executed endpoint 'PetProject.Controllers.UserController.Login (PetProject)' 
2024-10-28 01:32:14.8365|INFO|Microsoft.AspNetCore.Routing.EndpointMiddleware|Executing endpoint 'PetProject.Controllers.UserController.Login (PetProject)' 
2024-10-28 01:32:14.8365|INFO|Microsoft.AspNetCore.Routing.EndpointMiddleware|Executed endpoint 'PetProject.Controllers.UserController.Login (PetProject)' 
2024-10-28 01:32:14.8503|INFO|Microsoft.AspNetCore.Routing.EndpointMiddleware|Executing endpoint 'PetProject.Controllers.UserController.Login (PetProject)' 
2024-10-28 01:32:14.8503|INFO|Microsoft.AspNetCore.Routing.EndpointMiddleware|Executed endpoint 'PetProject.Controllers.UserController.Login (PetProject)' 
2024-10-28 01:32:14.8503|INFO|Microsoft.AspNetCore.Routing.EndpointMiddleware|Executing endpoint 'PetProject.Controllers.UserController.Login (PetProject)' 
2024-10-28 01:32:14.8503|INFO|Microsoft.AspNetCore.Routing.EndpointMiddleware|Executed endpoint 'PetProject.Controllers.UserController.Login (PetProject)' 
2024-10-28 01:32:14.8503|INFO|Microsoft.AspNetCore.Routing.EndpointMiddleware|Executing endpoint 'PetProject.Controllers.UserController.Login (PetProject)' 
2024-10-28 01:32:14.8663|INFO|Microsoft.AspNetCore.Routing.EndpointMiddleware|Executed endpoint 'PetProject.Controllers.UserController.Login (PetProject)' 
2024-10-28 01:32:14.9445|INFO|Microsoft.AspNetCore.Routing.EndpointMiddleware|Executing endpoint 'PetProject.Controllers.UserController.Login (PetProject)' 
2024-10-28 01:32:14.9445|INFO|Microsoft.AspNetCore.Routing.EndpointMiddleware|Executed endpoint 'PetProject.Controllers.UserController.Login (PetProject)' 
2024-10-28 01:32:14.9708|INFO|Microsoft.AspNetCore.Routing.EndpointMiddleware|Executing endpoint 'PetProject.Controllers.UserController.Login (PetProject)' 
2024-10-28 01:32:14.9708|INFO|Microsoft.AspNetCore.Routing.EndpointMiddleware|Executed endpoint 'PetProject.Controllers.UserController.Login (PetProject)' 
2024-10-28 01:32:14.9754|INFO|Microsoft.AspNetCore.Routing.EndpointMiddleware|Executing endpoint 'PetProject.Controllers.UserController.Login (PetProject)' 
2024-10-28 01:32:14.9754|INFO|Microsoft.AspNetCore.Routing.EndpointMiddleware|Executed endpoint 'PetProject.Controllers.UserController.Login (PetProject)' 
2024-10-28 01:32:14.9754|INFO|Microsoft.AspNetCore.Routing.EndpointMiddleware|Executing endpoint 'PetProject.Controllers.UserController.Login (PetProject)' 
2024-10-28 01:32:14.9914|INFO|Microsoft.AspNetCore.Routing.EndpointMiddleware|Executed endpoint 'PetProject.Controllers.UserController.Login (PetProject)' 
2024-10-28 01:32:14.9914|INFO|Microsoft.AspNetCore.Routing.EndpointMiddleware|Executing endpoint 'PetProject.Controllers.UserController.Login (PetProject)' 
2024-10-28 01:32:14.9914|INFO|Microsoft.AspNetCore.Routing.EndpointMiddleware|Executed endpoint 'PetProject.Controllers.UserController.Login (PetProject)' 
2024-10-28 01:32:14.9914|INFO|Microsoft.AspNetCore.Routing.EndpointMiddleware|Executing endpoint 'PetProject.Controllers.UserController.Login (PetProject)' 
2024-10-28 01:32:15.0065|INFO|Microsoft.AspNetCore.Routing.EndpointMiddleware|Executed endpoint 'PetProject.Controllers.UserController.Login (PetProject)' 
2024-10-28 01:32:15.0065|INFO|Microsoft.AspNetCore.Routing.EndpointMiddleware|Executing endpoint 'PetProject.Controllers.UserController.Login (PetProject)' 
2024-10-28 01:32:15.0065|INFO|Microsoft.AspNetCore.Routing.EndpointMiddleware|Executed endpoint 'PetProject.Controllers.UserController.Login (PetProject)' 
2024-10-28 01:32:15.0224|INFO|Microsoft.AspNetCore.Routing.EndpointMiddleware|Executing endpoint 'PetProject.Controllers.UserController.Login (PetProject)' 
2024-10-28 01:32:15.0224|INFO|Microsoft.AspNetCore.Routing.EndpointMiddleware|Executed endpoint 'PetProject.Controllers.UserController.Login (PetProject)' 
2024-10-28 01:32:15.0224|INFO|Microsoft.AspNetCore.Routing.EndpointMiddleware|Executing endpoint 'PetProject.Controllers.UserController.Login (PetProject)' 
2024-10-28 01:32:15.0224|INFO|Microsoft.AspNetCore.Routing.EndpointMiddleware|Executed endpoint 'PetProject.Controllers.UserController.Login (PetProject)' 
2024-10-28 01:32:15.0384|INFO|Microsoft.AspNetCore.Routing.EndpointMiddleware|Executing endpoint 'PetProject.Controllers.UserController.Login (PetProject)' 
2024-10-28 01:32:15.0384|INFO|Microsoft.AspNetCore.Routing.EndpointMiddleware|Executed endpoint 'PetProject.Controllers.UserController.Login (PetProject)' 
2024-10-28 01:32:15.0384|INFO|Microsoft.AspNetCore.Routing.EndpointMiddleware|Executing endpoint 'PetProject.Controllers.UserController.Login (PetProject)' 
2024-10-28 01:32:15.0536|INFO|Microsoft.AspNetCore.Routing.EndpointMiddleware|Executed endpoint 'PetProject.Controllers.UserController.Login (PetProject)' 
2024-10-28 01:32:24.3533|INFO|Microsoft.AspNetCore.Routing.EndpointMiddleware|Executing endpoint '/Index' 
2024-10-28 01:32:24.8260|INFO|Microsoft.AspNetCore.Routing.EndpointMiddleware|Executed endpoint '/Index' 
2024-10-28 01:32:25.0560|INFO|Microsoft.AspNetCore.Routing.EndpointMiddleware|Executing endpoint '/connect/negotiate' 
2024-10-28 01:32:25.0711|INFO|Microsoft.AspNetCore.Routing.EndpointMiddleware|Executed endpoint '/connect/negotiate' 
2024-10-28 01:32:25.0848|INFO|Microsoft.AspNetCore.Routing.EndpointMiddleware|Executing endpoint '/connect' 
2024-10-28 01:32:25.1158|INFO|Microsoft.AspNetCore.Routing.EndpointMiddleware|Executed endpoint '/connect' 
2024-10-28 01:32:43.8349|INFO|Microsoft.AspNetCore.Routing.EndpointMiddleware|Executing endpoint 'PetProject.Controllers.UserController.Profile (PetProject)' 
2024-10-28 01:32:43.8970|INFO|Microsoft.AspNetCore.Routing.EndpointMiddleware|Executed endpoint 'PetProject.Controllers.UserController.Profile (PetProject)' 
2024-10-28 01:32:43.9766|INFO|Microsoft.AspNetCore.Routing.EndpointMiddleware|Executing endpoint 'PetProject.Controllers.UserController.Login (PetProject)' 
2024-10-28 01:32:44.5067|INFO|Microsoft.AspNetCore.Routing.EndpointMiddleware|Executed endpoint 'PetProject.Controllers.UserController.Login (PetProject)' 
