2024-10-28 00:26:05.8055|DEBUG|Microsoft.AspNetCore.Mvc.Razor.RazorViewEngine|View lookup cache miss for view 'Profile' in controller 'User'. 
2024-10-28 00:26:06.0417|DEBUG|Microsoft.AspNetCore.Mvc.Razor.RazorViewEngine|View lookup cache miss for view 'DisplayTemplates/String' in controller 'User'. 
2024-10-28 00:26:06.0417|DEBUG|Microsoft.AspNetCore.Mvc.Razor.RazorViewEngine|View lookup cache miss for view 'DisplayTemplates/DateTime' in controller 'User'. 
2024-10-28 00:26:06.0417|DEBUG|Microsoft.AspNetCore.Mvc.Razor.RazorViewEngine|View lookup cache hit for view 'DisplayTemplates/String' in controller 'User'. 
2024-10-28 00:26:06.0417|DEBUG|Microsoft.AspNetCore.Mvc.Razor.RazorViewEngine|View lookup cache miss for view 'DisplayTemplates/Gender' in controller 'User'. 
2024-10-28 00:26:06.0417|DEBUG|Microsoft.AspNetCore.Mvc.Razor.RazorViewEngine|View lookup cache miss for view 'DisplayTemplates/Enum' in controller 'User'. 
2024-10-28 00:26:06.0417|DEBUG|Microsoft.AspNetCore.Mvc.Razor.RazorViewEngine|View lookup cache hit for view 'DisplayTemplates/String' in controller 'User'. 
2024-10-28 00:26:06.0417|DEBUG|Microsoft.AspNetCore.Mvc.Razor.RazorViewEngine|View lookup cache hit for view 'DisplayTemplates/String' in controller 'User'. 
2024-10-28 00:26:06.0417|DEBUG|Microsoft.AspNetCore.Mvc.Razor.RazorViewEngine|View lookup cache hit for view 'DisplayTemplates/String' in controller 'User'. 
2024-10-28 00:28:26.4947|DEBUG|Microsoft.AspNetCore.Mvc.Razor.RazorViewEngine|View lookup cache miss for view '_Layout' in controller '(null)'. 
2024-10-28 00:29:51.0727|DEBUG|Microsoft.AspNetCore.Mvc.Razor.RazorViewEngine|View lookup cache miss for view '_Layout' in controller '(null)'. 
2024-10-28 00:31:16.5200|DEBUG|Microsoft.AspNetCore.Mvc.Razor.RazorViewEngine|View lookup cache miss for view '_Layout' in controller '(null)'. 
2024-10-28 00:31:43.6232|DEBUG|Microsoft.AspNetCore.Mvc.Razor.RazorViewEngine|View lookup cache miss for view '_Layout' in controller '(null)'. 
2024-10-28 00:33:47.2912|DEBUG|Microsoft.AspNetCore.Mvc.Razor.RazorViewEngine|View lookup cache miss for view '_Layout' in controller '(null)'. 
2024-10-28 00:34:16.0006|DEBUG|Microsoft.AspNetCore.Mvc.Razor.RazorViewEngine|View lookup cache miss for view '_Layout' in controller '(null)'. 
2024-10-28 00:36:03.4734|DEBUG|Microsoft.AspNetCore.Mvc.Razor.RazorViewEngine|View lookup cache miss for view '_Layout' in controller '(null)'. 
2024-10-28 00:36:33.3999|DEBUG|Microsoft.AspNetCore.Mvc.Razor.RazorViewEngine|View lookup cache miss for view '_Layout' in controller '(null)'. 
2024-10-28 00:39:31.2576|DEBUG|Microsoft.AspNetCore.Mvc.Razor.RazorViewEngine|View lookup cache miss for view '_Layout' in controller '(null)'. 
2024-10-28 01:27:07.7150|DEBUG|Microsoft.AspNetCore.Mvc.Razor.RazorViewEngine|View lookup cache miss for view '_Layout' in controller '(null)'. 
2024-10-28 01:27:12.9809|DEBUG|Microsoft.AspNetCore.Mvc.Razor.RazorViewEngine|View lookup cache miss for view 'Login' in controller 'User'. 
2024-10-28 01:27:39.9945|DEBUG|Microsoft.AspNetCore.Mvc.Razor.RazorViewEngine|View lookup cache hit for view 'Login' in controller 'User'. 
2024-10-28 01:29:02.2330|DEBUG|Microsoft.AspNetCore.Mvc.Razor.RazorViewEngine|View lookup cache miss for view '_Layout' in controller '(null)'. 
2024-10-28 01:32:24.4963|DEBUG|Microsoft.AspNetCore.Mvc.Razor.RazorViewEngine|View lookup cache miss for view '_Layout' in controller '(null)'. 
2024-10-28 01:32:44.1660|DEBUG|Microsoft.AspNetCore.Mvc.Razor.RazorViewEngine|View lookup cache miss for view 'Login' in controller 'User'. 
