2024-10-27 23:07:37.3083|DEBUG|Microsoft.AspNetCore.Routing.DefaultLinkGenerator|Found the endpoints Route: {controller=Home}/{action=Index}/{id?} for address (action=[Login],controller=[User]) 
2024-10-27 23:07:37.3083|DEBUG|Microsoft.AspNetCore.Routing.DefaultLinkGenerator|Successfully processed template {controller=Home}/{action=Index}/{id?} for Route: {controller=Home}/{action=Index}/{id?} resulting in /User/Login and  
2024-10-27 23:07:37.3083|DEBUG|Microsoft.AspNetCore.Routing.DefaultLinkGenerator|Link generation succeeded for endpoints Route: {controller=Home}/{action=Index}/{id?} with result /User/Login 
2024-10-27 23:07:37.3360|DEBUG|Microsoft.AspNetCore.Routing.DefaultLinkGenerator|Found the endpoints Route: {controller=Home}/{action=Index}/{id?} for address (action=[Register],controller=[User]) 
2024-10-27 23:07:37.3360|DEBUG|Microsoft.AspNetCore.Routing.DefaultLinkGenerator|Successfully processed template {controller=Home}/{action=Index}/{id?} for Route: {controller=Home}/{action=Index}/{id?} resulting in /User/Register and  
2024-10-27 23:07:37.3360|DEBUG|Microsoft.AspNetCore.Routing.DefaultLinkGenerator|Link generation succeeded for endpoints Route: {controller=Home}/{action=Index}/{id?} with result /User/Register 
2024-10-27 23:08:15.8440|DEBUG|Microsoft.AspNetCore.Routing.DefaultLinkGenerator|Found the endpoints Route: {controller=Home}/{action=Index}/{id?} for address (action=[Login],controller=[User]) 
2024-10-27 23:08:15.8440|DEBUG|Microsoft.AspNetCore.Routing.DefaultLinkGenerator|Successfully processed template {controller=Home}/{action=Index}/{id?} for Route: {controller=Home}/{action=Index}/{id?} resulting in /User/Login and  
2024-10-27 23:08:15.8440|DEBUG|Microsoft.AspNetCore.Routing.DefaultLinkGenerator|Link generation succeeded for endpoints Route: {controller=Home}/{action=Index}/{id?} with result /User/Login 
2024-10-27 23:08:15.8440|DEBUG|Microsoft.AspNetCore.Routing.DefaultLinkGenerator|Found the endpoints Route: {controller=Home}/{action=Index}/{id?} for address (action=[Register],controller=[User]) 
2024-10-27 23:08:15.8440|DEBUG|Microsoft.AspNetCore.Routing.DefaultLinkGenerator|Successfully processed template {controller=Home}/{action=Index}/{id?} for Route: {controller=Home}/{action=Index}/{id?} resulting in /User/Register and  
2024-10-27 23:08:15.8440|DEBUG|Microsoft.AspNetCore.Routing.DefaultLinkGenerator|Link generation succeeded for endpoints Route: {controller=Home}/{action=Index}/{id?} with result /User/Register 
2024-10-27 23:08:42.9530|DEBUG|Microsoft.AspNetCore.Routing.DefaultLinkGenerator|Found the endpoints Route: {controller=Home}/{action=Index}/{id?} for address (action=[Register],controller=[User]) 
2024-10-27 23:08:42.9530|DEBUG|Microsoft.AspNetCore.Routing.DefaultLinkGenerator|Successfully processed template {controller=Home}/{action=Index}/{id?} for Route: {controller=Home}/{action=Index}/{id?} resulting in /User/Register and  
2024-10-27 23:08:42.9530|DEBUG|Microsoft.AspNetCore.Routing.DefaultLinkGenerator|Link generation succeeded for endpoints Route: {controller=Home}/{action=Index}/{id?} with result /User/Register 
2024-10-27 23:08:43.0137|DEBUG|Microsoft.AspNetCore.Routing.DefaultLinkGenerator|Found the endpoints Route: {controller=Home}/{action=Index}/{id?} for address (action=[Login],controller=[User]) 
2024-10-27 23:08:43.0137|DEBUG|Microsoft.AspNetCore.Routing.DefaultLinkGenerator|Successfully processed template {controller=Home}/{action=Index}/{id?} for Route: {controller=Home}/{action=Index}/{id?} resulting in /User/Login and  
2024-10-27 23:08:43.0137|DEBUG|Microsoft.AspNetCore.Routing.DefaultLinkGenerator|Link generation succeeded for endpoints Route: {controller=Home}/{action=Index}/{id?} with result /User/Login 
2024-10-27 23:09:02.3328|DEBUG|Microsoft.AspNetCore.Routing.DefaultLinkGenerator|Found the endpoints Route: {controller=Home}/{action=Index}/{id?} for address (action=[Login],controller=[User]) 
2024-10-27 23:09:02.3328|DEBUG|Microsoft.AspNetCore.Routing.DefaultLinkGenerator|Successfully processed template {controller=Home}/{action=Index}/{id?} for Route: {controller=Home}/{action=Index}/{id?} resulting in /User/Login and  
2024-10-27 23:09:02.3328|DEBUG|Microsoft.AspNetCore.Routing.DefaultLinkGenerator|Link generation succeeded for endpoints Route: {controller=Home}/{action=Index}/{id?} with result /User/Login 
2024-10-27 23:09:02.3591|DEBUG|Microsoft.AspNetCore.Routing.DefaultLinkGenerator|Found the endpoints Route: {controller=Home}/{action=Index}/{id?} for address (action=[Login],controller=[User]) 
2024-10-27 23:09:02.3591|DEBUG|Microsoft.AspNetCore.Routing.DefaultLinkGenerator|Successfully processed template {controller=Home}/{action=Index}/{id?} for Route: {controller=Home}/{action=Index}/{id?} resulting in /User/Login and  
2024-10-27 23:09:02.3591|DEBUG|Microsoft.AspNetCore.Routing.DefaultLinkGenerator|Link generation succeeded for endpoints Route: {controller=Home}/{action=Index}/{id?} with result /User/Login 
2024-10-27 23:09:02.3591|DEBUG|Microsoft.AspNetCore.Routing.DefaultLinkGenerator|Found the endpoints Route: {controller=Home}/{action=Index}/{id?} for address (action=[Register],controller=[User]) 
2024-10-27 23:09:02.3591|DEBUG|Microsoft.AspNetCore.Routing.DefaultLinkGenerator|Successfully processed template {controller=Home}/{action=Index}/{id?} for Route: {controller=Home}/{action=Index}/{id?} resulting in /User/Register and  
2024-10-27 23:09:02.3591|DEBUG|Microsoft.AspNetCore.Routing.DefaultLinkGenerator|Link generation succeeded for endpoints Route: {controller=Home}/{action=Index}/{id?} with result /User/Register 
2024-10-27 23:29:40.0369|DEBUG|Microsoft.AspNetCore.Routing.DefaultLinkGenerator|Found the endpoints Route: {controller=Home}/{action=Index}/{id?} for address (action=[Login],controller=[User]) 
2024-10-27 23:29:40.0369|DEBUG|Microsoft.AspNetCore.Routing.DefaultLinkGenerator|Successfully processed template {controller=Home}/{action=Index}/{id?} for Route: {controller=Home}/{action=Index}/{id?} resulting in /User/Login and  
2024-10-27 23:29:40.0369|DEBUG|Microsoft.AspNetCore.Routing.DefaultLinkGenerator|Link generation succeeded for endpoints Route: {controller=Home}/{action=Index}/{id?} with result /User/Login 
2024-10-27 23:29:40.0369|DEBUG|Microsoft.AspNetCore.Routing.DefaultLinkGenerator|Found the endpoints Route: {controller=Home}/{action=Index}/{id?} for address (action=[Register],controller=[User]) 
2024-10-27 23:29:40.0369|DEBUG|Microsoft.AspNetCore.Routing.DefaultLinkGenerator|Successfully processed template {controller=Home}/{action=Index}/{id?} for Route: {controller=Home}/{action=Index}/{id?} resulting in /User/Register and  
2024-10-27 23:29:40.0369|DEBUG|Microsoft.AspNetCore.Routing.DefaultLinkGenerator|Link generation succeeded for endpoints Route: {controller=Home}/{action=Index}/{id?} with result /User/Register 
