2024-10-28 00:27:48.4191|TRACE|Microsoft.AspNetCore.SignalR.Internal.DefaultHubDispatcher|'ConnectionHub' hub method 'Matching' is bound. 
2024-10-28 00:27:48.4191|TRACE|Microsoft.AspNetCore.SignalR.Internal.DefaultHubDispatcher|'ConnectionHub' hub method 'Join' is bound. 
2024-10-28 00:27:48.4318|TRACE|Microsoft.AspNetCore.SignalR.Internal.DefaultHubDispatcher|'ConnectionHub' hub method 'AnswerCall' is bound. 
2024-10-28 00:27:48.4318|TRACE|Microsoft.AspNetCore.SignalR.Internal.DefaultHubDispatcher|'ConnectionHub' hub method 'HangUp' is bound. 
2024-10-28 00:27:48.4318|TRACE|Microsoft.AspNetCore.SignalR.Internal.DefaultHubDispatcher|'ConnectionHub' hub method 'SendData' is bound. 
2024-10-28 00:27:48.4318|TRACE|Microsoft.AspNetCore.SignalR.Internal.DefaultHubDispatcher|'ConnectionHub' hub method 'ToggleCamera' is bound. 
2024-10-28 00:27:48.4466|TRACE|Microsoft.AspNetCore.SignalR.Internal.DefaultHubDispatcher|'ConnectionHub' hub method 'ToggleMicrophone' is bound. 
2024-10-28 00:27:48.4466|TRACE|Microsoft.AspNetCore.SignalR.Internal.DefaultHubDispatcher|'ConnectionHub' hub method 'SendMsg' is bound. 
2024-10-28 00:28:23.3300|TRACE|Microsoft.AspNetCore.SignalR.Internal.DefaultHubDispatcher|'ConnectionHub' hub method 'Matching' is bound. 
2024-10-28 00:28:23.3300|TRACE|Microsoft.AspNetCore.SignalR.Internal.DefaultHubDispatcher|'ConnectionHub' hub method 'Join' is bound. 
2024-10-28 00:28:23.3300|TRACE|Microsoft.AspNetCore.SignalR.Internal.DefaultHubDispatcher|'ConnectionHub' hub method 'AnswerCall' is bound. 
2024-10-28 00:28:23.3372|TRACE|Microsoft.AspNetCore.SignalR.Internal.DefaultHubDispatcher|'ConnectionHub' hub method 'HangUp' is bound. 
2024-10-28 00:28:23.3372|TRACE|Microsoft.AspNetCore.SignalR.Internal.DefaultHubDispatcher|'ConnectionHub' hub method 'SendData' is bound. 
2024-10-28 00:28:23.3372|TRACE|Microsoft.AspNetCore.SignalR.Internal.DefaultHubDispatcher|'ConnectionHub' hub method 'ToggleCamera' is bound. 
2024-10-28 00:28:23.3372|TRACE|Microsoft.AspNetCore.SignalR.Internal.DefaultHubDispatcher|'ConnectionHub' hub method 'ToggleMicrophone' is bound. 
2024-10-28 00:28:23.3372|TRACE|Microsoft.AspNetCore.SignalR.Internal.DefaultHubDispatcher|'ConnectionHub' hub method 'SendMsg' is bound. 
2024-10-28 00:29:47.1899|TRACE|Microsoft.AspNetCore.SignalR.Internal.DefaultHubDispatcher|'ConnectionHub' hub method 'Matching' is bound. 
2024-10-28 00:29:47.1899|TRACE|Microsoft.AspNetCore.SignalR.Internal.DefaultHubDispatcher|'ConnectionHub' hub method 'Join' is bound. 
2024-10-28 00:29:47.1961|TRACE|Microsoft.AspNetCore.SignalR.Internal.DefaultHubDispatcher|'ConnectionHub' hub method 'AnswerCall' is bound. 
2024-10-28 00:29:47.1961|TRACE|Microsoft.AspNetCore.SignalR.Internal.DefaultHubDispatcher|'ConnectionHub' hub method 'HangUp' is bound. 
2024-10-28 00:29:47.1961|TRACE|Microsoft.AspNetCore.SignalR.Internal.DefaultHubDispatcher|'ConnectionHub' hub method 'SendData' is bound. 
2024-10-28 00:29:47.1961|TRACE|Microsoft.AspNetCore.SignalR.Internal.DefaultHubDispatcher|'ConnectionHub' hub method 'ToggleCamera' is bound. 
2024-10-28 00:29:47.1961|TRACE|Microsoft.AspNetCore.SignalR.Internal.DefaultHubDispatcher|'ConnectionHub' hub method 'ToggleMicrophone' is bound. 
2024-10-28 00:29:47.1961|TRACE|Microsoft.AspNetCore.SignalR.Internal.DefaultHubDispatcher|'ConnectionHub' hub method 'SendMsg' is bound. 
2024-10-28 00:31:12.3843|TRACE|Microsoft.AspNetCore.SignalR.Internal.DefaultHubDispatcher|'ConnectionHub' hub method 'Matching' is bound. 
2024-10-28 00:31:12.3843|TRACE|Microsoft.AspNetCore.SignalR.Internal.DefaultHubDispatcher|'ConnectionHub' hub method 'Join' is bound. 
2024-10-28 00:31:12.3843|TRACE|Microsoft.AspNetCore.SignalR.Internal.DefaultHubDispatcher|'ConnectionHub' hub method 'AnswerCall' is bound. 
2024-10-28 00:31:12.3843|TRACE|Microsoft.AspNetCore.SignalR.Internal.DefaultHubDispatcher|'ConnectionHub' hub method 'HangUp' is bound. 
2024-10-28 00:31:12.3843|TRACE|Microsoft.AspNetCore.SignalR.Internal.DefaultHubDispatcher|'ConnectionHub' hub method 'SendData' is bound. 
2024-10-28 00:31:12.3843|TRACE|Microsoft.AspNetCore.SignalR.Internal.DefaultHubDispatcher|'ConnectionHub' hub method 'ToggleCamera' is bound. 
2024-10-28 00:31:12.3978|TRACE|Microsoft.AspNetCore.SignalR.Internal.DefaultHubDispatcher|'ConnectionHub' hub method 'ToggleMicrophone' is bound. 
2024-10-28 00:31:12.3978|TRACE|Microsoft.AspNetCore.SignalR.Internal.DefaultHubDispatcher|'ConnectionHub' hub method 'SendMsg' is bound. 
2024-10-28 00:31:39.9754|TRACE|Microsoft.AspNetCore.SignalR.Internal.DefaultHubDispatcher|'ConnectionHub' hub method 'Matching' is bound. 
2024-10-28 00:31:39.9754|TRACE|Microsoft.AspNetCore.SignalR.Internal.DefaultHubDispatcher|'ConnectionHub' hub method 'Join' is bound. 
2024-10-28 00:31:39.9754|TRACE|Microsoft.AspNetCore.SignalR.Internal.DefaultHubDispatcher|'ConnectionHub' hub method 'AnswerCall' is bound. 
2024-10-28 00:31:39.9754|TRACE|Microsoft.AspNetCore.SignalR.Internal.DefaultHubDispatcher|'ConnectionHub' hub method 'HangUp' is bound. 
2024-10-28 00:31:39.9754|TRACE|Microsoft.AspNetCore.SignalR.Internal.DefaultHubDispatcher|'ConnectionHub' hub method 'SendData' is bound. 
2024-10-28 00:31:39.9900|TRACE|Microsoft.AspNetCore.SignalR.Internal.DefaultHubDispatcher|'ConnectionHub' hub method 'ToggleCamera' is bound. 
2024-10-28 00:31:39.9900|TRACE|Microsoft.AspNetCore.SignalR.Internal.DefaultHubDispatcher|'ConnectionHub' hub method 'ToggleMicrophone' is bound. 
2024-10-28 00:31:39.9900|TRACE|Microsoft.AspNetCore.SignalR.Internal.DefaultHubDispatcher|'ConnectionHub' hub method 'SendMsg' is bound. 
2024-10-28 00:33:38.9871|TRACE|Microsoft.AspNetCore.SignalR.Internal.DefaultHubDispatcher|'ConnectionHub' hub method 'Matching' is bound. 
2024-10-28 00:33:38.9918|TRACE|Microsoft.AspNetCore.SignalR.Internal.DefaultHubDispatcher|'ConnectionHub' hub method 'Join' is bound. 
2024-10-28 00:33:38.9918|TRACE|Microsoft.AspNetCore.SignalR.Internal.DefaultHubDispatcher|'ConnectionHub' hub method 'AnswerCall' is bound. 
2024-10-28 00:33:38.9918|TRACE|Microsoft.AspNetCore.SignalR.Internal.DefaultHubDispatcher|'ConnectionHub' hub method 'HangUp' is bound. 
2024-10-28 00:33:38.9918|TRACE|Microsoft.AspNetCore.SignalR.Internal.DefaultHubDispatcher|'ConnectionHub' hub method 'SendData' is bound. 
2024-10-28 00:33:38.9918|TRACE|Microsoft.AspNetCore.SignalR.Internal.DefaultHubDispatcher|'ConnectionHub' hub method 'ToggleCamera' is bound. 
2024-10-28 00:33:38.9918|TRACE|Microsoft.AspNetCore.SignalR.Internal.DefaultHubDispatcher|'ConnectionHub' hub method 'ToggleMicrophone' is bound. 
2024-10-28 00:33:39.0065|TRACE|Microsoft.AspNetCore.SignalR.Internal.DefaultHubDispatcher|'ConnectionHub' hub method 'SendMsg' is bound. 
2024-10-28 00:34:11.5692|TRACE|Microsoft.AspNetCore.SignalR.Internal.DefaultHubDispatcher|'ConnectionHub' hub method 'Matching' is bound. 
2024-10-28 00:34:11.5692|TRACE|Microsoft.AspNetCore.SignalR.Internal.DefaultHubDispatcher|'ConnectionHub' hub method 'Join' is bound. 
2024-10-28 00:34:11.5692|TRACE|Microsoft.AspNetCore.SignalR.Internal.DefaultHubDispatcher|'ConnectionHub' hub method 'AnswerCall' is bound. 
2024-10-28 00:34:11.5692|TRACE|Microsoft.AspNetCore.SignalR.Internal.DefaultHubDispatcher|'ConnectionHub' hub method 'HangUp' is bound. 
2024-10-28 00:34:11.5829|TRACE|Microsoft.AspNetCore.SignalR.Internal.DefaultHubDispatcher|'ConnectionHub' hub method 'SendData' is bound. 
2024-10-28 00:34:11.5829|TRACE|Microsoft.AspNetCore.SignalR.Internal.DefaultHubDispatcher|'ConnectionHub' hub method 'ToggleCamera' is bound. 
2024-10-28 00:34:11.5829|TRACE|Microsoft.AspNetCore.SignalR.Internal.DefaultHubDispatcher|'ConnectionHub' hub method 'ToggleMicrophone' is bound. 
2024-10-28 00:34:11.5829|TRACE|Microsoft.AspNetCore.SignalR.Internal.DefaultHubDispatcher|'ConnectionHub' hub method 'SendMsg' is bound. 
2024-10-28 00:35:59.8588|TRACE|Microsoft.AspNetCore.SignalR.Internal.DefaultHubDispatcher|'ConnectionHub' hub method 'Matching' is bound. 
2024-10-28 00:35:59.8588|TRACE|Microsoft.AspNetCore.SignalR.Internal.DefaultHubDispatcher|'ConnectionHub' hub method 'Join' is bound. 
2024-10-28 00:35:59.8641|TRACE|Microsoft.AspNetCore.SignalR.Internal.DefaultHubDispatcher|'ConnectionHub' hub method 'AnswerCall' is bound. 
2024-10-28 00:35:59.8641|TRACE|Microsoft.AspNetCore.SignalR.Internal.DefaultHubDispatcher|'ConnectionHub' hub method 'HangUp' is bound. 
2024-10-28 00:35:59.8641|TRACE|Microsoft.AspNetCore.SignalR.Internal.DefaultHubDispatcher|'ConnectionHub' hub method 'SendData' is bound. 
2024-10-28 00:35:59.8641|TRACE|Microsoft.AspNetCore.SignalR.Internal.DefaultHubDispatcher|'ConnectionHub' hub method 'ToggleCamera' is bound. 
2024-10-28 00:35:59.8641|TRACE|Microsoft.AspNetCore.SignalR.Internal.DefaultHubDispatcher|'ConnectionHub' hub method 'ToggleMicrophone' is bound. 
2024-10-28 00:35:59.8641|TRACE|Microsoft.AspNetCore.SignalR.Internal.DefaultHubDispatcher|'ConnectionHub' hub method 'SendMsg' is bound. 
2024-10-28 00:36:26.1505|TRACE|Microsoft.AspNetCore.SignalR.Internal.DefaultHubDispatcher|'ConnectionHub' hub method 'Matching' is bound. 
2024-10-28 00:36:26.1505|TRACE|Microsoft.AspNetCore.SignalR.Internal.DefaultHubDispatcher|'ConnectionHub' hub method 'Join' is bound. 
2024-10-28 00:36:26.1505|TRACE|Microsoft.AspNetCore.SignalR.Internal.DefaultHubDispatcher|'ConnectionHub' hub method 'AnswerCall' is bound. 
2024-10-28 00:36:26.1605|TRACE|Microsoft.AspNetCore.SignalR.Internal.DefaultHubDispatcher|'ConnectionHub' hub method 'HangUp' is bound. 
2024-10-28 00:36:26.1605|TRACE|Microsoft.AspNetCore.SignalR.Internal.DefaultHubDispatcher|'ConnectionHub' hub method 'SendData' is bound. 
2024-10-28 00:36:26.1605|TRACE|Microsoft.AspNetCore.SignalR.Internal.DefaultHubDispatcher|'ConnectionHub' hub method 'ToggleCamera' is bound. 
2024-10-28 00:36:26.1605|TRACE|Microsoft.AspNetCore.SignalR.Internal.DefaultHubDispatcher|'ConnectionHub' hub method 'ToggleMicrophone' is bound. 
2024-10-28 00:36:26.1605|TRACE|Microsoft.AspNetCore.SignalR.Internal.DefaultHubDispatcher|'ConnectionHub' hub method 'SendMsg' is bound. 
2024-10-28 00:39:26.0042|TRACE|Microsoft.AspNetCore.SignalR.Internal.DefaultHubDispatcher|'ConnectionHub' hub method 'Matching' is bound. 
2024-10-28 00:39:26.0042|TRACE|Microsoft.AspNetCore.SignalR.Internal.DefaultHubDispatcher|'ConnectionHub' hub method 'Join' is bound. 
2024-10-28 00:39:26.0042|TRACE|Microsoft.AspNetCore.SignalR.Internal.DefaultHubDispatcher|'ConnectionHub' hub method 'AnswerCall' is bound. 
2024-10-28 00:39:26.0042|TRACE|Microsoft.AspNetCore.SignalR.Internal.DefaultHubDispatcher|'ConnectionHub' hub method 'HangUp' is bound. 
2024-10-28 00:39:26.0042|TRACE|Microsoft.AspNetCore.SignalR.Internal.DefaultHubDispatcher|'ConnectionHub' hub method 'SendData' is bound. 
2024-10-28 00:39:26.0042|TRACE|Microsoft.AspNetCore.SignalR.Internal.DefaultHubDispatcher|'ConnectionHub' hub method 'ToggleCamera' is bound. 
2024-10-28 00:39:26.0042|TRACE|Microsoft.AspNetCore.SignalR.Internal.DefaultHubDispatcher|'ConnectionHub' hub method 'ToggleMicrophone' is bound. 
2024-10-28 00:39:26.0178|TRACE|Microsoft.AspNetCore.SignalR.Internal.DefaultHubDispatcher|'ConnectionHub' hub method 'SendMsg' is bound. 
2024-10-28 01:26:40.0921|TRACE|Microsoft.AspNetCore.SignalR.Internal.DefaultHubDispatcher|'ConnectionHub' hub method 'Matching' is bound. 
2024-10-28 01:26:40.0921|TRACE|Microsoft.AspNetCore.SignalR.Internal.DefaultHubDispatcher|'ConnectionHub' hub method 'Join' is bound. 
2024-10-28 01:26:40.0921|TRACE|Microsoft.AspNetCore.SignalR.Internal.DefaultHubDispatcher|'ConnectionHub' hub method 'AnswerCall' is bound. 
2024-10-28 01:26:40.0921|TRACE|Microsoft.AspNetCore.SignalR.Internal.DefaultHubDispatcher|'ConnectionHub' hub method 'HangUp' is bound. 
2024-10-28 01:26:40.0921|TRACE|Microsoft.AspNetCore.SignalR.Internal.DefaultHubDispatcher|'ConnectionHub' hub method 'SendData' is bound. 
2024-10-28 01:26:40.1032|TRACE|Microsoft.AspNetCore.SignalR.Internal.DefaultHubDispatcher|'ConnectionHub' hub method 'ToggleCamera' is bound. 
2024-10-28 01:26:40.1032|TRACE|Microsoft.AspNetCore.SignalR.Internal.DefaultHubDispatcher|'ConnectionHub' hub method 'ToggleMicrophone' is bound. 
2024-10-28 01:26:40.1032|TRACE|Microsoft.AspNetCore.SignalR.Internal.DefaultHubDispatcher|'ConnectionHub' hub method 'SendMsg' is bound. 
2024-10-28 01:28:44.2575|TRACE|Microsoft.AspNetCore.SignalR.Internal.DefaultHubDispatcher|'ConnectionHub' hub method 'Matching' is bound. 
2024-10-28 01:28:44.2608|TRACE|Microsoft.AspNetCore.SignalR.Internal.DefaultHubDispatcher|'ConnectionHub' hub method 'Join' is bound. 
2024-10-28 01:28:44.2608|TRACE|Microsoft.AspNetCore.SignalR.Internal.DefaultHubDispatcher|'ConnectionHub' hub method 'AnswerCall' is bound. 
2024-10-28 01:28:44.2608|TRACE|Microsoft.AspNetCore.SignalR.Internal.DefaultHubDispatcher|'ConnectionHub' hub method 'HangUp' is bound. 
2024-10-28 01:28:44.2608|TRACE|Microsoft.AspNetCore.SignalR.Internal.DefaultHubDispatcher|'ConnectionHub' hub method 'SendData' is bound. 
2024-10-28 01:28:44.2608|TRACE|Microsoft.AspNetCore.SignalR.Internal.DefaultHubDispatcher|'ConnectionHub' hub method 'ToggleCamera' is bound. 
2024-10-28 01:28:44.2608|TRACE|Microsoft.AspNetCore.SignalR.Internal.DefaultHubDispatcher|'ConnectionHub' hub method 'ToggleMicrophone' is bound. 
2024-10-28 01:28:44.2608|TRACE|Microsoft.AspNetCore.SignalR.Internal.DefaultHubDispatcher|'ConnectionHub' hub method 'SendMsg' is bound. 
2024-10-28 01:32:21.1336|TRACE|Microsoft.AspNetCore.SignalR.Internal.DefaultHubDispatcher|'ConnectionHub' hub method 'Matching' is bound. 
2024-10-28 01:32:21.1336|TRACE|Microsoft.AspNetCore.SignalR.Internal.DefaultHubDispatcher|'ConnectionHub' hub method 'Join' is bound. 
2024-10-28 01:32:21.1336|TRACE|Microsoft.AspNetCore.SignalR.Internal.DefaultHubDispatcher|'ConnectionHub' hub method 'AnswerCall' is bound. 
2024-10-28 01:32:21.1336|TRACE|Microsoft.AspNetCore.SignalR.Internal.DefaultHubDispatcher|'ConnectionHub' hub method 'HangUp' is bound. 
2024-10-28 01:32:21.1336|TRACE|Microsoft.AspNetCore.SignalR.Internal.DefaultHubDispatcher|'ConnectionHub' hub method 'SendData' is bound. 
2024-10-28 01:32:21.1336|TRACE|Microsoft.AspNetCore.SignalR.Internal.DefaultHubDispatcher|'ConnectionHub' hub method 'ToggleCamera' is bound. 
2024-10-28 01:32:21.1336|TRACE|Microsoft.AspNetCore.SignalR.Internal.DefaultHubDispatcher|'ConnectionHub' hub method 'ToggleMicrophone' is bound. 
2024-10-28 01:32:21.1468|TRACE|Microsoft.AspNetCore.SignalR.Internal.DefaultHubDispatcher|'ConnectionHub' hub method 'SendMsg' is bound. 
