2024-10-28 00:27:48.5358|INFO|Microsoft.Hosting.Lifetime|Now listening on: https://localhost:5001 
2024-10-28 00:27:48.5358|INFO|Microsoft.Hosting.Lifetime|Now listening on: http://localhost:5000 
2024-10-28 00:27:48.5598|INFO|Microsoft.Hosting.Lifetime|Application started. Press Ctrl+C to shut down. 
2024-10-28 00:27:48.5598|INFO|Microsoft.Hosting.Lifetime|Hosting environment: Development 
2024-10-28 00:27:48.5598|INFO|Microsoft.Hosting.Lifetime|Content root path: C:\Users\63200510\Downloads\WEB BASE\PetProject\src 
2024-10-28 00:28:23.3964|INFO|Microsoft.Hosting.Lifetime|Now listening on: https://localhost:5001 
2024-10-28 00:28:23.3983|INFO|Microsoft.Hosting.Lifetime|Now listening on: http://localhost:5000 
2024-10-28 00:28:23.4198|INFO|Microsoft.Hosting.Lifetime|Application started. Press Ctrl+C to shut down. 
2024-10-28 00:28:23.4198|INFO|Microsoft.Hosting.Lifetime|Hosting environment: Development 
2024-10-28 00:28:23.4198|INFO|Microsoft.Hosting.Lifetime|Content root path: C:\Users\63200510\Downloads\WEB BASE\PetProject\src 
2024-10-28 00:29:47.3017|INFO|Microsoft.Hosting.Lifetime|Now listening on: https://localhost:5001 
2024-10-28 00:29:47.3053|INFO|Microsoft.Hosting.Lifetime|Now listening on: http://localhost:5000 
2024-10-28 00:29:47.3374|INFO|Microsoft.Hosting.Lifetime|Application started. Press Ctrl+C to shut down. 
2024-10-28 00:29:47.3374|INFO|Microsoft.Hosting.Lifetime|Hosting environment: Development 
2024-10-28 00:29:47.3374|INFO|Microsoft.Hosting.Lifetime|Content root path: C:\Users\63200510\Downloads\WEB BASE\PetProject\src 
2024-10-28 00:31:12.4820|INFO|Microsoft.Hosting.Lifetime|Now listening on: https://localhost:5001 
2024-10-28 00:31:12.4820|INFO|Microsoft.Hosting.Lifetime|Now listening on: http://localhost:5000 
2024-10-28 00:31:12.5128|INFO|Microsoft.Hosting.Lifetime|Application started. Press Ctrl+C to shut down. 
2024-10-28 00:31:12.5128|INFO|Microsoft.Hosting.Lifetime|Hosting environment: Development 
2024-10-28 00:31:12.5337|INFO|Microsoft.Hosting.Lifetime|Content root path: C:\Users\63200510\Downloads\WEB BASE\PetProject\src 
2024-10-28 00:31:40.2182|INFO|Microsoft.Hosting.Lifetime|Now listening on: https://localhost:5001 
2024-10-28 00:31:40.2557|INFO|Microsoft.Hosting.Lifetime|Now listening on: http://localhost:5000 
2024-10-28 00:31:40.4972|INFO|Microsoft.Hosting.Lifetime|Application started. Press Ctrl+C to shut down. 
2024-10-28 00:31:40.5066|INFO|Microsoft.Hosting.Lifetime|Hosting environment: Development 
2024-10-28 00:31:40.5283|INFO|Microsoft.Hosting.Lifetime|Content root path: C:\Users\63200510\Downloads\WEB BASE\PetProject\src 
2024-10-28 00:33:39.2863|INFO|Microsoft.Hosting.Lifetime|Now listening on: https://localhost:5001 
2024-10-28 00:33:39.2863|INFO|Microsoft.Hosting.Lifetime|Now listening on: http://localhost:5000 
2024-10-28 00:33:39.6072|INFO|Microsoft.Hosting.Lifetime|Application started. Press Ctrl+C to shut down. 
2024-10-28 00:33:39.7657|INFO|Microsoft.Hosting.Lifetime|Hosting environment: Development 
2024-10-28 00:33:39.9662|INFO|Microsoft.Hosting.Lifetime|Content root path: C:\Users\63200510\Downloads\WEB BASE\PetProject\src 
2024-10-28 00:34:11.6986|INFO|Microsoft.Hosting.Lifetime|Now listening on: https://localhost:5001 
2024-10-28 00:34:11.6986|INFO|Microsoft.Hosting.Lifetime|Now listening on: http://localhost:5000 
2024-10-28 00:34:11.7346|INFO|Microsoft.Hosting.Lifetime|Application started. Press Ctrl+C to shut down. 
2024-10-28 00:34:11.7346|INFO|Microsoft.Hosting.Lifetime|Hosting environment: Development 
2024-10-28 00:34:11.7346|INFO|Microsoft.Hosting.Lifetime|Content root path: C:\Users\63200510\Downloads\WEB BASE\PetProject\src 
2024-10-28 00:35:59.9246|INFO|Microsoft.Hosting.Lifetime|Now listening on: https://localhost:5001 
2024-10-28 00:35:59.9254|INFO|Microsoft.Hosting.Lifetime|Now listening on: http://localhost:5000 
2024-10-28 00:35:59.9485|INFO|Microsoft.Hosting.Lifetime|Application started. Press Ctrl+C to shut down. 
2024-10-28 00:35:59.9485|INFO|Microsoft.Hosting.Lifetime|Hosting environment: Development 
2024-10-28 00:35:59.9485|INFO|Microsoft.Hosting.Lifetime|Content root path: C:\Users\63200510\Downloads\WEB BASE\PetProject\src 
2024-10-28 00:36:26.2188|INFO|Microsoft.Hosting.Lifetime|Now listening on: https://localhost:5001 
2024-10-28 00:36:26.2188|INFO|Microsoft.Hosting.Lifetime|Now listening on: http://localhost:5000 
2024-10-28 00:36:26.2404|INFO|Microsoft.Hosting.Lifetime|Application started. Press Ctrl+C to shut down. 
2024-10-28 00:36:26.2404|INFO|Microsoft.Hosting.Lifetime|Hosting environment: Development 
2024-10-28 00:36:26.2404|INFO|Microsoft.Hosting.Lifetime|Content root path: C:\Users\63200510\Downloads\WEB BASE\PetProject\src 
2024-10-28 00:39:26.0653|INFO|Microsoft.Hosting.Lifetime|Now listening on: https://localhost:5001 
2024-10-28 00:39:26.0653|INFO|Microsoft.Hosting.Lifetime|Now listening on: http://localhost:5000 
2024-10-28 00:39:26.0858|INFO|Microsoft.Hosting.Lifetime|Application started. Press Ctrl+C to shut down. 
2024-10-28 00:39:26.0858|INFO|Microsoft.Hosting.Lifetime|Hosting environment: Development 
2024-10-28 00:39:26.0858|INFO|Microsoft.Hosting.Lifetime|Content root path: C:\Users\63200510\Downloads\WEB BASE\PetProject\src 
2024-10-28 01:26:40.1611|INFO|Microsoft.Hosting.Lifetime|Now listening on: https://localhost:5001 
2024-10-28 01:26:40.1611|INFO|Microsoft.Hosting.Lifetime|Now listening on: http://localhost:5000 
2024-10-28 01:26:40.2036|INFO|Microsoft.Hosting.Lifetime|Application started. Press Ctrl+C to shut down. 
2024-10-28 01:26:40.2036|INFO|Microsoft.Hosting.Lifetime|Hosting environment: Development 
2024-10-28 01:26:40.2036|INFO|Microsoft.Hosting.Lifetime|Content root path: C:\Users\63200510\Downloads\WEB BASE\PetProject\src 
2024-10-28 01:28:44.3255|INFO|Microsoft.Hosting.Lifetime|Now listening on: https://localhost:5001 
2024-10-28 01:28:44.3255|INFO|Microsoft.Hosting.Lifetime|Now listening on: http://localhost:5000 
2024-10-28 01:28:44.3577|INFO|Microsoft.Hosting.Lifetime|Application started. Press Ctrl+C to shut down. 
2024-10-28 01:28:44.3577|INFO|Microsoft.Hosting.Lifetime|Hosting environment: Development 
2024-10-28 01:28:44.3577|INFO|Microsoft.Hosting.Lifetime|Content root path: C:\Users\63200510\Downloads\WEB BASE\PetProject\src 
2024-10-28 01:32:21.1971|INFO|Microsoft.Hosting.Lifetime|Now listening on: https://localhost:5001 
2024-10-28 01:32:21.1971|INFO|Microsoft.Hosting.Lifetime|Now listening on: http://localhost:5000 
2024-10-28 01:32:21.2177|INFO|Microsoft.Hosting.Lifetime|Application started. Press Ctrl+C to shut down. 
2024-10-28 01:32:21.2177|INFO|Microsoft.Hosting.Lifetime|Hosting environment: Development 
2024-10-28 01:32:21.2177|INFO|Microsoft.Hosting.Lifetime|Content root path: C:\Users\63200510\Downloads\WEB BASE\PetProject\src 
