2024-10-28 00:26:05.8055|TRACE|Microsoft.AspNetCore.Mvc.Razor.RuntimeCompilation.RuntimeViewCompiler|Located compiled view for view at path '/Views/User/Profile.cshtml'. 
2024-10-28 00:26:05.8055|TRACE|Microsoft.AspNetCore.Mvc.Razor.RuntimeCompilation.RuntimeViewCompiler|Invalidating compiled view at path '/Views/User/Profile.cshtml' with a file since the checksum did not match. 
2024-10-28 00:26:05.9547|DEBUG|Microsoft.AspNetCore.Mvc.Razor.RuntimeCompilation.RuntimeViewCompiler|Compilation of the generated code for the Razor file at 'C:\Users\63200510\Downloads\WEB BASE\PetProject\src\Views\User\Profile.cshtml' started. 
2024-10-28 00:26:06.0343|DEBUG|Microsoft.AspNetCore.Mvc.Razor.RuntimeCompilation.RuntimeViewCompiler|Compilation of the generated code for the Razor file at 'C:\Users\63200510\Downloads\WEB BASE\PetProject\src\Views\User\Profile.cshtml' completed in 78.0836ms. 
2024-10-28 00:26:06.0417|TRACE|Microsoft.AspNetCore.Mvc.Razor.RuntimeCompilation.RuntimeViewCompiler|Could not find a file for view at path '/Views/User/DisplayTemplates/String.cshtml'. 
2024-10-28 00:26:06.0417|TRACE|Microsoft.AspNetCore.Mvc.Razor.RuntimeCompilation.RuntimeViewCompiler|Could not find a file for view at path '/Views/Shared/DisplayTemplates/String.cshtml'. 
2024-10-28 00:26:06.0417|TRACE|Microsoft.AspNetCore.Mvc.Razor.RuntimeCompilation.RuntimeViewCompiler|Could not find a file for view at path '/Pages/Shared/DisplayTemplates/String.cshtml'. 
2024-10-28 00:26:06.0417|TRACE|Microsoft.AspNetCore.Mvc.Razor.RuntimeCompilation.RuntimeViewCompiler|Could not find a file for view at path '/Views/User/DisplayTemplates/DateTime.cshtml'. 
2024-10-28 00:26:06.0417|TRACE|Microsoft.AspNetCore.Mvc.Razor.RuntimeCompilation.RuntimeViewCompiler|Could not find a file for view at path '/Views/Shared/DisplayTemplates/DateTime.cshtml'. 
2024-10-28 00:26:06.0417|TRACE|Microsoft.AspNetCore.Mvc.Razor.RuntimeCompilation.RuntimeViewCompiler|Could not find a file for view at path '/Pages/Shared/DisplayTemplates/DateTime.cshtml'. 
2024-10-28 00:26:06.0417|TRACE|Microsoft.AspNetCore.Mvc.Razor.RuntimeCompilation.RuntimeViewCompiler|Could not find a file for view at path '/Views/User/DisplayTemplates/Gender.cshtml'. 
2024-10-28 00:26:06.0417|TRACE|Microsoft.AspNetCore.Mvc.Razor.RuntimeCompilation.RuntimeViewCompiler|Could not find a file for view at path '/Views/Shared/DisplayTemplates/Gender.cshtml'. 
2024-10-28 00:26:06.0417|TRACE|Microsoft.AspNetCore.Mvc.Razor.RuntimeCompilation.RuntimeViewCompiler|Could not find a file for view at path '/Pages/Shared/DisplayTemplates/Gender.cshtml'. 
2024-10-28 00:26:06.0417|TRACE|Microsoft.AspNetCore.Mvc.Razor.RuntimeCompilation.RuntimeViewCompiler|Could not find a file for view at path '/Views/User/DisplayTemplates/Enum.cshtml'. 
2024-10-28 00:26:06.0417|TRACE|Microsoft.AspNetCore.Mvc.Razor.RuntimeCompilation.RuntimeViewCompiler|Could not find a file for view at path '/Views/Shared/DisplayTemplates/Enum.cshtml'. 
2024-10-28 00:26:06.0417|TRACE|Microsoft.AspNetCore.Mvc.Razor.RuntimeCompilation.RuntimeViewCompiler|Could not find a file for view at path '/Pages/Shared/DisplayTemplates/Enum.cshtml'. 
2024-10-28 00:26:06.0417|TRACE|Microsoft.AspNetCore.Mvc.Razor.RuntimeCompilation.RuntimeViewCompiler|Located compiled view for view at path '/Views/Shared/_Layout.cshtml'. 
2024-10-28 00:26:06.0417|TRACE|Microsoft.AspNetCore.Mvc.Razor.RuntimeCompilation.RuntimeViewCompiler|Invalidating compiled view at path '/Views/Shared/_Layout.cshtml' with a file since the checksum did not match. 
2024-10-28 00:26:06.1921|DEBUG|Microsoft.AspNetCore.Mvc.Razor.RuntimeCompilation.RuntimeViewCompiler|Compilation of the generated code for the Razor file at 'C:\Users\63200510\Downloads\WEB BASE\PetProject\src\Views\Shared\_Layout.cshtml' started. 
2024-10-28 00:26:06.3733|DEBUG|Microsoft.AspNetCore.Mvc.Razor.RuntimeCompilation.RuntimeViewCompiler|Compilation of the generated code for the Razor file at 'C:\Users\63200510\Downloads\WEB BASE\PetProject\src\Views\Shared\_Layout.cshtml' completed in 181.0999ms. 
2024-10-28 00:28:23.8368|DEBUG|Microsoft.AspNetCore.Mvc.Razor.RuntimeCompilation.RuntimeViewCompiler|Initializing Razor view compiler with compiled view: '/Pages/Error.cshtml'. 
2024-10-28 00:28:23.8368|DEBUG|Microsoft.AspNetCore.Mvc.Razor.RuntimeCompilation.RuntimeViewCompiler|Initializing Razor view compiler with compiled view: '/Pages/Index.cshtml'. 
2024-10-28 00:28:23.8368|DEBUG|Microsoft.AspNetCore.Mvc.Razor.RuntimeCompilation.RuntimeViewCompiler|Initializing Razor view compiler with compiled view: '/Pages/_ViewImports.cshtml'. 
2024-10-28 00:28:23.8368|DEBUG|Microsoft.AspNetCore.Mvc.Razor.RuntimeCompilation.RuntimeViewCompiler|Initializing Razor view compiler with compiled view: '/Pages/_ViewStart.cshtml'. 
2024-10-28 00:28:23.8368|DEBUG|Microsoft.AspNetCore.Mvc.Razor.RuntimeCompilation.RuntimeViewCompiler|Initializing Razor view compiler with compiled view: '/Views/Home/Error.cshtml'. 
2024-10-28 00:28:23.8368|DEBUG|Microsoft.AspNetCore.Mvc.Razor.RuntimeCompilation.RuntimeViewCompiler|Initializing Razor view compiler with compiled view: '/Views/Shared/_Layout.cshtml'. 
2024-10-28 00:28:23.8368|DEBUG|Microsoft.AspNetCore.Mvc.Razor.RuntimeCompilation.RuntimeViewCompiler|Initializing Razor view compiler with compiled view: '/Views/Shared/_ValidationScriptsPartial.cshtml'. 
2024-10-28 00:28:23.8368|DEBUG|Microsoft.AspNetCore.Mvc.Razor.RuntimeCompilation.RuntimeViewCompiler|Initializing Razor view compiler with compiled view: '/Views/User/Login.cshtml'. 
2024-10-28 00:28:23.8368|DEBUG|Microsoft.AspNetCore.Mvc.Razor.RuntimeCompilation.RuntimeViewCompiler|Initializing Razor view compiler with compiled view: '/Views/User/Profile.cshtml'. 
2024-10-28 00:28:23.8368|DEBUG|Microsoft.AspNetCore.Mvc.Razor.RuntimeCompilation.RuntimeViewCompiler|Initializing Razor view compiler with compiled view: '/Views/User/Register.cshtml'. 
2024-10-28 00:28:23.8368|TRACE|Microsoft.AspNetCore.Mvc.Razor.RuntimeCompilation.RuntimeViewCompiler|Located compiled view for view at path '/Pages/Index.cshtml'. 
2024-10-28 00:28:23.8536|TRACE|Microsoft.AspNetCore.Mvc.Razor.RuntimeCompilation.RuntimeViewCompiler|Invalidating compiled view at path '/Pages/Index.cshtml' with a file since the checksum did not match. 
2024-10-28 00:28:24.9290|DEBUG|Microsoft.AspNetCore.Mvc.Razor.RuntimeCompilation.RuntimeViewCompiler|Compilation of the generated code for the Razor file at 'C:\Users\63200510\Downloads\WEB BASE\PetProject\src\Pages\Index.cshtml' started. 
2024-10-28 00:28:26.3531|DEBUG|Microsoft.AspNetCore.Mvc.Razor.RuntimeCompilation.RuntimeViewCompiler|Compilation of the generated code for the Razor file at 'C:\Users\63200510\Downloads\WEB BASE\PetProject\src\Pages\Index.cshtml' completed in 1418.6729ms. 
2024-10-28 00:28:26.3531|TRACE|Microsoft.AspNetCore.Mvc.Razor.RuntimeCompilation.RuntimeViewCompiler|Located compiled view for view at path '/Pages/_ViewStart.cshtml'. 
2024-10-28 00:28:26.3531|TRACE|Microsoft.AspNetCore.Mvc.Razor.RuntimeCompilation.RuntimeViewCompiler|Invalidating compiled view at path '/Pages/_ViewStart.cshtml' with a file since the checksum did not match. 
2024-10-28 00:28:26.4246|DEBUG|Microsoft.AspNetCore.Mvc.Razor.RuntimeCompilation.RuntimeViewCompiler|Compilation of the generated code for the Razor file at 'C:\Users\63200510\Downloads\WEB BASE\PetProject\src\Pages\_ViewStart.cshtml' started. 
2024-10-28 00:28:26.4710|DEBUG|Microsoft.AspNetCore.Mvc.Razor.RuntimeCompilation.RuntimeViewCompiler|Compilation of the generated code for the Razor file at 'C:\Users\63200510\Downloads\WEB BASE\PetProject\src\Pages\_ViewStart.cshtml' completed in 46.3562ms. 
2024-10-28 00:28:26.4710|TRACE|Microsoft.AspNetCore.Mvc.Razor.RuntimeCompilation.RuntimeViewCompiler|Could not find a file for view at path '/_ViewStart.cshtml'. 
2024-10-28 00:28:26.4947|TRACE|Microsoft.AspNetCore.Mvc.Razor.RuntimeCompilation.RuntimeViewCompiler|Could not find a file for view at path '/Pages/_Layout.cshtml'. 
2024-10-28 00:28:26.4947|TRACE|Microsoft.AspNetCore.Mvc.Razor.RuntimeCompilation.RuntimeViewCompiler|Could not find a file for view at path '/Pages/Shared/_Layout.cshtml'. 
2024-10-28 00:28:26.4947|TRACE|Microsoft.AspNetCore.Mvc.Razor.RuntimeCompilation.RuntimeViewCompiler|Located compiled view for view at path '/Views/Shared/_Layout.cshtml'. 
2024-10-28 00:28:26.4947|TRACE|Microsoft.AspNetCore.Mvc.Razor.RuntimeCompilation.RuntimeViewCompiler|Invalidating compiled view at path '/Views/Shared/_Layout.cshtml' with a file since the checksum did not match. 
2024-10-28 00:28:26.6301|DEBUG|Microsoft.AspNetCore.Mvc.Razor.RuntimeCompilation.RuntimeViewCompiler|Compilation of the generated code for the Razor file at 'C:\Users\63200510\Downloads\WEB BASE\PetProject\src\Views\Shared\_Layout.cshtml' started. 
2024-10-28 00:28:26.7037|DEBUG|Microsoft.AspNetCore.Mvc.Razor.RuntimeCompilation.RuntimeViewCompiler|Compilation of the generated code for the Razor file at 'C:\Users\63200510\Downloads\WEB BASE\PetProject\src\Views\Shared\_Layout.cshtml' completed in 73.4804ms. 
2024-10-28 00:29:47.8211|DEBUG|Microsoft.AspNetCore.Mvc.Razor.RuntimeCompilation.RuntimeViewCompiler|Initializing Razor view compiler with compiled view: '/Pages/Error.cshtml'. 
2024-10-28 00:29:47.8211|DEBUG|Microsoft.AspNetCore.Mvc.Razor.RuntimeCompilation.RuntimeViewCompiler|Initializing Razor view compiler with compiled view: '/Pages/Index.cshtml'. 
2024-10-28 00:29:47.8211|DEBUG|Microsoft.AspNetCore.Mvc.Razor.RuntimeCompilation.RuntimeViewCompiler|Initializing Razor view compiler with compiled view: '/Pages/_ViewImports.cshtml'. 
2024-10-28 00:29:47.8211|DEBUG|Microsoft.AspNetCore.Mvc.Razor.RuntimeCompilation.RuntimeViewCompiler|Initializing Razor view compiler with compiled view: '/Pages/_ViewStart.cshtml'. 
2024-10-28 00:29:47.8211|DEBUG|Microsoft.AspNetCore.Mvc.Razor.RuntimeCompilation.RuntimeViewCompiler|Initializing Razor view compiler with compiled view: '/Views/Home/Error.cshtml'. 
2024-10-28 00:29:47.8211|DEBUG|Microsoft.AspNetCore.Mvc.Razor.RuntimeCompilation.RuntimeViewCompiler|Initializing Razor view compiler with compiled view: '/Views/Shared/_Layout.cshtml'. 
2024-10-28 00:29:47.8211|DEBUG|Microsoft.AspNetCore.Mvc.Razor.RuntimeCompilation.RuntimeViewCompiler|Initializing Razor view compiler with compiled view: '/Views/Shared/_ValidationScriptsPartial.cshtml'. 
2024-10-28 00:29:47.8211|DEBUG|Microsoft.AspNetCore.Mvc.Razor.RuntimeCompilation.RuntimeViewCompiler|Initializing Razor view compiler with compiled view: '/Views/User/Login.cshtml'. 
2024-10-28 00:29:47.8211|DEBUG|Microsoft.AspNetCore.Mvc.Razor.RuntimeCompilation.RuntimeViewCompiler|Initializing Razor view compiler with compiled view: '/Views/User/Profile.cshtml'. 
2024-10-28 00:29:47.8211|DEBUG|Microsoft.AspNetCore.Mvc.Razor.RuntimeCompilation.RuntimeViewCompiler|Initializing Razor view compiler with compiled view: '/Views/User/Register.cshtml'. 
2024-10-28 00:29:47.8211|TRACE|Microsoft.AspNetCore.Mvc.Razor.RuntimeCompilation.RuntimeViewCompiler|Located compiled view for view at path '/Pages/Index.cshtml'. 
2024-10-28 00:29:47.8211|TRACE|Microsoft.AspNetCore.Mvc.Razor.RuntimeCompilation.RuntimeViewCompiler|Invalidating compiled view at path '/Pages/Index.cshtml' with a file since the checksum did not match. 
2024-10-28 00:29:49.0617|DEBUG|Microsoft.AspNetCore.Mvc.Razor.RuntimeCompilation.RuntimeViewCompiler|Compilation of the generated code for the Razor file at 'C:\Users\63200510\Downloads\WEB BASE\PetProject\src\Pages\Index.cshtml' started. 
2024-10-28 00:29:50.8419|DEBUG|Microsoft.AspNetCore.Mvc.Razor.RuntimeCompilation.RuntimeViewCompiler|Compilation of the generated code for the Razor file at 'C:\Users\63200510\Downloads\WEB BASE\PetProject\src\Pages\Index.cshtml' completed in 1773.7325ms. 
2024-10-28 00:29:50.8698|TRACE|Microsoft.AspNetCore.Mvc.Razor.RuntimeCompilation.RuntimeViewCompiler|Located compiled view for view at path '/Pages/_ViewStart.cshtml'. 
2024-10-28 00:29:50.8698|TRACE|Microsoft.AspNetCore.Mvc.Razor.RuntimeCompilation.RuntimeViewCompiler|Invalidating compiled view at path '/Pages/_ViewStart.cshtml' with a file since the checksum did not match. 
2024-10-28 00:29:50.9532|DEBUG|Microsoft.AspNetCore.Mvc.Razor.RuntimeCompilation.RuntimeViewCompiler|Compilation of the generated code for the Razor file at 'C:\Users\63200510\Downloads\WEB BASE\PetProject\src\Pages\_ViewStart.cshtml' started. 
2024-10-28 00:29:51.0248|DEBUG|Microsoft.AspNetCore.Mvc.Razor.RuntimeCompilation.RuntimeViewCompiler|Compilation of the generated code for the Razor file at 'C:\Users\63200510\Downloads\WEB BASE\PetProject\src\Pages\_ViewStart.cshtml' completed in 71.3354ms. 
2024-10-28 00:29:51.0248|TRACE|Microsoft.AspNetCore.Mvc.Razor.RuntimeCompilation.RuntimeViewCompiler|Could not find a file for view at path '/_ViewStart.cshtml'. 
2024-10-28 00:29:51.0727|TRACE|Microsoft.AspNetCore.Mvc.Razor.RuntimeCompilation.RuntimeViewCompiler|Could not find a file for view at path '/Pages/_Layout.cshtml'. 
2024-10-28 00:29:51.0727|TRACE|Microsoft.AspNetCore.Mvc.Razor.RuntimeCompilation.RuntimeViewCompiler|Could not find a file for view at path '/Pages/Shared/_Layout.cshtml'. 
2024-10-28 00:29:51.0727|TRACE|Microsoft.AspNetCore.Mvc.Razor.RuntimeCompilation.RuntimeViewCompiler|Located compiled view for view at path '/Views/Shared/_Layout.cshtml'. 
2024-10-28 00:29:51.0727|TRACE|Microsoft.AspNetCore.Mvc.Razor.RuntimeCompilation.RuntimeViewCompiler|Invalidating compiled view at path '/Views/Shared/_Layout.cshtml' with a file since the checksum did not match. 
2024-10-28 00:29:51.3119|DEBUG|Microsoft.AspNetCore.Mvc.Razor.RuntimeCompilation.RuntimeViewCompiler|Compilation of the generated code for the Razor file at 'C:\Users\63200510\Downloads\WEB BASE\PetProject\src\Views\Shared\_Layout.cshtml' started. 
2024-10-28 00:29:51.4742|DEBUG|Microsoft.AspNetCore.Mvc.Razor.RuntimeCompilation.RuntimeViewCompiler|Compilation of the generated code for the Razor file at 'C:\Users\63200510\Downloads\WEB BASE\PetProject\src\Views\Shared\_Layout.cshtml' completed in 162.1083ms. 
2024-10-28 00:31:13.1215|DEBUG|Microsoft.AspNetCore.Mvc.Razor.RuntimeCompilation.RuntimeViewCompiler|Initializing Razor view compiler with compiled view: '/Pages/Error.cshtml'. 
2024-10-28 00:31:13.1215|DEBUG|Microsoft.AspNetCore.Mvc.Razor.RuntimeCompilation.RuntimeViewCompiler|Initializing Razor view compiler with compiled view: '/Pages/Index.cshtml'. 
2024-10-28 00:31:13.1215|DEBUG|Microsoft.AspNetCore.Mvc.Razor.RuntimeCompilation.RuntimeViewCompiler|Initializing Razor view compiler with compiled view: '/Pages/_ViewImports.cshtml'. 
2024-10-28 00:31:13.1215|DEBUG|Microsoft.AspNetCore.Mvc.Razor.RuntimeCompilation.RuntimeViewCompiler|Initializing Razor view compiler with compiled view: '/Pages/_ViewStart.cshtml'. 
2024-10-28 00:31:13.1215|DEBUG|Microsoft.AspNetCore.Mvc.Razor.RuntimeCompilation.RuntimeViewCompiler|Initializing Razor view compiler with compiled view: '/Views/Home/Error.cshtml'. 
2024-10-28 00:31:13.1215|DEBUG|Microsoft.AspNetCore.Mvc.Razor.RuntimeCompilation.RuntimeViewCompiler|Initializing Razor view compiler with compiled view: '/Views/Shared/_Layout.cshtml'. 
2024-10-28 00:31:13.1215|DEBUG|Microsoft.AspNetCore.Mvc.Razor.RuntimeCompilation.RuntimeViewCompiler|Initializing Razor view compiler with compiled view: '/Views/Shared/_ValidationScriptsPartial.cshtml'. 
2024-10-28 00:31:13.1215|DEBUG|Microsoft.AspNetCore.Mvc.Razor.RuntimeCompilation.RuntimeViewCompiler|Initializing Razor view compiler with compiled view: '/Views/User/Login.cshtml'. 
2024-10-28 00:31:13.1215|DEBUG|Microsoft.AspNetCore.Mvc.Razor.RuntimeCompilation.RuntimeViewCompiler|Initializing Razor view compiler with compiled view: '/Views/User/Profile.cshtml'. 
2024-10-28 00:31:13.1215|DEBUG|Microsoft.AspNetCore.Mvc.Razor.RuntimeCompilation.RuntimeViewCompiler|Initializing Razor view compiler with compiled view: '/Views/User/Register.cshtml'. 
2024-10-28 00:31:13.1343|TRACE|Microsoft.AspNetCore.Mvc.Razor.RuntimeCompilation.RuntimeViewCompiler|Located compiled view for view at path '/Pages/Index.cshtml'. 
2024-10-28 00:31:13.1343|TRACE|Microsoft.AspNetCore.Mvc.Razor.RuntimeCompilation.RuntimeViewCompiler|Invalidating compiled view at path '/Pages/Index.cshtml' with a file since the checksum did not match. 
2024-10-28 00:31:14.7045|DEBUG|Microsoft.AspNetCore.Mvc.Razor.RuntimeCompilation.RuntimeViewCompiler|Compilation of the generated code for the Razor file at 'C:\Users\63200510\Downloads\WEB BASE\PetProject\src\Pages\Index.cshtml' started. 
2024-10-28 00:31:16.3048|DEBUG|Microsoft.AspNetCore.Mvc.Razor.RuntimeCompilation.RuntimeViewCompiler|Compilation of the generated code for the Razor file at 'C:\Users\63200510\Downloads\WEB BASE\PetProject\src\Pages\Index.cshtml' completed in 1595.6429ms. 
2024-10-28 00:31:16.3344|TRACE|Microsoft.AspNetCore.Mvc.Razor.RuntimeCompilation.RuntimeViewCompiler|Located compiled view for view at path '/Pages/_ViewStart.cshtml'. 
2024-10-28 00:31:16.3344|TRACE|Microsoft.AspNetCore.Mvc.Razor.RuntimeCompilation.RuntimeViewCompiler|Invalidating compiled view at path '/Pages/_ViewStart.cshtml' with a file since the checksum did not match. 
2024-10-28 00:31:16.4150|DEBUG|Microsoft.AspNetCore.Mvc.Razor.RuntimeCompilation.RuntimeViewCompiler|Compilation of the generated code for the Razor file at 'C:\Users\63200510\Downloads\WEB BASE\PetProject\src\Pages\_ViewStart.cshtml' started. 
2024-10-28 00:31:16.4787|DEBUG|Microsoft.AspNetCore.Mvc.Razor.RuntimeCompilation.RuntimeViewCompiler|Compilation of the generated code for the Razor file at 'C:\Users\63200510\Downloads\WEB BASE\PetProject\src\Pages\_ViewStart.cshtml' completed in 63.5977ms. 
2024-10-28 00:31:16.4787|TRACE|Microsoft.AspNetCore.Mvc.Razor.RuntimeCompilation.RuntimeViewCompiler|Could not find a file for view at path '/_ViewStart.cshtml'. 
2024-10-28 00:31:16.5218|TRACE|Microsoft.AspNetCore.Mvc.Razor.RuntimeCompilation.RuntimeViewCompiler|Could not find a file for view at path '/Pages/_Layout.cshtml'. 
2024-10-28 00:31:16.5218|TRACE|Microsoft.AspNetCore.Mvc.Razor.RuntimeCompilation.RuntimeViewCompiler|Could not find a file for view at path '/Pages/Shared/_Layout.cshtml'. 
2024-10-28 00:31:16.5218|TRACE|Microsoft.AspNetCore.Mvc.Razor.RuntimeCompilation.RuntimeViewCompiler|Located compiled view for view at path '/Views/Shared/_Layout.cshtml'. 
2024-10-28 00:31:16.5218|TRACE|Microsoft.AspNetCore.Mvc.Razor.RuntimeCompilation.RuntimeViewCompiler|Invalidating compiled view at path '/Views/Shared/_Layout.cshtml' with a file since the checksum did not match. 
2024-10-28 00:31:16.7010|DEBUG|Microsoft.AspNetCore.Mvc.Razor.RuntimeCompilation.RuntimeViewCompiler|Compilation of the generated code for the Razor file at 'C:\Users\63200510\Downloads\WEB BASE\PetProject\src\Views\Shared\_Layout.cshtml' started. 
2024-10-28 00:31:16.8108|DEBUG|Microsoft.AspNetCore.Mvc.Razor.RuntimeCompilation.RuntimeViewCompiler|Compilation of the generated code for the Razor file at 'C:\Users\63200510\Downloads\WEB BASE\PetProject\src\Views\Shared\_Layout.cshtml' completed in 109.6351ms. 
2024-10-28 00:31:40.7730|DEBUG|Microsoft.AspNetCore.Mvc.Razor.RuntimeCompilation.RuntimeViewCompiler|Initializing Razor view compiler with compiled view: '/Pages/Error.cshtml'. 
2024-10-28 00:31:40.7730|DEBUG|Microsoft.AspNetCore.Mvc.Razor.RuntimeCompilation.RuntimeViewCompiler|Initializing Razor view compiler with compiled view: '/Pages/Index.cshtml'. 
2024-10-28 00:31:40.7730|DEBUG|Microsoft.AspNetCore.Mvc.Razor.RuntimeCompilation.RuntimeViewCompiler|Initializing Razor view compiler with compiled view: '/Pages/_ViewImports.cshtml'. 
2024-10-28 00:31:40.7730|DEBUG|Microsoft.AspNetCore.Mvc.Razor.RuntimeCompilation.RuntimeViewCompiler|Initializing Razor view compiler with compiled view: '/Pages/_ViewStart.cshtml'. 
2024-10-28 00:31:40.7730|DEBUG|Microsoft.AspNetCore.Mvc.Razor.RuntimeCompilation.RuntimeViewCompiler|Initializing Razor view compiler with compiled view: '/Views/Home/Error.cshtml'. 
2024-10-28 00:31:40.7730|DEBUG|Microsoft.AspNetCore.Mvc.Razor.RuntimeCompilation.RuntimeViewCompiler|Initializing Razor view compiler with compiled view: '/Views/Shared/_Layout.cshtml'. 
2024-10-28 00:31:40.7730|DEBUG|Microsoft.AspNetCore.Mvc.Razor.RuntimeCompilation.RuntimeViewCompiler|Initializing Razor view compiler with compiled view: '/Views/Shared/_ValidationScriptsPartial.cshtml'. 
2024-10-28 00:31:40.7730|DEBUG|Microsoft.AspNetCore.Mvc.Razor.RuntimeCompilation.RuntimeViewCompiler|Initializing Razor view compiler with compiled view: '/Views/User/Login.cshtml'. 
2024-10-28 00:31:40.7730|DEBUG|Microsoft.AspNetCore.Mvc.Razor.RuntimeCompilation.RuntimeViewCompiler|Initializing Razor view compiler with compiled view: '/Views/User/Profile.cshtml'. 
2024-10-28 00:31:40.7730|DEBUG|Microsoft.AspNetCore.Mvc.Razor.RuntimeCompilation.RuntimeViewCompiler|Initializing Razor view compiler with compiled view: '/Views/User/Register.cshtml'. 
2024-10-28 00:31:40.7730|TRACE|Microsoft.AspNetCore.Mvc.Razor.RuntimeCompilation.RuntimeViewCompiler|Located compiled view for view at path '/Pages/Index.cshtml'. 
2024-10-28 00:31:40.7730|TRACE|Microsoft.AspNetCore.Mvc.Razor.RuntimeCompilation.RuntimeViewCompiler|Invalidating compiled view at path '/Pages/Index.cshtml' with a file since the checksum did not match. 
2024-10-28 00:31:41.9028|DEBUG|Microsoft.AspNetCore.Mvc.Razor.RuntimeCompilation.RuntimeViewCompiler|Compilation of the generated code for the Razor file at 'C:\Users\63200510\Downloads\WEB BASE\PetProject\src\Pages\Index.cshtml' started. 
2024-10-28 00:31:43.4267|DEBUG|Microsoft.AspNetCore.Mvc.Razor.RuntimeCompilation.RuntimeViewCompiler|Compilation of the generated code for the Razor file at 'C:\Users\63200510\Downloads\WEB BASE\PetProject\src\Pages\Index.cshtml' completed in 1516.8948ms. 
2024-10-28 00:31:43.4462|TRACE|Microsoft.AspNetCore.Mvc.Razor.RuntimeCompilation.RuntimeViewCompiler|Located compiled view for view at path '/Pages/_ViewStart.cshtml'. 
2024-10-28 00:31:43.4462|TRACE|Microsoft.AspNetCore.Mvc.Razor.RuntimeCompilation.RuntimeViewCompiler|Invalidating compiled view at path '/Pages/_ViewStart.cshtml' with a file since the checksum did not match. 
2024-10-28 00:31:43.5115|DEBUG|Microsoft.AspNetCore.Mvc.Razor.RuntimeCompilation.RuntimeViewCompiler|Compilation of the generated code for the Razor file at 'C:\Users\63200510\Downloads\WEB BASE\PetProject\src\Pages\_ViewStart.cshtml' started. 
2024-10-28 00:31:43.5829|DEBUG|Microsoft.AspNetCore.Mvc.Razor.RuntimeCompilation.RuntimeViewCompiler|Compilation of the generated code for the Razor file at 'C:\Users\63200510\Downloads\WEB BASE\PetProject\src\Pages\_ViewStart.cshtml' completed in 71.2008ms. 
2024-10-28 00:31:43.5879|TRACE|Microsoft.AspNetCore.Mvc.Razor.RuntimeCompilation.RuntimeViewCompiler|Could not find a file for view at path '/_ViewStart.cshtml'. 
2024-10-28 00:31:43.6232|TRACE|Microsoft.AspNetCore.Mvc.Razor.RuntimeCompilation.RuntimeViewCompiler|Could not find a file for view at path '/Pages/_Layout.cshtml'. 
2024-10-28 00:31:43.6232|TRACE|Microsoft.AspNetCore.Mvc.Razor.RuntimeCompilation.RuntimeViewCompiler|Could not find a file for view at path '/Pages/Shared/_Layout.cshtml'. 
2024-10-28 00:31:43.6232|TRACE|Microsoft.AspNetCore.Mvc.Razor.RuntimeCompilation.RuntimeViewCompiler|Located compiled view for view at path '/Views/Shared/_Layout.cshtml'. 
2024-10-28 00:31:43.6232|TRACE|Microsoft.AspNetCore.Mvc.Razor.RuntimeCompilation.RuntimeViewCompiler|Invalidating compiled view at path '/Views/Shared/_Layout.cshtml' with a file since the checksum did not match. 
2024-10-28 00:31:43.7919|DEBUG|Microsoft.AspNetCore.Mvc.Razor.RuntimeCompilation.RuntimeViewCompiler|Compilation of the generated code for the Razor file at 'C:\Users\63200510\Downloads\WEB BASE\PetProject\src\Views\Shared\_Layout.cshtml' started. 
2024-10-28 00:31:43.9062|DEBUG|Microsoft.AspNetCore.Mvc.Razor.RuntimeCompilation.RuntimeViewCompiler|Compilation of the generated code for the Razor file at 'C:\Users\63200510\Downloads\WEB BASE\PetProject\src\Views\Shared\_Layout.cshtml' completed in 114.1945ms. 
2024-10-28 00:33:40.4277|DEBUG|Microsoft.AspNetCore.Mvc.Razor.RuntimeCompilation.RuntimeViewCompiler|Initializing Razor view compiler with compiled view: '/Pages/Error.cshtml'. 
2024-10-28 00:33:40.4277|DEBUG|Microsoft.AspNetCore.Mvc.Razor.RuntimeCompilation.RuntimeViewCompiler|Initializing Razor view compiler with compiled view: '/Pages/Index.cshtml'. 
2024-10-28 00:33:40.4277|DEBUG|Microsoft.AspNetCore.Mvc.Razor.RuntimeCompilation.RuntimeViewCompiler|Initializing Razor view compiler with compiled view: '/Pages/_ViewImports.cshtml'. 
2024-10-28 00:33:40.4277|DEBUG|Microsoft.AspNetCore.Mvc.Razor.RuntimeCompilation.RuntimeViewCompiler|Initializing Razor view compiler with compiled view: '/Pages/_ViewStart.cshtml'. 
2024-10-28 00:33:40.4277|DEBUG|Microsoft.AspNetCore.Mvc.Razor.RuntimeCompilation.RuntimeViewCompiler|Initializing Razor view compiler with compiled view: '/Views/Home/Error.cshtml'. 
2024-10-28 00:33:40.4277|DEBUG|Microsoft.AspNetCore.Mvc.Razor.RuntimeCompilation.RuntimeViewCompiler|Initializing Razor view compiler with compiled view: '/Views/Shared/_Layout.cshtml'. 
2024-10-28 00:33:40.4277|DEBUG|Microsoft.AspNetCore.Mvc.Razor.RuntimeCompilation.RuntimeViewCompiler|Initializing Razor view compiler with compiled view: '/Views/Shared/_ValidationScriptsPartial.cshtml'. 
2024-10-28 00:33:40.4277|DEBUG|Microsoft.AspNetCore.Mvc.Razor.RuntimeCompilation.RuntimeViewCompiler|Initializing Razor view compiler with compiled view: '/Views/User/Login.cshtml'. 
2024-10-28 00:33:40.4277|DEBUG|Microsoft.AspNetCore.Mvc.Razor.RuntimeCompilation.RuntimeViewCompiler|Initializing Razor view compiler with compiled view: '/Views/User/Profile.cshtml'. 
2024-10-28 00:33:40.4277|DEBUG|Microsoft.AspNetCore.Mvc.Razor.RuntimeCompilation.RuntimeViewCompiler|Initializing Razor view compiler with compiled view: '/Views/User/Register.cshtml'. 
2024-10-28 00:33:40.4277|TRACE|Microsoft.AspNetCore.Mvc.Razor.RuntimeCompilation.RuntimeViewCompiler|Located compiled view for view at path '/Pages/Index.cshtml'. 
2024-10-28 00:33:40.4277|TRACE|Microsoft.AspNetCore.Mvc.Razor.RuntimeCompilation.RuntimeViewCompiler|Invalidating compiled view at path '/Pages/Index.cshtml' with a file since the checksum did not match. 
2024-10-28 00:33:42.9213|DEBUG|Microsoft.AspNetCore.Mvc.Razor.RuntimeCompilation.RuntimeViewCompiler|Compilation of the generated code for the Razor file at 'C:\Users\63200510\Downloads\WEB BASE\PetProject\src\Pages\Index.cshtml' started. 
2024-10-28 00:33:46.7120|DEBUG|Microsoft.AspNetCore.Mvc.Razor.RuntimeCompilation.RuntimeViewCompiler|Compilation of the generated code for the Razor file at 'C:\Users\63200510\Downloads\WEB BASE\PetProject\src\Pages\Index.cshtml' completed in 3783.1887ms. 
2024-10-28 00:33:46.7259|TRACE|Microsoft.AspNetCore.Mvc.Razor.RuntimeCompilation.RuntimeViewCompiler|Located compiled view for view at path '/Pages/_ViewStart.cshtml'. 
2024-10-28 00:33:46.7259|TRACE|Microsoft.AspNetCore.Mvc.Razor.RuntimeCompilation.RuntimeViewCompiler|Invalidating compiled view at path '/Pages/_ViewStart.cshtml' with a file since the checksum did not match. 
2024-10-28 00:33:46.9387|DEBUG|Microsoft.AspNetCore.Mvc.Razor.RuntimeCompilation.RuntimeViewCompiler|Compilation of the generated code for the Razor file at 'C:\Users\63200510\Downloads\WEB BASE\PetProject\src\Pages\_ViewStart.cshtml' started. 
2024-10-28 00:33:47.1664|DEBUG|Microsoft.AspNetCore.Mvc.Razor.RuntimeCompilation.RuntimeViewCompiler|Compilation of the generated code for the Razor file at 'C:\Users\63200510\Downloads\WEB BASE\PetProject\src\Pages\_ViewStart.cshtml' completed in 227.5099ms. 
2024-10-28 00:33:47.1664|TRACE|Microsoft.AspNetCore.Mvc.Razor.RuntimeCompilation.RuntimeViewCompiler|Could not find a file for view at path '/_ViewStart.cshtml'. 
2024-10-28 00:33:47.2912|TRACE|Microsoft.AspNetCore.Mvc.Razor.RuntimeCompilation.RuntimeViewCompiler|Could not find a file for view at path '/Pages/_Layout.cshtml'. 
2024-10-28 00:33:47.2912|TRACE|Microsoft.AspNetCore.Mvc.Razor.RuntimeCompilation.RuntimeViewCompiler|Could not find a file for view at path '/Pages/Shared/_Layout.cshtml'. 
2024-10-28 00:33:47.2912|TRACE|Microsoft.AspNetCore.Mvc.Razor.RuntimeCompilation.RuntimeViewCompiler|Located compiled view for view at path '/Views/Shared/_Layout.cshtml'. 
2024-10-28 00:33:47.2912|TRACE|Microsoft.AspNetCore.Mvc.Razor.RuntimeCompilation.RuntimeViewCompiler|Invalidating compiled view at path '/Views/Shared/_Layout.cshtml' with a file since the checksum did not match. 
2024-10-28 00:33:47.4656|DEBUG|Microsoft.AspNetCore.Mvc.Razor.RuntimeCompilation.RuntimeViewCompiler|Compilation of the generated code for the Razor file at 'C:\Users\63200510\Downloads\WEB BASE\PetProject\src\Views\Shared\_Layout.cshtml' started. 
2024-10-28 00:33:47.5688|DEBUG|Microsoft.AspNetCore.Mvc.Razor.RuntimeCompilation.RuntimeViewCompiler|Compilation of the generated code for the Razor file at 'C:\Users\63200510\Downloads\WEB BASE\PetProject\src\Views\Shared\_Layout.cshtml' completed in 102.997ms. 
2024-10-28 00:34:12.1985|DEBUG|Microsoft.AspNetCore.Mvc.Razor.RuntimeCompilation.RuntimeViewCompiler|Initializing Razor view compiler with compiled view: '/Pages/Error.cshtml'. 
2024-10-28 00:34:12.1985|DEBUG|Microsoft.AspNetCore.Mvc.Razor.RuntimeCompilation.RuntimeViewCompiler|Initializing Razor view compiler with compiled view: '/Pages/Index.cshtml'. 
2024-10-28 00:34:12.1985|DEBUG|Microsoft.AspNetCore.Mvc.Razor.RuntimeCompilation.RuntimeViewCompiler|Initializing Razor view compiler with compiled view: '/Pages/_ViewImports.cshtml'. 
2024-10-28 00:34:12.1985|DEBUG|Microsoft.AspNetCore.Mvc.Razor.RuntimeCompilation.RuntimeViewCompiler|Initializing Razor view compiler with compiled view: '/Pages/_ViewStart.cshtml'. 
2024-10-28 00:34:12.1985|DEBUG|Microsoft.AspNetCore.Mvc.Razor.RuntimeCompilation.RuntimeViewCompiler|Initializing Razor view compiler with compiled view: '/Views/Home/Error.cshtml'. 
2024-10-28 00:34:12.1985|DEBUG|Microsoft.AspNetCore.Mvc.Razor.RuntimeCompilation.RuntimeViewCompiler|Initializing Razor view compiler with compiled view: '/Views/Shared/_Layout.cshtml'. 
2024-10-28 00:34:12.1985|DEBUG|Microsoft.AspNetCore.Mvc.Razor.RuntimeCompilation.RuntimeViewCompiler|Initializing Razor view compiler with compiled view: '/Views/Shared/_ValidationScriptsPartial.cshtml'. 
2024-10-28 00:34:12.1985|DEBUG|Microsoft.AspNetCore.Mvc.Razor.RuntimeCompilation.RuntimeViewCompiler|Initializing Razor view compiler with compiled view: '/Views/User/Login.cshtml'. 
2024-10-28 00:34:12.1985|DEBUG|Microsoft.AspNetCore.Mvc.Razor.RuntimeCompilation.RuntimeViewCompiler|Initializing Razor view compiler with compiled view: '/Views/User/Profile.cshtml'. 
2024-10-28 00:34:12.1985|DEBUG|Microsoft.AspNetCore.Mvc.Razor.RuntimeCompilation.RuntimeViewCompiler|Initializing Razor view compiler with compiled view: '/Views/User/Register.cshtml'. 
2024-10-28 00:34:12.1985|TRACE|Microsoft.AspNetCore.Mvc.Razor.RuntimeCompilation.RuntimeViewCompiler|Located compiled view for view at path '/Pages/Index.cshtml'. 
2024-10-28 00:34:12.2094|TRACE|Microsoft.AspNetCore.Mvc.Razor.RuntimeCompilation.RuntimeViewCompiler|Invalidating compiled view at path '/Pages/Index.cshtml' with a file since the checksum did not match. 
2024-10-28 00:34:13.4806|DEBUG|Microsoft.AspNetCore.Mvc.Razor.RuntimeCompilation.RuntimeViewCompiler|Compilation of the generated code for the Razor file at 'C:\Users\63200510\Downloads\WEB BASE\PetProject\src\Pages\Index.cshtml' started. 
2024-10-28 00:34:15.6933|DEBUG|Microsoft.AspNetCore.Mvc.Razor.RuntimeCompilation.RuntimeViewCompiler|Compilation of the generated code for the Razor file at 'C:\Users\63200510\Downloads\WEB BASE\PetProject\src\Pages\Index.cshtml' completed in 2205.1338ms. 
2024-10-28 00:34:15.7299|TRACE|Microsoft.AspNetCore.Mvc.Razor.RuntimeCompilation.RuntimeViewCompiler|Located compiled view for view at path '/Pages/_ViewStart.cshtml'. 
2024-10-28 00:34:15.7299|TRACE|Microsoft.AspNetCore.Mvc.Razor.RuntimeCompilation.RuntimeViewCompiler|Invalidating compiled view at path '/Pages/_ViewStart.cshtml' with a file since the checksum did not match. 
2024-10-28 00:34:15.8784|DEBUG|Microsoft.AspNetCore.Mvc.Razor.RuntimeCompilation.RuntimeViewCompiler|Compilation of the generated code for the Razor file at 'C:\Users\63200510\Downloads\WEB BASE\PetProject\src\Pages\_ViewStart.cshtml' started. 
2024-10-28 00:34:15.9369|DEBUG|Microsoft.AspNetCore.Mvc.Razor.RuntimeCompilation.RuntimeViewCompiler|Compilation of the generated code for the Razor file at 'C:\Users\63200510\Downloads\WEB BASE\PetProject\src\Pages\_ViewStart.cshtml' completed in 58.3291ms. 
2024-10-28 00:34:15.9369|TRACE|Microsoft.AspNetCore.Mvc.Razor.RuntimeCompilation.RuntimeViewCompiler|Could not find a file for view at path '/_ViewStart.cshtml'. 
2024-10-28 00:34:16.0006|TRACE|Microsoft.AspNetCore.Mvc.Razor.RuntimeCompilation.RuntimeViewCompiler|Could not find a file for view at path '/Pages/_Layout.cshtml'. 
2024-10-28 00:34:16.0006|TRACE|Microsoft.AspNetCore.Mvc.Razor.RuntimeCompilation.RuntimeViewCompiler|Could not find a file for view at path '/Pages/Shared/_Layout.cshtml'. 
2024-10-28 00:34:16.0006|TRACE|Microsoft.AspNetCore.Mvc.Razor.RuntimeCompilation.RuntimeViewCompiler|Located compiled view for view at path '/Views/Shared/_Layout.cshtml'. 
2024-10-28 00:34:16.0006|TRACE|Microsoft.AspNetCore.Mvc.Razor.RuntimeCompilation.RuntimeViewCompiler|Invalidating compiled view at path '/Views/Shared/_Layout.cshtml' with a file since the checksum did not match. 
2024-10-28 00:34:16.1319|DEBUG|Microsoft.AspNetCore.Mvc.Razor.RuntimeCompilation.RuntimeViewCompiler|Compilation of the generated code for the Razor file at 'C:\Users\63200510\Downloads\WEB BASE\PetProject\src\Views\Shared\_Layout.cshtml' started. 
2024-10-28 00:34:16.2607|DEBUG|Microsoft.AspNetCore.Mvc.Razor.RuntimeCompilation.RuntimeViewCompiler|Compilation of the generated code for the Razor file at 'C:\Users\63200510\Downloads\WEB BASE\PetProject\src\Views\Shared\_Layout.cshtml' completed in 128.6773ms. 
2024-10-28 00:36:00.5071|DEBUG|Microsoft.AspNetCore.Mvc.Razor.RuntimeCompilation.RuntimeViewCompiler|Initializing Razor view compiler with compiled view: '/Pages/Error.cshtml'. 
2024-10-28 00:36:00.5071|DEBUG|Microsoft.AspNetCore.Mvc.Razor.RuntimeCompilation.RuntimeViewCompiler|Initializing Razor view compiler with compiled view: '/Pages/Index.cshtml'. 
2024-10-28 00:36:00.5071|DEBUG|Microsoft.AspNetCore.Mvc.Razor.RuntimeCompilation.RuntimeViewCompiler|Initializing Razor view compiler with compiled view: '/Pages/_ViewImports.cshtml'. 
2024-10-28 00:36:00.5071|DEBUG|Microsoft.AspNetCore.Mvc.Razor.RuntimeCompilation.RuntimeViewCompiler|Initializing Razor view compiler with compiled view: '/Pages/_ViewStart.cshtml'. 
2024-10-28 00:36:00.5071|DEBUG|Microsoft.AspNetCore.Mvc.Razor.RuntimeCompilation.RuntimeViewCompiler|Initializing Razor view compiler with compiled view: '/Views/Home/Error.cshtml'. 
2024-10-28 00:36:00.5071|DEBUG|Microsoft.AspNetCore.Mvc.Razor.RuntimeCompilation.RuntimeViewCompiler|Initializing Razor view compiler with compiled view: '/Views/Shared/_Layout.cshtml'. 
2024-10-28 00:36:00.5071|DEBUG|Microsoft.AspNetCore.Mvc.Razor.RuntimeCompilation.RuntimeViewCompiler|Initializing Razor view compiler with compiled view: '/Views/Shared/_ValidationScriptsPartial.cshtml'. 
2024-10-28 00:36:00.5071|DEBUG|Microsoft.AspNetCore.Mvc.Razor.RuntimeCompilation.RuntimeViewCompiler|Initializing Razor view compiler with compiled view: '/Views/User/Login.cshtml'. 
2024-10-28 00:36:00.5071|DEBUG|Microsoft.AspNetCore.Mvc.Razor.RuntimeCompilation.RuntimeViewCompiler|Initializing Razor view compiler with compiled view: '/Views/User/Profile.cshtml'. 
2024-10-28 00:36:00.5071|DEBUG|Microsoft.AspNetCore.Mvc.Razor.RuntimeCompilation.RuntimeViewCompiler|Initializing Razor view compiler with compiled view: '/Views/User/Register.cshtml'. 
2024-10-28 00:36:00.5071|TRACE|Microsoft.AspNetCore.Mvc.Razor.RuntimeCompilation.RuntimeViewCompiler|Located compiled view for view at path '/Pages/Index.cshtml'. 
2024-10-28 00:36:00.5071|TRACE|Microsoft.AspNetCore.Mvc.Razor.RuntimeCompilation.RuntimeViewCompiler|Invalidating compiled view at path '/Pages/Index.cshtml' with a file since the checksum did not match. 
2024-10-28 00:36:01.8621|DEBUG|Microsoft.AspNetCore.Mvc.Razor.RuntimeCompilation.RuntimeViewCompiler|Compilation of the generated code for the Razor file at 'C:\Users\63200510\Downloads\WEB BASE\PetProject\src\Pages\Index.cshtml' started. 
2024-10-28 00:36:03.3097|DEBUG|Microsoft.AspNetCore.Mvc.Razor.RuntimeCompilation.RuntimeViewCompiler|Compilation of the generated code for the Razor file at 'C:\Users\63200510\Downloads\WEB BASE\PetProject\src\Pages\Index.cshtml' completed in 1441.846ms. 
2024-10-28 00:36:03.3174|TRACE|Microsoft.AspNetCore.Mvc.Razor.RuntimeCompilation.RuntimeViewCompiler|Located compiled view for view at path '/Pages/_ViewStart.cshtml'. 
2024-10-28 00:36:03.3174|TRACE|Microsoft.AspNetCore.Mvc.Razor.RuntimeCompilation.RuntimeViewCompiler|Invalidating compiled view at path '/Pages/_ViewStart.cshtml' with a file since the checksum did not match. 
2024-10-28 00:36:03.4159|DEBUG|Microsoft.AspNetCore.Mvc.Razor.RuntimeCompilation.RuntimeViewCompiler|Compilation of the generated code for the Razor file at 'C:\Users\63200510\Downloads\WEB BASE\PetProject\src\Pages\_ViewStart.cshtml' started. 
2024-10-28 00:36:03.4554|DEBUG|Microsoft.AspNetCore.Mvc.Razor.RuntimeCompilation.RuntimeViewCompiler|Compilation of the generated code for the Razor file at 'C:\Users\63200510\Downloads\WEB BASE\PetProject\src\Pages\_ViewStart.cshtml' completed in 39.3382ms. 
2024-10-28 00:36:03.4569|TRACE|Microsoft.AspNetCore.Mvc.Razor.RuntimeCompilation.RuntimeViewCompiler|Could not find a file for view at path '/_ViewStart.cshtml'. 
2024-10-28 00:36:03.4879|TRACE|Microsoft.AspNetCore.Mvc.Razor.RuntimeCompilation.RuntimeViewCompiler|Could not find a file for view at path '/Pages/_Layout.cshtml'. 
2024-10-28 00:36:03.4879|TRACE|Microsoft.AspNetCore.Mvc.Razor.RuntimeCompilation.RuntimeViewCompiler|Could not find a file for view at path '/Pages/Shared/_Layout.cshtml'. 
2024-10-28 00:36:03.4879|TRACE|Microsoft.AspNetCore.Mvc.Razor.RuntimeCompilation.RuntimeViewCompiler|Located compiled view for view at path '/Views/Shared/_Layout.cshtml'. 
2024-10-28 00:36:03.4879|TRACE|Microsoft.AspNetCore.Mvc.Razor.RuntimeCompilation.RuntimeViewCompiler|Invalidating compiled view at path '/Views/Shared/_Layout.cshtml' with a file since the checksum did not match. 
2024-10-28 00:36:03.6602|DEBUG|Microsoft.AspNetCore.Mvc.Razor.RuntimeCompilation.RuntimeViewCompiler|Compilation of the generated code for the Razor file at 'C:\Users\63200510\Downloads\WEB BASE\PetProject\src\Views\Shared\_Layout.cshtml' started. 
2024-10-28 00:36:03.7543|DEBUG|Microsoft.AspNetCore.Mvc.Razor.RuntimeCompilation.RuntimeViewCompiler|Compilation of the generated code for the Razor file at 'C:\Users\63200510\Downloads\WEB BASE\PetProject\src\Views\Shared\_Layout.cshtml' completed in 93.9944ms. 
2024-10-28 00:36:31.0398|DEBUG|Microsoft.AspNetCore.Mvc.Razor.RuntimeCompilation.RuntimeViewCompiler|Initializing Razor view compiler with compiled view: '/Pages/Error.cshtml'. 
2024-10-28 00:36:31.0398|DEBUG|Microsoft.AspNetCore.Mvc.Razor.RuntimeCompilation.RuntimeViewCompiler|Initializing Razor view compiler with compiled view: '/Pages/Index.cshtml'. 
2024-10-28 00:36:31.0398|DEBUG|Microsoft.AspNetCore.Mvc.Razor.RuntimeCompilation.RuntimeViewCompiler|Initializing Razor view compiler with compiled view: '/Pages/_ViewImports.cshtml'. 
2024-10-28 00:36:31.0398|DEBUG|Microsoft.AspNetCore.Mvc.Razor.RuntimeCompilation.RuntimeViewCompiler|Initializing Razor view compiler with compiled view: '/Pages/_ViewStart.cshtml'. 
2024-10-28 00:36:31.0398|DEBUG|Microsoft.AspNetCore.Mvc.Razor.RuntimeCompilation.RuntimeViewCompiler|Initializing Razor view compiler with compiled view: '/Views/Home/Error.cshtml'. 
2024-10-28 00:36:31.0398|DEBUG|Microsoft.AspNetCore.Mvc.Razor.RuntimeCompilation.RuntimeViewCompiler|Initializing Razor view compiler with compiled view: '/Views/Shared/_Layout.cshtml'. 
2024-10-28 00:36:31.0398|DEBUG|Microsoft.AspNetCore.Mvc.Razor.RuntimeCompilation.RuntimeViewCompiler|Initializing Razor view compiler with compiled view: '/Views/Shared/_ValidationScriptsPartial.cshtml'. 
2024-10-28 00:36:31.0398|DEBUG|Microsoft.AspNetCore.Mvc.Razor.RuntimeCompilation.RuntimeViewCompiler|Initializing Razor view compiler with compiled view: '/Views/User/Login.cshtml'. 
2024-10-28 00:36:31.0398|DEBUG|Microsoft.AspNetCore.Mvc.Razor.RuntimeCompilation.RuntimeViewCompiler|Initializing Razor view compiler with compiled view: '/Views/User/Profile.cshtml'. 
2024-10-28 00:36:31.0398|DEBUG|Microsoft.AspNetCore.Mvc.Razor.RuntimeCompilation.RuntimeViewCompiler|Initializing Razor view compiler with compiled view: '/Views/User/Register.cshtml'. 
2024-10-28 00:36:31.0398|TRACE|Microsoft.AspNetCore.Mvc.Razor.RuntimeCompilation.RuntimeViewCompiler|Located compiled view for view at path '/Pages/Index.cshtml'. 
2024-10-28 00:36:31.0398|TRACE|Microsoft.AspNetCore.Mvc.Razor.RuntimeCompilation.RuntimeViewCompiler|Invalidating compiled view at path '/Pages/Index.cshtml' with a file since the checksum did not match. 
2024-10-28 00:36:31.8425|DEBUG|Microsoft.AspNetCore.Mvc.Razor.RuntimeCompilation.RuntimeViewCompiler|Compilation of the generated code for the Razor file at 'C:\Users\63200510\Downloads\WEB BASE\PetProject\src\Pages\Index.cshtml' started. 
2024-10-28 00:36:33.2673|DEBUG|Microsoft.AspNetCore.Mvc.Razor.RuntimeCompilation.RuntimeViewCompiler|Compilation of the generated code for the Razor file at 'C:\Users\63200510\Downloads\WEB BASE\PetProject\src\Pages\Index.cshtml' completed in 1419.7659ms. 
2024-10-28 00:36:33.2720|TRACE|Microsoft.AspNetCore.Mvc.Razor.RuntimeCompilation.RuntimeViewCompiler|Located compiled view for view at path '/Pages/_ViewStart.cshtml'. 
2024-10-28 00:36:33.2720|TRACE|Microsoft.AspNetCore.Mvc.Razor.RuntimeCompilation.RuntimeViewCompiler|Invalidating compiled view at path '/Pages/_ViewStart.cshtml' with a file since the checksum did not match. 
2024-10-28 00:36:33.3401|DEBUG|Microsoft.AspNetCore.Mvc.Razor.RuntimeCompilation.RuntimeViewCompiler|Compilation of the generated code for the Razor file at 'C:\Users\63200510\Downloads\WEB BASE\PetProject\src\Pages\_ViewStart.cshtml' started. 
2024-10-28 00:36:33.3743|DEBUG|Microsoft.AspNetCore.Mvc.Razor.RuntimeCompilation.RuntimeViewCompiler|Compilation of the generated code for the Razor file at 'C:\Users\63200510\Downloads\WEB BASE\PetProject\src\Pages\_ViewStart.cshtml' completed in 34.1ms. 
2024-10-28 00:36:33.3743|TRACE|Microsoft.AspNetCore.Mvc.Razor.RuntimeCompilation.RuntimeViewCompiler|Could not find a file for view at path '/_ViewStart.cshtml'. 
2024-10-28 00:36:33.3999|TRACE|Microsoft.AspNetCore.Mvc.Razor.RuntimeCompilation.RuntimeViewCompiler|Could not find a file for view at path '/Pages/_Layout.cshtml'. 
2024-10-28 00:36:33.3999|TRACE|Microsoft.AspNetCore.Mvc.Razor.RuntimeCompilation.RuntimeViewCompiler|Could not find a file for view at path '/Pages/Shared/_Layout.cshtml'. 
2024-10-28 00:36:33.3999|TRACE|Microsoft.AspNetCore.Mvc.Razor.RuntimeCompilation.RuntimeViewCompiler|Located compiled view for view at path '/Views/Shared/_Layout.cshtml'. 
2024-10-28 00:36:33.3999|TRACE|Microsoft.AspNetCore.Mvc.Razor.RuntimeCompilation.RuntimeViewCompiler|Invalidating compiled view at path '/Views/Shared/_Layout.cshtml' with a file since the checksum did not match. 
2024-10-28 00:36:33.5304|DEBUG|Microsoft.AspNetCore.Mvc.Razor.RuntimeCompilation.RuntimeViewCompiler|Compilation of the generated code for the Razor file at 'C:\Users\63200510\Downloads\WEB BASE\PetProject\src\Views\Shared\_Layout.cshtml' started. 
2024-10-28 00:36:33.6242|DEBUG|Microsoft.AspNetCore.Mvc.Razor.RuntimeCompilation.RuntimeViewCompiler|Compilation of the generated code for the Razor file at 'C:\Users\63200510\Downloads\WEB BASE\PetProject\src\Views\Shared\_Layout.cshtml' completed in 93.5949ms. 
2024-10-28 00:39:27.6148|DEBUG|Microsoft.AspNetCore.Mvc.Razor.RuntimeCompilation.RuntimeViewCompiler|Initializing Razor view compiler with compiled view: '/Pages/Error.cshtml'. 
2024-10-28 00:39:27.6148|DEBUG|Microsoft.AspNetCore.Mvc.Razor.RuntimeCompilation.RuntimeViewCompiler|Initializing Razor view compiler with compiled view: '/Pages/Index.cshtml'. 
2024-10-28 00:39:27.6148|DEBUG|Microsoft.AspNetCore.Mvc.Razor.RuntimeCompilation.RuntimeViewCompiler|Initializing Razor view compiler with compiled view: '/Pages/_ViewImports.cshtml'. 
2024-10-28 00:39:27.6148|DEBUG|Microsoft.AspNetCore.Mvc.Razor.RuntimeCompilation.RuntimeViewCompiler|Initializing Razor view compiler with compiled view: '/Pages/_ViewStart.cshtml'. 
2024-10-28 00:39:27.6148|DEBUG|Microsoft.AspNetCore.Mvc.Razor.RuntimeCompilation.RuntimeViewCompiler|Initializing Razor view compiler with compiled view: '/Views/Home/Error.cshtml'. 
2024-10-28 00:39:27.6148|DEBUG|Microsoft.AspNetCore.Mvc.Razor.RuntimeCompilation.RuntimeViewCompiler|Initializing Razor view compiler with compiled view: '/Views/Shared/_Layout.cshtml'. 
2024-10-28 00:39:27.6148|DEBUG|Microsoft.AspNetCore.Mvc.Razor.RuntimeCompilation.RuntimeViewCompiler|Initializing Razor view compiler with compiled view: '/Views/Shared/_ValidationScriptsPartial.cshtml'. 
2024-10-28 00:39:27.6148|DEBUG|Microsoft.AspNetCore.Mvc.Razor.RuntimeCompilation.RuntimeViewCompiler|Initializing Razor view compiler with compiled view: '/Views/User/Login.cshtml'. 
2024-10-28 00:39:27.6148|DEBUG|Microsoft.AspNetCore.Mvc.Razor.RuntimeCompilation.RuntimeViewCompiler|Initializing Razor view compiler with compiled view: '/Views/User/Profile.cshtml'. 
2024-10-28 00:39:27.6148|DEBUG|Microsoft.AspNetCore.Mvc.Razor.RuntimeCompilation.RuntimeViewCompiler|Initializing Razor view compiler with compiled view: '/Views/User/Register.cshtml'. 
2024-10-28 00:39:27.6148|TRACE|Microsoft.AspNetCore.Mvc.Razor.RuntimeCompilation.RuntimeViewCompiler|Located compiled view for view at path '/Pages/Index.cshtml'. 
2024-10-28 00:39:27.6148|TRACE|Microsoft.AspNetCore.Mvc.Razor.RuntimeCompilation.RuntimeViewCompiler|Invalidating compiled view at path '/Pages/Index.cshtml' with a file since the checksum did not match. 
2024-10-28 00:39:28.7279|DEBUG|Microsoft.AspNetCore.Mvc.Razor.RuntimeCompilation.RuntimeViewCompiler|Compilation of the generated code for the Razor file at 'C:\Users\63200510\Downloads\WEB BASE\PetProject\src\Pages\Index.cshtml' started. 
2024-10-28 00:39:30.5422|DEBUG|Microsoft.AspNetCore.Mvc.Razor.RuntimeCompilation.RuntimeViewCompiler|Compilation of the generated code for the Razor file at 'C:\Users\63200510\Downloads\WEB BASE\PetProject\src\Pages\Index.cshtml' completed in 1804.5391ms. 
2024-10-28 00:39:30.5703|TRACE|Microsoft.AspNetCore.Mvc.Razor.RuntimeCompilation.RuntimeViewCompiler|Located compiled view for view at path '/Pages/_ViewStart.cshtml'. 
2024-10-28 00:39:30.5703|TRACE|Microsoft.AspNetCore.Mvc.Razor.RuntimeCompilation.RuntimeViewCompiler|Invalidating compiled view at path '/Pages/_ViewStart.cshtml' with a file since the checksum did not match. 
2024-10-28 00:39:31.0629|DEBUG|Microsoft.AspNetCore.Mvc.Razor.RuntimeCompilation.RuntimeViewCompiler|Compilation of the generated code for the Razor file at 'C:\Users\63200510\Downloads\WEB BASE\PetProject\src\Pages\_ViewStart.cshtml' started. 
2024-10-28 00:39:31.2031|DEBUG|Microsoft.AspNetCore.Mvc.Razor.RuntimeCompilation.RuntimeViewCompiler|Compilation of the generated code for the Razor file at 'C:\Users\63200510\Downloads\WEB BASE\PetProject\src\Pages\_ViewStart.cshtml' completed in 139.9825ms. 
2024-10-28 00:39:31.2069|TRACE|Microsoft.AspNetCore.Mvc.Razor.RuntimeCompilation.RuntimeViewCompiler|Could not find a file for view at path '/_ViewStart.cshtml'. 
2024-10-28 00:39:31.2576|TRACE|Microsoft.AspNetCore.Mvc.Razor.RuntimeCompilation.RuntimeViewCompiler|Could not find a file for view at path '/Pages/_Layout.cshtml'. 
2024-10-28 00:39:31.2576|TRACE|Microsoft.AspNetCore.Mvc.Razor.RuntimeCompilation.RuntimeViewCompiler|Could not find a file for view at path '/Pages/Shared/_Layout.cshtml'. 
2024-10-28 00:39:31.2576|TRACE|Microsoft.AspNetCore.Mvc.Razor.RuntimeCompilation.RuntimeViewCompiler|Located compiled view for view at path '/Views/Shared/_Layout.cshtml'. 
2024-10-28 00:39:31.2576|TRACE|Microsoft.AspNetCore.Mvc.Razor.RuntimeCompilation.RuntimeViewCompiler|Invalidating compiled view at path '/Views/Shared/_Layout.cshtml' with a file since the checksum did not match. 
2024-10-28 00:39:31.4026|DEBUG|Microsoft.AspNetCore.Mvc.Razor.RuntimeCompilation.RuntimeViewCompiler|Compilation of the generated code for the Razor file at 'C:\Users\63200510\Downloads\WEB BASE\PetProject\src\Views\Shared\_Layout.cshtml' started. 
2024-10-28 00:39:31.5860|DEBUG|Microsoft.AspNetCore.Mvc.Razor.RuntimeCompilation.RuntimeViewCompiler|Compilation of the generated code for the Razor file at 'C:\Users\63200510\Downloads\WEB BASE\PetProject\src\Views\Shared\_Layout.cshtml' completed in 183.2521ms. 
2024-10-28 01:27:04.9010|DEBUG|Microsoft.AspNetCore.Mvc.Razor.RuntimeCompilation.RuntimeViewCompiler|Initializing Razor view compiler with compiled view: '/Pages/Error.cshtml'. 
2024-10-28 01:27:04.9010|DEBUG|Microsoft.AspNetCore.Mvc.Razor.RuntimeCompilation.RuntimeViewCompiler|Initializing Razor view compiler with compiled view: '/Pages/Index.cshtml'. 
2024-10-28 01:27:04.9010|DEBUG|Microsoft.AspNetCore.Mvc.Razor.RuntimeCompilation.RuntimeViewCompiler|Initializing Razor view compiler with compiled view: '/Pages/_ViewImports.cshtml'. 
2024-10-28 01:27:04.9010|DEBUG|Microsoft.AspNetCore.Mvc.Razor.RuntimeCompilation.RuntimeViewCompiler|Initializing Razor view compiler with compiled view: '/Pages/_ViewStart.cshtml'. 
2024-10-28 01:27:04.9010|DEBUG|Microsoft.AspNetCore.Mvc.Razor.RuntimeCompilation.RuntimeViewCompiler|Initializing Razor view compiler with compiled view: '/Views/Home/Error.cshtml'. 
2024-10-28 01:27:04.9010|DEBUG|Microsoft.AspNetCore.Mvc.Razor.RuntimeCompilation.RuntimeViewCompiler|Initializing Razor view compiler with compiled view: '/Views/Shared/_Layout.cshtml'. 
2024-10-28 01:27:04.9010|DEBUG|Microsoft.AspNetCore.Mvc.Razor.RuntimeCompilation.RuntimeViewCompiler|Initializing Razor view compiler with compiled view: '/Views/Shared/_ValidationScriptsPartial.cshtml'. 
2024-10-28 01:27:04.9010|DEBUG|Microsoft.AspNetCore.Mvc.Razor.RuntimeCompilation.RuntimeViewCompiler|Initializing Razor view compiler with compiled view: '/Views/User/Login.cshtml'. 
2024-10-28 01:27:04.9010|DEBUG|Microsoft.AspNetCore.Mvc.Razor.RuntimeCompilation.RuntimeViewCompiler|Initializing Razor view compiler with compiled view: '/Views/User/Profile.cshtml'. 
2024-10-28 01:27:04.9010|DEBUG|Microsoft.AspNetCore.Mvc.Razor.RuntimeCompilation.RuntimeViewCompiler|Initializing Razor view compiler with compiled view: '/Views/User/Register.cshtml'. 
2024-10-28 01:27:04.9010|TRACE|Microsoft.AspNetCore.Mvc.Razor.RuntimeCompilation.RuntimeViewCompiler|Located compiled view for view at path '/Pages/Index.cshtml'. 
2024-10-28 01:27:04.9010|TRACE|Microsoft.AspNetCore.Mvc.Razor.RuntimeCompilation.RuntimeViewCompiler|Invalidating compiled view at path '/Pages/Index.cshtml' with a file since the checksum did not match. 
2024-10-28 01:27:06.0442|DEBUG|Microsoft.AspNetCore.Mvc.Razor.RuntimeCompilation.RuntimeViewCompiler|Compilation of the generated code for the Razor file at 'C:\Users\63200510\Downloads\WEB BASE\PetProject\src\Pages\Index.cshtml' started. 
2024-10-28 01:27:07.5246|DEBUG|Microsoft.AspNetCore.Mvc.Razor.RuntimeCompilation.RuntimeViewCompiler|Compilation of the generated code for the Razor file at 'C:\Users\63200510\Downloads\WEB BASE\PetProject\src\Pages\Index.cshtml' completed in 1474.5315ms. 
2024-10-28 01:27:07.5420|TRACE|Microsoft.AspNetCore.Mvc.Razor.RuntimeCompilation.RuntimeViewCompiler|Located compiled view for view at path '/Pages/_ViewStart.cshtml'. 
2024-10-28 01:27:07.5420|TRACE|Microsoft.AspNetCore.Mvc.Razor.RuntimeCompilation.RuntimeViewCompiler|Invalidating compiled view at path '/Pages/_ViewStart.cshtml' with a file since the checksum did not match. 
2024-10-28 01:27:07.6401|DEBUG|Microsoft.AspNetCore.Mvc.Razor.RuntimeCompilation.RuntimeViewCompiler|Compilation of the generated code for the Razor file at 'C:\Users\63200510\Downloads\WEB BASE\PetProject\src\Pages\_ViewStart.cshtml' started. 
2024-10-28 01:27:07.6867|DEBUG|Microsoft.AspNetCore.Mvc.Razor.RuntimeCompilation.RuntimeViewCompiler|Compilation of the generated code for the Razor file at 'C:\Users\63200510\Downloads\WEB BASE\PetProject\src\Pages\_ViewStart.cshtml' completed in 46.4296ms. 
2024-10-28 01:27:07.6867|TRACE|Microsoft.AspNetCore.Mvc.Razor.RuntimeCompilation.RuntimeViewCompiler|Could not find a file for view at path '/_ViewStart.cshtml'. 
2024-10-28 01:27:07.7150|TRACE|Microsoft.AspNetCore.Mvc.Razor.RuntimeCompilation.RuntimeViewCompiler|Could not find a file for view at path '/Pages/_Layout.cshtml'. 
2024-10-28 01:27:07.7150|TRACE|Microsoft.AspNetCore.Mvc.Razor.RuntimeCompilation.RuntimeViewCompiler|Could not find a file for view at path '/Pages/Shared/_Layout.cshtml'. 
2024-10-28 01:27:07.7150|TRACE|Microsoft.AspNetCore.Mvc.Razor.RuntimeCompilation.RuntimeViewCompiler|Located compiled view for view at path '/Views/Shared/_Layout.cshtml'. 
2024-10-28 01:27:07.7150|TRACE|Microsoft.AspNetCore.Mvc.Razor.RuntimeCompilation.RuntimeViewCompiler|Invalidating compiled view at path '/Views/Shared/_Layout.cshtml' with a file since the checksum did not match. 
2024-10-28 01:27:07.8811|DEBUG|Microsoft.AspNetCore.Mvc.Razor.RuntimeCompilation.RuntimeViewCompiler|Compilation of the generated code for the Razor file at 'C:\Users\63200510\Downloads\WEB BASE\PetProject\src\Views\Shared\_Layout.cshtml' started. 
2024-10-28 01:27:07.9912|DEBUG|Microsoft.AspNetCore.Mvc.Razor.RuntimeCompilation.RuntimeViewCompiler|Compilation of the generated code for the Razor file at 'C:\Users\63200510\Downloads\WEB BASE\PetProject\src\Views\Shared\_Layout.cshtml' completed in 109.9982ms. 
2024-10-28 01:27:12.9809|TRACE|Microsoft.AspNetCore.Mvc.Razor.RuntimeCompilation.RuntimeViewCompiler|Located compiled view for view at path '/Views/User/Login.cshtml'. 
2024-10-28 01:27:12.9809|TRACE|Microsoft.AspNetCore.Mvc.Razor.RuntimeCompilation.RuntimeViewCompiler|Invalidating compiled view at path '/Views/User/Login.cshtml' with a file since the checksum did not match. 
2024-10-28 01:27:13.1072|DEBUG|Microsoft.AspNetCore.Mvc.Razor.RuntimeCompilation.RuntimeViewCompiler|Compilation of the generated code for the Razor file at 'C:\Users\63200510\Downloads\WEB BASE\PetProject\src\Views\User\Login.cshtml' started. 
2024-10-28 01:27:13.2602|DEBUG|Microsoft.AspNetCore.Mvc.Razor.RuntimeCompilation.RuntimeViewCompiler|Compilation of the generated code for the Razor file at 'C:\Users\63200510\Downloads\WEB BASE\PetProject\src\Views\User\Login.cshtml' completed in 152.9567ms. 
2024-10-28 01:27:13.2602|TRACE|Microsoft.AspNetCore.Mvc.Razor.RuntimeCompilation.RuntimeViewCompiler|Could not find a file for view at path '/Views/User/_ViewStart.cshtml'. 
2024-10-28 01:27:13.2602|TRACE|Microsoft.AspNetCore.Mvc.Razor.RuntimeCompilation.RuntimeViewCompiler|Could not find a file for view at path '/Views/_ViewStart.cshtml'. 
2024-10-28 01:29:00.2273|DEBUG|Microsoft.AspNetCore.Mvc.Razor.RuntimeCompilation.RuntimeViewCompiler|Initializing Razor view compiler with compiled view: '/Pages/Error.cshtml'. 
2024-10-28 01:29:00.2273|DEBUG|Microsoft.AspNetCore.Mvc.Razor.RuntimeCompilation.RuntimeViewCompiler|Initializing Razor view compiler with compiled view: '/Pages/Index.cshtml'. 
2024-10-28 01:29:00.2273|DEBUG|Microsoft.AspNetCore.Mvc.Razor.RuntimeCompilation.RuntimeViewCompiler|Initializing Razor view compiler with compiled view: '/Pages/_ViewImports.cshtml'. 
2024-10-28 01:29:00.2273|DEBUG|Microsoft.AspNetCore.Mvc.Razor.RuntimeCompilation.RuntimeViewCompiler|Initializing Razor view compiler with compiled view: '/Pages/_ViewStart.cshtml'. 
2024-10-28 01:29:00.2273|DEBUG|Microsoft.AspNetCore.Mvc.Razor.RuntimeCompilation.RuntimeViewCompiler|Initializing Razor view compiler with compiled view: '/Views/Home/Error.cshtml'. 
2024-10-28 01:29:00.2273|DEBUG|Microsoft.AspNetCore.Mvc.Razor.RuntimeCompilation.RuntimeViewCompiler|Initializing Razor view compiler with compiled view: '/Views/Shared/_Layout.cshtml'. 
2024-10-28 01:29:00.2273|DEBUG|Microsoft.AspNetCore.Mvc.Razor.RuntimeCompilation.RuntimeViewCompiler|Initializing Razor view compiler with compiled view: '/Views/Shared/_ValidationScriptsPartial.cshtml'. 
2024-10-28 01:29:00.2273|DEBUG|Microsoft.AspNetCore.Mvc.Razor.RuntimeCompilation.RuntimeViewCompiler|Initializing Razor view compiler with compiled view: '/Views/User/Login.cshtml'. 
2024-10-28 01:29:00.2273|DEBUG|Microsoft.AspNetCore.Mvc.Razor.RuntimeCompilation.RuntimeViewCompiler|Initializing Razor view compiler with compiled view: '/Views/User/Profile.cshtml'. 
2024-10-28 01:29:00.2273|DEBUG|Microsoft.AspNetCore.Mvc.Razor.RuntimeCompilation.RuntimeViewCompiler|Initializing Razor view compiler with compiled view: '/Views/User/Register.cshtml'. 
2024-10-28 01:29:00.2273|TRACE|Microsoft.AspNetCore.Mvc.Razor.RuntimeCompilation.RuntimeViewCompiler|Located compiled view for view at path '/Pages/Index.cshtml'. 
2024-10-28 01:29:00.2273|TRACE|Microsoft.AspNetCore.Mvc.Razor.RuntimeCompilation.RuntimeViewCompiler|Invalidating compiled view at path '/Pages/Index.cshtml' with a file since the checksum did not match. 
2024-10-28 01:29:01.0610|DEBUG|Microsoft.AspNetCore.Mvc.Razor.RuntimeCompilation.RuntimeViewCompiler|Compilation of the generated code for the Razor file at 'C:\Users\63200510\Downloads\WEB BASE\PetProject\src\Pages\Index.cshtml' started. 
2024-10-28 01:29:02.1084|DEBUG|Microsoft.AspNetCore.Mvc.Razor.RuntimeCompilation.RuntimeViewCompiler|Compilation of the generated code for the Razor file at 'C:\Users\63200510\Downloads\WEB BASE\PetProject\src\Pages\Index.cshtml' completed in 1047.1705ms. 
2024-10-28 01:29:02.1203|TRACE|Microsoft.AspNetCore.Mvc.Razor.RuntimeCompilation.RuntimeViewCompiler|Located compiled view for view at path '/Pages/_ViewStart.cshtml'. 
2024-10-28 01:29:02.1203|TRACE|Microsoft.AspNetCore.Mvc.Razor.RuntimeCompilation.RuntimeViewCompiler|Invalidating compiled view at path '/Pages/_ViewStart.cshtml' with a file since the checksum did not match. 
2024-10-28 01:29:02.1745|DEBUG|Microsoft.AspNetCore.Mvc.Razor.RuntimeCompilation.RuntimeViewCompiler|Compilation of the generated code for the Razor file at 'C:\Users\63200510\Downloads\WEB BASE\PetProject\src\Pages\_ViewStart.cshtml' started. 
2024-10-28 01:29:02.2098|DEBUG|Microsoft.AspNetCore.Mvc.Razor.RuntimeCompilation.RuntimeViewCompiler|Compilation of the generated code for the Razor file at 'C:\Users\63200510\Downloads\WEB BASE\PetProject\src\Pages\_ViewStart.cshtml' completed in 35.2056ms. 
2024-10-28 01:29:02.2112|TRACE|Microsoft.AspNetCore.Mvc.Razor.RuntimeCompilation.RuntimeViewCompiler|Could not find a file for view at path '/_ViewStart.cshtml'. 
2024-10-28 01:29:02.2330|TRACE|Microsoft.AspNetCore.Mvc.Razor.RuntimeCompilation.RuntimeViewCompiler|Could not find a file for view at path '/Pages/_Layout.cshtml'. 
2024-10-28 01:29:02.2330|TRACE|Microsoft.AspNetCore.Mvc.Razor.RuntimeCompilation.RuntimeViewCompiler|Could not find a file for view at path '/Pages/Shared/_Layout.cshtml'. 
2024-10-28 01:29:02.2330|TRACE|Microsoft.AspNetCore.Mvc.Razor.RuntimeCompilation.RuntimeViewCompiler|Located compiled view for view at path '/Views/Shared/_Layout.cshtml'. 
2024-10-28 01:29:02.2330|TRACE|Microsoft.AspNetCore.Mvc.Razor.RuntimeCompilation.RuntimeViewCompiler|Invalidating compiled view at path '/Views/Shared/_Layout.cshtml' with a file since the checksum did not match. 
2024-10-28 01:29:02.3600|DEBUG|Microsoft.AspNetCore.Mvc.Razor.RuntimeCompilation.RuntimeViewCompiler|Compilation of the generated code for the Razor file at 'C:\Users\63200510\Downloads\WEB BASE\PetProject\src\Views\Shared\_Layout.cshtml' started. 
2024-10-28 01:29:02.4332|DEBUG|Microsoft.AspNetCore.Mvc.Razor.RuntimeCompilation.RuntimeViewCompiler|Compilation of the generated code for the Razor file at 'C:\Users\63200510\Downloads\WEB BASE\PetProject\src\Views\Shared\_Layout.cshtml' completed in 73.161ms. 
2024-10-28 01:32:21.7251|DEBUG|Microsoft.AspNetCore.Mvc.Razor.RuntimeCompilation.RuntimeViewCompiler|Initializing Razor view compiler with compiled view: '/Pages/Error.cshtml'. 
2024-10-28 01:32:21.7251|DEBUG|Microsoft.AspNetCore.Mvc.Razor.RuntimeCompilation.RuntimeViewCompiler|Initializing Razor view compiler with compiled view: '/Pages/Index.cshtml'. 
2024-10-28 01:32:21.7251|DEBUG|Microsoft.AspNetCore.Mvc.Razor.RuntimeCompilation.RuntimeViewCompiler|Initializing Razor view compiler with compiled view: '/Pages/_ViewImports.cshtml'. 
2024-10-28 01:32:21.7251|DEBUG|Microsoft.AspNetCore.Mvc.Razor.RuntimeCompilation.RuntimeViewCompiler|Initializing Razor view compiler with compiled view: '/Pages/_ViewStart.cshtml'. 
2024-10-28 01:32:21.7251|DEBUG|Microsoft.AspNetCore.Mvc.Razor.RuntimeCompilation.RuntimeViewCompiler|Initializing Razor view compiler with compiled view: '/Views/Home/Error.cshtml'. 
2024-10-28 01:32:21.7251|DEBUG|Microsoft.AspNetCore.Mvc.Razor.RuntimeCompilation.RuntimeViewCompiler|Initializing Razor view compiler with compiled view: '/Views/Shared/_Layout.cshtml'. 
2024-10-28 01:32:21.7251|DEBUG|Microsoft.AspNetCore.Mvc.Razor.RuntimeCompilation.RuntimeViewCompiler|Initializing Razor view compiler with compiled view: '/Views/Shared/_ValidationScriptsPartial.cshtml'. 
2024-10-28 01:32:21.7251|DEBUG|Microsoft.AspNetCore.Mvc.Razor.RuntimeCompilation.RuntimeViewCompiler|Initializing Razor view compiler with compiled view: '/Views/User/Login.cshtml'. 
2024-10-28 01:32:21.7251|DEBUG|Microsoft.AspNetCore.Mvc.Razor.RuntimeCompilation.RuntimeViewCompiler|Initializing Razor view compiler with compiled view: '/Views/User/Profile.cshtml'. 
2024-10-28 01:32:21.7251|DEBUG|Microsoft.AspNetCore.Mvc.Razor.RuntimeCompilation.RuntimeViewCompiler|Initializing Razor view compiler with compiled view: '/Views/User/Register.cshtml'. 
2024-10-28 01:32:21.7251|TRACE|Microsoft.AspNetCore.Mvc.Razor.RuntimeCompilation.RuntimeViewCompiler|Located compiled view for view at path '/Pages/Index.cshtml'. 
2024-10-28 01:32:21.7251|TRACE|Microsoft.AspNetCore.Mvc.Razor.RuntimeCompilation.RuntimeViewCompiler|Invalidating compiled view at path '/Pages/Index.cshtml' with a file since the checksum did not match. 
2024-10-28 01:32:22.6513|DEBUG|Microsoft.AspNetCore.Mvc.Razor.RuntimeCompilation.RuntimeViewCompiler|Compilation of the generated code for the Razor file at 'C:\Users\63200510\Downloads\WEB BASE\PetProject\src\Pages\Index.cshtml' started. 
2024-10-28 01:32:24.3488|DEBUG|Microsoft.AspNetCore.Mvc.Razor.RuntimeCompilation.RuntimeViewCompiler|Compilation of the generated code for the Razor file at 'C:\Users\63200510\Downloads\WEB BASE\PetProject\src\Pages\Index.cshtml' completed in 1690.0249ms. 
2024-10-28 01:32:24.3533|TRACE|Microsoft.AspNetCore.Mvc.Razor.RuntimeCompilation.RuntimeViewCompiler|Located compiled view for view at path '/Pages/_ViewStart.cshtml'. 
2024-10-28 01:32:24.3533|TRACE|Microsoft.AspNetCore.Mvc.Razor.RuntimeCompilation.RuntimeViewCompiler|Invalidating compiled view at path '/Pages/_ViewStart.cshtml' with a file since the checksum did not match. 
2024-10-28 01:32:24.4270|DEBUG|Microsoft.AspNetCore.Mvc.Razor.RuntimeCompilation.RuntimeViewCompiler|Compilation of the generated code for the Razor file at 'C:\Users\63200510\Downloads\WEB BASE\PetProject\src\Pages\_ViewStart.cshtml' started. 
2024-10-28 01:32:24.4712|DEBUG|Microsoft.AspNetCore.Mvc.Razor.RuntimeCompilation.RuntimeViewCompiler|Compilation of the generated code for the Razor file at 'C:\Users\63200510\Downloads\WEB BASE\PetProject\src\Pages\_ViewStart.cshtml' completed in 44.0188ms. 
2024-10-28 01:32:24.4753|TRACE|Microsoft.AspNetCore.Mvc.Razor.RuntimeCompilation.RuntimeViewCompiler|Could not find a file for view at path '/_ViewStart.cshtml'. 
2024-10-28 01:32:24.5076|TRACE|Microsoft.AspNetCore.Mvc.Razor.RuntimeCompilation.RuntimeViewCompiler|Could not find a file for view at path '/Pages/_Layout.cshtml'. 
2024-10-28 01:32:24.5076|TRACE|Microsoft.AspNetCore.Mvc.Razor.RuntimeCompilation.RuntimeViewCompiler|Could not find a file for view at path '/Pages/Shared/_Layout.cshtml'. 
2024-10-28 01:32:24.5076|TRACE|Microsoft.AspNetCore.Mvc.Razor.RuntimeCompilation.RuntimeViewCompiler|Located compiled view for view at path '/Views/Shared/_Layout.cshtml'. 
2024-10-28 01:32:24.5076|TRACE|Microsoft.AspNetCore.Mvc.Razor.RuntimeCompilation.RuntimeViewCompiler|Invalidating compiled view at path '/Views/Shared/_Layout.cshtml' with a file since the checksum did not match. 
2024-10-28 01:32:24.6817|DEBUG|Microsoft.AspNetCore.Mvc.Razor.RuntimeCompilation.RuntimeViewCompiler|Compilation of the generated code for the Razor file at 'C:\Users\63200510\Downloads\WEB BASE\PetProject\src\Views\Shared\_Layout.cshtml' started. 
2024-10-28 01:32:24.7790|DEBUG|Microsoft.AspNetCore.Mvc.Razor.RuntimeCompilation.RuntimeViewCompiler|Compilation of the generated code for the Razor file at 'C:\Users\63200510\Downloads\WEB BASE\PetProject\src\Views\Shared\_Layout.cshtml' completed in 97.0793ms. 
2024-10-28 01:32:44.1660|TRACE|Microsoft.AspNetCore.Mvc.Razor.RuntimeCompilation.RuntimeViewCompiler|Located compiled view for view at path '/Views/User/Login.cshtml'. 
2024-10-28 01:32:44.1660|TRACE|Microsoft.AspNetCore.Mvc.Razor.RuntimeCompilation.RuntimeViewCompiler|Invalidating compiled view at path '/Views/User/Login.cshtml' with a file since the checksum did not match. 
2024-10-28 01:32:44.3089|DEBUG|Microsoft.AspNetCore.Mvc.Razor.RuntimeCompilation.RuntimeViewCompiler|Compilation of the generated code for the Razor file at 'C:\Users\63200510\Downloads\WEB BASE\PetProject\src\Views\User\Login.cshtml' started. 
2024-10-28 01:32:44.4700|DEBUG|Microsoft.AspNetCore.Mvc.Razor.RuntimeCompilation.RuntimeViewCompiler|Compilation of the generated code for the Razor file at 'C:\Users\63200510\Downloads\WEB BASE\PetProject\src\Views\User\Login.cshtml' completed in 161.0361ms. 
2024-10-28 01:32:44.4700|TRACE|Microsoft.AspNetCore.Mvc.Razor.RuntimeCompilation.RuntimeViewCompiler|Could not find a file for view at path '/Views/User/_ViewStart.cshtml'. 
2024-10-28 01:32:44.4700|TRACE|Microsoft.AspNetCore.Mvc.Razor.RuntimeCompilation.RuntimeViewCompiler|Could not find a file for view at path '/Views/_ViewStart.cshtml'. 
