2024-10-28 00:26:05.7075|DEBUG|Microsoft.AspNetCore.Server.Kestrel.Connections|Connection id "0HN7N2R8BCM3N" accepted. 
2024-10-28 00:26:05.7121|DEBUG|Microsoft.AspNetCore.Server.Kestrel.Connections|Connection id "0HN7N2R8BCM3N" started. 
2024-10-28 00:27:48.5752|DEBUG|Microsoft.AspNetCore.Server.Kestrel.Connections|Connection id "0HN7N48345BUB" accepted. 
2024-10-28 00:27:48.5752|DEBUG|Microsoft.AspNetCore.Server.Kestrel.Connections|Connection id "0HN7N48345BUC" accepted. 
2024-10-28 00:27:48.5752|DEBUG|Microsoft.AspNetCore.Server.Kestrel.Connections|Connection id "0HN7N48345BUB" started. 
2024-10-28 00:27:48.5752|DEBUG|Microsoft.AspNetCore.Server.Kestrel.Connections|Connection id "0HN7N48345BUC" started. 
2024-10-28 00:27:48.6026|DEBUG|Microsoft.AspNetCore.Server.Kestrel.Connections|Connection id "0HN7N48345BUB" stopped. 
2024-10-28 00:27:48.6026|DEBUG|Microsoft.AspNetCore.Server.Kestrel.Connections|Connection id "0HN7N48345BUC" stopped. 
2024-10-28 00:28:05.6005|DEBUG|Microsoft.AspNetCore.Server.Kestrel.Connections|Connection id "0HN7N48345BUD" accepted. 
2024-10-28 00:28:05.6005|DEBUG|Microsoft.AspNetCore.Server.Kestrel.Connections|Connection id "0HN7N48345BUD" started. 
2024-10-28 00:28:23.5590|DEBUG|Microsoft.AspNetCore.Server.Kestrel.Connections|Connection id "0HN7N48DHPIAJ" accepted. 
2024-10-28 00:28:23.5590|DEBUG|Microsoft.AspNetCore.Server.Kestrel.Connections|Connection id "0HN7N48DHPIAK" accepted. 
2024-10-28 00:28:23.5590|DEBUG|Microsoft.AspNetCore.Server.Kestrel.Connections|Connection id "0HN7N48DHPIAK" started. 
2024-10-28 00:28:23.5590|DEBUG|Microsoft.AspNetCore.Server.Kestrel.Connections|Connection id "0HN7N48DHPIAJ" started. 
2024-10-28 00:28:23.5703|DEBUG|Microsoft.AspNetCore.Server.Kestrel.Connections|Connection id "0HN7N48DHPIAK" stopped. 
2024-10-28 00:28:23.5703|DEBUG|Microsoft.AspNetCore.Server.Kestrel.Connections|Connection id "0HN7N48DHPIAJ" stopped. 
2024-10-28 00:28:23.6568|DEBUG|Microsoft.AspNetCore.Server.Kestrel.Connections|Connection id "0HN7N48DHPIAL" accepted. 
2024-10-28 00:28:23.6568|DEBUG|Microsoft.AspNetCore.Server.Kestrel.Connections|Connection id "0HN7N48DHPIAL" started. 
2024-10-28 00:29:47.3863|DEBUG|Microsoft.AspNetCore.Server.Kestrel.Connections|Connection id "0HN7N496H7K9P" accepted. 
2024-10-28 00:29:47.3863|DEBUG|Microsoft.AspNetCore.Server.Kestrel.Connections|Connection id "0HN7N496H7K9P" started. 
2024-10-28 00:29:47.4308|DEBUG|Microsoft.AspNetCore.Server.Kestrel.Connections|Connection id "0HN7N496H7K9P" stopped. 
2024-10-28 00:29:47.5693|DEBUG|Microsoft.AspNetCore.Server.Kestrel.Connections|Connection id "0HN7N496H7K9Q" accepted. 
2024-10-28 00:29:47.5706|DEBUG|Microsoft.AspNetCore.Server.Kestrel.Connections|Connection id "0HN7N496H7K9Q" started. 
2024-10-28 00:31:12.5877|DEBUG|Microsoft.AspNetCore.Server.Kestrel.Connections|Connection id "0HN7N49VTN9RU" accepted. 
2024-10-28 00:31:12.5877|DEBUG|Microsoft.AspNetCore.Server.Kestrel.Connections|Connection id "0HN7N49VTN9RU" started. 
2024-10-28 00:31:12.6225|DEBUG|Microsoft.AspNetCore.Server.Kestrel.Connections|Connection id "0HN7N49VTN9RU" stopped. 
2024-10-28 00:31:12.8868|DEBUG|Microsoft.AspNetCore.Server.Kestrel.Connections|Connection id "0HN7N49VTN9RV" accepted. 
2024-10-28 00:31:12.8868|DEBUG|Microsoft.AspNetCore.Server.Kestrel.Connections|Connection id "0HN7N49VTN9RV" started. 
2024-10-28 00:31:40.3408|DEBUG|Microsoft.AspNetCore.Server.Kestrel.Connections|Connection id "0HN7N4A863J21" accepted. 
2024-10-28 00:31:40.3503|DEBUG|Microsoft.AspNetCore.Server.Kestrel.Connections|Connection id "0HN7N4A863J21" started. 
2024-10-28 00:31:40.5066|DEBUG|Microsoft.AspNetCore.Server.Kestrel.Connections|Connection id "0HN7N4A863J21" stopped. 
2024-10-28 00:31:40.5621|DEBUG|Microsoft.AspNetCore.Server.Kestrel.Connections|Connection id "0HN7N4A863J22" accepted. 
2024-10-28 00:31:40.5621|DEBUG|Microsoft.AspNetCore.Server.Kestrel.Connections|Connection id "0HN7N4A863J22" started. 
2024-10-28 00:33:40.0968|DEBUG|Microsoft.AspNetCore.Server.Kestrel.Connections|Connection id "0HN7N4BBRBH03" accepted. 
2024-10-28 00:33:40.0968|DEBUG|Microsoft.AspNetCore.Server.Kestrel.Connections|Connection id "0HN7N4BBRBH04" accepted. 
2024-10-28 00:33:40.0990|DEBUG|Microsoft.AspNetCore.Server.Kestrel.Connections|Connection id "0HN7N4BBRBH04" started. 
2024-10-28 00:33:40.0990|DEBUG|Microsoft.AspNetCore.Server.Kestrel.Connections|Connection id "0HN7N4BBRBH03" started. 
2024-10-28 00:33:40.1373|DEBUG|Microsoft.AspNetCore.Server.Kestrel.Connections|Connection id "0HN7N4BBRBH05" accepted. 
2024-10-28 00:33:40.1736|DEBUG|Microsoft.AspNetCore.Server.Kestrel.Connections|Connection id "0HN7N4BBRBH05" started. 
2024-10-28 00:33:40.1814|DEBUG|Microsoft.AspNetCore.Server.Kestrel.Connections|Connection id "0HN7N4BBRBH03" stopped. 
2024-10-28 00:33:40.1814|DEBUG|Microsoft.AspNetCore.Server.Kestrel.Connections|Connection id "0HN7N4BBRBH04" stopped. 
2024-10-28 00:34:11.7437|DEBUG|Microsoft.AspNetCore.Server.Kestrel.Connections|Connection id "0HN7N4BLAB2N4" accepted. 
2024-10-28 00:34:11.7437|DEBUG|Microsoft.AspNetCore.Server.Kestrel.Connections|Connection id "0HN7N4BLAB2N4" started. 
2024-10-28 00:34:11.8211|DEBUG|Microsoft.AspNetCore.Server.Kestrel.Connections|Connection id "0HN7N4BLAB2N4" stopped. 
2024-10-28 00:34:11.9644|DEBUG|Microsoft.AspNetCore.Server.Kestrel.Connections|Connection id "0HN7N4BLAB2N5" accepted. 
2024-10-28 00:34:11.9644|DEBUG|Microsoft.AspNetCore.Server.Kestrel.Connections|Connection id "0HN7N4BLAB2N5" started. 
2024-10-28 00:36:00.1446|DEBUG|Microsoft.AspNetCore.Server.Kestrel.Connections|Connection id "0HN7N4CLK4DUC" accepted. 
2024-10-28 00:36:00.1446|DEBUG|Microsoft.AspNetCore.Server.Kestrel.Connections|Connection id "0HN7N4CLK4DUC" started. 
2024-10-28 00:36:00.1681|DEBUG|Microsoft.AspNetCore.Server.Kestrel.Connections|Connection id "0HN7N4CLK4DUC" stopped. 
2024-10-28 00:36:00.2742|DEBUG|Microsoft.AspNetCore.Server.Kestrel.Connections|Connection id "0HN7N4CLK4DUD" accepted. 
2024-10-28 00:36:00.2742|DEBUG|Microsoft.AspNetCore.Server.Kestrel.Connections|Connection id "0HN7N4CLK4DUD" started. 
2024-10-28 00:36:26.3005|DEBUG|Microsoft.AspNetCore.Server.Kestrel.Connections|Connection id "0HN7N4CTDIJ9M" accepted. 
2024-10-28 00:36:26.3005|DEBUG|Microsoft.AspNetCore.Server.Kestrel.Connections|Connection id "0HN7N4CTDIJ9N" accepted. 
2024-10-28 00:36:26.3005|DEBUG|Microsoft.AspNetCore.Server.Kestrel.Connections|Connection id "0HN7N4CTDIJ9N" started. 
2024-10-28 00:36:26.3005|DEBUG|Microsoft.AspNetCore.Server.Kestrel.Connections|Connection id "0HN7N4CTDIJ9M" started. 
2024-10-28 00:36:26.3209|DEBUG|Microsoft.AspNetCore.Server.Kestrel.Connections|Connection id "0HN7N4CTDIJ9M" stopped. 
2024-10-28 00:36:26.3209|DEBUG|Microsoft.AspNetCore.Server.Kestrel.Connections|Connection id "0HN7N4CTDIJ9N" stopped. 
2024-10-28 00:36:30.9029|DEBUG|Microsoft.AspNetCore.Server.Kestrel.Connections|Connection id "0HN7N4CTDIJ9O" accepted. 
2024-10-28 00:36:30.9029|DEBUG|Microsoft.AspNetCore.Server.Kestrel.Connections|Connection id "0HN7N4CTDIJ9O" started. 
2024-10-28 00:38:58.5558|DEBUG|Microsoft.AspNetCore.Server.Kestrel.Connections|Connection id "0HN7N4CTDIJ9O" stopped. 
2024-10-28 00:39:26.4007|DEBUG|Microsoft.AspNetCore.Server.Kestrel.Connections|Connection id "0HN7N4EJ34P6S" accepted. 
2024-10-28 00:39:26.4007|DEBUG|Microsoft.AspNetCore.Server.Kestrel.Connections|Connection id "0HN7N4EJ34P6S" started. 
2024-10-28 00:39:26.4085|DEBUG|Microsoft.AspNetCore.Server.Kestrel.Connections|Connection id "0HN7N4EJ34P6T" accepted. 
2024-10-28 00:39:26.4085|DEBUG|Microsoft.AspNetCore.Server.Kestrel.Connections|Connection id "0HN7N4EJ34P6T" started. 
2024-10-28 00:39:27.1285|DEBUG|Microsoft.AspNetCore.Server.Kestrel.Connections|Connection id "0HN7N4EJ34P6S" stopped. 
2024-10-28 00:39:27.1285|DEBUG|Microsoft.AspNetCore.Server.Kestrel.Connections|Connection id "0HN7N4EJ34P6T" stopped. 
2024-10-28 00:39:27.3696|DEBUG|Microsoft.AspNetCore.Server.Kestrel.Connections|Connection id "0HN7N4EJ34P6U" accepted. 
2024-10-28 00:39:27.3696|DEBUG|Microsoft.AspNetCore.Server.Kestrel.Connections|Connection id "0HN7N4EJ34P6U" started. 
2024-10-28 00:41:43.2359|DEBUG|Microsoft.AspNetCore.Server.Kestrel.Connections|Connection id "0HN7N4EJ34P6U" stopped. 
2024-10-28 01:26:40.2161|DEBUG|Microsoft.AspNetCore.Server.Kestrel.Connections|Connection id "0HN7N58VKGKPE" accepted. 
2024-10-28 01:26:40.2161|DEBUG|Microsoft.AspNetCore.Server.Kestrel.Connections|Connection id "0HN7N58VKGKPD" accepted. 
2024-10-28 01:26:40.2161|DEBUG|Microsoft.AspNetCore.Server.Kestrel.Connections|Connection id "0HN7N58VKGKPE" started. 
2024-10-28 01:26:40.2161|DEBUG|Microsoft.AspNetCore.Server.Kestrel.Connections|Connection id "0HN7N58VKGKPD" started. 
2024-10-28 01:26:40.2336|DEBUG|Microsoft.AspNetCore.Server.Kestrel.Connections|Connection id "0HN7N58VKGKPD" stopped. 
2024-10-28 01:26:40.2336|DEBUG|Microsoft.AspNetCore.Server.Kestrel.Connections|Connection id "0HN7N58VKGKPE" stopped. 
2024-10-28 01:27:04.5443|DEBUG|Microsoft.AspNetCore.Server.Kestrel.Connections|Connection id "0HN7N58VKGKPF" accepted. 
2024-10-28 01:27:04.5443|DEBUG|Microsoft.AspNetCore.Server.Kestrel.Connections|Connection id "0HN7N58VKGKPF" started. 
2024-10-28 01:27:04.5443|DEBUG|Microsoft.AspNetCore.Server.Kestrel.Connections|Connection id "0HN7N58VKGKPF" stopped. 
2024-10-28 01:27:04.6725|DEBUG|Microsoft.AspNetCore.Server.Kestrel.Connections|Connection id "0HN7N58VKGKPG" accepted. 
2024-10-28 01:27:04.6725|DEBUG|Microsoft.AspNetCore.Server.Kestrel.Connections|Connection id "0HN7N58VKGKPG" started. 
2024-10-28 01:28:44.3401|DEBUG|Microsoft.AspNetCore.Server.Kestrel.Connections|Connection id "0HN7N5A4K88N3" accepted. 
2024-10-28 01:28:44.3401|DEBUG|Microsoft.AspNetCore.Server.Kestrel.Connections|Connection id "0HN7N5A4K88N3" started. 
2024-10-28 01:31:23.5905|DEBUG|Microsoft.AspNetCore.Server.Kestrel.Connections|Connection id "0HN7N5A4K88N3" stopped. 
2024-10-28 01:32:14.7916|DEBUG|Microsoft.AspNetCore.Server.Kestrel.Connections|Connection id "0HN7N5A4K88N4" accepted. 
2024-10-28 01:32:14.7916|DEBUG|Microsoft.AspNetCore.Server.Kestrel.Connections|Connection id "0HN7N5A4K88N4" started. 
2024-10-28 01:32:21.4509|DEBUG|Microsoft.AspNetCore.Server.Kestrel.Connections|Connection id "0HN7N5C5AP7LF" accepted. 
2024-10-28 01:32:21.4509|DEBUG|Microsoft.AspNetCore.Server.Kestrel.Connections|Connection id "0HN7N5C5AP7LF" started. 
2024-10-28 01:32:21.4612|DEBUG|Microsoft.AspNetCore.Server.Kestrel.Connections|Connection id "0HN7N5C5AP7LF" stopped. 
2024-10-28 01:32:21.5178|DEBUG|Microsoft.AspNetCore.Server.Kestrel.Connections|Connection id "0HN7N5C5AP7LG" accepted. 
2024-10-28 01:32:21.5178|DEBUG|Microsoft.AspNetCore.Server.Kestrel.Connections|Connection id "0HN7N5C5AP7LG" started. 
2024-10-28 01:34:56.6842|DEBUG|Microsoft.AspNetCore.Server.Kestrel.Connections|Connection id "0HN7N5C5AP7LG" stopped. 
