2024-10-28 00:28:26.4710|INFO|Microsoft.AspNetCore.Mvc.RazorPages.Infrastructure.PageActionInvoker|Route matched with {page = "/Index", action = "", controller = ""}. Executing page /Index 
2024-10-28 00:28:26.4785|DEBUG|Microsoft.AspNetCore.Mvc.RazorPages.Infrastructure.PageActionInvoker|Execution plan of authorization filters (in the following order): Microsoft.AspNetCore.Mvc.ViewFeatures.Filters.AutoValidateAntiforgeryTokenAuthorizationFilter 
2024-10-28 00:28:26.4785|DEBUG|Microsoft.AspNetCore.Mvc.RazorPages.Infrastructure.PageActionInvoker|Execution plan of resource filters (in the following order): Microsoft.AspNetCore.Mvc.ViewFeatures.Filters.SaveTempDataFilter 
2024-10-28 00:28:26.4785|DEBUG|Microsoft.AspNetCore.Mvc.RazorPages.Infrastructure.PageActionInvoker|Execution plan of action filters (in the following order): Microsoft.AspNetCore.Mvc.ModelBinding.UnsupportedContentTypeFilter (Order: -3000) 
2024-10-28 00:28:26.4785|DEBUG|Microsoft.AspNetCore.Mvc.RazorPages.Infrastructure.PageActionInvoker|Execution plan of exception filters (in the following order): None 
2024-10-28 00:28:26.4785|DEBUG|Microsoft.AspNetCore.Mvc.RazorPages.Infrastructure.PageActionInvoker|Execution plan of result filters (in the following order): Microsoft.AspNetCore.Mvc.ViewFeatures.Filters.SaveTempDataFilter 
2024-10-28 00:28:26.4785|TRACE|Microsoft.AspNetCore.Mvc.RazorPages.Infrastructure.PageActionInvoker|Authorization Filter: Before executing OnAuthorizationAsync on filter Microsoft.AspNetCore.Mvc.ViewFeatures.Filters.AutoValidateAntiforgeryTokenAuthorizationFilter. 
2024-10-28 00:28:26.4785|TRACE|Microsoft.AspNetCore.Mvc.RazorPages.Infrastructure.PageActionInvoker|Authorization Filter: After executing OnAuthorizationAsync on filter Microsoft.AspNetCore.Mvc.ViewFeatures.Filters.AutoValidateAntiforgeryTokenAuthorizationFilter. 
2024-10-28 00:28:26.4785|TRACE|Microsoft.AspNetCore.Mvc.RazorPages.Infrastructure.PageActionInvoker|Resource Filter: Before executing OnResourceExecuting on filter Microsoft.AspNetCore.Mvc.ViewFeatures.Filters.SaveTempDataFilter. 
2024-10-28 00:28:26.4785|TRACE|Microsoft.AspNetCore.Mvc.RazorPages.Infrastructure.PageActionInvoker|Resource Filter: After executing OnResourceExecuting on filter Microsoft.AspNetCore.Mvc.ViewFeatures.Filters.SaveTempDataFilter. 
2024-10-28 00:28:26.4785|DEBUG|Microsoft.AspNetCore.Mvc.RazorPages.Infrastructure.PageActionInvoker|Executing page model factory for page PetProject.Pages.Pages_Index (40uppljp.gr0) 
2024-10-28 00:28:26.4785|DEBUG|Microsoft.AspNetCore.Mvc.RazorPages.Infrastructure.PageActionInvoker|Executed page model factory for page PetProject.Pages.Pages_Index (40uppljp.gr0) 
2024-10-28 00:28:26.4785|TRACE|Microsoft.AspNetCore.Mvc.RazorPages.Infrastructure.PageActionInvoker|Page Filter: Before executing OnPageHandlerSelectionAsync on filter Microsoft.AspNetCore.Mvc.Filters.PageHandlerPageFilter. 
2024-10-28 00:28:26.4785|TRACE|Microsoft.AspNetCore.Mvc.RazorPages.Infrastructure.PageActionInvoker|Page Filter: After executing OnPageHandlerSelectionAsync on filter Microsoft.AspNetCore.Mvc.Filters.PageHandlerPageFilter. 
2024-10-28 00:28:26.4785|TRACE|Microsoft.AspNetCore.Mvc.RazorPages.Infrastructure.PageActionInvoker|Page Filter: Before executing OnPageHandlerSelected on filter Microsoft.AspNetCore.Mvc.RazorPages.Infrastructure.HandleOptionsRequestsPageFilter. 
2024-10-28 00:28:26.4785|TRACE|Microsoft.AspNetCore.Mvc.RazorPages.Infrastructure.PageActionInvoker|Page Filter: Before executing OnPageHandlerExecutionAsync on filter Microsoft.AspNetCore.Mvc.Filters.PageHandlerPageFilter. 
2024-10-28 00:28:26.4785|TRACE|Microsoft.AspNetCore.Mvc.RazorPages.Infrastructure.PageActionInvoker|Page Filter: Before executing OnPageHandlerExecuting on filter Microsoft.AspNetCore.Mvc.RazorPages.Infrastructure.HandleOptionsRequestsPageFilter. 
2024-10-28 00:28:26.4785|TRACE|Microsoft.AspNetCore.Mvc.RazorPages.Infrastructure.PageActionInvoker|Page Filter: After executing OnPageHandlerExecuting on filter Microsoft.AspNetCore.Mvc.RazorPages.Infrastructure.HandleOptionsRequestsPageFilter. 
2024-10-28 00:28:26.4785|INFO|Microsoft.AspNetCore.Mvc.RazorPages.Infrastructure.PageActionInvoker|Executing handler method PetProject.Pages.WebRTCModel.OnGet - ModelState is Valid 
2024-10-28 00:28:26.4785|INFO|Microsoft.AspNetCore.Mvc.RazorPages.Infrastructure.PageActionInvoker|Executed handler method OnGet, returned result . 
2024-10-28 00:28:26.4785|INFO|Microsoft.AspNetCore.Mvc.RazorPages.Infrastructure.PageActionInvoker|Executing an implicit handler method - ModelState is Valid 
2024-10-28 00:28:26.4785|INFO|Microsoft.AspNetCore.Mvc.RazorPages.Infrastructure.PageActionInvoker|Executed an implicit handler method, returned result Microsoft.AspNetCore.Mvc.RazorPages.PageResult. 
2024-10-28 00:28:26.4785|TRACE|Microsoft.AspNetCore.Mvc.RazorPages.Infrastructure.PageActionInvoker|Page Filter: Before executing OnPageHandlerExecuted on filter Microsoft.AspNetCore.Mvc.RazorPages.Infrastructure.HandleOptionsRequestsPageFilter. 
2024-10-28 00:28:26.4785|TRACE|Microsoft.AspNetCore.Mvc.RazorPages.Infrastructure.PageActionInvoker|Page Filter: After executing OnPageHandlerExecuted on filter Microsoft.AspNetCore.Mvc.RazorPages.Infrastructure.HandleOptionsRequestsPageFilter. 
2024-10-28 00:28:26.4785|TRACE|Microsoft.AspNetCore.Mvc.RazorPages.Infrastructure.PageActionInvoker|Page Filter: After executing OnPageHandlerExecutionAsync on filter Microsoft.AspNetCore.Mvc.Filters.PageHandlerPageFilter. 
2024-10-28 00:28:26.4785|TRACE|Microsoft.AspNetCore.Mvc.RazorPages.Infrastructure.PageActionInvoker|Result Filter: Before executing OnResultExecuting on filter Microsoft.AspNetCore.Mvc.ViewFeatures.Filters.SaveTempDataFilter. 
2024-10-28 00:28:26.4785|TRACE|Microsoft.AspNetCore.Mvc.RazorPages.Infrastructure.PageActionInvoker|Result Filter: After executing OnResultExecuting on filter Microsoft.AspNetCore.Mvc.ViewFeatures.Filters.SaveTempDataFilter. 
2024-10-28 00:28:26.4947|TRACE|Microsoft.AspNetCore.Mvc.RazorPages.Infrastructure.PageActionInvoker|Before executing action result Microsoft.AspNetCore.Mvc.RazorPages.PageResult. 
2024-10-28 00:28:26.7466|TRACE|Microsoft.AspNetCore.Mvc.RazorPages.Infrastructure.PageActionInvoker|After executing action result Microsoft.AspNetCore.Mvc.RazorPages.PageResult. 
2024-10-28 00:28:26.7466|TRACE|Microsoft.AspNetCore.Mvc.RazorPages.Infrastructure.PageActionInvoker|Result Filter: Before executing OnResultExecuted on filter Microsoft.AspNetCore.Mvc.ViewFeatures.Filters.SaveTempDataFilter. 
2024-10-28 00:28:26.7466|TRACE|Microsoft.AspNetCore.Mvc.RazorPages.Infrastructure.PageActionInvoker|Result Filter: After executing OnResultExecuted on filter Microsoft.AspNetCore.Mvc.ViewFeatures.Filters.SaveTempDataFilter. 
2024-10-28 00:28:26.7466|TRACE|Microsoft.AspNetCore.Mvc.RazorPages.Infrastructure.PageActionInvoker|Resource Filter: Before executing OnResourceExecuted on filter Microsoft.AspNetCore.Mvc.ViewFeatures.Filters.SaveTempDataFilter. 
2024-10-28 00:28:26.7466|TRACE|Microsoft.AspNetCore.Mvc.RazorPages.Infrastructure.PageActionInvoker|Resource Filter: After executing OnResourceExecuted on filter Microsoft.AspNetCore.Mvc.ViewFeatures.Filters.SaveTempDataFilter. 
2024-10-28 00:28:26.7466|INFO|Microsoft.AspNetCore.Mvc.RazorPages.Infrastructure.PageActionInvoker|Executed page /Index in 271.7342ms 
2024-10-28 00:29:51.0248|INFO|Microsoft.AspNetCore.Mvc.RazorPages.Infrastructure.PageActionInvoker|Route matched with {page = "/Index", action = "", controller = ""}. Executing page /Index 
2024-10-28 00:29:51.0248|DEBUG|Microsoft.AspNetCore.Mvc.RazorPages.Infrastructure.PageActionInvoker|Execution plan of authorization filters (in the following order): Microsoft.AspNetCore.Mvc.ViewFeatures.Filters.AutoValidateAntiforgeryTokenAuthorizationFilter 
2024-10-28 00:29:51.0248|DEBUG|Microsoft.AspNetCore.Mvc.RazorPages.Infrastructure.PageActionInvoker|Execution plan of resource filters (in the following order): Microsoft.AspNetCore.Mvc.ViewFeatures.Filters.SaveTempDataFilter 
2024-10-28 00:29:51.0248|DEBUG|Microsoft.AspNetCore.Mvc.RazorPages.Infrastructure.PageActionInvoker|Execution plan of action filters (in the following order): Microsoft.AspNetCore.Mvc.ModelBinding.UnsupportedContentTypeFilter (Order: -3000) 
2024-10-28 00:29:51.0248|DEBUG|Microsoft.AspNetCore.Mvc.RazorPages.Infrastructure.PageActionInvoker|Execution plan of exception filters (in the following order): None 
2024-10-28 00:29:51.0248|DEBUG|Microsoft.AspNetCore.Mvc.RazorPages.Infrastructure.PageActionInvoker|Execution plan of result filters (in the following order): Microsoft.AspNetCore.Mvc.ViewFeatures.Filters.SaveTempDataFilter 
2024-10-28 00:29:51.0248|TRACE|Microsoft.AspNetCore.Mvc.RazorPages.Infrastructure.PageActionInvoker|Authorization Filter: Before executing OnAuthorizationAsync on filter Microsoft.AspNetCore.Mvc.ViewFeatures.Filters.AutoValidateAntiforgeryTokenAuthorizationFilter. 
2024-10-28 00:29:51.0248|TRACE|Microsoft.AspNetCore.Mvc.RazorPages.Infrastructure.PageActionInvoker|Authorization Filter: After executing OnAuthorizationAsync on filter Microsoft.AspNetCore.Mvc.ViewFeatures.Filters.AutoValidateAntiforgeryTokenAuthorizationFilter. 
2024-10-28 00:29:51.0248|TRACE|Microsoft.AspNetCore.Mvc.RazorPages.Infrastructure.PageActionInvoker|Resource Filter: Before executing OnResourceExecuting on filter Microsoft.AspNetCore.Mvc.ViewFeatures.Filters.SaveTempDataFilter. 
2024-10-28 00:29:51.0248|TRACE|Microsoft.AspNetCore.Mvc.RazorPages.Infrastructure.PageActionInvoker|Resource Filter: After executing OnResourceExecuting on filter Microsoft.AspNetCore.Mvc.ViewFeatures.Filters.SaveTempDataFilter. 
2024-10-28 00:29:51.0248|DEBUG|Microsoft.AspNetCore.Mvc.RazorPages.Infrastructure.PageActionInvoker|Executing page model factory for page PetProject.Pages.Pages_Index (lffo4hig.rvt) 
2024-10-28 00:29:51.0248|DEBUG|Microsoft.AspNetCore.Mvc.RazorPages.Infrastructure.PageActionInvoker|Executed page model factory for page PetProject.Pages.Pages_Index (lffo4hig.rvt) 
2024-10-28 00:29:51.0248|TRACE|Microsoft.AspNetCore.Mvc.RazorPages.Infrastructure.PageActionInvoker|Page Filter: Before executing OnPageHandlerSelectionAsync on filter Microsoft.AspNetCore.Mvc.Filters.PageHandlerPageFilter. 
2024-10-28 00:29:51.0248|TRACE|Microsoft.AspNetCore.Mvc.RazorPages.Infrastructure.PageActionInvoker|Page Filter: After executing OnPageHandlerSelectionAsync on filter Microsoft.AspNetCore.Mvc.Filters.PageHandlerPageFilter. 
2024-10-28 00:29:51.0248|TRACE|Microsoft.AspNetCore.Mvc.RazorPages.Infrastructure.PageActionInvoker|Page Filter: Before executing OnPageHandlerSelected on filter Microsoft.AspNetCore.Mvc.RazorPages.Infrastructure.HandleOptionsRequestsPageFilter. 
2024-10-28 00:29:51.0248|TRACE|Microsoft.AspNetCore.Mvc.RazorPages.Infrastructure.PageActionInvoker|Page Filter: Before executing OnPageHandlerExecutionAsync on filter Microsoft.AspNetCore.Mvc.Filters.PageHandlerPageFilter. 
2024-10-28 00:29:51.0388|TRACE|Microsoft.AspNetCore.Mvc.RazorPages.Infrastructure.PageActionInvoker|Page Filter: Before executing OnPageHandlerExecuting on filter Microsoft.AspNetCore.Mvc.RazorPages.Infrastructure.HandleOptionsRequestsPageFilter. 
2024-10-28 00:29:51.0388|TRACE|Microsoft.AspNetCore.Mvc.RazorPages.Infrastructure.PageActionInvoker|Page Filter: After executing OnPageHandlerExecuting on filter Microsoft.AspNetCore.Mvc.RazorPages.Infrastructure.HandleOptionsRequestsPageFilter. 
2024-10-28 00:29:51.0388|INFO|Microsoft.AspNetCore.Mvc.RazorPages.Infrastructure.PageActionInvoker|Executing handler method PetProject.Pages.WebRTCModel.OnGet - ModelState is Valid 
2024-10-28 00:29:51.0388|INFO|Microsoft.AspNetCore.Mvc.RazorPages.Infrastructure.PageActionInvoker|Executed handler method OnGet, returned result . 
2024-10-28 00:29:51.0388|INFO|Microsoft.AspNetCore.Mvc.RazorPages.Infrastructure.PageActionInvoker|Executing an implicit handler method - ModelState is Valid 
2024-10-28 00:29:51.0388|INFO|Microsoft.AspNetCore.Mvc.RazorPages.Infrastructure.PageActionInvoker|Executed an implicit handler method, returned result Microsoft.AspNetCore.Mvc.RazorPages.PageResult. 
2024-10-28 00:29:51.0388|TRACE|Microsoft.AspNetCore.Mvc.RazorPages.Infrastructure.PageActionInvoker|Page Filter: Before executing OnPageHandlerExecuted on filter Microsoft.AspNetCore.Mvc.RazorPages.Infrastructure.HandleOptionsRequestsPageFilter. 
2024-10-28 00:29:51.0388|TRACE|Microsoft.AspNetCore.Mvc.RazorPages.Infrastructure.PageActionInvoker|Page Filter: After executing OnPageHandlerExecuted on filter Microsoft.AspNetCore.Mvc.RazorPages.Infrastructure.HandleOptionsRequestsPageFilter. 
2024-10-28 00:29:51.0388|TRACE|Microsoft.AspNetCore.Mvc.RazorPages.Infrastructure.PageActionInvoker|Page Filter: After executing OnPageHandlerExecutionAsync on filter Microsoft.AspNetCore.Mvc.Filters.PageHandlerPageFilter. 
2024-10-28 00:29:51.0388|TRACE|Microsoft.AspNetCore.Mvc.RazorPages.Infrastructure.PageActionInvoker|Result Filter: Before executing OnResultExecuting on filter Microsoft.AspNetCore.Mvc.ViewFeatures.Filters.SaveTempDataFilter. 
2024-10-28 00:29:51.0388|TRACE|Microsoft.AspNetCore.Mvc.RazorPages.Infrastructure.PageActionInvoker|Result Filter: After executing OnResultExecuting on filter Microsoft.AspNetCore.Mvc.ViewFeatures.Filters.SaveTempDataFilter. 
2024-10-28 00:29:51.0590|TRACE|Microsoft.AspNetCore.Mvc.RazorPages.Infrastructure.PageActionInvoker|Before executing action result Microsoft.AspNetCore.Mvc.RazorPages.PageResult. 
2024-10-28 00:29:51.6647|TRACE|Microsoft.AspNetCore.Mvc.RazorPages.Infrastructure.PageActionInvoker|After executing action result Microsoft.AspNetCore.Mvc.RazorPages.PageResult. 
2024-10-28 00:29:51.6647|TRACE|Microsoft.AspNetCore.Mvc.RazorPages.Infrastructure.PageActionInvoker|Result Filter: Before executing OnResultExecuted on filter Microsoft.AspNetCore.Mvc.ViewFeatures.Filters.SaveTempDataFilter. 
2024-10-28 00:29:51.6647|TRACE|Microsoft.AspNetCore.Mvc.RazorPages.Infrastructure.PageActionInvoker|Result Filter: After executing OnResultExecuted on filter Microsoft.AspNetCore.Mvc.ViewFeatures.Filters.SaveTempDataFilter. 
2024-10-28 00:29:51.6647|TRACE|Microsoft.AspNetCore.Mvc.RazorPages.Infrastructure.PageActionInvoker|Resource Filter: Before executing OnResourceExecuted on filter Microsoft.AspNetCore.Mvc.ViewFeatures.Filters.SaveTempDataFilter. 
2024-10-28 00:29:51.6647|TRACE|Microsoft.AspNetCore.Mvc.RazorPages.Infrastructure.PageActionInvoker|Resource Filter: After executing OnResourceExecuted on filter Microsoft.AspNetCore.Mvc.ViewFeatures.Filters.SaveTempDataFilter. 
2024-10-28 00:29:51.6647|INFO|Microsoft.AspNetCore.Mvc.RazorPages.Infrastructure.PageActionInvoker|Executed page /Index in 638.2601ms 
2024-10-28 00:31:16.4787|INFO|Microsoft.AspNetCore.Mvc.RazorPages.Infrastructure.PageActionInvoker|Route matched with {page = "/Index", action = "", controller = ""}. Executing page /Index 
2024-10-28 00:31:16.4787|DEBUG|Microsoft.AspNetCore.Mvc.RazorPages.Infrastructure.PageActionInvoker|Execution plan of authorization filters (in the following order): Microsoft.AspNetCore.Mvc.ViewFeatures.Filters.AutoValidateAntiforgeryTokenAuthorizationFilter 
2024-10-28 00:31:16.4787|DEBUG|Microsoft.AspNetCore.Mvc.RazorPages.Infrastructure.PageActionInvoker|Execution plan of resource filters (in the following order): Microsoft.AspNetCore.Mvc.ViewFeatures.Filters.SaveTempDataFilter 
2024-10-28 00:31:16.4787|DEBUG|Microsoft.AspNetCore.Mvc.RazorPages.Infrastructure.PageActionInvoker|Execution plan of action filters (in the following order): Microsoft.AspNetCore.Mvc.ModelBinding.UnsupportedContentTypeFilter (Order: -3000) 
2024-10-28 00:31:16.4787|DEBUG|Microsoft.AspNetCore.Mvc.RazorPages.Infrastructure.PageActionInvoker|Execution plan of exception filters (in the following order): None 
2024-10-28 00:31:16.4787|DEBUG|Microsoft.AspNetCore.Mvc.RazorPages.Infrastructure.PageActionInvoker|Execution plan of result filters (in the following order): Microsoft.AspNetCore.Mvc.ViewFeatures.Filters.SaveTempDataFilter 
2024-10-28 00:31:16.4787|TRACE|Microsoft.AspNetCore.Mvc.RazorPages.Infrastructure.PageActionInvoker|Authorization Filter: Before executing OnAuthorizationAsync on filter Microsoft.AspNetCore.Mvc.ViewFeatures.Filters.AutoValidateAntiforgeryTokenAuthorizationFilter. 
2024-10-28 00:31:16.4787|TRACE|Microsoft.AspNetCore.Mvc.RazorPages.Infrastructure.PageActionInvoker|Authorization Filter: After executing OnAuthorizationAsync on filter Microsoft.AspNetCore.Mvc.ViewFeatures.Filters.AutoValidateAntiforgeryTokenAuthorizationFilter. 
2024-10-28 00:31:16.4787|TRACE|Microsoft.AspNetCore.Mvc.RazorPages.Infrastructure.PageActionInvoker|Resource Filter: Before executing OnResourceExecuting on filter Microsoft.AspNetCore.Mvc.ViewFeatures.Filters.SaveTempDataFilter. 
2024-10-28 00:31:16.4787|TRACE|Microsoft.AspNetCore.Mvc.RazorPages.Infrastructure.PageActionInvoker|Resource Filter: After executing OnResourceExecuting on filter Microsoft.AspNetCore.Mvc.ViewFeatures.Filters.SaveTempDataFilter. 
2024-10-28 00:31:16.4787|DEBUG|Microsoft.AspNetCore.Mvc.RazorPages.Infrastructure.PageActionInvoker|Executing page model factory for page PetProject.Pages.Pages_Index (qajiwl3k.ugn) 
2024-10-28 00:31:16.4787|DEBUG|Microsoft.AspNetCore.Mvc.RazorPages.Infrastructure.PageActionInvoker|Executed page model factory for page PetProject.Pages.Pages_Index (qajiwl3k.ugn) 
2024-10-28 00:31:16.4903|TRACE|Microsoft.AspNetCore.Mvc.RazorPages.Infrastructure.PageActionInvoker|Page Filter: Before executing OnPageHandlerSelectionAsync on filter Microsoft.AspNetCore.Mvc.Filters.PageHandlerPageFilter. 
2024-10-28 00:31:16.4903|TRACE|Microsoft.AspNetCore.Mvc.RazorPages.Infrastructure.PageActionInvoker|Page Filter: After executing OnPageHandlerSelectionAsync on filter Microsoft.AspNetCore.Mvc.Filters.PageHandlerPageFilter. 
2024-10-28 00:31:16.4903|TRACE|Microsoft.AspNetCore.Mvc.RazorPages.Infrastructure.PageActionInvoker|Page Filter: Before executing OnPageHandlerSelected on filter Microsoft.AspNetCore.Mvc.RazorPages.Infrastructure.HandleOptionsRequestsPageFilter. 
2024-10-28 00:31:16.4903|TRACE|Microsoft.AspNetCore.Mvc.RazorPages.Infrastructure.PageActionInvoker|Page Filter: Before executing OnPageHandlerExecutionAsync on filter Microsoft.AspNetCore.Mvc.Filters.PageHandlerPageFilter. 
2024-10-28 00:31:16.4903|TRACE|Microsoft.AspNetCore.Mvc.RazorPages.Infrastructure.PageActionInvoker|Page Filter: Before executing OnPageHandlerExecuting on filter Microsoft.AspNetCore.Mvc.RazorPages.Infrastructure.HandleOptionsRequestsPageFilter. 
2024-10-28 00:31:16.4903|TRACE|Microsoft.AspNetCore.Mvc.RazorPages.Infrastructure.PageActionInvoker|Page Filter: After executing OnPageHandlerExecuting on filter Microsoft.AspNetCore.Mvc.RazorPages.Infrastructure.HandleOptionsRequestsPageFilter. 
2024-10-28 00:31:16.4903|INFO|Microsoft.AspNetCore.Mvc.RazorPages.Infrastructure.PageActionInvoker|Executing handler method PetProject.Pages.WebRTCModel.OnGet - ModelState is Valid 
2024-10-28 00:31:16.4903|INFO|Microsoft.AspNetCore.Mvc.RazorPages.Infrastructure.PageActionInvoker|Executed handler method OnGet, returned result . 
2024-10-28 00:31:16.4903|INFO|Microsoft.AspNetCore.Mvc.RazorPages.Infrastructure.PageActionInvoker|Executing an implicit handler method - ModelState is Valid 
2024-10-28 00:31:16.4903|INFO|Microsoft.AspNetCore.Mvc.RazorPages.Infrastructure.PageActionInvoker|Executed an implicit handler method, returned result Microsoft.AspNetCore.Mvc.RazorPages.PageResult. 
2024-10-28 00:31:16.4903|TRACE|Microsoft.AspNetCore.Mvc.RazorPages.Infrastructure.PageActionInvoker|Page Filter: Before executing OnPageHandlerExecuted on filter Microsoft.AspNetCore.Mvc.RazorPages.Infrastructure.HandleOptionsRequestsPageFilter. 
2024-10-28 00:31:16.4903|TRACE|Microsoft.AspNetCore.Mvc.RazorPages.Infrastructure.PageActionInvoker|Page Filter: After executing OnPageHandlerExecuted on filter Microsoft.AspNetCore.Mvc.RazorPages.Infrastructure.HandleOptionsRequestsPageFilter. 
2024-10-28 00:31:16.4903|TRACE|Microsoft.AspNetCore.Mvc.RazorPages.Infrastructure.PageActionInvoker|Page Filter: After executing OnPageHandlerExecutionAsync on filter Microsoft.AspNetCore.Mvc.Filters.PageHandlerPageFilter. 
2024-10-28 00:31:16.4903|TRACE|Microsoft.AspNetCore.Mvc.RazorPages.Infrastructure.PageActionInvoker|Result Filter: Before executing OnResultExecuting on filter Microsoft.AspNetCore.Mvc.ViewFeatures.Filters.SaveTempDataFilter. 
2024-10-28 00:31:16.4903|TRACE|Microsoft.AspNetCore.Mvc.RazorPages.Infrastructure.PageActionInvoker|Result Filter: After executing OnResultExecuting on filter Microsoft.AspNetCore.Mvc.ViewFeatures.Filters.SaveTempDataFilter. 
2024-10-28 00:31:16.4903|TRACE|Microsoft.AspNetCore.Mvc.RazorPages.Infrastructure.PageActionInvoker|Before executing action result Microsoft.AspNetCore.Mvc.RazorPages.PageResult. 
2024-10-28 00:31:16.9278|TRACE|Microsoft.AspNetCore.Mvc.RazorPages.Infrastructure.PageActionInvoker|After executing action result Microsoft.AspNetCore.Mvc.RazorPages.PageResult. 
2024-10-28 00:31:16.9298|TRACE|Microsoft.AspNetCore.Mvc.RazorPages.Infrastructure.PageActionInvoker|Result Filter: Before executing OnResultExecuted on filter Microsoft.AspNetCore.Mvc.ViewFeatures.Filters.SaveTempDataFilter. 
2024-10-28 00:31:16.9298|TRACE|Microsoft.AspNetCore.Mvc.RazorPages.Infrastructure.PageActionInvoker|Result Filter: After executing OnResultExecuted on filter Microsoft.AspNetCore.Mvc.ViewFeatures.Filters.SaveTempDataFilter. 
2024-10-28 00:31:16.9298|TRACE|Microsoft.AspNetCore.Mvc.RazorPages.Infrastructure.PageActionInvoker|Resource Filter: Before executing OnResourceExecuted on filter Microsoft.AspNetCore.Mvc.ViewFeatures.Filters.SaveTempDataFilter. 
2024-10-28 00:31:16.9298|TRACE|Microsoft.AspNetCore.Mvc.RazorPages.Infrastructure.PageActionInvoker|Resource Filter: After executing OnResourceExecuted on filter Microsoft.AspNetCore.Mvc.ViewFeatures.Filters.SaveTempDataFilter. 
2024-10-28 00:31:16.9298|INFO|Microsoft.AspNetCore.Mvc.RazorPages.Infrastructure.PageActionInvoker|Executed page /Index in 445.5305ms 
2024-10-28 00:31:43.5879|INFO|Microsoft.AspNetCore.Mvc.RazorPages.Infrastructure.PageActionInvoker|Route matched with {page = "/Index", action = "", controller = ""}. Executing page /Index 
2024-10-28 00:31:43.5879|DEBUG|Microsoft.AspNetCore.Mvc.RazorPages.Infrastructure.PageActionInvoker|Execution plan of authorization filters (in the following order): Microsoft.AspNetCore.Mvc.ViewFeatures.Filters.AutoValidateAntiforgeryTokenAuthorizationFilter 
2024-10-28 00:31:43.5879|DEBUG|Microsoft.AspNetCore.Mvc.RazorPages.Infrastructure.PageActionInvoker|Execution plan of resource filters (in the following order): Microsoft.AspNetCore.Mvc.ViewFeatures.Filters.SaveTempDataFilter 
2024-10-28 00:31:43.5879|DEBUG|Microsoft.AspNetCore.Mvc.RazorPages.Infrastructure.PageActionInvoker|Execution plan of action filters (in the following order): Microsoft.AspNetCore.Mvc.ModelBinding.UnsupportedContentTypeFilter (Order: -3000) 
2024-10-28 00:31:43.5879|DEBUG|Microsoft.AspNetCore.Mvc.RazorPages.Infrastructure.PageActionInvoker|Execution plan of exception filters (in the following order): None 
2024-10-28 00:31:43.5879|DEBUG|Microsoft.AspNetCore.Mvc.RazorPages.Infrastructure.PageActionInvoker|Execution plan of result filters (in the following order): Microsoft.AspNetCore.Mvc.ViewFeatures.Filters.SaveTempDataFilter 
2024-10-28 00:31:43.5879|TRACE|Microsoft.AspNetCore.Mvc.RazorPages.Infrastructure.PageActionInvoker|Authorization Filter: Before executing OnAuthorizationAsync on filter Microsoft.AspNetCore.Mvc.ViewFeatures.Filters.AutoValidateAntiforgeryTokenAuthorizationFilter. 
2024-10-28 00:31:43.5879|TRACE|Microsoft.AspNetCore.Mvc.RazorPages.Infrastructure.PageActionInvoker|Authorization Filter: After executing OnAuthorizationAsync on filter Microsoft.AspNetCore.Mvc.ViewFeatures.Filters.AutoValidateAntiforgeryTokenAuthorizationFilter. 
2024-10-28 00:31:43.5879|TRACE|Microsoft.AspNetCore.Mvc.RazorPages.Infrastructure.PageActionInvoker|Resource Filter: Before executing OnResourceExecuting on filter Microsoft.AspNetCore.Mvc.ViewFeatures.Filters.SaveTempDataFilter. 
2024-10-28 00:31:43.5879|TRACE|Microsoft.AspNetCore.Mvc.RazorPages.Infrastructure.PageActionInvoker|Resource Filter: After executing OnResourceExecuting on filter Microsoft.AspNetCore.Mvc.ViewFeatures.Filters.SaveTempDataFilter. 
2024-10-28 00:31:43.5879|DEBUG|Microsoft.AspNetCore.Mvc.RazorPages.Infrastructure.PageActionInvoker|Executing page model factory for page PetProject.Pages.Pages_Index (4ijaicwm.r1h) 
2024-10-28 00:31:43.5879|DEBUG|Microsoft.AspNetCore.Mvc.RazorPages.Infrastructure.PageActionInvoker|Executed page model factory for page PetProject.Pages.Pages_Index (4ijaicwm.r1h) 
2024-10-28 00:31:43.5879|TRACE|Microsoft.AspNetCore.Mvc.RazorPages.Infrastructure.PageActionInvoker|Page Filter: Before executing OnPageHandlerSelectionAsync on filter Microsoft.AspNetCore.Mvc.Filters.PageHandlerPageFilter. 
2024-10-28 00:31:43.5879|TRACE|Microsoft.AspNetCore.Mvc.RazorPages.Infrastructure.PageActionInvoker|Page Filter: After executing OnPageHandlerSelectionAsync on filter Microsoft.AspNetCore.Mvc.Filters.PageHandlerPageFilter. 
2024-10-28 00:31:43.5879|TRACE|Microsoft.AspNetCore.Mvc.RazorPages.Infrastructure.PageActionInvoker|Page Filter: Before executing OnPageHandlerSelected on filter Microsoft.AspNetCore.Mvc.RazorPages.Infrastructure.HandleOptionsRequestsPageFilter. 
2024-10-28 00:31:43.5879|TRACE|Microsoft.AspNetCore.Mvc.RazorPages.Infrastructure.PageActionInvoker|Page Filter: Before executing OnPageHandlerExecutionAsync on filter Microsoft.AspNetCore.Mvc.Filters.PageHandlerPageFilter. 
2024-10-28 00:31:43.5879|TRACE|Microsoft.AspNetCore.Mvc.RazorPages.Infrastructure.PageActionInvoker|Page Filter: Before executing OnPageHandlerExecuting on filter Microsoft.AspNetCore.Mvc.RazorPages.Infrastructure.HandleOptionsRequestsPageFilter. 
2024-10-28 00:31:43.5879|TRACE|Microsoft.AspNetCore.Mvc.RazorPages.Infrastructure.PageActionInvoker|Page Filter: After executing OnPageHandlerExecuting on filter Microsoft.AspNetCore.Mvc.RazorPages.Infrastructure.HandleOptionsRequestsPageFilter. 
2024-10-28 00:31:43.6033|INFO|Microsoft.AspNetCore.Mvc.RazorPages.Infrastructure.PageActionInvoker|Executing handler method PetProject.Pages.WebRTCModel.OnGet - ModelState is Valid 
2024-10-28 00:31:43.6033|INFO|Microsoft.AspNetCore.Mvc.RazorPages.Infrastructure.PageActionInvoker|Executed handler method OnGet, returned result . 
2024-10-28 00:31:43.6033|INFO|Microsoft.AspNetCore.Mvc.RazorPages.Infrastructure.PageActionInvoker|Executing an implicit handler method - ModelState is Valid 
2024-10-28 00:31:43.6033|INFO|Microsoft.AspNetCore.Mvc.RazorPages.Infrastructure.PageActionInvoker|Executed an implicit handler method, returned result Microsoft.AspNetCore.Mvc.RazorPages.PageResult. 
2024-10-28 00:31:43.6033|TRACE|Microsoft.AspNetCore.Mvc.RazorPages.Infrastructure.PageActionInvoker|Page Filter: Before executing OnPageHandlerExecuted on filter Microsoft.AspNetCore.Mvc.RazorPages.Infrastructure.HandleOptionsRequestsPageFilter. 
2024-10-28 00:31:43.6033|TRACE|Microsoft.AspNetCore.Mvc.RazorPages.Infrastructure.PageActionInvoker|Page Filter: After executing OnPageHandlerExecuted on filter Microsoft.AspNetCore.Mvc.RazorPages.Infrastructure.HandleOptionsRequestsPageFilter. 
2024-10-28 00:31:43.6033|TRACE|Microsoft.AspNetCore.Mvc.RazorPages.Infrastructure.PageActionInvoker|Page Filter: After executing OnPageHandlerExecutionAsync on filter Microsoft.AspNetCore.Mvc.Filters.PageHandlerPageFilter. 
2024-10-28 00:31:43.6033|TRACE|Microsoft.AspNetCore.Mvc.RazorPages.Infrastructure.PageActionInvoker|Result Filter: Before executing OnResultExecuting on filter Microsoft.AspNetCore.Mvc.ViewFeatures.Filters.SaveTempDataFilter. 
2024-10-28 00:31:43.6033|TRACE|Microsoft.AspNetCore.Mvc.RazorPages.Infrastructure.PageActionInvoker|Result Filter: After executing OnResultExecuting on filter Microsoft.AspNetCore.Mvc.ViewFeatures.Filters.SaveTempDataFilter. 
2024-10-28 00:31:43.6033|TRACE|Microsoft.AspNetCore.Mvc.RazorPages.Infrastructure.PageActionInvoker|Before executing action result Microsoft.AspNetCore.Mvc.RazorPages.PageResult. 
2024-10-28 00:31:43.9595|TRACE|Microsoft.AspNetCore.Mvc.RazorPages.Infrastructure.PageActionInvoker|After executing action result Microsoft.AspNetCore.Mvc.RazorPages.PageResult. 
2024-10-28 00:31:43.9595|TRACE|Microsoft.AspNetCore.Mvc.RazorPages.Infrastructure.PageActionInvoker|Result Filter: Before executing OnResultExecuted on filter Microsoft.AspNetCore.Mvc.ViewFeatures.Filters.SaveTempDataFilter. 
2024-10-28 00:31:43.9595|TRACE|Microsoft.AspNetCore.Mvc.RazorPages.Infrastructure.PageActionInvoker|Result Filter: After executing OnResultExecuted on filter Microsoft.AspNetCore.Mvc.ViewFeatures.Filters.SaveTempDataFilter. 
2024-10-28 00:31:43.9756|TRACE|Microsoft.AspNetCore.Mvc.RazorPages.Infrastructure.PageActionInvoker|Resource Filter: Before executing OnResourceExecuted on filter Microsoft.AspNetCore.Mvc.ViewFeatures.Filters.SaveTempDataFilter. 
2024-10-28 00:31:43.9756|TRACE|Microsoft.AspNetCore.Mvc.RazorPages.Infrastructure.PageActionInvoker|Resource Filter: After executing OnResourceExecuted on filter Microsoft.AspNetCore.Mvc.ViewFeatures.Filters.SaveTempDataFilter. 
2024-10-28 00:31:43.9756|INFO|Microsoft.AspNetCore.Mvc.RazorPages.Infrastructure.PageActionInvoker|Executed page /Index in 383.6616ms 
2024-10-28 00:33:47.1664|INFO|Microsoft.AspNetCore.Mvc.RazorPages.Infrastructure.PageActionInvoker|Route matched with {page = "/Index", action = "", controller = ""}. Executing page /Index 
2024-10-28 00:33:47.1794|DEBUG|Microsoft.AspNetCore.Mvc.RazorPages.Infrastructure.PageActionInvoker|Execution plan of authorization filters (in the following order): Microsoft.AspNetCore.Mvc.ViewFeatures.Filters.AutoValidateAntiforgeryTokenAuthorizationFilter 
2024-10-28 00:33:47.1794|DEBUG|Microsoft.AspNetCore.Mvc.RazorPages.Infrastructure.PageActionInvoker|Execution plan of resource filters (in the following order): Microsoft.AspNetCore.Mvc.ViewFeatures.Filters.SaveTempDataFilter 
2024-10-28 00:33:47.1794|DEBUG|Microsoft.AspNetCore.Mvc.RazorPages.Infrastructure.PageActionInvoker|Execution plan of action filters (in the following order): Microsoft.AspNetCore.Mvc.ModelBinding.UnsupportedContentTypeFilter (Order: -3000) 
2024-10-28 00:33:47.1794|DEBUG|Microsoft.AspNetCore.Mvc.RazorPages.Infrastructure.PageActionInvoker|Execution plan of exception filters (in the following order): None 
2024-10-28 00:33:47.1794|DEBUG|Microsoft.AspNetCore.Mvc.RazorPages.Infrastructure.PageActionInvoker|Execution plan of result filters (in the following order): Microsoft.AspNetCore.Mvc.ViewFeatures.Filters.SaveTempDataFilter 
2024-10-28 00:33:47.1794|TRACE|Microsoft.AspNetCore.Mvc.RazorPages.Infrastructure.PageActionInvoker|Authorization Filter: Before executing OnAuthorizationAsync on filter Microsoft.AspNetCore.Mvc.ViewFeatures.Filters.AutoValidateAntiforgeryTokenAuthorizationFilter. 
2024-10-28 00:33:47.1794|TRACE|Microsoft.AspNetCore.Mvc.RazorPages.Infrastructure.PageActionInvoker|Authorization Filter: After executing OnAuthorizationAsync on filter Microsoft.AspNetCore.Mvc.ViewFeatures.Filters.AutoValidateAntiforgeryTokenAuthorizationFilter. 
2024-10-28 00:33:47.1794|TRACE|Microsoft.AspNetCore.Mvc.RazorPages.Infrastructure.PageActionInvoker|Resource Filter: Before executing OnResourceExecuting on filter Microsoft.AspNetCore.Mvc.ViewFeatures.Filters.SaveTempDataFilter. 
2024-10-28 00:33:47.1794|TRACE|Microsoft.AspNetCore.Mvc.RazorPages.Infrastructure.PageActionInvoker|Resource Filter: After executing OnResourceExecuting on filter Microsoft.AspNetCore.Mvc.ViewFeatures.Filters.SaveTempDataFilter. 
2024-10-28 00:33:47.1794|DEBUG|Microsoft.AspNetCore.Mvc.RazorPages.Infrastructure.PageActionInvoker|Executing page model factory for page PetProject.Pages.Pages_Index (j0q35vm5.ohj) 
2024-10-28 00:33:47.1794|DEBUG|Microsoft.AspNetCore.Mvc.RazorPages.Infrastructure.PageActionInvoker|Executed page model factory for page PetProject.Pages.Pages_Index (j0q35vm5.ohj) 
2024-10-28 00:33:47.1794|TRACE|Microsoft.AspNetCore.Mvc.RazorPages.Infrastructure.PageActionInvoker|Page Filter: Before executing OnPageHandlerSelectionAsync on filter Microsoft.AspNetCore.Mvc.Filters.PageHandlerPageFilter. 
2024-10-28 00:33:47.1794|TRACE|Microsoft.AspNetCore.Mvc.RazorPages.Infrastructure.PageActionInvoker|Page Filter: After executing OnPageHandlerSelectionAsync on filter Microsoft.AspNetCore.Mvc.Filters.PageHandlerPageFilter. 
2024-10-28 00:33:47.1794|TRACE|Microsoft.AspNetCore.Mvc.RazorPages.Infrastructure.PageActionInvoker|Page Filter: Before executing OnPageHandlerSelected on filter Microsoft.AspNetCore.Mvc.RazorPages.Infrastructure.HandleOptionsRequestsPageFilter. 
2024-10-28 00:33:47.1794|TRACE|Microsoft.AspNetCore.Mvc.RazorPages.Infrastructure.PageActionInvoker|Page Filter: Before executing OnPageHandlerExecutionAsync on filter Microsoft.AspNetCore.Mvc.Filters.PageHandlerPageFilter. 
2024-10-28 00:33:47.1924|TRACE|Microsoft.AspNetCore.Mvc.RazorPages.Infrastructure.PageActionInvoker|Page Filter: Before executing OnPageHandlerExecuting on filter Microsoft.AspNetCore.Mvc.RazorPages.Infrastructure.HandleOptionsRequestsPageFilter. 
2024-10-28 00:33:47.1924|TRACE|Microsoft.AspNetCore.Mvc.RazorPages.Infrastructure.PageActionInvoker|Page Filter: After executing OnPageHandlerExecuting on filter Microsoft.AspNetCore.Mvc.RazorPages.Infrastructure.HandleOptionsRequestsPageFilter. 
2024-10-28 00:33:47.1924|INFO|Microsoft.AspNetCore.Mvc.RazorPages.Infrastructure.PageActionInvoker|Executing handler method PetProject.Pages.WebRTCModel.OnGet - ModelState is Valid 
2024-10-28 00:33:47.1924|INFO|Microsoft.AspNetCore.Mvc.RazorPages.Infrastructure.PageActionInvoker|Executed handler method OnGet, returned result . 
2024-10-28 00:33:47.1924|INFO|Microsoft.AspNetCore.Mvc.RazorPages.Infrastructure.PageActionInvoker|Executing an implicit handler method - ModelState is Valid 
2024-10-28 00:33:47.1924|INFO|Microsoft.AspNetCore.Mvc.RazorPages.Infrastructure.PageActionInvoker|Executed an implicit handler method, returned result Microsoft.AspNetCore.Mvc.RazorPages.PageResult. 
2024-10-28 00:33:47.1924|TRACE|Microsoft.AspNetCore.Mvc.RazorPages.Infrastructure.PageActionInvoker|Page Filter: Before executing OnPageHandlerExecuted on filter Microsoft.AspNetCore.Mvc.RazorPages.Infrastructure.HandleOptionsRequestsPageFilter. 
2024-10-28 00:33:47.1924|TRACE|Microsoft.AspNetCore.Mvc.RazorPages.Infrastructure.PageActionInvoker|Page Filter: After executing OnPageHandlerExecuted on filter Microsoft.AspNetCore.Mvc.RazorPages.Infrastructure.HandleOptionsRequestsPageFilter. 
2024-10-28 00:33:47.1924|TRACE|Microsoft.AspNetCore.Mvc.RazorPages.Infrastructure.PageActionInvoker|Page Filter: After executing OnPageHandlerExecutionAsync on filter Microsoft.AspNetCore.Mvc.Filters.PageHandlerPageFilter. 
2024-10-28 00:33:47.1924|TRACE|Microsoft.AspNetCore.Mvc.RazorPages.Infrastructure.PageActionInvoker|Result Filter: Before executing OnResultExecuting on filter Microsoft.AspNetCore.Mvc.ViewFeatures.Filters.SaveTempDataFilter. 
2024-10-28 00:33:47.1924|TRACE|Microsoft.AspNetCore.Mvc.RazorPages.Infrastructure.PageActionInvoker|Result Filter: After executing OnResultExecuting on filter Microsoft.AspNetCore.Mvc.ViewFeatures.Filters.SaveTempDataFilter. 
2024-10-28 00:33:47.2349|TRACE|Microsoft.AspNetCore.Mvc.RazorPages.Infrastructure.PageActionInvoker|Before executing action result Microsoft.AspNetCore.Mvc.RazorPages.PageResult. 
2024-10-28 00:33:47.6334|TRACE|Microsoft.AspNetCore.Mvc.RazorPages.Infrastructure.PageActionInvoker|After executing action result Microsoft.AspNetCore.Mvc.RazorPages.PageResult. 
2024-10-28 00:33:47.6455|TRACE|Microsoft.AspNetCore.Mvc.RazorPages.Infrastructure.PageActionInvoker|Result Filter: Before executing OnResultExecuted on filter Microsoft.AspNetCore.Mvc.ViewFeatures.Filters.SaveTempDataFilter. 
2024-10-28 00:33:47.6455|TRACE|Microsoft.AspNetCore.Mvc.RazorPages.Infrastructure.PageActionInvoker|Result Filter: After executing OnResultExecuted on filter Microsoft.AspNetCore.Mvc.ViewFeatures.Filters.SaveTempDataFilter. 
2024-10-28 00:33:47.6455|TRACE|Microsoft.AspNetCore.Mvc.RazorPages.Infrastructure.PageActionInvoker|Resource Filter: Before executing OnResourceExecuted on filter Microsoft.AspNetCore.Mvc.ViewFeatures.Filters.SaveTempDataFilter. 
2024-10-28 00:33:47.6455|TRACE|Microsoft.AspNetCore.Mvc.RazorPages.Infrastructure.PageActionInvoker|Resource Filter: After executing OnResourceExecuted on filter Microsoft.AspNetCore.Mvc.ViewFeatures.Filters.SaveTempDataFilter. 
2024-10-28 00:33:47.6455|INFO|Microsoft.AspNetCore.Mvc.RazorPages.Infrastructure.PageActionInvoker|Executed page /Index in 472.361ms 
2024-10-28 00:34:15.9427|INFO|Microsoft.AspNetCore.Mvc.RazorPages.Infrastructure.PageActionInvoker|Route matched with {page = "/Index", action = "", controller = ""}. Executing page /Index 
2024-10-28 00:34:15.9427|DEBUG|Microsoft.AspNetCore.Mvc.RazorPages.Infrastructure.PageActionInvoker|Execution plan of authorization filters (in the following order): Microsoft.AspNetCore.Mvc.ViewFeatures.Filters.AutoValidateAntiforgeryTokenAuthorizationFilter 
2024-10-28 00:34:15.9427|DEBUG|Microsoft.AspNetCore.Mvc.RazorPages.Infrastructure.PageActionInvoker|Execution plan of resource filters (in the following order): Microsoft.AspNetCore.Mvc.ViewFeatures.Filters.SaveTempDataFilter 
2024-10-28 00:34:15.9427|DEBUG|Microsoft.AspNetCore.Mvc.RazorPages.Infrastructure.PageActionInvoker|Execution plan of action filters (in the following order): Microsoft.AspNetCore.Mvc.ModelBinding.UnsupportedContentTypeFilter (Order: -3000) 
2024-10-28 00:34:15.9427|DEBUG|Microsoft.AspNetCore.Mvc.RazorPages.Infrastructure.PageActionInvoker|Execution plan of exception filters (in the following order): None 
2024-10-28 00:34:15.9427|DEBUG|Microsoft.AspNetCore.Mvc.RazorPages.Infrastructure.PageActionInvoker|Execution plan of result filters (in the following order): Microsoft.AspNetCore.Mvc.ViewFeatures.Filters.SaveTempDataFilter 
2024-10-28 00:34:15.9427|TRACE|Microsoft.AspNetCore.Mvc.RazorPages.Infrastructure.PageActionInvoker|Authorization Filter: Before executing OnAuthorizationAsync on filter Microsoft.AspNetCore.Mvc.ViewFeatures.Filters.AutoValidateAntiforgeryTokenAuthorizationFilter. 
2024-10-28 00:34:15.9427|TRACE|Microsoft.AspNetCore.Mvc.RazorPages.Infrastructure.PageActionInvoker|Authorization Filter: After executing OnAuthorizationAsync on filter Microsoft.AspNetCore.Mvc.ViewFeatures.Filters.AutoValidateAntiforgeryTokenAuthorizationFilter. 
2024-10-28 00:34:15.9427|TRACE|Microsoft.AspNetCore.Mvc.RazorPages.Infrastructure.PageActionInvoker|Resource Filter: Before executing OnResourceExecuting on filter Microsoft.AspNetCore.Mvc.ViewFeatures.Filters.SaveTempDataFilter. 
2024-10-28 00:34:15.9427|TRACE|Microsoft.AspNetCore.Mvc.RazorPages.Infrastructure.PageActionInvoker|Resource Filter: After executing OnResourceExecuting on filter Microsoft.AspNetCore.Mvc.ViewFeatures.Filters.SaveTempDataFilter. 
2024-10-28 00:34:15.9427|DEBUG|Microsoft.AspNetCore.Mvc.RazorPages.Infrastructure.PageActionInvoker|Executing page model factory for page PetProject.Pages.Pages_Index (zu3b24cj.ylg) 
2024-10-28 00:34:15.9427|DEBUG|Microsoft.AspNetCore.Mvc.RazorPages.Infrastructure.PageActionInvoker|Executed page model factory for page PetProject.Pages.Pages_Index (zu3b24cj.ylg) 
2024-10-28 00:34:15.9427|TRACE|Microsoft.AspNetCore.Mvc.RazorPages.Infrastructure.PageActionInvoker|Page Filter: Before executing OnPageHandlerSelectionAsync on filter Microsoft.AspNetCore.Mvc.Filters.PageHandlerPageFilter. 
2024-10-28 00:34:15.9427|TRACE|Microsoft.AspNetCore.Mvc.RazorPages.Infrastructure.PageActionInvoker|Page Filter: After executing OnPageHandlerSelectionAsync on filter Microsoft.AspNetCore.Mvc.Filters.PageHandlerPageFilter. 
2024-10-28 00:34:15.9427|TRACE|Microsoft.AspNetCore.Mvc.RazorPages.Infrastructure.PageActionInvoker|Page Filter: Before executing OnPageHandlerSelected on filter Microsoft.AspNetCore.Mvc.RazorPages.Infrastructure.HandleOptionsRequestsPageFilter. 
2024-10-28 00:34:15.9427|TRACE|Microsoft.AspNetCore.Mvc.RazorPages.Infrastructure.PageActionInvoker|Page Filter: Before executing OnPageHandlerExecutionAsync on filter Microsoft.AspNetCore.Mvc.Filters.PageHandlerPageFilter. 
2024-10-28 00:34:15.9427|TRACE|Microsoft.AspNetCore.Mvc.RazorPages.Infrastructure.PageActionInvoker|Page Filter: Before executing OnPageHandlerExecuting on filter Microsoft.AspNetCore.Mvc.RazorPages.Infrastructure.HandleOptionsRequestsPageFilter. 
2024-10-28 00:34:15.9427|TRACE|Microsoft.AspNetCore.Mvc.RazorPages.Infrastructure.PageActionInvoker|Page Filter: After executing OnPageHandlerExecuting on filter Microsoft.AspNetCore.Mvc.RazorPages.Infrastructure.HandleOptionsRequestsPageFilter. 
2024-10-28 00:34:15.9427|INFO|Microsoft.AspNetCore.Mvc.RazorPages.Infrastructure.PageActionInvoker|Executing handler method PetProject.Pages.WebRTCModel.OnGet - ModelState is Valid 
2024-10-28 00:34:15.9427|INFO|Microsoft.AspNetCore.Mvc.RazorPages.Infrastructure.PageActionInvoker|Executed handler method OnGet, returned result . 
2024-10-28 00:34:15.9593|INFO|Microsoft.AspNetCore.Mvc.RazorPages.Infrastructure.PageActionInvoker|Executing an implicit handler method - ModelState is Valid 
2024-10-28 00:34:15.9593|INFO|Microsoft.AspNetCore.Mvc.RazorPages.Infrastructure.PageActionInvoker|Executed an implicit handler method, returned result Microsoft.AspNetCore.Mvc.RazorPages.PageResult. 
2024-10-28 00:34:15.9593|TRACE|Microsoft.AspNetCore.Mvc.RazorPages.Infrastructure.PageActionInvoker|Page Filter: Before executing OnPageHandlerExecuted on filter Microsoft.AspNetCore.Mvc.RazorPages.Infrastructure.HandleOptionsRequestsPageFilter. 
2024-10-28 00:34:15.9593|TRACE|Microsoft.AspNetCore.Mvc.RazorPages.Infrastructure.PageActionInvoker|Page Filter: After executing OnPageHandlerExecuted on filter Microsoft.AspNetCore.Mvc.RazorPages.Infrastructure.HandleOptionsRequestsPageFilter. 
2024-10-28 00:34:15.9593|TRACE|Microsoft.AspNetCore.Mvc.RazorPages.Infrastructure.PageActionInvoker|Page Filter: After executing OnPageHandlerExecutionAsync on filter Microsoft.AspNetCore.Mvc.Filters.PageHandlerPageFilter. 
2024-10-28 00:34:15.9593|TRACE|Microsoft.AspNetCore.Mvc.RazorPages.Infrastructure.PageActionInvoker|Result Filter: Before executing OnResultExecuting on filter Microsoft.AspNetCore.Mvc.ViewFeatures.Filters.SaveTempDataFilter. 
2024-10-28 00:34:15.9593|TRACE|Microsoft.AspNetCore.Mvc.RazorPages.Infrastructure.PageActionInvoker|Result Filter: After executing OnResultExecuting on filter Microsoft.AspNetCore.Mvc.ViewFeatures.Filters.SaveTempDataFilter. 
2024-10-28 00:34:15.9593|TRACE|Microsoft.AspNetCore.Mvc.RazorPages.Infrastructure.PageActionInvoker|Before executing action result Microsoft.AspNetCore.Mvc.RazorPages.PageResult. 
2024-10-28 00:34:16.3373|TRACE|Microsoft.AspNetCore.Mvc.RazorPages.Infrastructure.PageActionInvoker|After executing action result Microsoft.AspNetCore.Mvc.RazorPages.PageResult. 
2024-10-28 00:34:16.3373|TRACE|Microsoft.AspNetCore.Mvc.RazorPages.Infrastructure.PageActionInvoker|Result Filter: Before executing OnResultExecuted on filter Microsoft.AspNetCore.Mvc.ViewFeatures.Filters.SaveTempDataFilter. 
2024-10-28 00:34:16.3373|TRACE|Microsoft.AspNetCore.Mvc.RazorPages.Infrastructure.PageActionInvoker|Result Filter: After executing OnResultExecuted on filter Microsoft.AspNetCore.Mvc.ViewFeatures.Filters.SaveTempDataFilter. 
2024-10-28 00:34:16.3373|TRACE|Microsoft.AspNetCore.Mvc.RazorPages.Infrastructure.PageActionInvoker|Resource Filter: Before executing OnResourceExecuted on filter Microsoft.AspNetCore.Mvc.ViewFeatures.Filters.SaveTempDataFilter. 
2024-10-28 00:34:16.3373|TRACE|Microsoft.AspNetCore.Mvc.RazorPages.Infrastructure.PageActionInvoker|Resource Filter: After executing OnResourceExecuted on filter Microsoft.AspNetCore.Mvc.ViewFeatures.Filters.SaveTempDataFilter. 
2024-10-28 00:34:16.3521|INFO|Microsoft.AspNetCore.Mvc.RazorPages.Infrastructure.PageActionInvoker|Executed page /Index in 406.8161ms 
2024-10-28 00:36:03.4569|INFO|Microsoft.AspNetCore.Mvc.RazorPages.Infrastructure.PageActionInvoker|Route matched with {page = "/Index", action = "", controller = ""}. Executing page /Index 
2024-10-28 00:36:03.4569|DEBUG|Microsoft.AspNetCore.Mvc.RazorPages.Infrastructure.PageActionInvoker|Execution plan of authorization filters (in the following order): Microsoft.AspNetCore.Mvc.ViewFeatures.Filters.AutoValidateAntiforgeryTokenAuthorizationFilter 
2024-10-28 00:36:03.4569|DEBUG|Microsoft.AspNetCore.Mvc.RazorPages.Infrastructure.PageActionInvoker|Execution plan of resource filters (in the following order): Microsoft.AspNetCore.Mvc.ViewFeatures.Filters.SaveTempDataFilter 
2024-10-28 00:36:03.4569|DEBUG|Microsoft.AspNetCore.Mvc.RazorPages.Infrastructure.PageActionInvoker|Execution plan of action filters (in the following order): Microsoft.AspNetCore.Mvc.ModelBinding.UnsupportedContentTypeFilter (Order: -3000) 
2024-10-28 00:36:03.4569|DEBUG|Microsoft.AspNetCore.Mvc.RazorPages.Infrastructure.PageActionInvoker|Execution plan of exception filters (in the following order): None 
2024-10-28 00:36:03.4569|DEBUG|Microsoft.AspNetCore.Mvc.RazorPages.Infrastructure.PageActionInvoker|Execution plan of result filters (in the following order): Microsoft.AspNetCore.Mvc.ViewFeatures.Filters.SaveTempDataFilter 
2024-10-28 00:36:03.4569|TRACE|Microsoft.AspNetCore.Mvc.RazorPages.Infrastructure.PageActionInvoker|Authorization Filter: Before executing OnAuthorizationAsync on filter Microsoft.AspNetCore.Mvc.ViewFeatures.Filters.AutoValidateAntiforgeryTokenAuthorizationFilter. 
2024-10-28 00:36:03.4569|TRACE|Microsoft.AspNetCore.Mvc.RazorPages.Infrastructure.PageActionInvoker|Authorization Filter: After executing OnAuthorizationAsync on filter Microsoft.AspNetCore.Mvc.ViewFeatures.Filters.AutoValidateAntiforgeryTokenAuthorizationFilter. 
2024-10-28 00:36:03.4569|TRACE|Microsoft.AspNetCore.Mvc.RazorPages.Infrastructure.PageActionInvoker|Resource Filter: Before executing OnResourceExecuting on filter Microsoft.AspNetCore.Mvc.ViewFeatures.Filters.SaveTempDataFilter. 
2024-10-28 00:36:03.4569|TRACE|Microsoft.AspNetCore.Mvc.RazorPages.Infrastructure.PageActionInvoker|Resource Filter: After executing OnResourceExecuting on filter Microsoft.AspNetCore.Mvc.ViewFeatures.Filters.SaveTempDataFilter. 
2024-10-28 00:36:03.4569|DEBUG|Microsoft.AspNetCore.Mvc.RazorPages.Infrastructure.PageActionInvoker|Executing page model factory for page PetProject.Pages.Pages_Index (tquu3cy0.ehl) 
2024-10-28 00:36:03.4569|DEBUG|Microsoft.AspNetCore.Mvc.RazorPages.Infrastructure.PageActionInvoker|Executed page model factory for page PetProject.Pages.Pages_Index (tquu3cy0.ehl) 
2024-10-28 00:36:03.4569|TRACE|Microsoft.AspNetCore.Mvc.RazorPages.Infrastructure.PageActionInvoker|Page Filter: Before executing OnPageHandlerSelectionAsync on filter Microsoft.AspNetCore.Mvc.Filters.PageHandlerPageFilter. 
2024-10-28 00:36:03.4569|TRACE|Microsoft.AspNetCore.Mvc.RazorPages.Infrastructure.PageActionInvoker|Page Filter: After executing OnPageHandlerSelectionAsync on filter Microsoft.AspNetCore.Mvc.Filters.PageHandlerPageFilter. 
2024-10-28 00:36:03.4569|TRACE|Microsoft.AspNetCore.Mvc.RazorPages.Infrastructure.PageActionInvoker|Page Filter: Before executing OnPageHandlerSelected on filter Microsoft.AspNetCore.Mvc.RazorPages.Infrastructure.HandleOptionsRequestsPageFilter. 
2024-10-28 00:36:03.4569|TRACE|Microsoft.AspNetCore.Mvc.RazorPages.Infrastructure.PageActionInvoker|Page Filter: Before executing OnPageHandlerExecutionAsync on filter Microsoft.AspNetCore.Mvc.Filters.PageHandlerPageFilter. 
2024-10-28 00:36:03.4569|TRACE|Microsoft.AspNetCore.Mvc.RazorPages.Infrastructure.PageActionInvoker|Page Filter: Before executing OnPageHandlerExecuting on filter Microsoft.AspNetCore.Mvc.RazorPages.Infrastructure.HandleOptionsRequestsPageFilter. 
2024-10-28 00:36:03.4569|TRACE|Microsoft.AspNetCore.Mvc.RazorPages.Infrastructure.PageActionInvoker|Page Filter: After executing OnPageHandlerExecuting on filter Microsoft.AspNetCore.Mvc.RazorPages.Infrastructure.HandleOptionsRequestsPageFilter. 
2024-10-28 00:36:03.4569|INFO|Microsoft.AspNetCore.Mvc.RazorPages.Infrastructure.PageActionInvoker|Executing handler method PetProject.Pages.WebRTCModel.OnGet - ModelState is Valid 
2024-10-28 00:36:03.4569|INFO|Microsoft.AspNetCore.Mvc.RazorPages.Infrastructure.PageActionInvoker|Executed handler method OnGet, returned result . 
2024-10-28 00:36:03.4734|INFO|Microsoft.AspNetCore.Mvc.RazorPages.Infrastructure.PageActionInvoker|Executing an implicit handler method - ModelState is Valid 
2024-10-28 00:36:03.4734|INFO|Microsoft.AspNetCore.Mvc.RazorPages.Infrastructure.PageActionInvoker|Executed an implicit handler method, returned result Microsoft.AspNetCore.Mvc.RazorPages.PageResult. 
2024-10-28 00:36:03.4734|TRACE|Microsoft.AspNetCore.Mvc.RazorPages.Infrastructure.PageActionInvoker|Page Filter: Before executing OnPageHandlerExecuted on filter Microsoft.AspNetCore.Mvc.RazorPages.Infrastructure.HandleOptionsRequestsPageFilter. 
2024-10-28 00:36:03.4734|TRACE|Microsoft.AspNetCore.Mvc.RazorPages.Infrastructure.PageActionInvoker|Page Filter: After executing OnPageHandlerExecuted on filter Microsoft.AspNetCore.Mvc.RazorPages.Infrastructure.HandleOptionsRequestsPageFilter. 
2024-10-28 00:36:03.4734|TRACE|Microsoft.AspNetCore.Mvc.RazorPages.Infrastructure.PageActionInvoker|Page Filter: After executing OnPageHandlerExecutionAsync on filter Microsoft.AspNetCore.Mvc.Filters.PageHandlerPageFilter. 
2024-10-28 00:36:03.4734|TRACE|Microsoft.AspNetCore.Mvc.RazorPages.Infrastructure.PageActionInvoker|Result Filter: Before executing OnResultExecuting on filter Microsoft.AspNetCore.Mvc.ViewFeatures.Filters.SaveTempDataFilter. 
2024-10-28 00:36:03.4734|TRACE|Microsoft.AspNetCore.Mvc.RazorPages.Infrastructure.PageActionInvoker|Result Filter: After executing OnResultExecuting on filter Microsoft.AspNetCore.Mvc.ViewFeatures.Filters.SaveTempDataFilter. 
2024-10-28 00:36:03.4734|TRACE|Microsoft.AspNetCore.Mvc.RazorPages.Infrastructure.PageActionInvoker|Before executing action result Microsoft.AspNetCore.Mvc.RazorPages.PageResult. 
2024-10-28 00:36:03.8028|TRACE|Microsoft.AspNetCore.Mvc.RazorPages.Infrastructure.PageActionInvoker|After executing action result Microsoft.AspNetCore.Mvc.RazorPages.PageResult. 
2024-10-28 00:36:03.8028|TRACE|Microsoft.AspNetCore.Mvc.RazorPages.Infrastructure.PageActionInvoker|Result Filter: Before executing OnResultExecuted on filter Microsoft.AspNetCore.Mvc.ViewFeatures.Filters.SaveTempDataFilter. 
2024-10-28 00:36:03.8028|TRACE|Microsoft.AspNetCore.Mvc.RazorPages.Infrastructure.PageActionInvoker|Result Filter: After executing OnResultExecuted on filter Microsoft.AspNetCore.Mvc.ViewFeatures.Filters.SaveTempDataFilter. 
2024-10-28 00:36:03.8028|TRACE|Microsoft.AspNetCore.Mvc.RazorPages.Infrastructure.PageActionInvoker|Resource Filter: Before executing OnResourceExecuted on filter Microsoft.AspNetCore.Mvc.ViewFeatures.Filters.SaveTempDataFilter. 
2024-10-28 00:36:03.8028|TRACE|Microsoft.AspNetCore.Mvc.RazorPages.Infrastructure.PageActionInvoker|Resource Filter: After executing OnResourceExecuted on filter Microsoft.AspNetCore.Mvc.ViewFeatures.Filters.SaveTempDataFilter. 
2024-10-28 00:36:03.8028|INFO|Microsoft.AspNetCore.Mvc.RazorPages.Infrastructure.PageActionInvoker|Executed page /Index in 353.7754ms 
2024-10-28 00:36:33.3743|INFO|Microsoft.AspNetCore.Mvc.RazorPages.Infrastructure.PageActionInvoker|Route matched with {page = "/Index", action = "", controller = ""}. Executing page /Index 
2024-10-28 00:36:33.3789|DEBUG|Microsoft.AspNetCore.Mvc.RazorPages.Infrastructure.PageActionInvoker|Execution plan of authorization filters (in the following order): Microsoft.AspNetCore.Mvc.ViewFeatures.Filters.AutoValidateAntiforgeryTokenAuthorizationFilter 
2024-10-28 00:36:33.3789|DEBUG|Microsoft.AspNetCore.Mvc.RazorPages.Infrastructure.PageActionInvoker|Execution plan of resource filters (in the following order): Microsoft.AspNetCore.Mvc.ViewFeatures.Filters.SaveTempDataFilter 
2024-10-28 00:36:33.3789|DEBUG|Microsoft.AspNetCore.Mvc.RazorPages.Infrastructure.PageActionInvoker|Execution plan of action filters (in the following order): Microsoft.AspNetCore.Mvc.ModelBinding.UnsupportedContentTypeFilter (Order: -3000) 
2024-10-28 00:36:33.3789|DEBUG|Microsoft.AspNetCore.Mvc.RazorPages.Infrastructure.PageActionInvoker|Execution plan of exception filters (in the following order): None 
2024-10-28 00:36:33.3789|DEBUG|Microsoft.AspNetCore.Mvc.RazorPages.Infrastructure.PageActionInvoker|Execution plan of result filters (in the following order): Microsoft.AspNetCore.Mvc.ViewFeatures.Filters.SaveTempDataFilter 
2024-10-28 00:36:33.3789|TRACE|Microsoft.AspNetCore.Mvc.RazorPages.Infrastructure.PageActionInvoker|Authorization Filter: Before executing OnAuthorizationAsync on filter Microsoft.AspNetCore.Mvc.ViewFeatures.Filters.AutoValidateAntiforgeryTokenAuthorizationFilter. 
2024-10-28 00:36:33.3789|TRACE|Microsoft.AspNetCore.Mvc.RazorPages.Infrastructure.PageActionInvoker|Authorization Filter: After executing OnAuthorizationAsync on filter Microsoft.AspNetCore.Mvc.ViewFeatures.Filters.AutoValidateAntiforgeryTokenAuthorizationFilter. 
2024-10-28 00:36:33.3789|TRACE|Microsoft.AspNetCore.Mvc.RazorPages.Infrastructure.PageActionInvoker|Resource Filter: Before executing OnResourceExecuting on filter Microsoft.AspNetCore.Mvc.ViewFeatures.Filters.SaveTempDataFilter. 
2024-10-28 00:36:33.3789|TRACE|Microsoft.AspNetCore.Mvc.RazorPages.Infrastructure.PageActionInvoker|Resource Filter: After executing OnResourceExecuting on filter Microsoft.AspNetCore.Mvc.ViewFeatures.Filters.SaveTempDataFilter. 
2024-10-28 00:36:33.3789|DEBUG|Microsoft.AspNetCore.Mvc.RazorPages.Infrastructure.PageActionInvoker|Executing page model factory for page PetProject.Pages.Pages_Index (4bdjen54.jcu) 
2024-10-28 00:36:33.3789|DEBUG|Microsoft.AspNetCore.Mvc.RazorPages.Infrastructure.PageActionInvoker|Executed page model factory for page PetProject.Pages.Pages_Index (4bdjen54.jcu) 
2024-10-28 00:36:33.3789|TRACE|Microsoft.AspNetCore.Mvc.RazorPages.Infrastructure.PageActionInvoker|Page Filter: Before executing OnPageHandlerSelectionAsync on filter Microsoft.AspNetCore.Mvc.Filters.PageHandlerPageFilter. 
2024-10-28 00:36:33.3789|TRACE|Microsoft.AspNetCore.Mvc.RazorPages.Infrastructure.PageActionInvoker|Page Filter: After executing OnPageHandlerSelectionAsync on filter Microsoft.AspNetCore.Mvc.Filters.PageHandlerPageFilter. 
2024-10-28 00:36:33.3789|TRACE|Microsoft.AspNetCore.Mvc.RazorPages.Infrastructure.PageActionInvoker|Page Filter: Before executing OnPageHandlerSelected on filter Microsoft.AspNetCore.Mvc.RazorPages.Infrastructure.HandleOptionsRequestsPageFilter. 
2024-10-28 00:36:33.3789|TRACE|Microsoft.AspNetCore.Mvc.RazorPages.Infrastructure.PageActionInvoker|Page Filter: Before executing OnPageHandlerExecutionAsync on filter Microsoft.AspNetCore.Mvc.Filters.PageHandlerPageFilter. 
2024-10-28 00:36:33.3789|TRACE|Microsoft.AspNetCore.Mvc.RazorPages.Infrastructure.PageActionInvoker|Page Filter: Before executing OnPageHandlerExecuting on filter Microsoft.AspNetCore.Mvc.RazorPages.Infrastructure.HandleOptionsRequestsPageFilter. 
2024-10-28 00:36:33.3789|TRACE|Microsoft.AspNetCore.Mvc.RazorPages.Infrastructure.PageActionInvoker|Page Filter: After executing OnPageHandlerExecuting on filter Microsoft.AspNetCore.Mvc.RazorPages.Infrastructure.HandleOptionsRequestsPageFilter. 
2024-10-28 00:36:33.3789|INFO|Microsoft.AspNetCore.Mvc.RazorPages.Infrastructure.PageActionInvoker|Executing handler method PetProject.Pages.WebRTCModel.OnGet - ModelState is Valid 
2024-10-28 00:36:33.3789|INFO|Microsoft.AspNetCore.Mvc.RazorPages.Infrastructure.PageActionInvoker|Executed handler method OnGet, returned result . 
2024-10-28 00:36:33.3789|INFO|Microsoft.AspNetCore.Mvc.RazorPages.Infrastructure.PageActionInvoker|Executing an implicit handler method - ModelState is Valid 
2024-10-28 00:36:33.3789|INFO|Microsoft.AspNetCore.Mvc.RazorPages.Infrastructure.PageActionInvoker|Executed an implicit handler method, returned result Microsoft.AspNetCore.Mvc.RazorPages.PageResult. 
2024-10-28 00:36:33.3789|TRACE|Microsoft.AspNetCore.Mvc.RazorPages.Infrastructure.PageActionInvoker|Page Filter: Before executing OnPageHandlerExecuted on filter Microsoft.AspNetCore.Mvc.RazorPages.Infrastructure.HandleOptionsRequestsPageFilter. 
2024-10-28 00:36:33.3789|TRACE|Microsoft.AspNetCore.Mvc.RazorPages.Infrastructure.PageActionInvoker|Page Filter: After executing OnPageHandlerExecuted on filter Microsoft.AspNetCore.Mvc.RazorPages.Infrastructure.HandleOptionsRequestsPageFilter. 
2024-10-28 00:36:33.3789|TRACE|Microsoft.AspNetCore.Mvc.RazorPages.Infrastructure.PageActionInvoker|Page Filter: After executing OnPageHandlerExecutionAsync on filter Microsoft.AspNetCore.Mvc.Filters.PageHandlerPageFilter. 
2024-10-28 00:36:33.3789|TRACE|Microsoft.AspNetCore.Mvc.RazorPages.Infrastructure.PageActionInvoker|Result Filter: Before executing OnResultExecuting on filter Microsoft.AspNetCore.Mvc.ViewFeatures.Filters.SaveTempDataFilter. 
2024-10-28 00:36:33.3789|TRACE|Microsoft.AspNetCore.Mvc.RazorPages.Infrastructure.PageActionInvoker|Result Filter: After executing OnResultExecuting on filter Microsoft.AspNetCore.Mvc.ViewFeatures.Filters.SaveTempDataFilter. 
2024-10-28 00:36:33.3789|TRACE|Microsoft.AspNetCore.Mvc.RazorPages.Infrastructure.PageActionInvoker|Before executing action result Microsoft.AspNetCore.Mvc.RazorPages.PageResult. 
2024-10-28 00:36:33.6606|TRACE|Microsoft.AspNetCore.Mvc.RazorPages.Infrastructure.PageActionInvoker|After executing action result Microsoft.AspNetCore.Mvc.RazorPages.PageResult. 
2024-10-28 00:36:33.6606|TRACE|Microsoft.AspNetCore.Mvc.RazorPages.Infrastructure.PageActionInvoker|Result Filter: Before executing OnResultExecuted on filter Microsoft.AspNetCore.Mvc.ViewFeatures.Filters.SaveTempDataFilter. 
2024-10-28 00:36:33.6606|TRACE|Microsoft.AspNetCore.Mvc.RazorPages.Infrastructure.PageActionInvoker|Result Filter: After executing OnResultExecuted on filter Microsoft.AspNetCore.Mvc.ViewFeatures.Filters.SaveTempDataFilter. 
2024-10-28 00:36:33.6606|TRACE|Microsoft.AspNetCore.Mvc.RazorPages.Infrastructure.PageActionInvoker|Resource Filter: Before executing OnResourceExecuted on filter Microsoft.AspNetCore.Mvc.ViewFeatures.Filters.SaveTempDataFilter. 
2024-10-28 00:36:33.6606|TRACE|Microsoft.AspNetCore.Mvc.RazorPages.Infrastructure.PageActionInvoker|Resource Filter: After executing OnResourceExecuted on filter Microsoft.AspNetCore.Mvc.ViewFeatures.Filters.SaveTempDataFilter. 
2024-10-28 00:36:33.6606|INFO|Microsoft.AspNetCore.Mvc.RazorPages.Infrastructure.PageActionInvoker|Executed page /Index in 284.7792ms 
2024-10-28 00:39:31.2069|INFO|Microsoft.AspNetCore.Mvc.RazorPages.Infrastructure.PageActionInvoker|Route matched with {page = "/Index", action = "", controller = ""}. Executing page /Index 
2024-10-28 00:39:31.2283|DEBUG|Microsoft.AspNetCore.Mvc.RazorPages.Infrastructure.PageActionInvoker|Execution plan of authorization filters (in the following order): Microsoft.AspNetCore.Mvc.ViewFeatures.Filters.AutoValidateAntiforgeryTokenAuthorizationFilter 
2024-10-28 00:39:31.2283|DEBUG|Microsoft.AspNetCore.Mvc.RazorPages.Infrastructure.PageActionInvoker|Execution plan of resource filters (in the following order): Microsoft.AspNetCore.Mvc.ViewFeatures.Filters.SaveTempDataFilter 
2024-10-28 00:39:31.2283|DEBUG|Microsoft.AspNetCore.Mvc.RazorPages.Infrastructure.PageActionInvoker|Execution plan of action filters (in the following order): Microsoft.AspNetCore.Mvc.ModelBinding.UnsupportedContentTypeFilter (Order: -3000) 
2024-10-28 00:39:31.2283|DEBUG|Microsoft.AspNetCore.Mvc.RazorPages.Infrastructure.PageActionInvoker|Execution plan of exception filters (in the following order): None 
2024-10-28 00:39:31.2283|DEBUG|Microsoft.AspNetCore.Mvc.RazorPages.Infrastructure.PageActionInvoker|Execution plan of result filters (in the following order): Microsoft.AspNetCore.Mvc.ViewFeatures.Filters.SaveTempDataFilter 
2024-10-28 00:39:31.2283|TRACE|Microsoft.AspNetCore.Mvc.RazorPages.Infrastructure.PageActionInvoker|Authorization Filter: Before executing OnAuthorizationAsync on filter Microsoft.AspNetCore.Mvc.ViewFeatures.Filters.AutoValidateAntiforgeryTokenAuthorizationFilter. 
2024-10-28 00:39:31.2283|TRACE|Microsoft.AspNetCore.Mvc.RazorPages.Infrastructure.PageActionInvoker|Authorization Filter: After executing OnAuthorizationAsync on filter Microsoft.AspNetCore.Mvc.ViewFeatures.Filters.AutoValidateAntiforgeryTokenAuthorizationFilter. 
2024-10-28 00:39:31.2283|TRACE|Microsoft.AspNetCore.Mvc.RazorPages.Infrastructure.PageActionInvoker|Resource Filter: Before executing OnResourceExecuting on filter Microsoft.AspNetCore.Mvc.ViewFeatures.Filters.SaveTempDataFilter. 
2024-10-28 00:39:31.2283|TRACE|Microsoft.AspNetCore.Mvc.RazorPages.Infrastructure.PageActionInvoker|Resource Filter: After executing OnResourceExecuting on filter Microsoft.AspNetCore.Mvc.ViewFeatures.Filters.SaveTempDataFilter. 
2024-10-28 00:39:31.2283|DEBUG|Microsoft.AspNetCore.Mvc.RazorPages.Infrastructure.PageActionInvoker|Executing page model factory for page PetProject.Pages.Pages_Index (1gr4bfut.grc) 
2024-10-28 00:39:31.2283|DEBUG|Microsoft.AspNetCore.Mvc.RazorPages.Infrastructure.PageActionInvoker|Executed page model factory for page PetProject.Pages.Pages_Index (1gr4bfut.grc) 
2024-10-28 00:39:31.2283|TRACE|Microsoft.AspNetCore.Mvc.RazorPages.Infrastructure.PageActionInvoker|Page Filter: Before executing OnPageHandlerSelectionAsync on filter Microsoft.AspNetCore.Mvc.Filters.PageHandlerPageFilter. 
2024-10-28 00:39:31.2283|TRACE|Microsoft.AspNetCore.Mvc.RazorPages.Infrastructure.PageActionInvoker|Page Filter: After executing OnPageHandlerSelectionAsync on filter Microsoft.AspNetCore.Mvc.Filters.PageHandlerPageFilter. 
2024-10-28 00:39:31.2283|TRACE|Microsoft.AspNetCore.Mvc.RazorPages.Infrastructure.PageActionInvoker|Page Filter: Before executing OnPageHandlerSelected on filter Microsoft.AspNetCore.Mvc.RazorPages.Infrastructure.HandleOptionsRequestsPageFilter. 
2024-10-28 00:39:31.2283|TRACE|Microsoft.AspNetCore.Mvc.RazorPages.Infrastructure.PageActionInvoker|Page Filter: Before executing OnPageHandlerExecutionAsync on filter Microsoft.AspNetCore.Mvc.Filters.PageHandlerPageFilter. 
2024-10-28 00:39:31.2283|TRACE|Microsoft.AspNetCore.Mvc.RazorPages.Infrastructure.PageActionInvoker|Page Filter: Before executing OnPageHandlerExecuting on filter Microsoft.AspNetCore.Mvc.RazorPages.Infrastructure.HandleOptionsRequestsPageFilter. 
2024-10-28 00:39:31.2283|TRACE|Microsoft.AspNetCore.Mvc.RazorPages.Infrastructure.PageActionInvoker|Page Filter: After executing OnPageHandlerExecuting on filter Microsoft.AspNetCore.Mvc.RazorPages.Infrastructure.HandleOptionsRequestsPageFilter. 
2024-10-28 00:39:31.2391|INFO|Microsoft.AspNetCore.Mvc.RazorPages.Infrastructure.PageActionInvoker|Executing handler method PetProject.Pages.WebRTCModel.OnGet - ModelState is Valid 
2024-10-28 00:39:31.2391|INFO|Microsoft.AspNetCore.Mvc.RazorPages.Infrastructure.PageActionInvoker|Executed handler method OnGet, returned result . 
2024-10-28 00:39:31.2391|INFO|Microsoft.AspNetCore.Mvc.RazorPages.Infrastructure.PageActionInvoker|Executing an implicit handler method - ModelState is Valid 
2024-10-28 00:39:31.2391|INFO|Microsoft.AspNetCore.Mvc.RazorPages.Infrastructure.PageActionInvoker|Executed an implicit handler method, returned result Microsoft.AspNetCore.Mvc.RazorPages.PageResult. 
2024-10-28 00:39:31.2391|TRACE|Microsoft.AspNetCore.Mvc.RazorPages.Infrastructure.PageActionInvoker|Page Filter: Before executing OnPageHandlerExecuted on filter Microsoft.AspNetCore.Mvc.RazorPages.Infrastructure.HandleOptionsRequestsPageFilter. 
2024-10-28 00:39:31.2391|TRACE|Microsoft.AspNetCore.Mvc.RazorPages.Infrastructure.PageActionInvoker|Page Filter: After executing OnPageHandlerExecuted on filter Microsoft.AspNetCore.Mvc.RazorPages.Infrastructure.HandleOptionsRequestsPageFilter. 
2024-10-28 00:39:31.2391|TRACE|Microsoft.AspNetCore.Mvc.RazorPages.Infrastructure.PageActionInvoker|Page Filter: After executing OnPageHandlerExecutionAsync on filter Microsoft.AspNetCore.Mvc.Filters.PageHandlerPageFilter. 
2024-10-28 00:39:31.2391|TRACE|Microsoft.AspNetCore.Mvc.RazorPages.Infrastructure.PageActionInvoker|Result Filter: Before executing OnResultExecuting on filter Microsoft.AspNetCore.Mvc.ViewFeatures.Filters.SaveTempDataFilter. 
2024-10-28 00:39:31.2391|TRACE|Microsoft.AspNetCore.Mvc.RazorPages.Infrastructure.PageActionInvoker|Result Filter: After executing OnResultExecuting on filter Microsoft.AspNetCore.Mvc.ViewFeatures.Filters.SaveTempDataFilter. 
2024-10-28 00:39:31.2391|TRACE|Microsoft.AspNetCore.Mvc.RazorPages.Infrastructure.PageActionInvoker|Before executing action result Microsoft.AspNetCore.Mvc.RazorPages.PageResult. 
2024-10-28 00:39:31.6581|TRACE|Microsoft.AspNetCore.Mvc.RazorPages.Infrastructure.PageActionInvoker|After executing action result Microsoft.AspNetCore.Mvc.RazorPages.PageResult. 
2024-10-28 00:39:31.6646|TRACE|Microsoft.AspNetCore.Mvc.RazorPages.Infrastructure.PageActionInvoker|Result Filter: Before executing OnResultExecuted on filter Microsoft.AspNetCore.Mvc.ViewFeatures.Filters.SaveTempDataFilter. 
2024-10-28 00:39:31.6646|TRACE|Microsoft.AspNetCore.Mvc.RazorPages.Infrastructure.PageActionInvoker|Result Filter: After executing OnResultExecuted on filter Microsoft.AspNetCore.Mvc.ViewFeatures.Filters.SaveTempDataFilter. 
2024-10-28 00:39:31.6646|TRACE|Microsoft.AspNetCore.Mvc.RazorPages.Infrastructure.PageActionInvoker|Resource Filter: Before executing OnResourceExecuted on filter Microsoft.AspNetCore.Mvc.ViewFeatures.Filters.SaveTempDataFilter. 
2024-10-28 00:39:31.6646|TRACE|Microsoft.AspNetCore.Mvc.RazorPages.Infrastructure.PageActionInvoker|Resource Filter: After executing OnResourceExecuted on filter Microsoft.AspNetCore.Mvc.ViewFeatures.Filters.SaveTempDataFilter. 
2024-10-28 00:39:31.6646|INFO|Microsoft.AspNetCore.Mvc.RazorPages.Infrastructure.PageActionInvoker|Executed page /Index in 437.3055ms 
2024-10-28 01:27:07.6867|INFO|Microsoft.AspNetCore.Mvc.RazorPages.Infrastructure.PageActionInvoker|Route matched with {page = "/Index", action = "", controller = ""}. Executing page /Index 
2024-10-28 01:27:07.6867|DEBUG|Microsoft.AspNetCore.Mvc.RazorPages.Infrastructure.PageActionInvoker|Execution plan of authorization filters (in the following order): Microsoft.AspNetCore.Mvc.ViewFeatures.Filters.AutoValidateAntiforgeryTokenAuthorizationFilter 
2024-10-28 01:27:07.6867|DEBUG|Microsoft.AspNetCore.Mvc.RazorPages.Infrastructure.PageActionInvoker|Execution plan of resource filters (in the following order): Microsoft.AspNetCore.Mvc.ViewFeatures.Filters.SaveTempDataFilter 
2024-10-28 01:27:07.6867|DEBUG|Microsoft.AspNetCore.Mvc.RazorPages.Infrastructure.PageActionInvoker|Execution plan of action filters (in the following order): Microsoft.AspNetCore.Mvc.ModelBinding.UnsupportedContentTypeFilter (Order: -3000) 
2024-10-28 01:27:07.6867|DEBUG|Microsoft.AspNetCore.Mvc.RazorPages.Infrastructure.PageActionInvoker|Execution plan of exception filters (in the following order): None 
2024-10-28 01:27:07.6867|DEBUG|Microsoft.AspNetCore.Mvc.RazorPages.Infrastructure.PageActionInvoker|Execution plan of result filters (in the following order): Microsoft.AspNetCore.Mvc.ViewFeatures.Filters.SaveTempDataFilter 
2024-10-28 01:27:07.6867|TRACE|Microsoft.AspNetCore.Mvc.RazorPages.Infrastructure.PageActionInvoker|Authorization Filter: Before executing OnAuthorizationAsync on filter Microsoft.AspNetCore.Mvc.ViewFeatures.Filters.AutoValidateAntiforgeryTokenAuthorizationFilter. 
2024-10-28 01:27:07.6867|TRACE|Microsoft.AspNetCore.Mvc.RazorPages.Infrastructure.PageActionInvoker|Authorization Filter: After executing OnAuthorizationAsync on filter Microsoft.AspNetCore.Mvc.ViewFeatures.Filters.AutoValidateAntiforgeryTokenAuthorizationFilter. 
2024-10-28 01:27:07.6867|TRACE|Microsoft.AspNetCore.Mvc.RazorPages.Infrastructure.PageActionInvoker|Resource Filter: Before executing OnResourceExecuting on filter Microsoft.AspNetCore.Mvc.ViewFeatures.Filters.SaveTempDataFilter. 
2024-10-28 01:27:07.6867|TRACE|Microsoft.AspNetCore.Mvc.RazorPages.Infrastructure.PageActionInvoker|Resource Filter: After executing OnResourceExecuting on filter Microsoft.AspNetCore.Mvc.ViewFeatures.Filters.SaveTempDataFilter. 
2024-10-28 01:27:07.6867|DEBUG|Microsoft.AspNetCore.Mvc.RazorPages.Infrastructure.PageActionInvoker|Executing page model factory for page PetProject.Pages.Pages_Index (doclzmmu.j20) 
2024-10-28 01:27:07.6867|DEBUG|Microsoft.AspNetCore.Mvc.RazorPages.Infrastructure.PageActionInvoker|Executed page model factory for page PetProject.Pages.Pages_Index (doclzmmu.j20) 
2024-10-28 01:27:07.6867|TRACE|Microsoft.AspNetCore.Mvc.RazorPages.Infrastructure.PageActionInvoker|Page Filter: Before executing OnPageHandlerSelectionAsync on filter Microsoft.AspNetCore.Mvc.Filters.PageHandlerPageFilter. 
2024-10-28 01:27:07.6867|TRACE|Microsoft.AspNetCore.Mvc.RazorPages.Infrastructure.PageActionInvoker|Page Filter: After executing OnPageHandlerSelectionAsync on filter Microsoft.AspNetCore.Mvc.Filters.PageHandlerPageFilter. 
2024-10-28 01:27:07.6867|TRACE|Microsoft.AspNetCore.Mvc.RazorPages.Infrastructure.PageActionInvoker|Page Filter: Before executing OnPageHandlerSelected on filter Microsoft.AspNetCore.Mvc.RazorPages.Infrastructure.HandleOptionsRequestsPageFilter. 
2024-10-28 01:27:07.6867|TRACE|Microsoft.AspNetCore.Mvc.RazorPages.Infrastructure.PageActionInvoker|Page Filter: Before executing OnPageHandlerExecutionAsync on filter Microsoft.AspNetCore.Mvc.Filters.PageHandlerPageFilter. 
2024-10-28 01:27:07.6867|TRACE|Microsoft.AspNetCore.Mvc.RazorPages.Infrastructure.PageActionInvoker|Page Filter: Before executing OnPageHandlerExecuting on filter Microsoft.AspNetCore.Mvc.RazorPages.Infrastructure.HandleOptionsRequestsPageFilter. 
2024-10-28 01:27:07.6867|TRACE|Microsoft.AspNetCore.Mvc.RazorPages.Infrastructure.PageActionInvoker|Page Filter: After executing OnPageHandlerExecuting on filter Microsoft.AspNetCore.Mvc.RazorPages.Infrastructure.HandleOptionsRequestsPageFilter. 
2024-10-28 01:27:07.6999|INFO|Microsoft.AspNetCore.Mvc.RazorPages.Infrastructure.PageActionInvoker|Executing handler method PetProject.Pages.WebRTCModel.OnGet - ModelState is Valid 
2024-10-28 01:27:07.6999|INFO|Microsoft.AspNetCore.Mvc.RazorPages.Infrastructure.PageActionInvoker|Executed handler method OnGet, returned result . 
2024-10-28 01:27:07.6999|INFO|Microsoft.AspNetCore.Mvc.RazorPages.Infrastructure.PageActionInvoker|Executing an implicit handler method - ModelState is Valid 
2024-10-28 01:27:07.6999|INFO|Microsoft.AspNetCore.Mvc.RazorPages.Infrastructure.PageActionInvoker|Executed an implicit handler method, returned result Microsoft.AspNetCore.Mvc.RazorPages.PageResult. 
2024-10-28 01:27:07.6999|TRACE|Microsoft.AspNetCore.Mvc.RazorPages.Infrastructure.PageActionInvoker|Page Filter: Before executing OnPageHandlerExecuted on filter Microsoft.AspNetCore.Mvc.RazorPages.Infrastructure.HandleOptionsRequestsPageFilter. 
2024-10-28 01:27:07.6999|TRACE|Microsoft.AspNetCore.Mvc.RazorPages.Infrastructure.PageActionInvoker|Page Filter: After executing OnPageHandlerExecuted on filter Microsoft.AspNetCore.Mvc.RazorPages.Infrastructure.HandleOptionsRequestsPageFilter. 
2024-10-28 01:27:07.6999|TRACE|Microsoft.AspNetCore.Mvc.RazorPages.Infrastructure.PageActionInvoker|Page Filter: After executing OnPageHandlerExecutionAsync on filter Microsoft.AspNetCore.Mvc.Filters.PageHandlerPageFilter. 
2024-10-28 01:27:07.6999|TRACE|Microsoft.AspNetCore.Mvc.RazorPages.Infrastructure.PageActionInvoker|Result Filter: Before executing OnResultExecuting on filter Microsoft.AspNetCore.Mvc.ViewFeatures.Filters.SaveTempDataFilter. 
2024-10-28 01:27:07.6999|TRACE|Microsoft.AspNetCore.Mvc.RazorPages.Infrastructure.PageActionInvoker|Result Filter: After executing OnResultExecuting on filter Microsoft.AspNetCore.Mvc.ViewFeatures.Filters.SaveTempDataFilter. 
2024-10-28 01:27:07.6999|TRACE|Microsoft.AspNetCore.Mvc.RazorPages.Infrastructure.PageActionInvoker|Before executing action result Microsoft.AspNetCore.Mvc.RazorPages.PageResult. 
2024-10-28 01:27:08.0596|TRACE|Microsoft.AspNetCore.Mvc.RazorPages.Infrastructure.PageActionInvoker|After executing action result Microsoft.AspNetCore.Mvc.RazorPages.PageResult. 
2024-10-28 01:27:08.0596|TRACE|Microsoft.AspNetCore.Mvc.RazorPages.Infrastructure.PageActionInvoker|Result Filter: Before executing OnResultExecuted on filter Microsoft.AspNetCore.Mvc.ViewFeatures.Filters.SaveTempDataFilter. 
2024-10-28 01:27:08.0596|TRACE|Microsoft.AspNetCore.Mvc.RazorPages.Infrastructure.PageActionInvoker|Result Filter: After executing OnResultExecuted on filter Microsoft.AspNetCore.Mvc.ViewFeatures.Filters.SaveTempDataFilter. 
2024-10-28 01:27:08.0596|TRACE|Microsoft.AspNetCore.Mvc.RazorPages.Infrastructure.PageActionInvoker|Resource Filter: Before executing OnResourceExecuted on filter Microsoft.AspNetCore.Mvc.ViewFeatures.Filters.SaveTempDataFilter. 
2024-10-28 01:27:08.0596|TRACE|Microsoft.AspNetCore.Mvc.RazorPages.Infrastructure.PageActionInvoker|Resource Filter: After executing OnResourceExecuted on filter Microsoft.AspNetCore.Mvc.ViewFeatures.Filters.SaveTempDataFilter. 
2024-10-28 01:27:08.0596|INFO|Microsoft.AspNetCore.Mvc.RazorPages.Infrastructure.PageActionInvoker|Executed page /Index in 374.3771ms 
2024-10-28 01:29:02.2112|INFO|Microsoft.AspNetCore.Mvc.RazorPages.Infrastructure.PageActionInvoker|Route matched with {page = "/Index", action = "", controller = ""}. Executing page /Index 
2024-10-28 01:29:02.2112|DEBUG|Microsoft.AspNetCore.Mvc.RazorPages.Infrastructure.PageActionInvoker|Execution plan of authorization filters (in the following order): Microsoft.AspNetCore.Mvc.ViewFeatures.Filters.AutoValidateAntiforgeryTokenAuthorizationFilter 
2024-10-28 01:29:02.2112|DEBUG|Microsoft.AspNetCore.Mvc.RazorPages.Infrastructure.PageActionInvoker|Execution plan of resource filters (in the following order): Microsoft.AspNetCore.Mvc.ViewFeatures.Filters.SaveTempDataFilter 
2024-10-28 01:29:02.2112|DEBUG|Microsoft.AspNetCore.Mvc.RazorPages.Infrastructure.PageActionInvoker|Execution plan of action filters (in the following order): Microsoft.AspNetCore.Mvc.ModelBinding.UnsupportedContentTypeFilter (Order: -3000) 
2024-10-28 01:29:02.2112|DEBUG|Microsoft.AspNetCore.Mvc.RazorPages.Infrastructure.PageActionInvoker|Execution plan of exception filters (in the following order): None 
2024-10-28 01:29:02.2112|DEBUG|Microsoft.AspNetCore.Mvc.RazorPages.Infrastructure.PageActionInvoker|Execution plan of result filters (in the following order): Microsoft.AspNetCore.Mvc.ViewFeatures.Filters.SaveTempDataFilter 
2024-10-28 01:29:02.2112|TRACE|Microsoft.AspNetCore.Mvc.RazorPages.Infrastructure.PageActionInvoker|Authorization Filter: Before executing OnAuthorizationAsync on filter Microsoft.AspNetCore.Mvc.ViewFeatures.Filters.AutoValidateAntiforgeryTokenAuthorizationFilter. 
2024-10-28 01:29:02.2112|TRACE|Microsoft.AspNetCore.Mvc.RazorPages.Infrastructure.PageActionInvoker|Authorization Filter: After executing OnAuthorizationAsync on filter Microsoft.AspNetCore.Mvc.ViewFeatures.Filters.AutoValidateAntiforgeryTokenAuthorizationFilter. 
2024-10-28 01:29:02.2112|TRACE|Microsoft.AspNetCore.Mvc.RazorPages.Infrastructure.PageActionInvoker|Resource Filter: Before executing OnResourceExecuting on filter Microsoft.AspNetCore.Mvc.ViewFeatures.Filters.SaveTempDataFilter. 
2024-10-28 01:29:02.2112|TRACE|Microsoft.AspNetCore.Mvc.RazorPages.Infrastructure.PageActionInvoker|Resource Filter: After executing OnResourceExecuting on filter Microsoft.AspNetCore.Mvc.ViewFeatures.Filters.SaveTempDataFilter. 
2024-10-28 01:29:02.2112|DEBUG|Microsoft.AspNetCore.Mvc.RazorPages.Infrastructure.PageActionInvoker|Executing page model factory for page PetProject.Pages.Pages_Index (5fqbk1lc.lvd) 
2024-10-28 01:29:02.2112|DEBUG|Microsoft.AspNetCore.Mvc.RazorPages.Infrastructure.PageActionInvoker|Executed page model factory for page PetProject.Pages.Pages_Index (5fqbk1lc.lvd) 
2024-10-28 01:29:02.2112|TRACE|Microsoft.AspNetCore.Mvc.RazorPages.Infrastructure.PageActionInvoker|Page Filter: Before executing OnPageHandlerSelectionAsync on filter Microsoft.AspNetCore.Mvc.Filters.PageHandlerPageFilter. 
2024-10-28 01:29:02.2112|TRACE|Microsoft.AspNetCore.Mvc.RazorPages.Infrastructure.PageActionInvoker|Page Filter: After executing OnPageHandlerSelectionAsync on filter Microsoft.AspNetCore.Mvc.Filters.PageHandlerPageFilter. 
2024-10-28 01:29:02.2112|TRACE|Microsoft.AspNetCore.Mvc.RazorPages.Infrastructure.PageActionInvoker|Page Filter: Before executing OnPageHandlerSelected on filter Microsoft.AspNetCore.Mvc.RazorPages.Infrastructure.HandleOptionsRequestsPageFilter. 
2024-10-28 01:29:02.2112|TRACE|Microsoft.AspNetCore.Mvc.RazorPages.Infrastructure.PageActionInvoker|Page Filter: Before executing OnPageHandlerExecutionAsync on filter Microsoft.AspNetCore.Mvc.Filters.PageHandlerPageFilter. 
2024-10-28 01:29:02.2112|TRACE|Microsoft.AspNetCore.Mvc.RazorPages.Infrastructure.PageActionInvoker|Page Filter: Before executing OnPageHandlerExecuting on filter Microsoft.AspNetCore.Mvc.RazorPages.Infrastructure.HandleOptionsRequestsPageFilter. 
2024-10-28 01:29:02.2112|TRACE|Microsoft.AspNetCore.Mvc.RazorPages.Infrastructure.PageActionInvoker|Page Filter: After executing OnPageHandlerExecuting on filter Microsoft.AspNetCore.Mvc.RazorPages.Infrastructure.HandleOptionsRequestsPageFilter. 
2024-10-28 01:29:02.2112|INFO|Microsoft.AspNetCore.Mvc.RazorPages.Infrastructure.PageActionInvoker|Executing handler method PetProject.Pages.WebRTCModel.OnGet - ModelState is Valid 
2024-10-28 01:29:02.2112|INFO|Microsoft.AspNetCore.Mvc.RazorPages.Infrastructure.PageActionInvoker|Executed handler method OnGet, returned result . 
2024-10-28 01:29:02.2112|INFO|Microsoft.AspNetCore.Mvc.RazorPages.Infrastructure.PageActionInvoker|Executing an implicit handler method - ModelState is Valid 
2024-10-28 01:29:02.2112|INFO|Microsoft.AspNetCore.Mvc.RazorPages.Infrastructure.PageActionInvoker|Executed an implicit handler method, returned result Microsoft.AspNetCore.Mvc.RazorPages.PageResult. 
2024-10-28 01:29:02.2112|TRACE|Microsoft.AspNetCore.Mvc.RazorPages.Infrastructure.PageActionInvoker|Page Filter: Before executing OnPageHandlerExecuted on filter Microsoft.AspNetCore.Mvc.RazorPages.Infrastructure.HandleOptionsRequestsPageFilter. 
2024-10-28 01:29:02.2112|TRACE|Microsoft.AspNetCore.Mvc.RazorPages.Infrastructure.PageActionInvoker|Page Filter: After executing OnPageHandlerExecuted on filter Microsoft.AspNetCore.Mvc.RazorPages.Infrastructure.HandleOptionsRequestsPageFilter. 
2024-10-28 01:29:02.2112|TRACE|Microsoft.AspNetCore.Mvc.RazorPages.Infrastructure.PageActionInvoker|Page Filter: After executing OnPageHandlerExecutionAsync on filter Microsoft.AspNetCore.Mvc.Filters.PageHandlerPageFilter. 
2024-10-28 01:29:02.2112|TRACE|Microsoft.AspNetCore.Mvc.RazorPages.Infrastructure.PageActionInvoker|Result Filter: Before executing OnResultExecuting on filter Microsoft.AspNetCore.Mvc.ViewFeatures.Filters.SaveTempDataFilter. 
2024-10-28 01:29:02.2112|TRACE|Microsoft.AspNetCore.Mvc.RazorPages.Infrastructure.PageActionInvoker|Result Filter: After executing OnResultExecuting on filter Microsoft.AspNetCore.Mvc.ViewFeatures.Filters.SaveTempDataFilter. 
2024-10-28 01:29:02.2112|TRACE|Microsoft.AspNetCore.Mvc.RazorPages.Infrastructure.PageActionInvoker|Before executing action result Microsoft.AspNetCore.Mvc.RazorPages.PageResult. 
2024-10-28 01:29:02.4613|TRACE|Microsoft.AspNetCore.Mvc.RazorPages.Infrastructure.PageActionInvoker|After executing action result Microsoft.AspNetCore.Mvc.RazorPages.PageResult. 
2024-10-28 01:29:02.4613|TRACE|Microsoft.AspNetCore.Mvc.RazorPages.Infrastructure.PageActionInvoker|Result Filter: Before executing OnResultExecuted on filter Microsoft.AspNetCore.Mvc.ViewFeatures.Filters.SaveTempDataFilter. 
2024-10-28 01:29:02.4613|TRACE|Microsoft.AspNetCore.Mvc.RazorPages.Infrastructure.PageActionInvoker|Result Filter: After executing OnResultExecuted on filter Microsoft.AspNetCore.Mvc.ViewFeatures.Filters.SaveTempDataFilter. 
2024-10-28 01:29:02.4613|TRACE|Microsoft.AspNetCore.Mvc.RazorPages.Infrastructure.PageActionInvoker|Resource Filter: Before executing OnResourceExecuted on filter Microsoft.AspNetCore.Mvc.ViewFeatures.Filters.SaveTempDataFilter. 
2024-10-28 01:29:02.4613|TRACE|Microsoft.AspNetCore.Mvc.RazorPages.Infrastructure.PageActionInvoker|Resource Filter: After executing OnResourceExecuted on filter Microsoft.AspNetCore.Mvc.ViewFeatures.Filters.SaveTempDataFilter. 
2024-10-28 01:29:02.4613|INFO|Microsoft.AspNetCore.Mvc.RazorPages.Infrastructure.PageActionInvoker|Executed page /Index in 257.1719ms 
2024-10-28 01:32:24.4753|INFO|Microsoft.AspNetCore.Mvc.RazorPages.Infrastructure.PageActionInvoker|Route matched with {page = "/Index", action = "", controller = ""}. Executing page /Index 
2024-10-28 01:32:24.4753|DEBUG|Microsoft.AspNetCore.Mvc.RazorPages.Infrastructure.PageActionInvoker|Execution plan of authorization filters (in the following order): Microsoft.AspNetCore.Mvc.ViewFeatures.Filters.AutoValidateAntiforgeryTokenAuthorizationFilter 
2024-10-28 01:32:24.4753|DEBUG|Microsoft.AspNetCore.Mvc.RazorPages.Infrastructure.PageActionInvoker|Execution plan of resource filters (in the following order): Microsoft.AspNetCore.Mvc.ViewFeatures.Filters.SaveTempDataFilter 
2024-10-28 01:32:24.4753|DEBUG|Microsoft.AspNetCore.Mvc.RazorPages.Infrastructure.PageActionInvoker|Execution plan of action filters (in the following order): Microsoft.AspNetCore.Mvc.ModelBinding.UnsupportedContentTypeFilter (Order: -3000) 
2024-10-28 01:32:24.4753|DEBUG|Microsoft.AspNetCore.Mvc.RazorPages.Infrastructure.PageActionInvoker|Execution plan of exception filters (in the following order): None 
2024-10-28 01:32:24.4753|DEBUG|Microsoft.AspNetCore.Mvc.RazorPages.Infrastructure.PageActionInvoker|Execution plan of result filters (in the following order): Microsoft.AspNetCore.Mvc.ViewFeatures.Filters.SaveTempDataFilter 
2024-10-28 01:32:24.4753|TRACE|Microsoft.AspNetCore.Mvc.RazorPages.Infrastructure.PageActionInvoker|Authorization Filter: Before executing OnAuthorizationAsync on filter Microsoft.AspNetCore.Mvc.ViewFeatures.Filters.AutoValidateAntiforgeryTokenAuthorizationFilter. 
2024-10-28 01:32:24.4753|TRACE|Microsoft.AspNetCore.Mvc.RazorPages.Infrastructure.PageActionInvoker|Authorization Filter: After executing OnAuthorizationAsync on filter Microsoft.AspNetCore.Mvc.ViewFeatures.Filters.AutoValidateAntiforgeryTokenAuthorizationFilter. 
2024-10-28 01:32:24.4753|TRACE|Microsoft.AspNetCore.Mvc.RazorPages.Infrastructure.PageActionInvoker|Resource Filter: Before executing OnResourceExecuting on filter Microsoft.AspNetCore.Mvc.ViewFeatures.Filters.SaveTempDataFilter. 
2024-10-28 01:32:24.4753|TRACE|Microsoft.AspNetCore.Mvc.RazorPages.Infrastructure.PageActionInvoker|Resource Filter: After executing OnResourceExecuting on filter Microsoft.AspNetCore.Mvc.ViewFeatures.Filters.SaveTempDataFilter. 
2024-10-28 01:32:24.4753|DEBUG|Microsoft.AspNetCore.Mvc.RazorPages.Infrastructure.PageActionInvoker|Executing page model factory for page PetProject.Pages.Pages_Index (memp1pmq.3py) 
2024-10-28 01:32:24.4753|DEBUG|Microsoft.AspNetCore.Mvc.RazorPages.Infrastructure.PageActionInvoker|Executed page model factory for page PetProject.Pages.Pages_Index (memp1pmq.3py) 
2024-10-28 01:32:24.4753|TRACE|Microsoft.AspNetCore.Mvc.RazorPages.Infrastructure.PageActionInvoker|Page Filter: Before executing OnPageHandlerSelectionAsync on filter Microsoft.AspNetCore.Mvc.Filters.PageHandlerPageFilter. 
2024-10-28 01:32:24.4753|TRACE|Microsoft.AspNetCore.Mvc.RazorPages.Infrastructure.PageActionInvoker|Page Filter: After executing OnPageHandlerSelectionAsync on filter Microsoft.AspNetCore.Mvc.Filters.PageHandlerPageFilter. 
2024-10-28 01:32:24.4753|TRACE|Microsoft.AspNetCore.Mvc.RazorPages.Infrastructure.PageActionInvoker|Page Filter: Before executing OnPageHandlerSelected on filter Microsoft.AspNetCore.Mvc.RazorPages.Infrastructure.HandleOptionsRequestsPageFilter. 
2024-10-28 01:32:24.4753|TRACE|Microsoft.AspNetCore.Mvc.RazorPages.Infrastructure.PageActionInvoker|Page Filter: Before executing OnPageHandlerExecutionAsync on filter Microsoft.AspNetCore.Mvc.Filters.PageHandlerPageFilter. 
2024-10-28 01:32:24.4753|TRACE|Microsoft.AspNetCore.Mvc.RazorPages.Infrastructure.PageActionInvoker|Page Filter: Before executing OnPageHandlerExecuting on filter Microsoft.AspNetCore.Mvc.RazorPages.Infrastructure.HandleOptionsRequestsPageFilter. 
2024-10-28 01:32:24.4753|TRACE|Microsoft.AspNetCore.Mvc.RazorPages.Infrastructure.PageActionInvoker|Page Filter: After executing OnPageHandlerExecuting on filter Microsoft.AspNetCore.Mvc.RazorPages.Infrastructure.HandleOptionsRequestsPageFilter. 
2024-10-28 01:32:24.4753|INFO|Microsoft.AspNetCore.Mvc.RazorPages.Infrastructure.PageActionInvoker|Executing handler method PetProject.Pages.WebRTCModel.OnGet - ModelState is Valid 
2024-10-28 01:32:24.4753|INFO|Microsoft.AspNetCore.Mvc.RazorPages.Infrastructure.PageActionInvoker|Executed handler method OnGet, returned result . 
2024-10-28 01:32:24.4753|INFO|Microsoft.AspNetCore.Mvc.RazorPages.Infrastructure.PageActionInvoker|Executing an implicit handler method - ModelState is Valid 
2024-10-28 01:32:24.4753|INFO|Microsoft.AspNetCore.Mvc.RazorPages.Infrastructure.PageActionInvoker|Executed an implicit handler method, returned result Microsoft.AspNetCore.Mvc.RazorPages.PageResult. 
2024-10-28 01:32:24.4753|TRACE|Microsoft.AspNetCore.Mvc.RazorPages.Infrastructure.PageActionInvoker|Page Filter: Before executing OnPageHandlerExecuted on filter Microsoft.AspNetCore.Mvc.RazorPages.Infrastructure.HandleOptionsRequestsPageFilter. 
2024-10-28 01:32:24.4753|TRACE|Microsoft.AspNetCore.Mvc.RazorPages.Infrastructure.PageActionInvoker|Page Filter: After executing OnPageHandlerExecuted on filter Microsoft.AspNetCore.Mvc.RazorPages.Infrastructure.HandleOptionsRequestsPageFilter. 
2024-10-28 01:32:24.4753|TRACE|Microsoft.AspNetCore.Mvc.RazorPages.Infrastructure.PageActionInvoker|Page Filter: After executing OnPageHandlerExecutionAsync on filter Microsoft.AspNetCore.Mvc.Filters.PageHandlerPageFilter. 
2024-10-28 01:32:24.4753|TRACE|Microsoft.AspNetCore.Mvc.RazorPages.Infrastructure.PageActionInvoker|Result Filter: Before executing OnResultExecuting on filter Microsoft.AspNetCore.Mvc.ViewFeatures.Filters.SaveTempDataFilter. 
2024-10-28 01:32:24.4753|TRACE|Microsoft.AspNetCore.Mvc.RazorPages.Infrastructure.PageActionInvoker|Result Filter: After executing OnResultExecuting on filter Microsoft.AspNetCore.Mvc.ViewFeatures.Filters.SaveTempDataFilter. 
2024-10-28 01:32:24.4963|TRACE|Microsoft.AspNetCore.Mvc.RazorPages.Infrastructure.PageActionInvoker|Before executing action result Microsoft.AspNetCore.Mvc.RazorPages.PageResult. 
2024-10-28 01:32:24.8260|TRACE|Microsoft.AspNetCore.Mvc.RazorPages.Infrastructure.PageActionInvoker|After executing action result Microsoft.AspNetCore.Mvc.RazorPages.PageResult. 
2024-10-28 01:32:24.8260|TRACE|Microsoft.AspNetCore.Mvc.RazorPages.Infrastructure.PageActionInvoker|Result Filter: Before executing OnResultExecuted on filter Microsoft.AspNetCore.Mvc.ViewFeatures.Filters.SaveTempDataFilter. 
2024-10-28 01:32:24.8260|TRACE|Microsoft.AspNetCore.Mvc.RazorPages.Infrastructure.PageActionInvoker|Result Filter: After executing OnResultExecuted on filter Microsoft.AspNetCore.Mvc.ViewFeatures.Filters.SaveTempDataFilter. 
2024-10-28 01:32:24.8260|TRACE|Microsoft.AspNetCore.Mvc.RazorPages.Infrastructure.PageActionInvoker|Resource Filter: Before executing OnResourceExecuted on filter Microsoft.AspNetCore.Mvc.ViewFeatures.Filters.SaveTempDataFilter. 
2024-10-28 01:32:24.8260|TRACE|Microsoft.AspNetCore.Mvc.RazorPages.Infrastructure.PageActionInvoker|Resource Filter: After executing OnResourceExecuted on filter Microsoft.AspNetCore.Mvc.ViewFeatures.Filters.SaveTempDataFilter. 
2024-10-28 01:32:24.8260|INFO|Microsoft.AspNetCore.Mvc.RazorPages.Infrastructure.PageActionInvoker|Executed page /Index in 349.912ms 
